#
# There is insufficient memory for the Java Runtime Environment to continue.
# Native memory allocation (malloc) failed to allocate 1248560 bytes. Error detail: Chunk::new
# Possible reasons:
#   The system is out of physical RAM or swap space
#   This process is running with CompressedOops enabled, and the Java Heap may be blocking the growth of the native heap
# Possible solutions:
#   Reduce memory load on the system
#   Increase physical memory or swap space
#   Check if swap backing store is full
#   Decrease Java heap size (-Xmx/-Xms)
#   Decrease number of Java threads
#   Decrease Java thread stack sizes (-Xss)
#   Set larger code cache with -XX:ReservedCodeCacheSize=
#   JVM is running with Zero Based Compressed Oops mode in which the Java heap is
#     placed in the first 32GB address space. The Java Heap base address is the
#     maximum limit for the native heap growth. Please use -XX:HeapBaseMinAddress
#     to set the Java Heap base and to place the Java Heap above 32GB virtual address.
# This output file may be truncated or incomplete.
#
#  Out of Memory Error (arena.cpp:168), pid=15432, tid=12700
#
# JRE version: OpenJDK Runtime Environment Microsoft-13877171 (21.0.11+10) (build 21.0.11+10-LTS)
# Java VM: OpenJDK 64-Bit Server VM Microsoft-13877171 (21.0.11+10-LTS, mixed mode, sharing, tiered, compressed oops, compressed class ptrs, g1 gc, windows-amd64)
# No core dump will be written. Minidumps are not enabled by default on client versions of Windows
#

---------------  S U M M A R Y ------------

Command Line: -javaagent:C:\Program Files\JetBrains\IntelliJ IDEA Community Edition 2024.3\lib\idea_rt.jar=64625:C:\Program Files\JetBrains\IntelliJ IDEA Community Edition 2024.3\bin -Dfile.encoding=UTF-8 -Dsun.stdout.encoding=UTF-8 -Dsun.stderr.encoding=UTF-8 nomad.example.nomad_backend.NomadBackendApplication

Host: Intel(R) Core(TM) i7-1065G7 CPU @ 1.30GHz, 8 cores, 15G,  Windows 11 , 64 bit Build 26100 (10.0.26100.8875)
Time: Wed Jul 22 19:10:01 2026 Azerbaijan Standard Time elapsed time: 2.068169 seconds (0d 0h 0m 2s)

---------------  T H R E A D  ---------------

Current thread (0x000001f68c2f1370):  JavaThread "C2 CompilerThread1" daemon [_thread_in_native, id=12700, stack(0x0000009c7b600000,0x0000009c7b700000) (1024K)]


Current CompileTask:
C2:2068 2136   !   4       java.net.URL::<init> (543 bytes)

Stack: [0x0000009c7b600000,0x0000009c7b700000]
Native frames: (J=compiled Java code, j=interpreted, Vv=VM code, C=native code)
V  [jvm.dll+0x6e0429]  (no source info available)
V  [jvm.dll+0x8c057b]  (no source info available)
V  [jvm.dll+0x8c2b0a]  (no source info available)
V  [jvm.dll+0x8c31e3]  (no source info available)
V  [jvm.dll+0x28ac66]  (no source info available)
V  [jvm.dll+0xc91cd]  (no source info available)
V  [jvm.dll+0xc971c]  (no source info available)
V  [jvm.dll+0x3c859c]  (no source info available)
V  [jvm.dll+0x394bb2]  (no source info available)
V  [jvm.dll+0x39400a]  (no source info available)
V  [jvm.dll+0x252840]  (no source info available)
V  [jvm.dll+0x251e6c]  (no source info available)
V  [jvm.dll+0x1d1c5f]  (no source info available)
V  [jvm.dll+0x261bda]  (no source info available)
V  [jvm.dll+0x25ff45]  (no source info available)
V  [jvm.dll+0x4022c5]  (no source info available)
V  [jvm.dll+0x86b2bd]  (no source info available)
V  [jvm.dll+0x6e19dd]  (no source info available)
C  [ucrtbase.dll+0x2cd30]  (no source info available)
C  [KERNEL32.DLL+0x2e957]  (no source info available)
C  [ntdll.dll+0xaad6c]  (no source info available)


---------------  P R O C E S S  ---------------

Threads class SMR info:
_java_thread_list=0x000001f68e05b0e0, length=15, elements={
0x000001f627bee3c0, 0x000001f68c00e6b0, 0x000001f68c00fc80, 0x000001f68c011710,
0x000001f68c013740, 0x000001f68c017890, 0x000001f68c021830, 0x000001f68c04f200,
0x000001f68c050810, 0x000001f68c020b10, 0x000001f68c2f1370, 0x000001f68c021ec0,
0x000001f68c022550, 0x000001f68c022be0, 0x000001f68e292b30
}

Java Threads: ( => current thread )
  0x000001f627bee3c0 JavaThread "main"                              [_thread_in_vm, id=7188, stack(0x0000009c7a500000,0x0000009c7a600000) (1024K)]
  0x000001f68c00e6b0 JavaThread "Reference Handler"          daemon [_thread_blocked, id=12524, stack(0x0000009c7ad00000,0x0000009c7ae00000) (1024K)]
  0x000001f68c00fc80 JavaThread "Finalizer"                  daemon [_thread_blocked, id=15388, stack(0x0000009c7ae00000,0x0000009c7af00000) (1024K)]
  0x000001f68c011710 JavaThread "Signal Dispatcher"          daemon [_thread_blocked, id=9472, stack(0x0000009c7af00000,0x0000009c7b000000) (1024K)]
  0x000001f68c013740 JavaThread "Attach Listener"            daemon [_thread_blocked, id=12768, stack(0x0000009c7b000000,0x0000009c7b100000) (1024K)]
  0x000001f68c017890 JavaThread "Service Thread"             daemon [_thread_blocked, id=22072, stack(0x0000009c7b100000,0x0000009c7b200000) (1024K)]
  0x000001f68c021830 JavaThread "Monitor Deflation Thread"   daemon [_thread_blocked, id=8096, stack(0x0000009c7b200000,0x0000009c7b300000) (1024K)]
  0x000001f68c04f200 JavaThread "C2 CompilerThread0"         daemon [_thread_in_native, id=23480, stack(0x0000009c7b300000,0x0000009c7b400000) (1024K)]
  0x000001f68c050810 JavaThread "C1 CompilerThread0"         daemon [_thread_in_vm, id=22284, stack(0x0000009c7b400000,0x0000009c7b500000) (1024K)]
  0x000001f68c020b10 JavaThread "Common-Cleaner"             daemon [_thread_blocked, id=20840, stack(0x0000009c7b500000,0x0000009c7b600000) (1024K)]
=>0x000001f68c2f1370 JavaThread "C2 CompilerThread1"         daemon [_thread_in_native, id=12700, stack(0x0000009c7b600000,0x0000009c7b700000) (1024K)]
  0x000001f68c021ec0 JavaThread "Monitor Ctrl-Break"         daemon [_thread_in_native, id=9008, stack(0x0000009c7b700000,0x0000009c7b800000) (1024K)]
  0x000001f68c022550 JavaThread "Notification Thread"        daemon [_thread_blocked, id=6920, stack(0x0000009c7b800000,0x0000009c7b900000) (1024K)]
  0x000001f68c022be0 JavaThread "background-preinit"                [_thread_in_vm, id=22696, stack(0x0000009c7be00000,0x0000009c7bf00000) (1024K)]
  0x000001f68e292b30 JavaThread "C2 CompilerThread2"         daemon [_thread_in_native, id=9084, stack(0x0000009c7c100000,0x0000009c7c200000) (1024K)]
Total: 15

Other Threads:
  0x000001f646ebb000 VMThread "VM Thread"                           [id=11704, stack(0x0000009c7ac00000,0x0000009c7ad00000) (1024K)]
  0x000001f646eaa4f0 WatcherThread "VM Periodic Task Thread"        [id=23140, stack(0x0000009c7ab00000,0x0000009c7ac00000) (1024K)]
  0x000001f627c57d20 WorkerThread "GC Thread#0"                     [id=13072, stack(0x0000009c7a600000,0x0000009c7a700000) (1024K)]
  0x000001f68cd677e0 WorkerThread "GC Thread#1"                     [id=15744, stack(0x0000009c7b900000,0x0000009c7ba00000) (1024K)]
  0x000001f68cc84fd0 WorkerThread "GC Thread#2"                     [id=16956, stack(0x0000009c7ba00000,0x0000009c7bb00000) (1024K)]
  0x000001f68cc85380 WorkerThread "GC Thread#3"                     [id=12436, stack(0x0000009c7bb00000,0x0000009c7bc00000) (1024K)]
  0x000001f68cc85730 WorkerThread "GC Thread#4"                     [id=1864, stack(0x0000009c7bc00000,0x0000009c7bd00000) (1024K)]
  0x000001f68cd295f0 WorkerThread "GC Thread#5"                     [id=13656, stack(0x0000009c7bd00000,0x0000009c7be00000) (1024K)]
  0x000001f68d3390d0 WorkerThread "GC Thread#6"                     [id=14204, stack(0x0000009c7bf00000,0x0000009c7c000000) (1024K)]
  0x000001f68d2c6a60 WorkerThread "GC Thread#7"                     [id=2084, stack(0x0000009c7c000000,0x0000009c7c100000) (1024K)]
  0x000001f627c689a0 ConcurrentGCThread "G1 Main Marker"            [id=17856, stack(0x0000009c7a700000,0x0000009c7a800000) (1024K)]
  0x000001f627c6b1e0 WorkerThread "G1 Conc#0"                       [id=17924, stack(0x0000009c7a800000,0x0000009c7a900000) (1024K)]
  0x000001f646d7a960 ConcurrentGCThread "G1 Refine#0"               [id=6280, stack(0x0000009c7a900000,0x0000009c7aa00000) (1024K)]
  0x000001f646d7b190 ConcurrentGCThread "G1 Service"                [id=12140, stack(0x0000009c7aa00000,0x0000009c7ab00000) (1024K)]
Total: 14

Threads with active compile tasks:
C2 CompilerThread0  3101 1915       4       java.lang.invoke.MethodType::makeImpl (109 bytes)
C1 CompilerThread0  3101 2290       3       java.util.Arrays::equals (57 bytes)
C2 CompilerThread1  3101 2136   !   4       java.net.URL::<init> (543 bytes)
C2 CompilerThread2  3101 2226       4       java.util.regex.Matcher::search (154 bytes)
Total: 4

VM state: not at safepoint (normal execution)

VM Mutex/Monitor currently owned by a thread: None

Heap address: 0x0000000703600000, size: 4042 MB, Compressed Oops mode: Zero based, Oop shift amount: 3

CDS archive(s) mapped at: [0x000001f647000000-0x000001f647c80000-0x000001f647c80000), size 13107200, SharedBaseAddress: 0x000001f647000000, ArchiveRelocationMode: 1.
Compressed class space mapped at: 0x000001f648000000-0x000001f688000000, reserved size: 1073741824
Narrow klass base: 0x000001f647000000, Narrow klass shift: 0, Narrow klass range: 0x100000000

GC Precious Log:
 CardTable entry size: 512
 Card Set container configuration: InlinePtr #cards 4 size 8 Array Of Cards #cards 16 size 48 Howl #buckets 8 coarsen threshold 3686 Howl Bitmap #cards 512 size 80 coarsen threshold 460 Card regions per heap region 1 cards per card region 4096
 CPUs: 8 total, 8 available
 Memory: 16161M
 Large Page Support: Disabled
 NUMA Support: Disabled
 Compressed Oops: Enabled (Zero based)
 Heap Region Size: 2M
 Heap Min Capacity: 8M
 Heap Initial Capacity: 254M
 Heap Max Capacity: 4042M
 Pre-touch: Disabled
 Parallel Workers: 8
 Concurrent Workers: 2
 Concurrent Refinement Workers: 8
 Periodic GC: Disabled

Heap:
 garbage-first heap   total 260096K, used 31236K [0x0000000703600000, 0x0000000800000000)
  region size 2048K, 14 young (28672K), 2 survivors (4096K)
 Metaspace       used 17368K, committed 17792K, reserved 1114112K
  class space    used 2281K, committed 2496K, reserved 1048576K

Heap Regions: E=young(eden), S=young(survivor), O=old, HS=humongous(starts), HC=humongous(continues), CS=collection set, F=free, TAMS=top-at-mark-start, PB=parsable bottom
|   0|0x0000000703600000, 0x0000000703800000, 0x0000000703800000|100%| O|  |TAMS 0x0000000703600000| PB 0x0000000703600000| Untracked 
|   1|0x0000000703800000, 0x0000000703a00000, 0x0000000703a00000|100%| O|  |TAMS 0x0000000703800000| PB 0x0000000703800000| Untracked 
|   2|0x0000000703a00000, 0x0000000703c00000, 0x0000000703c00000|100%| O|  |TAMS 0x0000000703a00000| PB 0x0000000703a00000| Untracked 
|   3|0x0000000703c00000, 0x0000000703e00000, 0x0000000703e00000|100%| O|  |TAMS 0x0000000703c00000| PB 0x0000000703c00000| Untracked 
|   4|0x0000000703e00000, 0x0000000703e675d0, 0x0000000704000000| 20%| O|  |TAMS 0x0000000703e00000| PB 0x0000000703e00000| Untracked 
|   5|0x0000000704000000, 0x0000000704000000, 0x0000000704200000|  0%| F|  |TAMS 0x0000000704000000| PB 0x0000000704000000| Untracked 
|   6|0x0000000704200000, 0x0000000704200000, 0x0000000704400000|  0%| F|  |TAMS 0x0000000704200000| PB 0x0000000704200000| Untracked 
|   7|0x0000000704400000, 0x0000000704400000, 0x0000000704600000|  0%| F|  |TAMS 0x0000000704400000| PB 0x0000000704400000| Untracked 
|   8|0x0000000704600000, 0x0000000704600000, 0x0000000704800000|  0%| F|  |TAMS 0x0000000704600000| PB 0x0000000704600000| Untracked 
|   9|0x0000000704800000, 0x0000000704800000, 0x0000000704a00000|  0%| F|  |TAMS 0x0000000704800000| PB 0x0000000704800000| Untracked 
|  10|0x0000000704a00000, 0x0000000704a00000, 0x0000000704c00000|  0%| F|  |TAMS 0x0000000704a00000| PB 0x0000000704a00000| Untracked 
|  11|0x0000000704c00000, 0x0000000704c00000, 0x0000000704e00000|  0%| F|  |TAMS 0x0000000704c00000| PB 0x0000000704c00000| Untracked 
|  12|0x0000000704e00000, 0x0000000704e00000, 0x0000000705000000|  0%| F|  |TAMS 0x0000000704e00000| PB 0x0000000704e00000| Untracked 
|  13|0x0000000705000000, 0x0000000705000000, 0x0000000705200000|  0%| F|  |TAMS 0x0000000705000000| PB 0x0000000705000000| Untracked 
|  14|0x0000000705200000, 0x0000000705200000, 0x0000000705400000|  0%| F|  |TAMS 0x0000000705200000| PB 0x0000000705200000| Untracked 
|  15|0x0000000705400000, 0x0000000705400000, 0x0000000705600000|  0%| F|  |TAMS 0x0000000705400000| PB 0x0000000705400000| Untracked 
|  16|0x0000000705600000, 0x0000000705600000, 0x0000000705800000|  0%| F|  |TAMS 0x0000000705600000| PB 0x0000000705600000| Untracked 
|  17|0x0000000705800000, 0x0000000705800000, 0x0000000705a00000|  0%| F|  |TAMS 0x0000000705800000| PB 0x0000000705800000| Untracked 
|  18|0x0000000705a00000, 0x0000000705a00000, 0x0000000705c00000|  0%| F|  |TAMS 0x0000000705a00000| PB 0x0000000705a00000| Untracked 
|  19|0x0000000705c00000, 0x0000000705c00000, 0x0000000705e00000|  0%| F|  |TAMS 0x0000000705c00000| PB 0x0000000705c00000| Untracked 
|  20|0x0000000705e00000, 0x0000000705e00000, 0x0000000706000000|  0%| F|  |TAMS 0x0000000705e00000| PB 0x0000000705e00000| Untracked 
|  21|0x0000000706000000, 0x0000000706000000, 0x0000000706200000|  0%| F|  |TAMS 0x0000000706000000| PB 0x0000000706000000| Untracked 
|  22|0x0000000706200000, 0x0000000706200000, 0x0000000706400000|  0%| F|  |TAMS 0x0000000706200000| PB 0x0000000706200000| Untracked 
|  23|0x0000000706400000, 0x0000000706400000, 0x0000000706600000|  0%| F|  |TAMS 0x0000000706400000| PB 0x0000000706400000| Untracked 
|  24|0x0000000706600000, 0x0000000706600000, 0x0000000706800000|  0%| F|  |TAMS 0x0000000706600000| PB 0x0000000706600000| Untracked 
|  25|0x0000000706800000, 0x0000000706800000, 0x0000000706a00000|  0%| F|  |TAMS 0x0000000706800000| PB 0x0000000706800000| Untracked 
|  26|0x0000000706a00000, 0x0000000706a00000, 0x0000000706c00000|  0%| F|  |TAMS 0x0000000706a00000| PB 0x0000000706a00000| Untracked 
|  27|0x0000000706c00000, 0x0000000706c00000, 0x0000000706e00000|  0%| F|  |TAMS 0x0000000706c00000| PB 0x0000000706c00000| Untracked 
|  28|0x0000000706e00000, 0x0000000706e00000, 0x0000000707000000|  0%| F|  |TAMS 0x0000000706e00000| PB 0x0000000706e00000| Untracked 
|  29|0x0000000707000000, 0x0000000707000000, 0x0000000707200000|  0%| F|  |TAMS 0x0000000707000000| PB 0x0000000707000000| Untracked 
|  30|0x0000000707200000, 0x0000000707200000, 0x0000000707400000|  0%| F|  |TAMS 0x0000000707200000| PB 0x0000000707200000| Untracked 
|  31|0x0000000707400000, 0x0000000707400000, 0x0000000707600000|  0%| F|  |TAMS 0x0000000707400000| PB 0x0000000707400000| Untracked 
|  32|0x0000000707600000, 0x0000000707600000, 0x0000000707800000|  0%| F|  |TAMS 0x0000000707600000| PB 0x0000000707600000| Untracked 
|  33|0x0000000707800000, 0x0000000707800000, 0x0000000707a00000|  0%| F|  |TAMS 0x0000000707800000| PB 0x0000000707800000| Untracked 
|  34|0x0000000707a00000, 0x0000000707a00000, 0x0000000707c00000|  0%| F|  |TAMS 0x0000000707a00000| PB 0x0000000707a00000| Untracked 
|  35|0x0000000707c00000, 0x0000000707c00000, 0x0000000707e00000|  0%| F|  |TAMS 0x0000000707c00000| PB 0x0000000707c00000| Untracked 
|  36|0x0000000707e00000, 0x0000000707e00000, 0x0000000708000000|  0%| F|  |TAMS 0x0000000707e00000| PB 0x0000000707e00000| Untracked 
|  37|0x0000000708000000, 0x0000000708000000, 0x0000000708200000|  0%| F|  |TAMS 0x0000000708000000| PB 0x0000000708000000| Untracked 
|  38|0x0000000708200000, 0x0000000708200000, 0x0000000708400000|  0%| F|  |TAMS 0x0000000708200000| PB 0x0000000708200000| Untracked 
|  39|0x0000000708400000, 0x0000000708400000, 0x0000000708600000|  0%| F|  |TAMS 0x0000000708400000| PB 0x0000000708400000| Untracked 
|  40|0x0000000708600000, 0x0000000708600000, 0x0000000708800000|  0%| F|  |TAMS 0x0000000708600000| PB 0x0000000708600000| Untracked 
|  41|0x0000000708800000, 0x0000000708800000, 0x0000000708a00000|  0%| F|  |TAMS 0x0000000708800000| PB 0x0000000708800000| Untracked 
|  42|0x0000000708a00000, 0x0000000708a00000, 0x0000000708c00000|  0%| F|  |TAMS 0x0000000708a00000| PB 0x0000000708a00000| Untracked 
|  43|0x0000000708c00000, 0x0000000708c00000, 0x0000000708e00000|  0%| F|  |TAMS 0x0000000708c00000| PB 0x0000000708c00000| Untracked 
|  44|0x0000000708e00000, 0x0000000708e00000, 0x0000000709000000|  0%| F|  |TAMS 0x0000000708e00000| PB 0x0000000708e00000| Untracked 
|  45|0x0000000709000000, 0x0000000709000000, 0x0000000709200000|  0%| F|  |TAMS 0x0000000709000000| PB 0x0000000709000000| Untracked 
|  46|0x0000000709200000, 0x0000000709200000, 0x0000000709400000|  0%| F|  |TAMS 0x0000000709200000| PB 0x0000000709200000| Untracked 
|  47|0x0000000709400000, 0x0000000709400000, 0x0000000709600000|  0%| F|  |TAMS 0x0000000709400000| PB 0x0000000709400000| Untracked 
|  48|0x0000000709600000, 0x0000000709600000, 0x0000000709800000|  0%| F|  |TAMS 0x0000000709600000| PB 0x0000000709600000| Untracked 
|  49|0x0000000709800000, 0x0000000709800000, 0x0000000709a00000|  0%| F|  |TAMS 0x0000000709800000| PB 0x0000000709800000| Untracked 
|  50|0x0000000709a00000, 0x0000000709a00000, 0x0000000709c00000|  0%| F|  |TAMS 0x0000000709a00000| PB 0x0000000709a00000| Untracked 
|  51|0x0000000709c00000, 0x0000000709c00000, 0x0000000709e00000|  0%| F|  |TAMS 0x0000000709c00000| PB 0x0000000709c00000| Untracked 
|  52|0x0000000709e00000, 0x0000000709e00000, 0x000000070a000000|  0%| F|  |TAMS 0x0000000709e00000| PB 0x0000000709e00000| Untracked 
|  53|0x000000070a000000, 0x000000070a000000, 0x000000070a200000|  0%| F|  |TAMS 0x000000070a000000| PB 0x000000070a000000| Untracked 
|  54|0x000000070a200000, 0x000000070a200000, 0x000000070a400000|  0%| F|  |TAMS 0x000000070a200000| PB 0x000000070a200000| Untracked 
|  55|0x000000070a400000, 0x000000070a400000, 0x000000070a600000|  0%| F|  |TAMS 0x000000070a400000| PB 0x000000070a400000| Untracked 
|  56|0x000000070a600000, 0x000000070a600000, 0x000000070a800000|  0%| F|  |TAMS 0x000000070a600000| PB 0x000000070a600000| Untracked 
|  57|0x000000070a800000, 0x000000070a800000, 0x000000070aa00000|  0%| F|  |TAMS 0x000000070a800000| PB 0x000000070a800000| Untracked 
|  58|0x000000070aa00000, 0x000000070aa00000, 0x000000070ac00000|  0%| F|  |TAMS 0x000000070aa00000| PB 0x000000070aa00000| Untracked 
|  59|0x000000070ac00000, 0x000000070ac00000, 0x000000070ae00000|  0%| F|  |TAMS 0x000000070ac00000| PB 0x000000070ac00000| Untracked 
|  60|0x000000070ae00000, 0x000000070ae00000, 0x000000070b000000|  0%| F|  |TAMS 0x000000070ae00000| PB 0x000000070ae00000| Untracked 
|  61|0x000000070b000000, 0x000000070b000000, 0x000000070b200000|  0%| F|  |TAMS 0x000000070b000000| PB 0x000000070b000000| Untracked 
|  62|0x000000070b200000, 0x000000070b200000, 0x000000070b400000|  0%| F|  |TAMS 0x000000070b200000| PB 0x000000070b200000| Untracked 
|  63|0x000000070b400000, 0x000000070b400000, 0x000000070b600000|  0%| F|  |TAMS 0x000000070b400000| PB 0x000000070b400000| Untracked 
|  64|0x000000070b600000, 0x000000070b600000, 0x000000070b800000|  0%| F|  |TAMS 0x000000070b600000| PB 0x000000070b600000| Untracked 
|  65|0x000000070b800000, 0x000000070b800000, 0x000000070ba00000|  0%| F|  |TAMS 0x000000070b800000| PB 0x000000070b800000| Untracked 
|  66|0x000000070ba00000, 0x000000070ba00000, 0x000000070bc00000|  0%| F|  |TAMS 0x000000070ba00000| PB 0x000000070ba00000| Untracked 
|  67|0x000000070bc00000, 0x000000070bc00000, 0x000000070be00000|  0%| F|  |TAMS 0x000000070bc00000| PB 0x000000070bc00000| Untracked 
|  68|0x000000070be00000, 0x000000070be00000, 0x000000070c000000|  0%| F|  |TAMS 0x000000070be00000| PB 0x000000070be00000| Untracked 
|  69|0x000000070c000000, 0x000000070c000000, 0x000000070c200000|  0%| F|  |TAMS 0x000000070c000000| PB 0x000000070c000000| Untracked 
|  70|0x000000070c200000, 0x000000070c200000, 0x000000070c400000|  0%| F|  |TAMS 0x000000070c200000| PB 0x000000070c200000| Untracked 
|  71|0x000000070c400000, 0x000000070c400000, 0x000000070c600000|  0%| F|  |TAMS 0x000000070c400000| PB 0x000000070c400000| Untracked 
|  72|0x000000070c600000, 0x000000070c600000, 0x000000070c800000|  0%| F|  |TAMS 0x000000070c600000| PB 0x000000070c600000| Untracked 
|  73|0x000000070c800000, 0x000000070c800000, 0x000000070ca00000|  0%| F|  |TAMS 0x000000070c800000| PB 0x000000070c800000| Untracked 
|  74|0x000000070ca00000, 0x000000070ca00000, 0x000000070cc00000|  0%| F|  |TAMS 0x000000070ca00000| PB 0x000000070ca00000| Untracked 
|  75|0x000000070cc00000, 0x000000070cc00000, 0x000000070ce00000|  0%| F|  |TAMS 0x000000070cc00000| PB 0x000000070cc00000| Untracked 
|  76|0x000000070ce00000, 0x000000070ce00000, 0x000000070d000000|  0%| F|  |TAMS 0x000000070ce00000| PB 0x000000070ce00000| Untracked 
|  77|0x000000070d000000, 0x000000070d000000, 0x000000070d200000|  0%| F|  |TAMS 0x000000070d000000| PB 0x000000070d000000| Untracked 
|  78|0x000000070d200000, 0x000000070d200000, 0x000000070d400000|  0%| F|  |TAMS 0x000000070d200000| PB 0x000000070d200000| Untracked 
|  79|0x000000070d400000, 0x000000070d400000, 0x000000070d600000|  0%| F|  |TAMS 0x000000070d400000| PB 0x000000070d400000| Untracked 
|  80|0x000000070d600000, 0x000000070d600000, 0x000000070d800000|  0%| F|  |TAMS 0x000000070d600000| PB 0x000000070d600000| Untracked 
|  81|0x000000070d800000, 0x000000070d800000, 0x000000070da00000|  0%| F|  |TAMS 0x000000070d800000| PB 0x000000070d800000| Untracked 
|  82|0x000000070da00000, 0x000000070da00000, 0x000000070dc00000|  0%| F|  |TAMS 0x000000070da00000| PB 0x000000070da00000| Untracked 
|  83|0x000000070dc00000, 0x000000070dc00000, 0x000000070de00000|  0%| F|  |TAMS 0x000000070dc00000| PB 0x000000070dc00000| Untracked 
|  84|0x000000070de00000, 0x000000070de00000, 0x000000070e000000|  0%| F|  |TAMS 0x000000070de00000| PB 0x000000070de00000| Untracked 
|  85|0x000000070e000000, 0x000000070e000000, 0x000000070e200000|  0%| F|  |TAMS 0x000000070e000000| PB 0x000000070e000000| Untracked 
|  86|0x000000070e200000, 0x000000070e200000, 0x000000070e400000|  0%| F|  |TAMS 0x000000070e200000| PB 0x000000070e200000| Untracked 
|  87|0x000000070e400000, 0x000000070e400000, 0x000000070e600000|  0%| F|  |TAMS 0x000000070e400000| PB 0x000000070e400000| Untracked 
|  88|0x000000070e600000, 0x000000070e600000, 0x000000070e800000|  0%| F|  |TAMS 0x000000070e600000| PB 0x000000070e600000| Untracked 
|  89|0x000000070e800000, 0x000000070e800000, 0x000000070ea00000|  0%| F|  |TAMS 0x000000070e800000| PB 0x000000070e800000| Untracked 
|  90|0x000000070ea00000, 0x000000070ea00000, 0x000000070ec00000|  0%| F|  |TAMS 0x000000070ea00000| PB 0x000000070ea00000| Untracked 
|  91|0x000000070ec00000, 0x000000070ec00000, 0x000000070ee00000|  0%| F|  |TAMS 0x000000070ec00000| PB 0x000000070ec00000| Untracked 
|  92|0x000000070ee00000, 0x000000070ee00000, 0x000000070f000000|  0%| F|  |TAMS 0x000000070ee00000| PB 0x000000070ee00000| Untracked 
|  93|0x000000070f000000, 0x000000070f000000, 0x000000070f200000|  0%| F|  |TAMS 0x000000070f000000| PB 0x000000070f000000| Untracked 
|  94|0x000000070f200000, 0x000000070f200000, 0x000000070f400000|  0%| F|  |TAMS 0x000000070f200000| PB 0x000000070f200000| Untracked 
|  95|0x000000070f400000, 0x000000070f400000, 0x000000070f600000|  0%| F|  |TAMS 0x000000070f400000| PB 0x000000070f400000| Untracked 
|  96|0x000000070f600000, 0x000000070f600000, 0x000000070f800000|  0%| F|  |TAMS 0x000000070f600000| PB 0x000000070f600000| Untracked 
|  97|0x000000070f800000, 0x000000070f800000, 0x000000070fa00000|  0%| F|  |TAMS 0x000000070f800000| PB 0x000000070f800000| Untracked 
|  98|0x000000070fa00000, 0x000000070fa00000, 0x000000070fc00000|  0%| F|  |TAMS 0x000000070fa00000| PB 0x000000070fa00000| Untracked 
|  99|0x000000070fc00000, 0x000000070fc00000, 0x000000070fe00000|  0%| F|  |TAMS 0x000000070fc00000| PB 0x000000070fc00000| Untracked 
| 100|0x000000070fe00000, 0x000000070fe00000, 0x0000000710000000|  0%| F|  |TAMS 0x000000070fe00000| PB 0x000000070fe00000| Untracked 
| 101|0x0000000710000000, 0x0000000710000000, 0x0000000710200000|  0%| F|  |TAMS 0x0000000710000000| PB 0x0000000710000000| Untracked 
| 102|0x0000000710200000, 0x0000000710200000, 0x0000000710400000|  0%| F|  |TAMS 0x0000000710200000| PB 0x0000000710200000| Untracked 
| 103|0x0000000710400000, 0x0000000710400000, 0x0000000710600000|  0%| F|  |TAMS 0x0000000710400000| PB 0x0000000710400000| Untracked 
| 104|0x0000000710600000, 0x0000000710600000, 0x0000000710800000|  0%| F|  |TAMS 0x0000000710600000| PB 0x0000000710600000| Untracked 
| 105|0x0000000710800000, 0x0000000710800000, 0x0000000710a00000|  0%| F|  |TAMS 0x0000000710800000| PB 0x0000000710800000| Untracked 
| 106|0x0000000710a00000, 0x0000000710a00000, 0x0000000710c00000|  0%| F|  |TAMS 0x0000000710a00000| PB 0x0000000710a00000| Untracked 
| 107|0x0000000710c00000, 0x0000000710c00000, 0x0000000710e00000|  0%| F|  |TAMS 0x0000000710c00000| PB 0x0000000710c00000| Untracked 
| 108|0x0000000710e00000, 0x0000000710e00000, 0x0000000711000000|  0%| F|  |TAMS 0x0000000710e00000| PB 0x0000000710e00000| Untracked 
| 109|0x0000000711000000, 0x0000000711000000, 0x0000000711200000|  0%| F|  |TAMS 0x0000000711000000| PB 0x0000000711000000| Untracked 
| 110|0x0000000711200000, 0x0000000711200000, 0x0000000711400000|  0%| F|  |TAMS 0x0000000711200000| PB 0x0000000711200000| Untracked 
| 111|0x0000000711400000, 0x0000000711400000, 0x0000000711600000|  0%| F|  |TAMS 0x0000000711400000| PB 0x0000000711400000| Untracked 
| 112|0x0000000711600000, 0x0000000711619ad0, 0x0000000711800000|  5%| S|CS|TAMS 0x0000000711600000| PB 0x0000000711600000| Complete 
| 113|0x0000000711800000, 0x0000000711a00000, 0x0000000711a00000|100%| S|CS|TAMS 0x0000000711800000| PB 0x0000000711800000| Complete 
| 114|0x0000000711a00000, 0x0000000711a8fea8, 0x0000000711c00000| 28%| E|  |TAMS 0x0000000711a00000| PB 0x0000000711a00000| Complete 
| 115|0x0000000711c00000, 0x0000000711e00000, 0x0000000711e00000|100%| E|CS|TAMS 0x0000000711c00000| PB 0x0000000711c00000| Complete 
| 116|0x0000000711e00000, 0x0000000712000000, 0x0000000712000000|100%| E|CS|TAMS 0x0000000711e00000| PB 0x0000000711e00000| Complete 
| 117|0x0000000712000000, 0x0000000712200000, 0x0000000712200000|100%| E|CS|TAMS 0x0000000712000000| PB 0x0000000712000000| Complete 
| 118|0x0000000712200000, 0x0000000712400000, 0x0000000712400000|100%| E|CS|TAMS 0x0000000712200000| PB 0x0000000712200000| Complete 
| 119|0x0000000712400000, 0x0000000712600000, 0x0000000712600000|100%| E|CS|TAMS 0x0000000712400000| PB 0x0000000712400000| Complete 
| 120|0x0000000712600000, 0x0000000712800000, 0x0000000712800000|100%| E|  |TAMS 0x0000000712600000| PB 0x0000000712600000| Complete 
| 121|0x0000000712800000, 0x0000000712a00000, 0x0000000712a00000|100%| E|CS|TAMS 0x0000000712800000| PB 0x0000000712800000| Complete 
| 122|0x0000000712a00000, 0x0000000712c00000, 0x0000000712c00000|100%| E|CS|TAMS 0x0000000712a00000| PB 0x0000000712a00000| Complete 
| 123|0x0000000712c00000, 0x0000000712e00000, 0x0000000712e00000|100%| E|CS|TAMS 0x0000000712c00000| PB 0x0000000712c00000| Complete 
| 124|0x0000000712e00000, 0x0000000713000000, 0x0000000713000000|100%| E|CS|TAMS 0x0000000712e00000| PB 0x0000000712e00000| Complete 
| 125|0x0000000713000000, 0x0000000713200000, 0x0000000713200000|100%| E|CS|TAMS 0x0000000713000000| PB 0x0000000713000000| Complete 
| 126|0x0000000713200000, 0x0000000713400000, 0x0000000713400000|100%| E|CS|TAMS 0x0000000713200000| PB 0x0000000713200000| Complete 

Card table byte_map: [0x000001f63fe40000,0x000001f640630000] _byte_map_base: 0x000001f63c625000

Marking Bits: (CMBitMap*) 0x000001f627c58430
 Bits: [0x000001f640630000, 0x000001f644558000)

Polling page: 0x000001f625970000

Metaspace:

Usage:
  Non-class:     14.80 MB used.
      Class:      2.24 MB used.
       Both:     17.04 MB used.

Virtual space:
  Non-class space:       64.00 MB reserved,      15.00 MB ( 23%) committed,  1 nodes.
      Class space:        1.00 GB reserved,       2.44 MB ( <1%) committed,  1 nodes.
             Both:        1.06 GB reserved,      17.44 MB (  2%) committed. 

Chunk freelists:
   Non-Class:  160.00 KB
       Class:  13.61 MB
        Both:  13.77 MB

MaxMetaspaceSize: unlimited
CompressedClassSpaceSize: 1.00 GB
Initial GC threshold: 21.00 MB
Current GC threshold: 21.00 MB
CDS: on
 - commit_granule_bytes: 65536.
 - commit_granule_words: 8192.
 - virtual_space_node_default_size: 8388608.
 - enlarge_chunks_in_place: 1.
 - use_allocation_guard: 0.


Internal statistics:

num_allocs_failed_limit: 0.
num_arena_births: 470.
num_arena_deaths: 0.
num_vsnodes_births: 2.
num_vsnodes_deaths: 0.
num_space_committed: 279.
num_space_uncommitted: 0.
num_chunks_returned_to_freelist: 0.
num_chunks_taken_from_freelist: 1062.
num_chunk_merges: 0.
num_chunk_splits: 698.
num_chunks_enlarged: 494.
num_inconsistent_stats: 0.

CodeHeap 'non-profiled nmethods': size=120000Kb used=848Kb max_used=848Kb free=119151Kb
 bounds [0x000001f637de0000, 0x000001f638050000, 0x000001f63f310000]
CodeHeap 'profiled nmethods': size=120000Kb used=4341Kb max_used=4341Kb free=115658Kb
 bounds [0x000001f630310000, 0x000001f630750000, 0x000001f637840000]
CodeHeap 'non-nmethods': size=5760Kb used=1497Kb max_used=1513Kb free=4262Kb
 bounds [0x000001f637840000, 0x000001f637ab0000, 0x000001f637de0000]
CodeCache: size=245760Kb, used=6686Kb, max_used=6702Kb, free=239071Kb
 total_blobs=2813, nmethods=2282, adapters=435, full_count=0
Compilation: enabled, stopped_count=0, restarted_count=0

Compilation events (20 events):
Event: 2.040 Thread 0x000001f68c050810 2256       3       sun.util.locale.BaseLocale::<init> (76 bytes)
Event: 2.040 Thread 0x000001f68e292b30 2226       4       java.util.regex.Matcher::search (154 bytes)
Event: 2.040 Thread 0x000001f68c050810 nmethod 2256 0x000001f630735c10 code [0x000001f630735e40, 0x000001f630736490]
Event: 2.040 Thread 0x000001f68c050810 2261       3       sun.util.locale.BaseLocale$Key::<init> (76 bytes)
Event: 2.041 Thread 0x000001f68c050810 nmethod 2261 0x000001f630736690 code [0x000001f6307368a0, 0x000001f630736f88]
Event: 2.041 Thread 0x000001f68c050810 2263       3       sun.util.locale.LocaleObjectCache$CacheEntry::<init> (12 bytes)
Event: 2.041 Thread 0x000001f68c050810 nmethod 2263 0x000001f630737190 code [0x000001f630737360, 0x000001f630737710]
Event: 2.041 Thread 0x000001f68c050810 2262       3       sun.util.locale.BaseLocale$Key::normalize (67 bytes)
Event: 2.041 Thread 0x000001f68c050810 nmethod 2262 0x000001f630737810 code [0x000001f6307379e0, 0x000001f630737c70]
Event: 2.041 Thread 0x000001f68c050810 2267       3       java.util.stream.Nodes$FixedNodeBuilder::accept (61 bytes)
Event: 2.042 Thread 0x000001f68c050810 nmethod 2267 0x000001f630737d90 code [0x000001f630738060, 0x000001f630739000]
Event: 2.042 Thread 0x000001f68c050810 2266       3       java.util.Locale::getInstance (55 bytes)
Event: 2.043 Thread 0x000001f68c050810 nmethod 2266 0x000001f630739510 code [0x000001f630739740, 0x000001f630739f30]
Event: 2.043 Thread 0x000001f68c050810 2268       3       sun.util.locale.LanguageTag::<init> (50 bytes)
Event: 2.043 Thread 0x000001f68c050810 nmethod 2268 0x000001f63073a110 code [0x000001f63073a300, 0x000001f63073a8b8]
Event: 2.043 Thread 0x000001f68c050810 2269       3       sun.util.locale.LanguageTag::isLanguage (29 bytes)
Event: 2.044 Thread 0x000001f68c050810 nmethod 2269 0x000001f63073aa10 code [0x000001f63073ac60, 0x000001f63073b6c8]
Event: 2.044 Thread 0x000001f68c050810 2274       3       java.util.Locale::forLanguageTag (74 bytes)
Event: 2.044 Thread 0x000001f68c050810 nmethod 2274 0x000001f63073ba90 code [0x000001f63073bce0, 0x000001f63073c3f8]
Event: 2.044 Thread 0x000001f68c050810 2275       3       sun.util.locale.LanguageTag::parse (205 bytes)

GC Heap History (4 events):
Event: 0.987 GC heap before
{Heap before GC invocations=0 (full 0):
 garbage-first heap   total 260096K, used 20480K [0x0000000703600000, 0x0000000800000000)
  region size 2048K, 11 young (22528K), 0 survivors (0K)
 Metaspace       used 4829K, committed 5056K, reserved 1114112K
  class space    used 538K, committed 640K, reserved 1048576K
}
Event: 0.991 GC heap after
{Heap after GC invocations=1 (full 0):
 garbage-first heap   total 260096K, used 9098K [0x0000000703600000, 0x0000000800000000)
  region size 2048K, 2 young (4096K), 2 survivors (4096K)
 Metaspace       used 4829K, committed 5056K, reserved 1114112K
  class space    used 538K, committed 640K, reserved 1048576K
}
Event: 1.692 GC heap before
{Heap before GC invocations=1 (full 0):
 garbage-first heap   total 260096K, used 31626K [0x0000000703600000, 0x0000000800000000)
  region size 2048K, 13 young (26624K), 2 survivors (4096K)
 Metaspace       used 11557K, committed 11904K, reserved 1114112K
  class space    used 1476K, committed 1664K, reserved 1048576K
}
Event: 1.697 GC heap after
{Heap after GC invocations=2 (full 0):
 garbage-first heap   total 260096K, used 10756K [0x0000000703600000, 0x0000000800000000)
  region size 2048K, 2 young (4096K), 2 survivors (4096K)
 Metaspace       used 11557K, committed 11904K, reserved 1114112K
  class space    used 1476K, committed 1664K, reserved 1048576K
}

Dll operation events (10 events):
Event: 0.014 Loaded shared library C:\Users\acer\.jdks\ms-21.0.11\bin\java.dll
Event: 0.054 Loaded shared library C:\Users\acer\.jdks\ms-21.0.11\bin\jsvml.dll
Event: 0.267 Loaded shared library C:\Users\acer\.jdks\ms-21.0.11\bin\zip.dll
Event: 0.273 Loaded shared library C:\Users\acer\.jdks\ms-21.0.11\bin\instrument.dll
Event: 0.280 Loaded shared library C:\Users\acer\.jdks\ms-21.0.11\bin\net.dll
Event: 0.283 Loaded shared library C:\Users\acer\.jdks\ms-21.0.11\bin\nio.dll
Event: 0.286 Loaded shared library C:\Users\acer\.jdks\ms-21.0.11\bin\zip.dll
Event: 0.540 Loaded shared library C:\Program Files\JetBrains\IntelliJ IDEA Community Edition 2024.3\bin\breakgen64.dll
Event: 0.554 Loaded shared library C:\Users\acer\.jdks\ms-21.0.11\bin\extnet.dll
Event: 0.640 Loaded shared library C:\Users\acer\.jdks\ms-21.0.11\bin\jimage.dll

Deoptimization events (20 events):
Event: 1.947 Thread 0x000001f627bee3c0 Uncommon trap: trap_request=0xffffff45 fr.pc=0x000001f637e1d9d4 relative=0x0000000000000494
Event: 1.947 Thread 0x000001f627bee3c0 Uncommon trap: reason=unstable_if action=reinterpret pc=0x000001f637e1d9d4 method=java.util.zip.ZipCoder.hash(Ljava/lang/String;)I @ 23 c2
Event: 1.947 Thread 0x000001f627bee3c0 DEOPT PACKING pc=0x000001f637e1d9d4 sp=0x0000009c7a5fe2a0
Event: 1.947 Thread 0x000001f627bee3c0 DEOPT UNPACKING pc=0x000001f637897ba2 sp=0x0000009c7a5fe1c0 mode 2
Event: 1.947 Thread 0x000001f627bee3c0 Uncommon trap: trap_request=0xffffff45 fr.pc=0x000001f637e68454 relative=0x0000000000001574
Event: 1.947 Thread 0x000001f627bee3c0 Uncommon trap: reason=unstable_if action=reinterpret pc=0x000001f637e68454 method=java.util.zip.ZipCoder.hash(Ljava/lang/String;)I @ 23 c2
Event: 1.947 Thread 0x000001f627bee3c0 DEOPT PACKING pc=0x000001f637e68454 sp=0x0000009c7a5fe2f0
Event: 1.947 Thread 0x000001f627bee3c0 DEOPT UNPACKING pc=0x000001f637897ba2 sp=0x0000009c7a5fe138 mode 2
Event: 1.947 Thread 0x000001f627bee3c0 Uncommon trap: trap_request=0xffffff45 fr.pc=0x000001f637e19f5c relative=0x000000000000019c
Event: 1.947 Thread 0x000001f627bee3c0 Uncommon trap: reason=unstable_if action=reinterpret pc=0x000001f637e19f5c method=java.util.zip.ZipCoder.hash(Ljava/lang/String;)I @ 23 c2
Event: 1.947 Thread 0x000001f627bee3c0 DEOPT PACKING pc=0x000001f637e19f5c sp=0x0000009c7a5fe240
Event: 1.947 Thread 0x000001f627bee3c0 DEOPT UNPACKING pc=0x000001f637897ba2 sp=0x0000009c7a5fe1c8 mode 2
Event: 1.949 Thread 0x000001f627bee3c0 Uncommon trap: trap_request=0xffffff45 fr.pc=0x000001f637dfe0ec relative=0x000000000000004c
Event: 1.949 Thread 0x000001f627bee3c0 Uncommon trap: reason=unstable_if action=reinterpret pc=0x000001f637dfe0ec method=sun.nio.fs.WindowsPathParser.isSlash(C)Z @ 9 c2
Event: 1.949 Thread 0x000001f627bee3c0 DEOPT PACKING pc=0x000001f637dfe0ec sp=0x0000009c7a5fe450
Event: 1.949 Thread 0x000001f627bee3c0 DEOPT UNPACKING pc=0x000001f637897ba2 sp=0x0000009c7a5fe3d8 mode 2
Event: 2.040 Thread 0x000001f627bee3c0 Uncommon trap: trap_request=0xffffff45 fr.pc=0x000001f637ea2f90 relative=0x00000000000000f0
Event: 2.040 Thread 0x000001f627bee3c0 Uncommon trap: reason=unstable_if action=reinterpret pc=0x000001f637ea2f90 method=java.util.Arrays.equals([Ljava/lang/Object;[Ljava/lang/Object;)Z @ 44 c2
Event: 2.040 Thread 0x000001f627bee3c0 DEOPT PACKING pc=0x000001f637ea2f90 sp=0x0000009c7a5fdbc0
Event: 2.040 Thread 0x000001f627bee3c0 DEOPT UNPACKING pc=0x000001f637897ba2 sp=0x0000009c7a5fdb60 mode 2

Classes loaded (20 events):
Event: 1.955 Loading class java/util/regex/Pattern$LazyLoop
Event: 1.955 Loading class java/util/regex/Pattern$Loop
Event: 1.955 Loading class java/util/regex/Pattern$Loop done
Event: 1.955 Loading class java/util/regex/Pattern$LazyLoop done
Event: 1.956 Loading class java/util/regex/Pattern$Prolog
Event: 1.956 Loading class java/util/regex/Pattern$Prolog done
Event: 1.984 Loading class java/lang/reflect/MalformedParametersException
Event: 1.984 Loading class java/lang/reflect/MalformedParametersException done
Event: 1.996 Loading class java/beans/Transient
Event: 1.996 Loading class java/beans/Transient done
Event: 1.996 Loading class java/beans/ConstructorProperties
Event: 1.996 Loading class java/beans/ConstructorProperties done
Event: 2.004 Loading class java/util/concurrent/atomic/AtomicLongArray
Event: 2.005 Loading class java/util/concurrent/atomic/AtomicLongArray done
Event: 2.005 Loading class java/lang/invoke/VarHandleLongs$Array
Event: 2.005 Loading class java/lang/invoke/VarHandleLongs$Array done
Event: 2.005 Loading class java/util/concurrent/atomic/AtomicReferenceArray
Event: 2.006 Loading class java/util/concurrent/atomic/AtomicReferenceArray done
Event: 2.006 Loading class java/lang/invoke/VarHandleReferences$Array
Event: 2.006 Loading class java/lang/invoke/VarHandleReferences$Array done

Classes unloaded (0 events):
No events

Classes redefined (0 events):
No events

Internal exceptions (20 events):
Event: 1.420 Thread 0x000001f627bee3c0 Exception <a 'java/lang/NoSuchMethodError'{0x0000000712678028}: 'int java.lang.invoke.DirectMethodHandle$Holder.invokeStaticInit(java.lang.Object, double, double)'> (0x0000000712678028) 
thrown [s\src\hotspot\share\interpreter\linkResolver.cpp, line 773]
Event: 1.420 Thread 0x000001f627bee3c0 Exception <a 'java/lang/NoSuchMethodError'{0x000000071267c590}: 'int java.lang.invoke.DirectMethodHandle$Holder.invokeStatic(java.lang.Object, long)'> (0x000000071267c590) 
thrown [s\src\hotspot\share\interpreter\linkResolver.cpp, line 773]
Event: 1.423 Thread 0x000001f627bee3c0 Exception <a 'java/lang/NoSuchMethodError'{0x000000071269e698}: 'int java.lang.invoke.Invokers$Holder.linkToTargetMethod(java.lang.Object, java.lang.Object)'> (0x000000071269e698) 
thrown [s\src\hotspot\share\interpreter\linkResolver.cpp, line 773]
Event: 1.437 Thread 0x000001f627bee3c0 Exception <a 'java/lang/NoSuchMethodError'{0x00000007127172e0}: 'java.lang.Object java.lang.invoke.DirectMethodHandle$Holder.invokeSpecial(java.lang.Object, java.lang.Object, java.lang.Object, int, java.lang.Object)'> (0x00000007127172e0) 
thrown [s\src\hotspot\share\interpreter\linkResolver.cpp, line 773]
Event: 1.437 Thread 0x000001f627bee3c0 Exception <a 'java/lang/NoSuchMethodError'{0x000000071271eca8}: 'java.lang.Object java.lang.invoke.DirectMethodHandle$Holder.newInvokeSpecial(java.lang.Object, java.lang.Object, java.lang.Object, int, java.lang.Object)'> (0x000000071271eca8) 
thrown [s\src\hotspot\share\interpreter\linkResolver.cpp, line 773]
Event: 1.438 Thread 0x000001f627bee3c0 Exception <a 'java/lang/NoSuchMethodError'{0x0000000712722ce8}: 'java.lang.Object java.lang.invoke.DirectMethodHandle$Holder.invokeSpecial(java.lang.Object, java.lang.Object, java.lang.Object, java.lang.Object, int, java.lang.Object)'> (0x0000000712722ce8) 
thrown [s\src\hotspot\share\interpreter\linkResolver.cpp, line 773]
Event: 1.438 Thread 0x000001f627bee3c0 Exception <a 'java/lang/NoSuchMethodError'{0x0000000712726578}: 'java.lang.Object java.lang.invoke.Invokers$Holder.linkToTargetMethod(java.lang.Object, java.lang.Object, int, java.lang.Object, java.lang.Object)'> (0x0000000712726578) 
thrown [s\src\hotspot\share\interpreter\linkResolver.cpp, line 773]
Event: 1.439 Thread 0x000001f627bee3c0 Exception <a 'java/lang/NoSuchMethodError'{0x0000000712735080}: 'java.lang.Object java.lang.invoke.DirectMethodHandle$Holder.newInvokeSpecial(java.lang.Object, int, java.lang.Object)'> (0x0000000712735080) 
thrown [s\src\hotspot\share\interpreter\linkResolver.cpp, line 773]
Event: 1.440 Thread 0x000001f627bee3c0 Exception <a 'java/lang/NoSuchMethodError'{0x0000000712739880}: 'int java.lang.invoke.DirectMethodHandle$Holder.invokeSpecialIFC(java.lang.Object, java.lang.Object, java.lang.Object, java.lang.Object)'> (0x0000000712739880) 
thrown [s\src\hotspot\share\interpreter\linkResolver.cpp, line 773]
Event: 1.459 Thread 0x000001f627bee3c0 Exception <a 'java/lang/NoSuchMethodError'{0x00000007127db3c0}: 'void java.lang.invoke.DirectMethodHandle$Holder.invokeInterface(java.lang.Object, java.lang.Object, java.lang.Object)'> (0x00000007127db3c0) 
thrown [s\src\hotspot\share\interpreter\linkResolver.cpp, line 773]
Event: 1.482 Thread 0x000001f627bee3c0 Exception <a 'java/lang/NoSuchMethodError'{0x00000007124577b0}: 'void java.lang.invoke.DirectMethodHandle$Holder.invokeStaticInit(java.lang.Object, java.lang.Object, java.lang.Object)'> (0x00000007124577b0) 
thrown [s\src\hotspot\share\interpreter\linkResolver.cpp, line 773]
Event: 1.488 Thread 0x000001f627bee3c0 Exception <a 'java/lang/NoSuchMethodError'{0x000000071249fac8}: 'java.lang.Object java.lang.invoke.DirectMethodHandle$Holder.invokeVirtual(java.lang.Object, java.lang.Object, java.lang.Object)'> (0x000000071249fac8) 
thrown [s\src\hotspot\share\interpreter\linkResolver.cpp, line 773]
Event: 1.492 Thread 0x000001f627bee3c0 Exception <a 'java/lang/NoSuchMethodError'{0x00000007124c2308}: 'java.lang.Object java.lang.invoke.DirectMethodHandle$Holder.invokeStaticInit(java.lang.Object, int)'> (0x00000007124c2308) 
thrown [s\src\hotspot\share\interpreter\linkResolver.cpp, line 773]
Event: 1.493 Thread 0x000001f627bee3c0 Exception <a 'java/lang/NoSuchMethodError'{0x00000007124cc690}: 'java.lang.Object java.lang.invoke.DirectMethodHandle$Holder.invokeStaticInit(java.lang.Object, int, java.lang.Object)'> (0x00000007124cc690) 
thrown [s\src\hotspot\share\interpreter\linkResolver.cpp, line 773]
Event: 1.512 Thread 0x000001f627bee3c0 Exception <a 'java/lang/NoSuchMethodError'{0x0000000712552490}: 'void java.lang.invoke.DirectMethodHandle$Holder.invokeVirtual(java.lang.Object, java.lang.Object, java.lang.Object, java.lang.Object)'> (0x0000000712552490) 
thrown [s\src\hotspot\share\interpreter\linkResolver.cpp, line 773]
Event: 1.613 Thread 0x000001f627bee3c0 Exception <a 'java/lang/NoSuchMethodError'{0x00000007123b10b8}: 'java.lang.Object java.lang.invoke.Invokers$Holder.invoke_MT(java.lang.Object, java.lang.Object, java.lang.Object, java.lang.Object, java.lang.Object, java.lang.Object, java.lang.Object, java.lang.Object, java.lang.Object)'> (0x00000007123b10b8) 
thrown [s\src\hotspot\share\interpreter\linkResolver.cpp, line 773]
Event: 1.619 Thread 0x000001f627bee3c0 Exception <a 'java/lang/NoSuchMethodError'{0x0000000712019220}: 'java.lang.reflect.Field[] java.lang.Class.getDeclaredFields(java.lang.Class)'> (0x0000000712019220) 
thrown [s\src\hotspot\share\interpreter\linkResolver.cpp, line 773]
Event: 1.637 Thread 0x000001f627bee3c0 Exception <a 'java/lang/IncompatibleClassChangeError'{0x00000007120fd1e0}: Found class java.lang.Object, but interface was expected> (0x00000007120fd1e0) 
thrown [s\src\hotspot\share\interpreter\linkResolver.cpp, line 840]
Event: 1.949 Thread 0x000001f627bee3c0 Exception <a 'java/lang/NoSuchMethodError'{0x00000007120f4a78}: 'int java.lang.invoke.DirectMethodHandle$Holder.invokeSpecial(java.lang.Object, java.lang.Object, java.lang.Object, java.lang.Object, java.lang.Object)'> (0x00000007120f4a78) 
thrown [s\src\hotspot\share\interpreter\linkResolver.cpp, line 773]
Event: 1.952 Thread 0x000001f627bee3c0 Exception <a 'java/lang/NoSuchMethodError'{0x00000007120fcf78}: 'void java.lang.invoke.DirectMethodHandle$Holder.invokeVirtual(java.lang.Object, java.lang.Object)'> (0x00000007120fcf78) 
thrown [s\src\hotspot\share\interpreter\linkResolver.cpp, line 773]

ZGC Phase Switch (0 events):
No events

VM Operations (20 events):
Event: 0.987 Executing safepoint VM operation: G1CollectForAllocation (G1 Evacuation Pause)
Event: 0.992 Executing safepoint VM operation: G1CollectForAllocation (G1 Evacuation Pause) done
Event: 1.157 Executing non-safepoint VM operation: HandshakeAllThreads (Deoptimize)
Event: 1.157 Executing non-safepoint VM operation: HandshakeAllThreads (Deoptimize) done
Event: 1.413 Executing non-safepoint VM operation: HandshakeAllThreads (Deoptimize)
Event: 1.413 Executing non-safepoint VM operation: HandshakeAllThreads (Deoptimize) done
Event: 1.592 Executing non-safepoint VM operation: HandshakeAllThreads (Deoptimize)
Event: 1.592 Executing non-safepoint VM operation: HandshakeAllThreads (Deoptimize) done
Event: 1.595 Executing non-safepoint VM operation: HandshakeAllThreads (Deoptimize)
Event: 1.595 Executing non-safepoint VM operation: HandshakeAllThreads (Deoptimize) done
Event: 1.596 Executing non-safepoint VM operation: HandshakeAllThreads (Deoptimize)
Event: 1.596 Executing non-safepoint VM operation: HandshakeAllThreads (Deoptimize) done
Event: 1.598 Executing safepoint VM operation: ICBufferFull
Event: 1.598 Executing safepoint VM operation: ICBufferFull done
Event: 1.692 Executing safepoint VM operation: G1CollectForAllocation (G1 Evacuation Pause)
Event: 1.697 Executing safepoint VM operation: G1CollectForAllocation (G1 Evacuation Pause) done
Event: 1.837 Executing non-safepoint VM operation: HandshakeAllThreads (Deoptimize)
Event: 1.837 Executing non-safepoint VM operation: HandshakeAllThreads (Deoptimize) done
Event: 1.927 Executing non-safepoint VM operation: HandshakeAllThreads (Deoptimize)
Event: 1.927 Executing non-safepoint VM operation: HandshakeAllThreads (Deoptimize) done

Memory protections (0 events):
No events

Nmethod flushes (0 events):
No events

Events (15 events):
Event: 0.028 Thread 0x000001f627bee3c0 Thread added: 0x000001f627bee3c0
Event: 0.049 Thread 0x000001f627bee3c0 Thread added: 0x000001f68c00e6b0
Event: 0.049 Thread 0x000001f627bee3c0 Thread added: 0x000001f68c00fc80
Event: 0.049 Thread 0x000001f627bee3c0 Thread added: 0x000001f68c011710
Event: 0.049 Thread 0x000001f627bee3c0 Thread added: 0x000001f68c013740
Event: 0.049 Thread 0x000001f627bee3c0 Thread added: 0x000001f68c017890
Event: 0.049 Thread 0x000001f627bee3c0 Thread added: 0x000001f68c021830
Event: 0.049 Thread 0x000001f627bee3c0 Thread added: 0x000001f68c04f200
Event: 0.050 Thread 0x000001f627bee3c0 Thread added: 0x000001f68c050810
Event: 0.276 Thread 0x000001f627bee3c0 Thread added: 0x000001f68c020b10
Event: 0.329 Thread 0x000001f68c04f200 Thread added: 0x000001f68c2f1370
Event: 0.541 Thread 0x000001f627bee3c0 Thread added: 0x000001f68c021ec0
Event: 0.541 Thread 0x000001f627bee3c0 Thread added: 0x000001f68c022550
Event: 1.608 Thread 0x000001f627bee3c0 Thread added: 0x000001f68c022be0
Event: 1.975 Thread 0x000001f68c050810 Thread added: 0x000001f68e292b30


Dynamic libraries:
0x00007ff787710000 - 0x00007ff78771e000 	C:\Users\acer\.jdks\ms-21.0.11\bin\java.exe
0x00007fffbf420000 - 0x00007fffbf686000 	C:\WINDOWS\SYSTEM32\ntdll.dll
0x00007fffbebb0000 - 0x00007fffbec79000 	C:\WINDOWS\System32\KERNEL32.DLL
0x00007fffbc670000 - 0x00007fffbca6e000 	C:\WINDOWS\System32\KERNELBASE.dll
0x00007fffbca80000 - 0x00007fffbcbcc000 	C:\WINDOWS\System32\ucrtbase.dll
0x00007fffa8d70000 - 0x00007fffa8d8e000 	C:\Users\acer\.jdks\ms-21.0.11\bin\VCRUNTIME140.dll
0x00007fffa9060000 - 0x00007fffa9078000 	C:\Users\acer\.jdks\ms-21.0.11\bin\jli.dll
0x00007fffbed20000 - 0x00007fffbeee7000 	C:\WINDOWS\System32\USER32.dll
0x00007fffa2430000 - 0x00007fffa26c2000 	C:\WINDOWS\WinSxS\amd64_microsoft.windows.common-controls_6595b64144ccf1df_6.0.26100.8875_none_3e0d5d42e32fe9dd\COMCTL32.dll
0x00007fffbc640000 - 0x00007fffbc667000 	C:\WINDOWS\System32\win32u.dll
0x00007fffbead0000 - 0x00007fffbeafb000 	C:\WINDOWS\System32\GDI32.dll
0x00007fffbeb00000 - 0x00007fffbeba9000 	C:\WINDOWS\System32\msvcrt.dll
0x00007fffbcd30000 - 0x00007fffbce5a000 	C:\WINDOWS\System32\gdi32full.dll
0x00007fffbcfe0000 - 0x00007fffbd083000 	C:\WINDOWS\System32\msvcp_win.dll
0x00007fffbf280000 - 0x00007fffbf2b2000 	C:\WINDOWS\System32\IMM32.DLL
0x00007fffb4990000 - 0x00007fffb499c000 	C:\Users\acer\.jdks\ms-21.0.11\bin\vcruntime140_1.dll
0x00007fff92690000 - 0x00007fff92719000 	C:\Users\acer\.jdks\ms-21.0.11\bin\msvcp140.dll
0x00007fff245e0000 - 0x00007fff2538e000 	C:\Users\acer\.jdks\ms-21.0.11\bin\server\jvm.dll
0x00007fffbe900000 - 0x00007fffbe9b7000 	C:\WINDOWS\System32\ADVAPI32.dll
0x00007fffbd440000 - 0x00007fffbd4ea000 	C:\WINDOWS\System32\sechost.dll
0x00007fffbdd90000 - 0x00007fffbdea8000 	C:\WINDOWS\System32\RPCRT4.dll
0x00007fffbd5e0000 - 0x00007fffbd660000 	C:\WINDOWS\System32\WS2_32.dll
0x00007fffbc4a0000 - 0x00007fffbc4fe000 	C:\WINDOWS\SYSTEM32\POWRPROF.dll
0x00007fffa95a0000 - 0x00007fffa95d6000 	C:\WINDOWS\SYSTEM32\WINMM.dll
0x00007fffb1e30000 - 0x00007fffb1e3b000 	C:\WINDOWS\SYSTEM32\VERSION.dll
0x00007fffbc480000 - 0x00007fffbc494000 	C:\WINDOWS\SYSTEM32\UMPDC.dll
0x00007fffbb2e0000 - 0x00007fffbb2fb000 	C:\WINDOWS\SYSTEM32\kernel.appcore.dll
0x00007fffab820000 - 0x00007fffab82a000 	C:\Users\acer\.jdks\ms-21.0.11\bin\jimage.dll
0x00007fffb15d0000 - 0x00007fffb1812000 	C:\WINDOWS\SYSTEM32\DBGHELP.DLL
0x00007fffbeef0000 - 0x00007fffbf273000 	C:\WINDOWS\System32\combase.dll
0x00007fffbe810000 - 0x00007fffbe8e9000 	C:\WINDOWS\System32\OLEAUT32.dll
0x00007fff8fd50000 - 0x00007fff8fd8b000 	C:\WINDOWS\SYSTEM32\dbgcore.DLL
0x00007fffbcbe0000 - 0x00007fffbcc8c000 	C:\WINDOWS\System32\bcryptPrimitives.dll
0x00007fffb74d0000 - 0x00007fffb74e0000 	C:\Users\acer\.jdks\ms-21.0.11\bin\instrument.dll
0x00007fff9cde0000 - 0x00007fff9ce01000 	C:\Users\acer\.jdks\ms-21.0.11\bin\java.dll
0x00007fffbe070000 - 0x00007fffbe802000 	C:\WINDOWS\System32\SHELL32.dll
0x00007fffba0c0000 - 0x00007fffba952000 	C:\WINDOWS\SYSTEM32\windows.storage.dll
0x00007fffbd340000 - 0x00007fffbd437000 	C:\WINDOWS\System32\SHCORE.dll
0x00007fffbdca0000 - 0x00007fffbdd07000 	C:\WINDOWS\System32\shlwapi.dll
0x00007fffbc560000 - 0x00007fffbc589000 	C:\WINDOWS\SYSTEM32\profapi.dll
0x00007fff72d50000 - 0x00007fff72e26000 	C:\Users\acer\.jdks\ms-21.0.11\bin\jsvml.dll
0x00007fff99600000 - 0x00007fff99618000 	C:\Users\acer\.jdks\ms-21.0.11\bin\zip.dll
0x00007fffa8d50000 - 0x00007fffa8d61000 	C:\Users\acer\.jdks\ms-21.0.11\bin\net.dll
0x00007fffb3e50000 - 0x00007fffb3f77000 	C:\WINDOWS\SYSTEM32\WINHTTP.dll
0x00007fffbb870000 - 0x00007fffbb8dc000 	C:\WINDOWS\system32\mswsock.dll
0x00007fffa5f70000 - 0x00007fffa5f86000 	C:\Users\acer\.jdks\ms-21.0.11\bin\nio.dll
0x00007fffb49a0000 - 0x00007fffb49ba000 	C:\Program Files\JetBrains\IntelliJ IDEA Community Edition 2024.3\bin\breakgen64.dll
0x00007fffa9050000 - 0x00007fffa9059000 	C:\Users\acer\.jdks\ms-21.0.11\bin\extnet.dll

JVMTI agents:
C:\Program Files\JetBrains\IntelliJ IDEA Community Edition 2024.3\lib\idea_rt.jar path:C:\Users\acer\.jdks\ms-21.0.11\bin\instrument.dll, loaded, initialized, instrumentlib options:64625:C:\Program Files\JetBrains\IntelliJ IDEA Community Edition 2024.3\bin

dbghelp: loaded successfully - version: 4.0.5 - missing functions: none
symbol engine: initialized successfully - sym options: 0x614 - pdb path: .;C:\Users\acer\.jdks\ms-21.0.11\bin;C:\WINDOWS\SYSTEM32;C:\WINDOWS\WinSxS\amd64_microsoft.windows.common-controls_6595b64144ccf1df_6.0.26100.8875_none_3e0d5d42e32fe9dd;C:\Users\acer\.jdks\ms-21.0.11\bin\server;C:\Program Files\JetBrains\IntelliJ IDEA Community Edition 2024.3\bin

VM Arguments:
jvm_args: -javaagent:C:\Program Files\JetBrains\IntelliJ IDEA Community Edition 2024.3\lib\idea_rt.jar=64625:C:\Program Files\JetBrains\IntelliJ IDEA Community Edition 2024.3\bin -Dfile.encoding=UTF-8 -Dsun.stdout.encoding=UTF-8 -Dsun.stderr.encoding=UTF-8 
java_command: nomad.example.nomad_backend.NomadBackendApplication
java_class_path (initial): C:\Users\acer\Desktop\nomad-backend\target\classes;C:\Users\acer\.m2\repository\org\springframework\boot\spring-boot-starter-data-jpa\4.1.0\spring-boot-starter-data-jpa-4.1.0.jar;C:\Users\acer\.m2\repository\org\springframework\boot\spring-boot-starter\4.1.0\spring-boot-starter-4.1.0.jar;C:\Users\acer\.m2\repository\org\springframework\boot\spring-boot-starter-logging\4.1.0\spring-boot-starter-logging-4.1.0.jar;C:\Users\acer\.m2\repository\ch\qos\logback\logback-classic\1.5.34\logback-classic-1.5.34.jar;C:\Users\acer\.m2\repository\ch\qos\logback\logback-core\1.5.34\logback-core-1.5.34.jar;C:\Users\acer\.m2\repository\org\apache\logging\log4j\log4j-to-slf4j\2.25.4\log4j-to-slf4j-2.25.4.jar;C:\Users\acer\.m2\repository\org\apache\logging\log4j\log4j-api\2.25.4\log4j-api-2.25.4.jar;C:\Users\acer\.m2\repository\org\slf4j\jul-to-slf4j\2.0.18\jul-to-slf4j-2.0.18.jar;C:\Users\acer\.m2\repository\org\springframework\boot\spring-boot-autoconfigure\4.1.0\spring-boot-autoconfigure-4.1.0.jar;C:\Users\acer\.m2\repository\jakarta\annotation\jakarta.annotation-api\3.0.0\jakarta.annotation-api-3.0.0.jar;C:\Users\acer\.m2\repository\org\yaml\snakeyaml\2.6\snakeyaml-2.6.jar;C:\Users\acer\.m2\repository\org\springframework\boot\spring-boot-starter-jdbc\4.1.0\spring-boot-starter-jdbc-4.1.0.jar;C:\Users\acer\.m2\repository\com\zaxxer\HikariCP\7.0.2\HikariCP-7.0.2.jar;C:\Users\acer\.m2\repository\org\slf4j\slf4j-api\2.0.18\slf4j-api-2.0.18.jar;C:\Users\acer\.m2\repository\org\springframework\boot\spring-boot-data-jpa\4.1.0\spring-boot-data-jpa-4.1.0.jar;C:\Users\acer\.m2\repository\org\springframework\boot\spring-boot-data-commons\4.1.0\spring-boot-data-commons-4.1.0.jar;C:\Users\acer\.m2\repository\org\springframework\boot\spring-boot-persistence\4.1.0\spring-boot-persistence-4.1.0.jar;C:\Users\acer\.m2\repository\org\springframework\data\spring-data-commons\4.1.0\spring-data-commons-4.1.0.jar;C:\Users\acer\.m2\repository\org\springframework\boot\spring-boot-hibernate\4.1.0\spring-boot-hibernate-4.1.0.jar;C:\Users\acer\.m2\repository\org\springframework\boot\spring-boot-jpa\4.1.0\spring-boot-jpa-4.1.0.jar;C:\Users\acer\.m2\repository\jakarta\persistence\jakarta.persistence-api\3.2.0\jakarta.persistence-api-3.2.0.jar;C:\Users\acer\.m2\repository\org\hibernate\orm\hibernate-core\7.4.1.Final\hibernate-core-7.4.1.Final.jar;C:\Users\acer\.m2\repository\jakarta\transaction\jakarta.transaction-api\2.0.1\jakarta.transaction-api-2.0.1.jar;C:\Users\acer\.m2\repository\org\hibernate\models\hibernate-models\1.1.1\hibernate-models-1.1.1.jar;C:\Users\acer\.m2\repository\org\glassfish\jaxb\jaxb-runtime\4.0.9\jaxb-runtime-4.0.9.jar;C:\Users\acer\.m2\repository\org\glassfish\jaxb\jaxb-core\4.0.9\jaxb-core-4.0.9.jar;C:\Users\acer\.m2\repository\org\glassfish\jaxb\txw2\4.0.9\txw2-4.0.9.jar;C:\Users\acer\.m2\repository\com\sun\istack\istack-commons-runtime\4.1.2\istack-commons-runtime-4.1.2.jar;C:\Users\acer\.m2\repository\jakarta\inject\jakarta.inject-api\2.0.1\jakarta.inject-api-2.0.1.jar;C:\Users\acer\.m2\repository\org\springframework\spring-orm\7.0.8\spring-orm-7.0.8.jar;C:\Users\acer\.m2\repository\org\springframework\data\spring-data-jpa\4.1.0\spring-data-jpa-4.1.0.jar;C:\Users\acer\.m2\repository\org\springframework\spring-context\7.0.8\spring-context-7.0.8.jar;C:\Users\acer\.m2\repository\org\springframework\spring-tx\7.0.8\spring-tx-7.0.8.jar;C:\Users\acer\.m2\repository\org\antlr\antlr4-runtime\4.13.2\antlr4-runtime-4.13.2.jar;C:\Users\acer\.m2\repository\org\springframework\spring-aspects\7.0.8\spring-aspects-7.0.8.jar;C:\Users\acer\.m2\repository\org\aspectj\aspectjweaver\1.9.25.1\aspectjweaver-1.9.25.1.jar;C:\Users\acer\.m2\repository\org\springframework\boot\spring-boot-jdbc\4.1.0\spring-boot-jdbc-4.1.0.jar;C:\Users\acer\.m2\repository\org\springframework\boot\spring-boot\4.1.0\spring-boot-4.1.0.jar;C:\Users\acer\.m2\repository\org\springframework\boot\spring-boot-sql\4.1.0\spring-boot-sql-4.1.0.jar;C:\Users\acer\.m2\repository\org\springframework\boot\spring-boot-transaction\4.1.0\spring-boot-transaction-4.1.0.jar;C:\Users\acer\.m2\repository\org\springframework\spring-jdbc\7.0.8\spring-jdbc-7.0.8.jar;C:\Users\acer\.m2\repository\org\springframework\boot\spring-boot-starter-validation\4.1.0\spring-boot-starter-validation-4.1.0.jar;C:\Users\acer\.m2\repository\org\springframework\boot\spring-boot-validation\4.1.0\spring-boot-validation-4.1.0.jar;C:\Users\acer\.m2\repository\org\apache\tomcat\embed\tomcat-embed-el\11.0.22\tomcat-embed-el-11.0.22.jar;C:\Users\acer\.m2\repository\org\hibernate\validator\hibernate-validator\9.1.0.Final\hibernate-validator-9.1.0.Final.jar;C:\Users\acer\.m2\repository\jakarta\validation\jakarta.validation-api\3.1.1\jakarta.validation-api-3.1.1.jar;C:\Users\acer\.m2\repository\org\jboss\logging\jboss-logging\3.6.3.Final\jboss-logging-3.6.3.Final.jar;C:\Users\acer\.m2\repository\com\fasterxml\classmate\1.7.3\classmate-1.7.3.jar;C:\Users\acer\.m2\repository\org\springframework\boot\spring-boot-starter-webmvc\4.1.0\spring-boot-starter-webmvc-4.1.0.jar;C:\Users\acer\.m2\repository\org\springframework\boot\spring-boot-starter-jackson\4.1.0\spring-boot-starter-jackson-4.1.0.jar;C:\Users\acer\.m2\repository\org\springframework\boot\spring-boot-jackson\4.1.0\spring-boot-jackson-4.1.0.jar;C:\Users\acer\.m2\repository\tools\jackson\core\jackson-databind\3.1.4\jackson-databind-3.1.4.jar;C:\Users\acer\.m2\repository\tools\jackson\core\jackson-core\3.1.4\jackson-core-3.1.4.jar;C:\Users\acer\.m2\repository\org\springframework\boot\spring-boot-starter-tomcat\4.1.0\spring-boot-starter-tomcat-4.1.0.jar;C:\Users\acer\.m2\repository\org\springframework\boot\spring-boot-starter-tomcat-runtime\4.1.0\spring-boot-starter-tomcat-runtime-4.1.0.jar;C:\Users\acer\.m2\repository\org\apache\tomcat\embed\tomcat-embed-core\11.0.22\tomcat-embed-core-11.0.22.jar;C:\Users\acer\.m2\repository\org\apache\tomcat\embed\tomcat-embed-websocket\11.0.22\tomcat-embed-websocket-11.0.22.jar;C:\Users\acer\.m2\repository\org\springframework\boot\spring-boot-tomcat\4.1.0\spring-boot-tomcat-4.1.0.jar;C:\Users\acer\.m2\repository\org\springframework\boot\spring-boot-http-converter\4.1.0\spring-boot-http-converter-4.1.0.jar;C:\Users\acer\.m2\repository\org\springframework\spring-web\7.0.8\spring-web-7.0.8.jar;C:\Users\acer\.m2\repository\io\micrometer\micrometer-observation\1.17.0\micrometer-observation-1.17.0.jar;C:\Users\acer\.m2\repository\io\micrometer\micrometer-commons\1.17.0\micrometer-commons-1.17.0.jar;C:\Users\acer\.m2\repository\org\springframework\boot\spring-boot-webmvc\4.1.0\spring-boot-webmvc-4.1.0.jar;C:\Users\acer\.m2\repository\org\springframework\boot\spring-boot-servlet\4.1.0\spring-boot-servlet-4.1.0.jar;C:\Users\acer\.m2\repository\org\springframework\spring-webmvc\7.0.8\spring-webmvc-7.0.8.jar;C:\Users\acer\.m2\repository\org\springframework\spring-expression\7.0.8\spring-expression-7.0.8.jar;C:\Users\acer\.m2\repository\org\postgresql\postgresql\42.7.11\postgresql-42.7.11.jar;C:\Users\acer\.m2\repository\org\projectlombok\lombok\1.18.46\lombok-1.18.46.jar;C:\Users\acer\.m2\repository\jakarta\xml\bind\jakarta.xml.bind-api\4.0.5\jakarta.xml.bind-api-4.0.5.jar;C:\Users\acer\.m2\repository\jakarta\activation\jakarta.activation-api\2.1.4\jakarta.activation-api-2.1.4.jar;C:\Users\acer\.m2\repository\net\minidev\json-smart\2.6.0\json-smart-2.6.0.jar;C:\Users\acer\.m2\repository\net\minidev\accessors-smart\2.6.0\accessors-smart-2.6.0.jar;C:\Users\acer\.m2\repository\org\ow2\asm\asm\9.7.1\asm-9.7.1.jar;C:\Users\acer\.m2\repository\net\bytebuddy\byte-buddy\1.18.10\byte-buddy-1.18.10.jar;C:\Users\acer\.m2\repository\org\springframework\spring-core\7.0.8\spring-core-7.0.8.jar;C:\Users\acer\.m2\repository\org\jspecify\jspecify\1.0.0\jspecify-1.0.0.jar;C:\Users\acer\.m2\repository\org\springframework\boot\spring-boot-web-server\4.1.0\spring-boot-web-server-4.1.0.jar;C:\Users\acer\.m2\repository\com\google\api-client\google-api-client\2.7.2\google-api-client-2.7.2.jar;C:\Users\acer\.m2\repository\commons-codec\commons-codec\1.21.0\commons-codec-1.21.0.jar;C:\Users\acer\.m2\repository\com\google\oauth-client\google-oauth-client\1.36.0\google-oauth-client-1.36.0.jar;C:\Users\acer\.m2\repository\com\google\auth\google-auth-library-credentials\1.30.0\google-auth-library-credentials-1.30.0.jar;C:\Users\acer\.m2\repository\com\google\auth\google-auth-library-oauth2-http\1.30.0\google-auth-library-oauth2-http-1.30.0.jar;C:\Users\acer\.m2\repository\com\google\auto\value\auto-value-annotations\1.11.0\auto-value-annotations-1.11.0.jar;C:\Users\acer\.m2\repository\com\google\code\findbugs\jsr305\3.0.2\jsr305-3.0.2.jar;C:\Users\acer\.m2\repository\com\google\errorprone\error_prone_annotations\2.35.1\error_prone_annotations-2.35.1.jar;C:\Users\acer\.m2\repository\com\google\http-client\google-http-client-gson\1.45.2\google-http-client-gson-1.45.2.jar;C:\Users\acer\.m2\repository\com\google\code\gson\gson\2.13.2\gson-2.13.2.jar;C:\Users\acer\.m2\repository\com\google\guava\guava\33.1.0-jre\guava-33.1.0-jre.jar;C:\Users\acer\.m2\repository\com\google\guava\failureaccess\1.0.2\failureaccess-1.0.2.jar;C:\Users\acer\.m2\repository\com\google\guava\listenablefuture\9999.0-empty-to-avoid-conflict-with-guava\listenablefuture-9999.0-empty-to-avoid-conflict-with-guava.jar;C:\Users\acer\.m2\repository\org\checkerframework\checker-qual\3.42.0\checker-qual-3.42.0.jar;C:\Users\acer\.m2\repository\com\google\j2objc\j2objc-annotations\3.0.0\j2objc-annotations-3.0.0.jar;C:\Users\acer\.m2\repository\com\google\http-client\google-http-client-apache-v2\1.45.2\google-http-client-apache-v2-1.45.2.jar;C:\Users\acer\.m2\repository\org\apache\httpcomponents\httpcore\4.4.16\httpcore-4.4.16.jar;C:\Users\acer\.m2\repository\org\apache\httpcomponents\httpclient\4.5.14\httpclient-4.5.14.jar;C:\Users\acer\.m2\repository\commons-logging\commons-logging\1.3.6\commons-logging-1.3.6.jar;C:\Users\acer\.m2\repository\com\google\http-client\google-http-client\1.45.2\google-http-client-1.45.2.jar;C:\Users\acer\.m2\repository\io\grpc\grpc-context\1.80.0\grpc-context-1.80.0.jar;C:\Users\acer\.m2\repository\io\grpc\grpc-api\1.80.0\grpc-api-1.80.0.jar;C:\Users\acer\.m2\repository\io\opencensus\opencensus-api\0.31.1\opencensus-api-0.31.1.jar;C:\Users\acer\.m2\repository\io\opencensus\opencensus-contrib-http-util\0.31.1\opencensus-contrib-http-util-0.31.1.jar;C:\Users\acer\.m2\repository\com\google\oauth-client\google-oauth-client-jetty\1.39.0\google-oauth-client-jetty-1.39.0.jar;C:\Users\acer\.m2\repository\com\google\oauth-client\google-oauth-client-java6\1.39.0\google-oauth-client-java6-1.39.0.jar;C:\Users\acer\.m2\repository\com\google\apis\google-api-services-sheets\v4-rev20250616-2.0.0\google-api-services-sheets-v4-rev20250616-2.0.0.jar;C:\Users\acer\.m2\repository\io\jsonwebtoken\jjwt-api\0.12.5\jjwt-api-0.12.5.jar;C:\Users\acer\.m2\repository\io\jsonwebtoken\jjwt-impl\0.12.5\jjwt-impl-0.12.5.jar;C:\Users\acer\.m2\repository\io\jsonwebtoken\jjwt-jackson\0.12.5\jjwt-jackson-0.12.5.jar;C:\Users\acer\.m2\repository\com\fasterxml\jackson\core\jackson-databind\2.21.4\jackson-databind-2.21.4.jar;C:\Users\acer\.m2\repository\com\fasterxml\jackson\core\jackson-annotations\2.21\jackson-annotations-2.21.jar;C:\Users\acer\.m2\repository\com\fasterxml\jackson\core\jackson-core\2.21.4\jackson-core-2.21.4.jar;C:\Users\acer\.m2\repository\org\springframework\boot\spring-boot-starter-security\4.1.0\spring-boot-starter-security-4.1.0.jar;C:\Users\acer\.m2\repository\org\springframework\boot\spring-boot-security\4.1.0\spring-boot-security-4.1.0.jar;C:\Users\acer\.m2\repository\org\springframework\security\spring-security-config\7.1.0\spring-security-config-7.1.0.jar;C:\Users\acer\.m2\repository\org\springframework\security\spring-security-web\7.1.0\spring-security-web-7.1.0.jar;C:\Users\acer\.m2\repository\org\springframework\spring-aop\7.0.8\spring-aop-7.0.8.jar;C:\Users\acer\.m2\repository\org\springframework\spring-beans\7.0.8\spring-beans-7.0.8.jar;C:\Users\acer\.m2\repository\org\springframework\boot\spring-boot-starter-oauth2-client\4.1.0\spring-boot-starter-oauth2-client-4.1.0.jar;C:\Users\acer\.m2\repository\org\springframework\boot\spring-boot-security-oauth2-client\4.1.0\spring-boot-security-oauth2-client-4.1.0.jar;C:\Users\acer\.m2\repository\org\springframework\security\spring-security-oauth2-client\7.1.0\spring-security-oauth2-client-7.1.0.jar;C:\Users\acer\.m2\repository\com\nimbusds\oauth2-oidc-sdk\11.37.2\oauth2-oidc-sdk-11.37.2.jar;C:\Users\acer\.m2\repository\com\github\stephenc\jcip\jcip-annotations\1.0-1\jcip-annotations-1.0-1.jar;C:\Users\acer\.m2\repository\com\nimbusds\content-type\2.3\content-type-2.3.jar;C:\Users\acer\.m2\repository\com\nimbusds\lang-tag\1.7\lang-tag-1.7.jar;C:\Users\acer\.m2\repository\org\springframework\security\spring-security-oauth2-jose\7.1.0\spring-security-oauth2-jose-7.1.0.jar;C:\Users\acer\.m2\repository\org\springframework\security\spring-security-core\7.1.0\spring-security-core-7.1.0.jar;C:\Users\acer\.m2\repository\org\springframework\security\spring-security-crypto\7.1.0\spring-security-crypto-7.1.0.jar;C:\Users\acer\.m2\repository\org\springframework\security\spring-security-oauth2-core\7.1.0\spring-security-oauth2-core-7.1.0.jar;C:\Users\acer\.m2\repository\com\nimbusds\nimbus-jose-jwt\10.9\nimbus-jose-jwt-10.9.jar;C:\Users\acer\.m2\repository\org\modelmapper\modelmapper\3.2.4\modelmapper-3.2.4.jar;C:\Users\acer\.m2\repository\org\springframework\boot\spring-boot-starter-mail\4.1.0\spring-boot-starter-mail-4.1.0.jar;C:\Users\acer\.m2\repository\org\springframework\boot\spring-boot-mail\4.1.0\spring-boot-mail-4.1.0.jar;C:\Users\acer\.m2\repository\org\springframework\spring-context-support\7.0.8\spring-context-support-7.0.8.jar;C:\Users\acer\.m2\repository\jakarta\mail\jakarta.mail-api\2.1.5\jakarta.mail-api-2.1.5.jar;C:\Users\acer\.m2\repository\org\eclipse\angus\angus-mail\2.0.5\angus-mail-2.0.5.jar;C:\Users\acer\.m2\repository\org\eclipse\angus\angus-activation\2.0.3\angus-activation-2.0.3.jar;C:\Users\acer\.m2\repository\io\github\cdimascio\dotenv-java\3.0.0\dotenv-java-3.0.0.jar
Launcher Type: SUN_STANDARD

[Global flags]
     intx CICompilerCount                          = 4                                         {product} {ergonomic}
     uint ConcGCThreads                            = 2                                         {product} {ergonomic}
     uint G1ConcRefinementThreads                  = 8                                         {product} {ergonomic}
   size_t G1HeapRegionSize                         = 2097152                                   {product} {ergonomic}
    uintx GCDrainStackTargetSize                   = 64                                        {product} {ergonomic}
   size_t InitialHeapSize                          = 266338304                                 {product} {ergonomic}
   size_t MarkStackSize                            = 4194304                                   {product} {ergonomic}
   size_t MaxHeapSize                              = 4238344192                                {product} {ergonomic}
   size_t MaxNewSize                               = 2541748224                                {product} {ergonomic}
   size_t MinHeapDeltaBytes                        = 2097152                                   {product} {ergonomic}
   size_t MinHeapSize                              = 8388608                                   {product} {ergonomic}
    uintx NonNMethodCodeHeapSize                   = 5839372                                {pd product} {ergonomic}
    uintx NonProfiledCodeHeapSize                  = 122909434                              {pd product} {ergonomic}
    uintx ProfiledCodeHeapSize                     = 122909434                              {pd product} {ergonomic}
    uintx ReservedCodeCacheSize                    = 251658240                              {pd product} {ergonomic}
     bool SegmentedCodeCache                       = true                                      {product} {ergonomic}
   size_t SoftMaxHeapSize                          = 4238344192                             {manageable} {ergonomic}
     bool UseCompressedOops                        = true                           {product lp64_product} {ergonomic}
     bool UseG1GC                                  = true                                      {product} {ergonomic}
     bool UseLargePagesIndividualAllocation        = false                                  {pd product} {ergonomic}

Logging:
Log output configuration:
 #0: stdout all=warning uptime,level,tags foldmultilines=false
 #1: stderr all=off uptime,level,tags foldmultilines=false

Release file:
IMPLEMENTOR="Microsoft" 
IMPLEMENTOR_VERSION="Microsoft-13877171" 
JAVA_RUNTIME_VERSION="21.0.11+10-LTS" 
JAVA_VERSION="21.0.11" 
JAVA_VERSION_DATE="2026-04-21" 
LIBC="default" 
MODULES="java.base java.compiler java.datatransfer java.xml java.prefs java.desktop java.instrument java.logging java.management java.security.sasl java.naming java.rmi java.management.rmi java.net.http java.scripting java.security.jgss java.transaction.xa java.sql java.sql.rowset java.xml.crypto java.se java.smartcardio jdk.accessibility jdk.internal.jvmstat jdk.attach jdk.charsets jdk.internal.opt jdk.zipfs jdk.compiler jdk.crypto.ec jdk.crypto.cryptoki jdk.crypto.mscapi jdk.dynalink jdk.internal.ed jdk.editpad jdk.hotspot.agent jdk.httpserver jdk.incubator.vector jdk.internal.le jdk.internal.vm.ci jdk.internal.vm.compiler jdk.internal.vm.compiler.management jdk.jartool jdk.javadoc jdk.jcmd jdk.management jdk.management.agent jdk.jconsole jdk.jdeps jdk.jdwp.agent jdk.jdi jdk.jfr jdk.jlink jdk.jpackage jdk.jshell jdk.jsobject jdk.jstatd jdk.localedata jdk.management.jfr jdk.naming.dns jdk.naming.rmi jdk.net jdk.nio.mapmode jdk.random jdk.sctp jdk.security.auth jdk.security.jgss jdk.unsupported jdk.unsupported.desktop jdk.xml.dom" 
OS_ARCH="x86_64" 
OS_NAME="Windows" 
SOURCE=".:git:87e312d67249" 

Environment Variables:
PATH=C:\Program Files (x86)\Common Files\Oracle\Java\javapath;C:\Windows\system32;C:\Windows;C:\Windows\System32\Wbem;C:\Windows\System32\WindowsPowerShell\v1.0\;C:\Windows\System32\OpenSSH\;C:\Program Files (x86)\NVIDIA Corporation\PhysX\Common;C:\Program Files\NVIDIA Corporation\NVIDIA NvDLISR;C:\Program Files\Microsoft SQL Server\Client SDK\ODBC\170\Tools\Binn\;C:\WINDOWS\system32;C:\WINDOWS;C:\WINDOWS\System32\Wbem;C:\WINDOWS\System32\WindowsPowerShell\v1.0\;C:\WINDOWS\System32\OpenSSH\;C:\Program Files (x86)\Microsoft SQL Server\160\Tools\Binn\;C:\Program Files\Microsoft SQL Server\160\Tools\Binn\;C:\Program Files\Microsoft SQL Server\160\DTS\Binn\;C:\Program Files\Azure Data Studio\bin;C:\Program Files\Git\cmd;C:\Program Files\nodejs\;C:\Program Files\Docker\Docker\resources\bin;C:\Program Files\dotnet\;C:\Program Files (x86)\Common Files\Oracle\Java\javapath;C:\Windows\system32;C:\Windows;C:\Windows\System32\Wbem;C:\Windows\System32\WindowsPowerShell\v1.0\;C:\Windows\System32\OpenSSH\;C:\Program Files (x86)\NVIDIA Corporation\PhysX\Common;C:\Program Files\NVIDIA Corporation\NVIDIA NvDLISR;C:\Program Files\Microsoft SQL Server\Client SDK\ODBC\170\Tools\Binn\;C:\WINDOWS\system32;C:\WINDOWS;C:\WINDOWS\System32\Wbem;C:\WINDOWS\System32\WindowsPowerShell\v1.0\;C:\WINDOWS\System32\OpenSSH\;C:\Program Files (x86)\Microsoft SQL Server\160\Tools\Binn\;C:\Program Files\Microsoft SQL Server\160\Tools\Binn\;C:\Program Files\Microsoft SQL Server\160\DTS\Binn\;C:\Program Files\Azure Data Studio\bin;C:\Program Files\Git\cmd;C:\Program Files\nodejs\;C:\Program Files\Docker\Docker\resources\bin;C:\Users\acer\AppData\Local\Microsoft\WindowsApps;;C:\Program Files\Azure Data Studio\bin;C:\Users\acer\AppData\Local\Programs\Microsoft VS Code\bin;C:\Users\acer\AppData\Roaming\npm;C:\Program Files\Apache\Maven\apache-maven-3.9.4\bin
USERNAME=acer
OS=Windows_NT
PROCESSOR_IDENTIFIER=Intel64 Family 6 Model 126 Stepping 5, GenuineIntel
TMP=C:\Users\acer\AppData\Local\Temp
TEMP=C:\Users\acer\AppData\Local\Temp




Periodic native trim disabled

---------------  S Y S T E M  ---------------

OS:
 Windows 11 , 64 bit Build 26100 (10.0.26100.8875)
OS uptime: 6 days 8:55 hours
Hyper-V role detected

CPU: total 8 (initial active 8) (4 cores per cpu, 2 threads per core) family 6 model 126 stepping 5 microcode 0x86, cx8, cmov, fxsr, ht, mmx, 3dnowpref, sse, sse2, sse3, ssse3, sse4.1, sse4.2, popcnt, lzcnt, tsc, tscinvbit, avx, avx2, aes, erms, clmul, bmi1, bmi2, adx, avx512f, avx512dq, avx512cd, avx512bw, avx512vl, sha, fma, vzeroupper, avx512_vpopcntdq, avx512_vpclmulqdq, avx512_vaes, avx512_vnni, clflush, clflushopt, avx512_vbmi2, avx512_vbmi, hv, rdtscp, rdpid, fsrm, gfni, avx512_bitalg, f16c, avx512_ifma
Processor Information for the first 8 processors :
  Max Mhz: 1498, Current Mhz: 1298, Mhz Limit: 1288

Memory: 4k page, system-wide physical 16161M (2458M free)
TotalPageFile size 20257M (AvailPageFile size 4M)
current process WorkingSet (physical memory assigned to process): 141M, peak: 143M
current process commit charge ("private bytes"): 406M, peak: 408M

vm_info: OpenJDK 64-Bit Server VM (21.0.11+10-LTS) for windows-amd64 JRE (21.0.11+10-LTS), built on 2026-04-18T18:13:49Z by "MicrosoftCorporation" with MS VC++ 17.14 (VS2022)

END.
