#
# There is insufficient memory for the Java Runtime Environment to continue.
# Native memory allocation (malloc) failed to allocate 32744 bytes. Error detail: ChunkPool::allocate
# Possible reasons:
#   The system is out of physical RAM or swap space
#   This process is running with CompressedOops enabled, and the Java Heap may be blocking the growth of the native heap
# Possible solutions:
#   Reduce memory load on the system
#   Increase physical memory or swap space
#   Check if swap backing store is full
#   Decrease Java heap size (-Xmx/-Xms)
#   Decrease number of Java threads
#   Decrease Java thread stack sizes (-Xss)
#   Set larger code cache with -XX:ReservedCodeCacheSize=
#   JVM is running with Zero Based Compressed Oops mode in which the Java heap is
#     placed in the first 32GB address space. The Java Heap base address is the
#     maximum limit for the native heap growth. Please use -XX:HeapBaseMinAddress
#     to set the Java Heap base and to place the Java Heap above 32GB virtual address.
# This output file may be truncated or incomplete.
#
#  Out of Memory Error (arena.cpp:79), pid=1792, tid=12532
#
# JRE version: OpenJDK Runtime Environment Microsoft-12574423 (17.0.17+10) (build 17.0.17+10-LTS)
# Java VM: OpenJDK 64-Bit Server VM Microsoft-12574423 (17.0.17+10-LTS, mixed mode, sharing, tiered, compressed oops, compressed class ptrs, g1 gc, windows-amd64)
# No core dump will be written. Minidumps are not enabled by default on client versions of Windows
#

---------------  S U M M A R Y ------------

Command Line: -javaagent:C:\Program Files\JetBrains\IntelliJ IDEA Community Edition 2024.3\lib\idea_rt.jar=55975:C:\Program Files\JetBrains\IntelliJ IDEA Community Edition 2024.3\bin -Dfile.encoding=UTF-8 nomad.example.nomad_backend.NomadBackendApplication

Host: Intel(R) Core(TM) i7-1065G7 CPU @ 1.30GHz, 8 cores, 15G,  Windows 11 , 64 bit Build 26100 (10.0.26100.8521)
Time: Sun Jul  5 18:31:42 2026 Azerbaijan Standard Time elapsed time: 13.797030 seconds (0d 0h 0m 13s)

---------------  T H R E A D  ---------------

Current thread (0x0000018f69c0b540):  JavaThread "main" [_thread_in_vm, id=12532, stack(0x0000002cdd400000,0x0000002cdd500000)]

Stack: [0x0000002cdd400000,0x0000002cdd500000]
Native frames: (J=compiled Java code, j=interpreted, Vv=VM code, C=native code)
V  [jvm.dll+0x68c459]  (no source info available)
V  [jvm.dll+0x845e09]  (no source info available)
V  [jvm.dll+0x847b78]  (no source info available)
V  [jvm.dll+0x848203]  (no source info available)
V  [jvm.dll+0x24cf6f]  (no source info available)
V  [jvm.dll+0xaeebe]  (no source info available)
V  [jvm.dll+0xaf35c]  (no source info available)
V  [jvm.dll+0x1f6d3d]  (no source info available)
V  [jvm.dll+0x1f58a6]  (no source info available)
V  [jvm.dll+0x7bee33]  (no source info available)
V  [jvm.dll+0x7c028d]  (no source info available)
V  [jvm.dll+0x7c05c8]  (no source info available)
V  [jvm.dll+0x244fb2]  (no source info available)
V  [jvm.dll+0x38d64e]  (no source info available)
C  0x0000018f0754b8ce  (no source info available)

The last pc belongs to new (printed below).
Java frames: (J=compiled Java code, j=interpreted, Vv=VM code)
j  java.lang.constant.MethodHandleDesc.ofMethod(Ljava/lang/constant/DirectMethodHandleDesc$Kind;Ljava/lang/constant/ClassDesc;Ljava/lang/String;Ljava/lang/constant/MethodTypeDesc;)Ljava/lang/constant/DirectMethodHandleDesc;+80 java.base@17.0.17
j  java.lang.constant.ConstantDescs.ofConstantBootstrap(Ljava/lang/constant/ClassDesc;Ljava/lang/String;Ljava/lang/constant/ClassDesc;[Ljava/lang/constant/ClassDesc;)Ljava/lang/constant/DirectMethodHandleDesc;+19 java.base@17.0.17
j  java.lang.constant.ConstantDescs.<clinit>()V+378 java.base@17.0.17
v  ~StubRoutines::call_stub
j  java.lang.invoke.VarHandle$VarHandleDesc$Kind.<clinit>()V+7 java.base@17.0.17
v  ~StubRoutines::call_stub
j  java.lang.invoke.VarHandle$2.<clinit>()V+0 java.base@17.0.17
v  ~StubRoutines::call_stub
j  java.lang.invoke.VarHandle$AccessType.accessModeType(Ljava/lang/Class;Ljava/lang/Class;[Ljava/lang/Class;)Ljava/lang/invoke/MethodType;+0 java.base@17.0.17
j  java.lang.invoke.VarHandleByteArrayAsInts$ArrayHandle.accessModeTypeUncached(Ljava/lang/invoke/VarHandle$AccessType;)Ljava/lang/invoke/MethodType;+16 java.base@17.0.17
J 1109 c1 java.lang.invoke.VarHandle.checkExactAccessMode(Ljava/lang/invoke/VarHandle$AccessDescriptor;)V java.base@17.0.17 (28 bytes) @ 0x0000018f001de21c [0x0000018f001ddce0+0x000000000000053c]
j  java.lang.invoke.VarHandleGuards.guard_LI_I(Ljava/lang/invoke/VarHandle;Ljava/lang/Object;ILjava/lang/invoke/VarHandle$AccessDescriptor;)I+2 java.base@17.0.17
j  sun.security.provider.ByteArrayAccess.b2iBig64([BI[I)V+7 java.base@17.0.17
j  sun.security.provider.SHA.implCompress0([BI)V+21 java.base@17.0.17
j  sun.security.provider.SHA.implCompress([BI)V+9 java.base@17.0.17
j  sun.security.provider.DigestBase.engineUpdate([BII)V+128 java.base@17.0.17
j  java.security.MessageDigest$Delegate.engineUpdate([BII)V+7 java.base@17.0.17
j  java.security.MessageDigest.update([B)V+5 java.base@17.0.17
j  sun.security.provider.SeedGenerator$1.run()Ljava/lang/Void;+41 java.base@17.0.17
j  sun.security.provider.SeedGenerator$1.run()Ljava/lang/Object;+1 java.base@17.0.17
J 1686 c1 java.security.AccessController.doPrivileged(Ljava/security/PrivilegedAction;)Ljava/lang/Object; java.base@17.0.17 (9 bytes) @ 0x0000018f002e5e64 [0x0000018f002e5d00+0x0000000000000164]
j  sun.security.provider.SeedGenerator.getSystemEntropy()[B+40 java.base@17.0.17
j  sun.security.provider.AbstractDrbg$SeederHolder.<clinit>()V+28 java.base@17.0.17
v  ~StubRoutines::call_stub
j  sun.security.provider.AbstractDrbg.getEntropyInput(IIIZ)[B+87 java.base@17.0.17
j  sun.security.provider.AbstractDrbg.getEntropyInput(Z)[B+14 java.base@17.0.17
j  sun.security.provider.AbstractDrbg.instantiateIfNecessary([B)V+16 java.base@17.0.17
j  sun.security.provider.AbstractDrbg.engineNextBytes([BLjava/security/SecureRandomParameters;)V+162 java.base@17.0.17
j  sun.security.provider.AbstractDrbg.engineNextBytes([B)V+11 java.base@17.0.17
j  sun.security.provider.DRBG.engineNextBytes([B)V+5 java.base@17.0.17
j  java.security.SecureRandom.nextBytes([B)V+12 java.base@17.0.17
j  java.security.SecureRandom.next(I)I+17 java.base@17.0.17
j  java.util.Random.nextLong()J+3 java.base@17.0.17
j  java.nio.file.TempFileHelper.generatePath(Ljava/lang/String;Ljava/lang/String;Ljava/nio/file/Path;)Ljava/nio/file/Path;+3 java.base@17.0.17
j  java.nio.file.TempFileHelper.create(Ljava/nio/file/Path;Ljava/lang/String;Ljava/lang/String;Z[Ljava/nio/file/attribute/FileAttribute;)Ljava/nio/file/Path;+185 java.base@17.0.17
j  java.nio.file.TempFileHelper.createTempDirectory(Ljava/nio/file/Path;Ljava/lang/String;[Ljava/nio/file/attribute/FileAttribute;)Ljava/nio/file/Path;+5 java.base@17.0.17
j  java.nio.file.Files.createTempDirectory(Ljava/lang/String;[Ljava/nio/file/attribute/FileAttribute;)Ljava/nio/file/Path;+3 java.base@17.0.17
j  org.springframework.boot.web.server.AbstractConfigurableWebServerFactory$TempDirs.createTempDir(Ljava/lang/String;)Ljava/nio/file/Path;+14
j  org.springframework.boot.tomcat.TomcatWebServerFactory.createTomcat(Lorg/springframework/boot/web/server/AbstractConfigurableWebServerFactory$TempDirs;)Lorg/apache/catalina/startup/Tomcat;+35
j  org.springframework.boot.tomcat.servlet.TomcatServletWebServerFactory.getWebServer([Lorg/springframework/boot/web/servlet/ServletContextInitializer;)Lorg/springframework/boot/web/server/WebServer;+14
j  org.springframework.boot.web.server.servlet.context.ServletWebServerApplicationContext.createWebServer()V+68
j  org.springframework.boot.web.server.servlet.context.ServletWebServerApplicationContext.onRefresh()V+5
j  org.springframework.context.support.AbstractApplicationContext.refresh()V+85
j  org.springframework.boot.web.server.servlet.context.ServletWebServerApplicationContext.refresh()V+1
j  org.springframework.boot.SpringApplication.refresh(Lorg/springframework/context/ConfigurableApplicationContext;)V+1
j  org.springframework.boot.SpringApplication.refreshContext(Lorg/springframework/context/ConfigurableApplicationContext;)V+19
j  org.springframework.boot.SpringApplication.run([Ljava/lang/String;)Lorg/springframework/context/ConfigurableApplicationContext;+113
j  org.springframework.boot.SpringApplication.run([Ljava/lang/Class;[Ljava/lang/String;)Lorg/springframework/context/ConfigurableApplicationContext;+9
j  org.springframework.boot.SpringApplication.run(Ljava/lang/Class;[Ljava/lang/String;)Lorg/springframework/context/ConfigurableApplicationContext;+9
j  nomad.example.nomad_backend.NomadBackendApplication.main([Ljava/lang/String;)V+3
v  ~StubRoutines::call_stub
new  187 new  [0x0000018f0754b740, 0x0000018f0754b960]  544 bytes
[MachCode]
  0x0000018f0754b740: 4883 ec08 | c5fa 1104 | 24eb 1f48 | 83ec 10c5 | fb11 0424 | eb14 4883 | ec10 4889 | 0424 48c7 
  0x0000018f0754b760: 4424 0800 | 0000 00eb | 0150 410f | b755 010f | cac1 ea10 | 488b 4de8 | 488b 4908 | 488b 4908 
  0x0000018f0754b780: 488b 4108 | 807c 1004 | 070f 85df | 0000 0066 | 8b54 d148 | 488b 4928 | 488b 4cd1 | 0851 80b9 
  0x0000018f0754b7a0: 3301 0000 | 040f 85c2 | 0000 008b | 5108 f7c2 | 0100 0000 | 0f85 b300 | 0000 498b | 8708 0100 
  0x0000018f0754b7c0: 0048 8d1c | 1049 3b9f | 1801 0000 | 0f87 9b00 | 0000 4989 | 9f08 0100 | 00e9 0000 | 0000 4883 
  0x0000018f0754b7e0: ea10 0f84 | 0f00 0000 | 33c9 c1ea | 0348 894c | d008 48ff | ca75 f648 | c700 0100 | 0000 5933 
  0x0000018f0754b800: f689 700c | 49ba 0000 | 000f 8f01 | 0000 492b | ca89 4808 | 49ba a8b8 | 1db8 fd7f | 0000 4180 
  0x0000018f0754b820: 3a00 0f84 | 4000 0000 | 5048 8bc8 | 4883 ec20 | f7c4 0f00 | 0000 0f84 | 1a00 0000 | 4883 ec08 
  0x0000018f0754b840: 49ba d051 | d3b7 fd7f | 0000 41ff | d248 83c4 | 08e9 0d00 | 0000 49ba | d051 d3b7 | fd7f 0000 
  0x0000018f0754b860: 41ff d248 | 83c4 2058 | e9cd 0000 | 0059 488b | 55e8 488b | 5208 488b | 5208 450f | b745 0141 
  0x0000018f0754b880: 0fc8 41c1 | e810 e805 | 0000 00e9 | aa00 0000 | 488d 4424 | 084c 896d | c049 8bcf | c5f8 7749 
  0x0000018f0754b8a0: 89af b002 | 0000 4989 | 87a0 0200 | 0048 83ec | 20f7 c40f | 0000 000f | 841a 0000 | 0048 83ec 
  0x0000018f0754b8c0: 0849 ba00 | d69c b7fd | 7f00 0041 | ffd2 4883 | c408 e90d | 0000 0049 | ba00 d69c | b7fd 7f00 
  0x0000018f0754b8e0: 0041 ffd2 | 4883 c420 | 49c7 87a0 | 0200 0000 | 0000 0049 | c787 b002 | 0000 0000 | 0000 49c7 
  0x0000018f0754b900: 87a8 0200 | 0000 0000 | 00c5 f877 | 4981 7f08 | 0000 0000 | 0f84 0500 | 0000 e9e1 | 55fe ff49 
  0x0000018f0754b920: 8b87 f802 | 0000 49c7 | 87f8 0200 | 0000 0000 | 004c 8b6d | c04c 8b75 | c8c3 410f | b65d 0349 
  0x0000018f0754b940: 83c5 0349 | bae0 2920 | b8fd 7f00 | 0041 ff24 | da0f 1f80 | 0000 0000 | 0000 0000 | 0000 0000 
[/MachCode]

Compiled method (c1) 16843 1109       3       java.lang.invoke.VarHandle::checkExactAccessMode (28 bytes)
 total in heap  [0x0000018f001dda90,0x0000018f001dea60] = 4048
 relocation     [0x0000018f001ddbf0,0x0000018f001ddcc8] = 216
 main code      [0x0000018f001ddce0,0x0000018f001de640] = 2400
 stub code      [0x0000018f001de640,0x0000018f001de6b8] = 120
 metadata       [0x0000018f001de6b8,0x0000018f001de6e0] = 40
 scopes data    [0x0000018f001de6e0,0x0000018f001de810] = 304
 scopes pcs     [0x0000018f001de810,0x0000018f001dea00] = 496
 dependencies   [0x0000018f001dea00,0x0000018f001dea08] = 8
 nul chk table  [0x0000018f001dea08,0x0000018f001dea60] = 88

[Constant Pool (empty)]

[MachCode]
[Entry Point]
  # {method} {0x0000018f0f0ca4a8} 'checkExactAccessMode' '(Ljava/lang/invoke/VarHandle$AccessDescriptor;)V' in 'java/lang/invoke/VarHandle'
  # this:     rdx:rdx   = 'java/lang/invoke/VarHandle'
  # parm0:    r8:r8     = 'java/lang/invoke/VarHandle$AccessDescriptor'
  #           [sp+0xb0]  (sp of caller)
  0x0000018f001ddce0: 448b 5208 | 49bb 0000 | 000f 8f01 | 0000 4d03 | d34c 3bd0 

  0x0000018f001ddcf4: ;   {runtime_call ic_miss_stub}
  0x0000018f001ddcf4: 0f85 8638 | 3a07 660f | 1f44 0000 
[Verified Entry Point]
  0x0000018f001ddd00: 8984 2400 | 90ff ff55 | 4881 eca0 | 0000 0048 | 8954 2470 

  0x0000018f001ddd14: ;   {metadata(method data for {method} {0x0000018f0f0ca4a8} 'checkExactAccessMode' '(Ljava/lang/invoke/VarHandle$AccessDescriptor;)V' in 'java/lang/invoke/VarHandle')}
  0x0000018f001ddd14: 48b8 6011 | 2650 8f01 | 0000 8bb0 | cc00 0000 | 83c6 0289 | b0cc 0000 | 0081 e6fe | 0700 0083 
  0x0000018f001ddd34: fe00 0f84 | ce06 0000 | 0fbe 420c 

  0x0000018f001ddd40: ;   {metadata(method data for {method} {0x0000018f0f0ca4a8} 'checkExactAccessMode' '(Ljava/lang/invoke/VarHandle$AccessDescriptor;)V' in 'java/lang/invoke/VarHandle')}
  0x0000018f001ddd40: 83f8 0048 | b860 1126 | 508f 0100 | 0048 c7c6 | 1001 0000 | 0f84 0700 | 0000 48c7 | c620 0100 
  0x0000018f001ddd60: 0048 8b3c | 3048 8d7f | 0148 893c | 300f 8481 | 0600 0041 | 8b70 0c89 | b424 8000 | 0000 488b 
  0x0000018f001ddd80: ;   {metadata(method data for {method} {0x0000018f0f0ca4a8} 'checkExactAccessMode' '(Ljava/lang/invoke/VarHandle$AccessDescriptor;)V' in 'java/lang/invoke/VarHandle')}
  0x0000018f001ddd80: c248 bf60 | 1126 508f | 0100 0048 | 8387 3001 

  0x0000018f001ddd90: ;   {metadata(method data for {method} {0x0000018f0f0c9620} 'accessModeType' '(I)Ljava/lang/invoke/MethodType;' in 'java/lang/invoke/VarHandle')}
  0x0000018f001ddd90: 0000 0148 | b868 1326 | 508f 0100 | 008b b8cc | 0000 0083 | c702 89b8 | cc00 0000 | 81e7 feff 
  0x0000018f001dddb0: 1f00 83ff | 000f 8475 | 0600 0048 

  0x0000018f001dddbc: ;   {metadata(method data for {method} {0x0000018f0f0c9620} 'accessModeType' '(I)Ljava/lang/invoke/MethodType;' in 'java/lang/invoke/VarHandle')}
  0x0000018f001dddbc: 8bc2 48bf | 6813 2650 | 8f01 0000 | 4883 8710 | 0100 0001 

  0x0000018f001dddd0: ;   {metadata(method data for {method} {0x0000018f0f0c9728} 'getTypesAndInvokers' '()Ljava/lang/invoke/VarHandle$TypesAndInvokers;' in 'java/lang/invoke/VarHandle')}
  0x0000018f001dddd0: 48b8 8815 | 2650 8f01 | 0000 8bb8 | cc00 0000 | 83c7 0289 | b8cc 0000 | 0081 e7fe | ff1f 0083 
  0x0000018f001dddf0: ff00 0f84 | 5906 0000 | 8b42 1448 | c1e0 0348 

  0x0000018f001dde00: ;   {metadata(method data for {method} {0x0000018f0f0c9728} 'getTypesAndInvokers' '()Ljava/lang/invoke/VarHandle$TypesAndInvokers;' in 'java/lang/invoke/VarHandle')}
  0x0000018f001dde00: 83f8 0048 | bf88 1526 | 508f 0100 | 0048 c7c3 | 1001 0000 | 0f85 0700 | 0000 48c7 | c320 0100 
  0x0000018f001dde20: 0048 8b0c | 1f48 8d49 | 0148 890c | 1f4c 8984 | 2488 0000 | 000f 8570 | 0000 000f | 1f44 0000 
  0x0000018f001dde40: ;   {metadata('java/lang/invoke/VarHandle$TypesAndInvokers')}
  0x0000018f001dde40: 48ba c852 | 4010 8f01 | 0000 e93c | 0600 0048 

  0x0000018f001dde50: ;   {metadata(method data for {method} {0x0000018f0f0c9728} 'getTypesAndInvokers' '()Ljava/lang/invoke/VarHandle$TypesAndInvokers;' in 'java/lang/invoke/VarHandle')}
  0x0000018f001dde50: 8bd0 48bb | 8815 2650 | 8f01 0000 | 4883 8330 | 0100 0001 | 488b d048 | 8944 2478 

  0x0000018f001dde6c: ;   {optimized virtual_call}
  0x0000018f001dde6c: 6666 90e8 

  0x0000018f001dde70: ; ImmutableOopMap {[120]=Oop [112]=Oop [136]=Oop }
                      ;*invokespecial <init> {reexecute=0 rethrow=0 return_oop=0}
                      ; - java.lang.invoke.VarHandle::getTypesAndInvokers@14 (line 2147)
                      ; - java.lang.invoke.VarHandle::accessModeType@1 (line 2055)
                      ; - java.lang.invoke.VarHandle::checkExactAccessMode@12 (line 2042)
  0x0000018f001dde70: d107 0000 | 410f be57 | 3883 fa00 | 488b 5424 | 700f 8511 | 0600 0048 | 8b44 2478 | 4c8b d049 
  0x0000018f001dde90: c1ea 0344 | 8952 1448 | 8bf2 4833 | f048 c1ee | 1548 83fe | 000f 850c | 0600 008b | b424 8000 
  0x0000018f001ddeb0: 0000 4883 | f800 0f84 | 1306 0000 | 0f1f 4000 

  0x0000018f001ddec0: ; implicit exception: dispatches to 0x0000018f001de4dc
  0x0000018f001ddec0: 8bb8 0c00 | 0000 48c1 | e703 3b77 | 0c0f 832d | 0600 0048 | 63de 8b7c | 9f10 48c1 | e703 4883 
  0x0000018f001ddee0: ;   {metadata(method data for {method} {0x0000018f0f0c9620} 'accessModeType' '(I)Ljava/lang/invoke/MethodType;' in 'java/lang/invoke/VarHandle')}
  0x0000018f001ddee0: ff00 48bb | 6813 2650 | 8f01 0000 | 48c7 c148 | 0100 000f | 8507 0000 | 0048 c7c1 | 5801 0000 
  0x0000018f001ddf00: 4c8b 040b | 4d8d 4001 | 4c89 040b | 0f85 7a04 | 0000 660f | 1f44 0000 

  0x0000018f001ddf18: ; implicit exception: dispatches to 0x0000018f001de50e
  0x0000018f001ddf18: 8bb8 0c00 | 0000 48c1 | e703 488b 

  0x0000018f001ddf24: ;   {metadata(method data for {method} {0x0000018f0f0c9620} 'accessModeType' '(I)Ljava/lang/invoke/MethodType;' in 'java/lang/invoke/VarHandle')}
  0x0000018f001ddf24: da48 b868 | 1326 508f | 0100 0048 | 8380 6801 

  0x0000018f001ddf34: ;   {metadata(method data for {method} {0x0000018f0f0c9780} 'accessModeTypeUncached' '(I)Ljava/lang/invoke/MethodType;' in 'java/lang/invoke/VarHandle')}
  0x0000018f001ddf34: 0000 0148 | bb08 1726 | 508f 0100 | 008b 83cc | 0000 0083 | c002 8983 | cc00 0000 | 81e0 feff 
  0x0000018f001ddf54: 1f00 83f8 | 000f 84c9 

  0x0000018f001ddf5c: ;   {metadata(method data for {method} {0x0000018f0f0c9780} 'accessModeTypeUncached' '(I)Ljava/lang/invoke/MethodType;' in 'java/lang/invoke/VarHandle')}
  0x0000018f001ddf5c: 0500 0048 | bb08 1726 | 508f 0100 | 0048 8383 | 1001 0000 

  0x0000018f001ddf70: ;   {metadata(method data for {method} {0x0000018f0f438d00} 'values' '()[Ljava/lang/invoke/VarHandle$AccessType;' in 'java/lang/invoke/VarHandle$AccessType')}
  0x0000018f001ddf70: 0148 bba8 | 1826 508f | 0100 008b | 83cc 0000 | 0083 c002 | 8983 cc00 | 0000 81e0 | feff 1f00 
  0x0000018f001ddf90: 83f8 000f | 84b0 0500 

  0x0000018f001ddf98: ;   {oop(a 'java/lang/invoke/VarHandle$AccessType'[5] {0x00000007039477d0})}
  0x0000018f001ddf98: 0048 bbd0 | 7794 0307 | 0000 0048 

  0x0000018f001ddfa4: ;   {metadata(method data for {method} {0x0000018f0f438d00} 'values' '()[Ljava/lang/invoke/VarHandle$AccessType;' in 'java/lang/invoke/VarHandle$AccessType')}
  0x0000018f001ddfa4: 8bc3 48b9 | a818 2650 | 8f01 0000 | 8b40 0849 | ba00 0000 | 0f8f 0100 | 0049 03c2 | 483b 8120 
  0x0000018f001ddfc4: 0100 0075 | 0d48 8381 | 2801 0000 | 01e9 6600 | 0000 483b | 8130 0100 | 0075 0d48 | 8381 3801 
  0x0000018f001ddfe4: 0000 01e9 | 5000 0000 | 4881 b920 | 0100 0000 | 0000 0075 | 1748 8981 | 2001 0000 | 48c7 8128 
  0x0000018f001de004: 0100 0001 | 0000 00e9 | 2c00 0000 | 4881 b930 | 0100 0000 | 0000 0075 | 1748 8981 | 3001 0000 
  0x0000018f001de024: 48c7 8138 | 0100 0001 | 0000 00e9 | 0800 0000 | 4883 8110 | 0100 0001 | 488b d348 | 89bc 2490 
  0x0000018f001de044: 0000 0066 | 0f1f 4400 | 0048 b838 | 7b00 0f8f 

  0x0000018f001de054: ;   {virtual_call}
  0x0000018f001de054: 0100 00e8 

  0x0000018f001de058: ; ImmutableOopMap {[136]=Oop [144]=Oop [112]=Oop }
                      ;*invokevirtual clone {reexecute=0 rethrow=0 return_oop=0}
                      ; - java.lang.invoke.VarHandle$AccessType::values@3 (line 1633)
                      ; - java.lang.invoke.VarHandle::accessModeTypeUncached@1 (line 2065)
                      ; - java.lang.invoke.VarHandle::accessModeType@23 (line 2059)
                      ; - java.lang.invoke.VarHandle::checkExactAccessMode@12 (line 2042)
  0x0000018f001de058: 6481 8f07 | 4883 f800 

  0x0000018f001de060: ;   {metadata(method data for {method} {0x0000018f0f438d00} 'values' '()[Ljava/lang/invoke/VarHandle$AccessType;' in 'java/lang/invoke/VarHandle$AccessType')}
  0x0000018f001de060: 7516 48be | a818 2650 | 8f01 0000 | 808e 4101 | 0000 01e9 | d300 0000 

  0x0000018f001de078: ;   {metadata('java/lang/invoke/VarHandle$AccessType'[])}
  0x0000018f001de078: 48bf 387b | 000f 8f01 | 0000 8b70 | 0849 ba00 | 0000 0f8f | 0100 0049 | 03f2 483b | 7e48 0f85 
  0x0000018f001de098: 9300 0000 

  0x0000018f001de09c: ;   {metadata(method data for {method} {0x0000018f0f438d00} 'values' '()[Ljava/lang/invoke/VarHandle$AccessType;' in 'java/lang/invoke/VarHandle$AccessType')}
  0x0000018f001de09c: 48be a818 | 2650 8f01 | 0000 8b78 | 0849 ba00 | 0000 0f8f | 0100 0049 | 03fa 483b | be58 0100 
  0x0000018f001de0bc: 0075 0d48 | 8386 6001 | 0000 01e9 | 7f00 0000 | 483b be68 | 0100 0075 | 0d48 8386 | 7001 0000 
  0x0000018f001de0dc: 01e9 6900 | 0000 4881 | be58 0100 | 0000 0000 | 0075 1748 | 89be 5801 | 0000 48c7 | 8660 0100 
  0x0000018f001de0fc: 0001 0000 | 00e9 4500 | 0000 4881 | be68 0100 | 0000 0000 | 0075 1748 | 89be 6801 | 0000 48c7 
  0x0000018f001de11c: 8670 0100 | 0001 0000 | 00e9 2100 | 0000 e91c 

  0x0000018f001de12c: ;   {metadata(method data for {method} {0x0000018f0f438d00} 'values' '()[Ljava/lang/invoke/VarHandle$AccessType;' in 'java/lang/invoke/VarHandle$AccessType')}
  0x0000018f001de12c: 0000 0048 | bea8 1826 | 508f 0100 | 0048 83ae | 4801 0000 | 01e9 2404 | 0000 e900 | 0000 004c 
  0x0000018f001de14c: 8bc0 8bb4 | 2480 0000 | 0041 3b70 | 0c0f 831e | 0400 0048 | 63d6 458b | 4490 1049 | c1e0 0348 
  0x0000018f001de16c: 8b54 2470 

  0x0000018f001de170: ;   {metadata(method data for {method} {0x0000018f0f0c9780} 'accessModeTypeUncached' '(I)Ljava/lang/invoke/MethodType;' in 'java/lang/invoke/VarHandle')}
  0x0000018f001de170: 48bf 0817 | 2650 8f01 | 0000 8b52 | 0849 ba00 | 0000 0f8f | 0100 0049 | 03d2 483b | 9730 0100 
  0x0000018f001de190: 0075 0d48 | 8387 3801 | 0000 01e9 | 6600 0000 | 483b 9740 | 0100 0075 | 0d48 8387 | 4801 0000 
  0x0000018f001de1b0: 01e9 5000 | 0000 4881 | bf30 0100 | 0000 0000 | 0075 1748 | 8997 3001 | 0000 48c7 | 8738 0100 
  0x0000018f001de1d0: 0001 0000 | 00e9 2c00 | 0000 4881 | bf40 0100 | 0000 0000 | 0075 1748 | 8997 4001 | 0000 48c7 
  0x0000018f001de1f0: 8748 0100 | 0001 0000 | 00e9 0800 | 0000 4883 | 8720 0100 | 0001 488b | 5424 7066 | 9048 b8ff 
  0x0000018f001de210: ffff ffff 

  0x0000018f001de214: ;   {virtual_call}
  0x0000018f001de214: ffff ffe8 

  0x0000018f001de218: ; ImmutableOopMap {[136]=Oop [144]=Oop [112]=Oop }
                      ;*invokevirtual accessModeTypeUncached {reexecute=0 rethrow=0 return_oop=0}
                      ; - java.lang.invoke.VarHandle::accessModeTypeUncached@6 (line 2065)
                      ; - java.lang.invoke.VarHandle::accessModeType@23 (line 2059)
                      ; - java.lang.invoke.VarHandle::checkExactAccessMode@12 (line 2042)
  0x0000018f001de218: 04fb 3907 | 488b bc24 | 9000 0000 | 8bb4 2480 | 0000 003b | 770c 0f83 | 6103 0000 | 4883 f800 
  0x0000018f001de238: ;   {metadata(method data for {method} {0x0000018f0f0c9620} 'accessModeType' '(I)Ljava/lang/invoke/MethodType;' in 'java/lang/invoke/VarHandle')}
  0x0000018f001de238: 7516 48ba | 6813 2650 | 8f01 0000 | 808a 9901 | 0000 01e9 | 0501 0000 

  0x0000018f001de250: ; implicit exception: dispatches to 0x0000018f001de5a3
  0x0000018f001de250: 448b 4708 | 49ba 0000 | 000f 8f01 | 0000 4d03 | c28b 5008 | 49ba 0000 | 000f 8f01 | 0000 4903 
  0x0000018f001de270: d24d 8b80 | e000 0000 | 493b d00f | 842c 0000 | 0041 8b58 | 144c 3b04 | 1a0f 841e | 0000 0083 
  0x0000018f001de290: fb20 0f85 | a600 0000 

  0x0000018f001de298: ;   {runtime_call slow_subtype_check Runtime1 stub}
  0x0000018f001de298: 5241 50e8 | 60ef 4407 | 5a41 5841 | 83f8 000f | 8491 0000 

  0x0000018f001de2ac: ;   {metadata(method data for {method} {0x0000018f0f0c9620} 'accessModeType' '(I)Ljava/lang/invoke/MethodType;' in 'java/lang/invoke/VarHandle')}
  0x0000018f001de2ac: 0048 ba68 | 1326 508f | 0100 0044 | 8b40 0849 | ba00 0000 | 0f8f 0100 | 004d 03c2 | 4c3b 82b0 
  0x0000018f001de2cc: 0100 0075 | 0d48 8382 | b801 0000 | 01e9 7700 | 0000 4c3b | 82c0 0100 | 0075 0d48 | 8382 c801 
  0x0000018f001de2ec: 0000 01e9 | 6100 0000 | 4881 bab0 | 0100 0000 | 0000 0075 | 174c 8982 | b001 0000 | 48c7 82b8 
  0x0000018f001de30c: 0100 0001 | 0000 00e9 | 3d00 0000 | 4881 bac0 | 0100 0000 | 0000 0075 | 174c 8982 | c001 0000 
  0x0000018f001de32c: 48c7 82c8 | 0100 0001 | 0000 00e9 | 1900 0000 

  0x0000018f001de33c: ;   {metadata(method data for {method} {0x0000018f0f0c9620} 'accessModeType' '(I)Ljava/lang/invoke/MethodType;' in 'java/lang/invoke/VarHandle')}
  0x0000018f001de33c: eb17 48ba | 6813 2650 | 8f01 0000 | 4883 aaa0 | 0100 0001 | e953 0200 | 0048 63f6 | 4c8d 44b7 
  0x0000018f001de35c: 1041 0fbe | 5738 83fa | 000f 8546 | 0200 004c | 8bd0 49c1 | ea03 4589 | 1049 8bd0 | 4833 d048 
  0x0000018f001de37c: c1ea 1548 | 83fa 000f | 8547 0200 | 0048 8bf8 | 4c8b 8424 | 8800 0000 | 418b 5014 | 48c1 e203 
  0x0000018f001de39c: ;   {metadata(method data for {method} {0x0000018f0f0ca4a8} 'checkExactAccessMode' '(Ljava/lang/invoke/VarHandle$AccessDescriptor;)V' in 'java/lang/invoke/VarHandle')}
  0x0000018f001de39c: 483b fa48 | ba60 1126 | 508f 0100 | 0048 c7c6 | 6801 0000 | 0f84 0700 | 0000 48c7 | c678 0100 
  0x0000018f001de3bc: 0048 8b3c | 3248 8d7f | 0148 893c | 320f 8425 | 0000 0048 | 8b54 2470 

  0x0000018f001de3d4: ;   {metadata(method data for {method} {0x0000018f0f0ca4a8} 'checkExactAccessMode' '(Ljava/lang/invoke/VarHandle$AccessDescriptor;)V' in 'java/lang/invoke/VarHandle')}
  0x0000018f001de3d4: 488b f248 | bf60 1126 | 508f 0100 | 0048 8387 | 8801 0000 | 0166 0f1f 

  0x0000018f001de3ec: ;   {optimized virtual_call}
  0x0000018f001de3ec: 4400 00e8 

  0x0000018f001de3f0: ; ImmutableOopMap {}
                      ;*invokevirtual throwWrongMethodTypeException {reexecute=0 rethrow=0 return_oop=0}
                      ; - java.lang.invoke.VarHandle::checkExactAccessMode@24 (line 2043)
  0x0000018f001de3f0: 0c37 3a07 | 4881 c4a0 | 0000 005d 

  0x0000018f001de3fc: ;   {poll_return}
  0x0000018f001de3fc: 493b a750 | 0300 000f | 87df 0100 

  0x0000018f001de408: ;   {metadata({method} {0x0000018f0f0ca4a8} 'checkExactAccessMode' '(Ljava/lang/invoke/VarHandle$AccessDescriptor;)V' in 'java/lang/invoke/VarHandle')}
  0x0000018f001de408: 00c3 49ba | a0a4 0c0f | 8f01 0000 | 4c89 5424 | 0848 c704 | 24ff ffff 

  0x0000018f001de420: ;   {runtime_call counter_overflow Runtime1 stub}
  0x0000018f001de420: ffe8 5ad4 

  0x0000018f001de424: ; ImmutableOopMap {rdx=Oop [112]=Oop r8=Oop }
                      ;*synchronization entry
                      ; - java.lang.invoke.VarHandle::checkExactAccessMode@-1 (line 2042)
  0x0000018f001de424: 4407 e911 

  0x0000018f001de428: ;   {runtime_call throw_null_pointer_exception Runtime1 stub}
  0x0000018f001de428: f9ff ffe8 

  0x0000018f001de42c: ; ImmutableOopMap {r8=Oop rdx=Oop [112]=Oop }
                      ;*getfield type {reexecute=1 rethrow=0 return_oop=0}
                      ; - (reexecute) java.lang.invoke.VarHandle::checkExactAccessMode@9 (line 2042)
  0x0000018f001de42c: 7082 4407 

  0x0000018f001de430: ;   {metadata({method} {0x0000018f0f0c9620} 'accessModeType' '(I)Ljava/lang/invoke/MethodType;' in 'java/lang/invoke/VarHandle')}
  0x0000018f001de430: 49ba 1896 | 0c0f 8f01 | 0000 4c89 | 5424 0848 | c704 24ff 

  0x0000018f001de444: ;   {runtime_call counter_overflow Runtime1 stub}
  0x0000018f001de444: ffff ffe8 

  0x0000018f001de448: ; ImmutableOopMap {r8=Oop rdx=Oop [112]=Oop }
                      ;*synchronization entry
                      ; - java.lang.invoke.VarHandle::accessModeType@-1 (line 2055)
                      ; - java.lang.invoke.VarHandle::checkExactAccessMode@12 (line 2042)
  0x0000018f001de448: 34d4 4407 | e96a f9ff 

  0x0000018f001de450: ;   {metadata({method} {0x0000018f0f0c9728} 'getTypesAndInvokers' '()Ljava/lang/invoke/VarHandle$TypesAndInvokers;' in 'java/lang/invoke/VarHandle')}
  0x0000018f001de450: ff49 ba20 | 970c 0f8f | 0100 004c | 8954 2408 | 48c7 0424 | ffff ffff 

  0x0000018f001de468: ;   {runtime_call counter_overflow Runtime1 stub}
  0x0000018f001de468: e813 d444 

  0x0000018f001de46c: ; ImmutableOopMap {r8=Oop rdx=Oop [112]=Oop }
                      ;*synchronization entry
                      ; - java.lang.invoke.VarHandle::getTypesAndInvokers@-1 (line 2145)
                      ; - java.lang.invoke.VarHandle::accessModeType@1 (line 2055)
                      ; - java.lang.invoke.VarHandle::checkExactAccessMode@12 (line 2042)
  0x0000018f001de46c: 07e9 86f9 

  0x0000018f001de470: ;   {metadata('java/lang/invoke/VarHandle$TypesAndInvokers')}
  0x0000018f001de470: ffff 48ba | c852 4010 | 8f01 0000 | b800 0f05 

  0x0000018f001de480: ;   {runtime_call load_klass_patching Runtime1 stub}
  0x0000018f001de480: 0ae8 fa9f 

  0x0000018f001de484: ; ImmutableOopMap {[136]=Oop [112]=Oop }
                      ;*new {reexecute=1 rethrow=0 return_oop=0}
                      ; - (reexecute) java.lang.invoke.VarHandle::getTypesAndInvokers@10 (line 2147)
                      ; - java.lang.invoke.VarHandle::accessModeType@1 (line 2055)
                      ; - java.lang.invoke.VarHandle::checkExactAccessMode@12 (line 2042)
  0x0000018f001de484: 4407 e9b5 | f9ff ff48 

  0x0000018f001de48c: ;   {runtime_call new_instance Runtime1 stub}
  0x0000018f001de48c: 8bd2 e8ed 

  0x0000018f001de490: ; ImmutableOopMap {[136]=Oop [112]=Oop }
                      ;*new {reexecute=0 rethrow=0 return_oop=0}
                      ; - java.lang.invoke.VarHandle::getTypesAndInvokers@10 (line 2147)
                      ; - java.lang.invoke.VarHandle::accessModeType@1 (line 2055)
                      ; - java.lang.invoke.VarHandle::checkExactAccessMode@12 (line 2042)
  0x0000018f001de490: 8844 07e9 | b7f9 ffff | 8b72 1448 | c1e6 0348 | 83fe 000f | 84de f9ff | ff48 8934 

  0x0000018f001de4ac: ;   {runtime_call g1_pre_barrier_slow}
  0x0000018f001de4ac: 24e8 4ecb | 4407 e9d0 | f9ff ff48 | 83f8 000f | 84ea f9ff | ff48 8914 

  0x0000018f001de4c4: ;   {runtime_call g1_post_barrier_slow}
  0x0000018f001de4c4: 24e8 b6f6 | 4407 e9dc | f9ff ff48 | c704 24f7 

  0x0000018f001de4d4: ;   {runtime_call deoptimize Runtime1 stub}
  0x0000018f001de4d4: ffff ffe8 

  0x0000018f001de4d8: ; ImmutableOopMap {[136]=Oop rdx=Oop [112]=Oop rax=Oop }
                      ;*getfield methodType_table {reexecute=1 rethrow=0 return_oop=0}
                      ; - (reexecute) java.lang.invoke.VarHandle::accessModeType@6 (line 2056)
                      ; - java.lang.invoke.VarHandle::checkExactAccessMode@12 (line 2042)
  0x0000018f001de4d8: 24ad 4407 

  0x0000018f001de4dc: ;   {runtime_call throw_null_pointer_exception Runtime1 stub}
  0x0000018f001de4dc: e8bf 8144 

  0x0000018f001de4e0: ; ImmutableOopMap {[136]=Oop rdx=Oop [112]=Oop rax=Oop }
                      ;*getfield methodType_table {reexecute=1 rethrow=0 return_oop=0}
                      ; - (reexecute) java.lang.invoke.VarHandle::accessModeType@6 (line 2056)
                      ; - java.lang.invoke.VarHandle::checkExactAccessMode@12 (line 2042)
  0x0000018f001de4e0: 078b b80c | 0000 00b8 | 000b 0506 

  0x0000018f001de4ec: ;   {runtime_call access_field_patching Runtime1 stub}
  0x0000018f001de4ec: e88f a644 

  0x0000018f001de4f0: ; ImmutableOopMap {[136]=Oop rdx=Oop [112]=Oop rax=Oop }
                      ;*getfield methodType_table {reexecute=1 rethrow=0 return_oop=0}
                      ; - (reexecute) java.lang.invoke.VarHandle::accessModeType@6 (line 2056)
                      ; - java.lang.invoke.VarHandle::checkExactAccessMode@12 (line 2042)
  0x0000018f001de4f0: 07e9 caf9 

  0x0000018f001de4f4: ;   {runtime_call throw_null_pointer_exception Runtime1 stub}
  0x0000018f001de4f4: ffff e8a5 

  0x0000018f001de4f8: ; ImmutableOopMap {[136]=Oop rdx=Oop [112]=Oop rax=Oop rdi=Oop }
                      ;*aaload {reexecute=0 rethrow=0 return_oop=0}
                      ; - java.lang.invoke.VarHandle::accessModeType@10 (line 2056)
                      ; - java.lang.invoke.VarHandle::checkExactAccessMode@12 (line 2042)
                      ;   {runtime_call throw_null_pointer_exception Runtime1 stub}
  0x0000018f001de4f8: 8144 07e8 

  0x0000018f001de4fc: ; ImmutableOopMap {[136]=Oop rdx=Oop [112]=Oop rax=Oop rdi=Oop }
                      ;*aaload {reexecute=0 rethrow=0 return_oop=0}
                      ; - java.lang.invoke.VarHandle::accessModeType@10 (line 2056)
                      ; - java.lang.invoke.VarHandle::checkExactAccessMode@12 (line 2042)
  0x0000018f001de4fc: a081 4407 | 4889 3424 | 4889 7c24 

  0x0000018f001de508: ;   {runtime_call throw_range_check_failed Runtime1 stub}
  0x0000018f001de508: 08e8 9278 

  0x0000018f001de50c: ; ImmutableOopMap {[136]=Oop rdx=Oop [112]=Oop rax=Oop rdi=Oop }
                      ;*aaload {reexecute=0 rethrow=0 return_oop=0}
                      ; - java.lang.invoke.VarHandle::accessModeType@10 (line 2056)
                      ; - java.lang.invoke.VarHandle::checkExactAccessMode@12 (line 2042)
                      ;   {runtime_call throw_null_pointer_exception Runtime1 stub}
  0x0000018f001de50c: 4407 e88d 

  0x0000018f001de510: ; ImmutableOopMap {[136]=Oop rdx=Oop [112]=Oop rax=Oop }
                      ;*getfield methodType_table {reexecute=1 rethrow=0 return_oop=0}
                      ; - (reexecute) java.lang.invoke.VarHandle::accessModeType@17 (line 2058)
                      ; - java.lang.invoke.VarHandle::checkExactAccessMode@12 (line 2042)
  0x0000018f001de510: 8144 078b | b80c 0000 | 00b8 000b 

  0x0000018f001de51c: ;   {runtime_call access_field_patching Runtime1 stub}
  0x0000018f001de51c: 0506 e85d 

  0x0000018f001de520: ; ImmutableOopMap {[136]=Oop rdx=Oop [112]=Oop rax=Oop }
                      ;*getfield methodType_table {reexecute=1 rethrow=0 return_oop=0}
                      ; - (reexecute) java.lang.invoke.VarHandle::accessModeType@17 (line 2058)
                      ; - java.lang.invoke.VarHandle::checkExactAccessMode@12 (line 2042)
  0x0000018f001de520: a644 07e9 | f0f9 ffff 

  0x0000018f001de528: ;   {metadata({method} {0x0000018f0f0c9780} 'accessModeTypeUncached' '(I)Ljava/lang/invoke/MethodType;' in 'java/lang/invoke/VarHandle')}
  0x0000018f001de528: 49ba 7897 | 0c0f 8f01 | 0000 4c89 | 5424 0848 | c704 24ff 

  0x0000018f001de53c: ;   {runtime_call counter_overflow Runtime1 stub}
  0x0000018f001de53c: ffff ffe8 

  0x0000018f001de540: ; ImmutableOopMap {[136]=Oop rdx=Oop [112]=Oop rdi=Oop }
                      ;*synchronization entry
                      ; - java.lang.invoke.VarHandle::accessModeTypeUncached@-1 (line 2065)
                      ; - java.lang.invoke.VarHandle::accessModeType@23 (line 2059)
                      ; - java.lang.invoke.VarHandle::checkExactAccessMode@12 (line 2042)
  0x0000018f001de540: 3cd3 4407 | e916 faff 

  0x0000018f001de548: ;   {metadata({method} {0x0000018f0f438d00} 'values' '()[Ljava/lang/invoke/VarHandle$AccessType;' in 'java/lang/invoke/VarHandle$AccessType')}
  0x0000018f001de548: ff49 baf8 | 8c43 0f8f | 0100 004c | 8954 2408 | 48c7 0424 | ffff ffff 

  0x0000018f001de560: ;   {runtime_call counter_overflow Runtime1 stub}
  0x0000018f001de560: e81b d344 

  0x0000018f001de564: ; ImmutableOopMap {[136]=Oop rdx=Oop [112]=Oop rdi=Oop }
                      ;*synchronization entry
                      ; - java.lang.invoke.VarHandle$AccessType::values@-1 (line 1633)
                      ; - java.lang.invoke.VarHandle::accessModeTypeUncached@1 (line 2065)
                      ; - java.lang.invoke.VarHandle::accessModeType@23 (line 2059)
                      ; - java.lang.invoke.VarHandle::checkExactAccessMode@12 (line 2042)
  0x0000018f001de564: 07e9 2ffa | ffff 4889 

  0x0000018f001de56c: ;   {runtime_call throw_class_cast_exception Runtime1 stub}
  0x0000018f001de56c: 0424 e8ad 

  0x0000018f001de570: ; ImmutableOopMap {[136]=Oop [144]=Oop [112]=Oop }
                      ;*checkcast {reexecute=0 rethrow=0 return_oop=0}
                      ; - java.lang.invoke.VarHandle$AccessType::values@6 (line 1633)
                      ; - java.lang.invoke.VarHandle::accessModeTypeUncached@1 (line 2065)
                      ; - java.lang.invoke.VarHandle::accessModeType@23 (line 2059)
                      ; - java.lang.invoke.VarHandle::checkExactAccessMode@12 (line 2042)
                      ;   {runtime_call throw_null_pointer_exception Runtime1 stub}
  0x0000018f001de570: e644 07e8 

  0x0000018f001de574: ; ImmutableOopMap {[136]=Oop [144]=Oop [112]=Oop r8=Oop }
                      ;*aaload {reexecute=0 rethrow=0 return_oop=0}
                      ; - java.lang.invoke.VarHandle::accessModeTypeUncached@5 (line 2065)
                      ; - java.lang.invoke.VarHandle::accessModeType@23 (line 2059)
                      ; - java.lang.invoke.VarHandle::checkExactAccessMode@12 (line 2042)
  0x0000018f001de574: 2881 4407 

  0x0000018f001de578: ;   {runtime_call throw_null_pointer_exception Runtime1 stub}
  0x0000018f001de578: e823 8144 

  0x0000018f001de57c: ; ImmutableOopMap {[136]=Oop [144]=Oop [112]=Oop r8=Oop }
                      ;*aaload {reexecute=0 rethrow=0 return_oop=0}
                      ; - java.lang.invoke.VarHandle::accessModeTypeUncached@5 (line 2065)
                      ; - java.lang.invoke.VarHandle::accessModeType@23 (line 2059)
                      ; - java.lang.invoke.VarHandle::checkExactAccessMode@12 (line 2042)
  0x0000018f001de57c: 0748 8934 | 244c 8944 

  0x0000018f001de584: ;   {runtime_call throw_range_check_failed Runtime1 stub}
  0x0000018f001de584: 2408 e815 

  0x0000018f001de588: ; ImmutableOopMap {[136]=Oop [144]=Oop [112]=Oop r8=Oop }
                      ;*aaload {reexecute=0 rethrow=0 return_oop=0}
                      ; - java.lang.invoke.VarHandle::accessModeTypeUncached@5 (line 2065)
                      ; - java.lang.invoke.VarHandle::accessModeType@23 (line 2059)
                      ; - java.lang.invoke.VarHandle::checkExactAccessMode@12 (line 2042)
                      ;   {runtime_call throw_null_pointer_exception Runtime1 stub}
  0x0000018f001de588: 7844 07e8 

  0x0000018f001de58c: ; ImmutableOopMap {[136]=Oop [112]=Oop rax=Oop rdi=Oop }
                      ;*aastore {reexecute=1 rethrow=0 return_oop=0}
                      ; - (reexecute) java.lang.invoke.VarHandle::accessModeType@27 (line 2059)
                      ; - java.lang.invoke.VarHandle::checkExactAccessMode@12 (line 2042)
  0x0000018f001de58c: 1081 4407 

  0x0000018f001de590: ;   {runtime_call throw_null_pointer_exception Runtime1 stub}
  0x0000018f001de590: e80b 8144 

  0x0000018f001de594: ; ImmutableOopMap {[136]=Oop [112]=Oop rax=Oop rdi=Oop }
                      ;*aastore {reexecute=1 rethrow=0 return_oop=0}
                      ; - (reexecute) java.lang.invoke.VarHandle::accessModeType@27 (line 2059)
                      ; - java.lang.invoke.VarHandle::checkExactAccessMode@12 (line 2042)
  0x0000018f001de594: 0748 8934 | 2448 897c 

  0x0000018f001de59c: ;   {runtime_call throw_range_check_failed Runtime1 stub}
  0x0000018f001de59c: 2408 e8fd 

  0x0000018f001de5a0: ; ImmutableOopMap {[136]=Oop [112]=Oop rax=Oop rdi=Oop }
                      ;*aastore {reexecute=1 rethrow=0 return_oop=0}
                      ; - (reexecute) java.lang.invoke.VarHandle::accessModeType@27 (line 2059)
                      ; - java.lang.invoke.VarHandle::checkExactAccessMode@12 (line 2042)
                      ;   {runtime_call throw_null_pointer_exception Runtime1 stub}
  0x0000018f001de5a0: 7744 07e8 

  0x0000018f001de5a4: ; ImmutableOopMap {[136]=Oop [112]=Oop rax=Oop rdi=Oop }
                      ;*aastore {reexecute=1 rethrow=0 return_oop=0}
                      ; - (reexecute) java.lang.invoke.VarHandle::accessModeType@27 (line 2059)
                      ; - java.lang.invoke.VarHandle::checkExactAccessMode@12 (line 2042)
  0x0000018f001de5a4: f880 4407 | 4889 0424 

  0x0000018f001de5ac: ;   {runtime_call throw_array_store_exception Runtime1 stub}
  0x0000018f001de5ac: e86f c744 

  0x0000018f001de5b0: ; ImmutableOopMap {[136]=Oop [112]=Oop rax=Oop rdi=Oop }
                      ;*aastore {reexecute=1 rethrow=0 return_oop=0}
                      ; - (reexecute) java.lang.invoke.VarHandle::accessModeType@27 (line 2059)
                      ; - java.lang.invoke.VarHandle::checkExactAccessMode@12 (line 2042)
  0x0000018f001de5b0: 0741 8b10 | 48c1 e203 | 4883 fa00 | 0f84 a9fd | ffff 4889 

  0x0000018f001de5c4: ;   {runtime_call g1_pre_barrier_slow}
  0x0000018f001de5c4: 1424 e835 | ca44 07e9 | 9bfd ffff | 4883 f800 | 0f84 affd | ffff 4c89 

  0x0000018f001de5dc: ;   {runtime_call g1_post_barrier_slow}
  0x0000018f001de5dc: 0424 e89d | f544 07e9 | a1fd ffff 

  0x0000018f001de5e8: ;   {internal_word}
  0x0000018f001de5e8: 49ba fce3 | 1d00 8f01 | 0000 4d89 | 9768 0300 

  0x0000018f001de5f8: ;   {runtime_call SafepointBlob}
  0x0000018f001de5f8: 00e9 82a9 | 3a07 9090 | 498b 87e0 | 0300 0049 | c787 e003 | 0000 0000 | 0000 49c7 | 87e8 0300 
  0x0000018f001de618: 0000 0000 | 0048 81c4 | a000 0000 

  0x0000018f001de624: ;   {runtime_call unwind_exception Runtime1 stub}
  0x0000018f001de624: 5de9 5671 | 4407 f4f4 | f4f4 f4f4 | f4f4 f4f4 | f4f4 f4f4 | f4f4 f4f4 | f4f4 f4f4 
[Stub Code]
  0x0000018f001de640: ;   {no_reloc}
  0x0000018f001de640: 0f1f 4400 

  0x0000018f001de644: ;   {static_stub}
  0x0000018f001de644: 0048 bb40 | ca59 518f 

  0x0000018f001de64c: ;   {runtime_call I2C/C2I adapters}
  0x0000018f001de64c: 0100 00e9 | 0586 3a07 

  0x0000018f001de654: ;   {static_stub}
  0x0000018f001de654: 9048 bb00 | 0000 0000 

  0x0000018f001de65c: ;   {runtime_call}
  0x0000018f001de65c: 0000 00e9 | fbff ffff 

  0x0000018f001de664: ;   {static_stub}
  0x0000018f001de664: 9048 bb00 | 0000 0000 

  0x0000018f001de66c: ;   {runtime_call}
  0x0000018f001de66c: 0000 00e9 | fbff ffff 

  0x0000018f001de674: ;   {static_stub}
  0x0000018f001de674: 9048 bb00 | 0000 0000 

  0x0000018f001de67c: ;   {runtime_call}
  0x0000018f001de67c: 0000 00e9 | fbff ffff 
[Exception Handler]
  0x0000018f001de684: ;   {runtime_call handle_exception_from_callee Runtime1 stub}
  0x0000018f001de684: e877 c344 

  0x0000018f001de688: ;   {external_word}
  0x0000018f001de688: 0748 b950 | baf7 b7fd | 7f00 0048 

  0x0000018f001de694: ;   {runtime_call}
  0x0000018f001de694: 83e4 f049 | ba40 2ec0 | b7fd 7f00 | 0041 ffd2 

  0x0000018f001de6a4: ;   {section_word}
  0x0000018f001de6a4: f449 baa5 | e61d 008f | 0100 0041 

  0x0000018f001de6b0: ;   {runtime_call DeoptimizationBlob}
  0x0000018f001de6b0: 52e9 6abd | 3a07 f4f4 
[/MachCode]


Compiled method (c1) 16878 1686       3       java.security.AccessController::doPrivileged (9 bytes)
 total in heap  [0x0000018f002e5b10,0x0000018f002e61c8] = 1720
 relocation     [0x0000018f002e5c70,0x0000018f002e5ce8] = 120
 main code      [0x0000018f002e5d00,0x0000018f002e6000] = 768
 stub code      [0x0000018f002e6000,0x0000018f002e6068] = 104
 metadata       [0x0000018f002e6068,0x0000018f002e6080] = 24
 scopes data    [0x0000018f002e6080,0x0000018f002e6110] = 144
 scopes pcs     [0x0000018f002e6110,0x0000018f002e61b0] = 160
 dependencies   [0x0000018f002e61b0,0x0000018f002e61b8] = 8
 nul chk table  [0x0000018f002e61b8,0x0000018f002e61c8] = 16

[Constant Pool (empty)]

[MachCode]
[Verified Entry Point]
  # {method} {0x0000018f0f435fa0} 'doPrivileged' '(Ljava/security/PrivilegedAction;)Ljava/lang/Object;' in 'java/security/AccessController'
  # parm0:    rdx:rdx   = 'java/security/PrivilegedAction'
  #           [sp+0x70]  (sp of caller)
  0x0000018f002e5d00: 8984 2400 | 90ff ff55 | 4883 ec60 

  0x0000018f002e5d0c: ;   {metadata(method data for {method} {0x0000018f0f435fa0} 'doPrivileged' '(Ljava/security/PrivilegedAction;)Ljava/lang/Object;' in 'java/security/AccessController')}
  0x0000018f002e5d0c: 48be 700e | 1050 8f01 | 0000 8bbe | cc00 0000 | 83c7 0289 | becc 0000 | 0081 e7fe | 0700 0083 
  0x0000018f002e5d2c: ff00 0f84 | ec01 0000 | 4889 5424 

  0x0000018f002e5d38: ;   {metadata(method data for {method} {0x0000018f0f435fa0} 'doPrivileged' '(Ljava/security/PrivilegedAction;)Ljava/lang/Object;' in 'java/security/AccessController')}
  0x0000018f002e5d38: 4048 be70 | 0e10 508f | 0100 0048 | 8386 1001 | 0000 010f 

  0x0000018f002e5d4c: ;   {static_call}
  0x0000018f002e5d4c: 1f40 00e8 

  0x0000018f002e5d50: ; ImmutableOopMap {[64]=Oop }
                      ;*invokestatic getCallerClass {reexecute=0 rethrow=0 return_oop=0}
                      ; - java.security.AccessController::doPrivileged@2 (line 318)
  0x0000018f002e5d50: 8c4e 8007 | 4889 4424 

  0x0000018f002e5d58: ;   {metadata(method data for {method} {0x0000018f0f435fa0} 'doPrivileged' '(Ljava/security/PrivilegedAction;)Ljava/lang/Object;' in 'java/security/AccessController')}
  0x0000018f002e5d58: 4848 ba70 | 0e10 508f | 0100 0048 | 8382 2001 

  0x0000018f002e5d68: ;   {metadata(method data for {method} {0x0000018f0f435570} 'executePrivileged' '(Ljava/security/PrivilegedAction;Ljava/security/AccessControlContext;Ljava/lang/Class;)Ljava/lang/Object;' in 'java/security/AccessController')}
  0x0000018f002e5d68: 0000 0148 | bae0 0f10 | 508f 0100 | 008b b2cc | 0000 0083 | c602 89b2 | cc00 0000 | 81e6 feff 
  0x0000018f002e5d88: 1f00 83fe | 000f 84ae 

  0x0000018f002e5d90: ;   {metadata(method data for {method} {0x0000018f0f435570} 'executePrivileged' '(Ljava/security/PrivilegedAction;Ljava/security/AccessControlContext;Ljava/lang/Class;)Ljava/lang/Object;' in 'java/security/AccessController')}
  0x0000018f002e5d90: 0100 0048 | bae0 0f10 | 508f 0100 | 00ff 8210 

  0x0000018f002e5da0: ;   {metadata(method data for {method} {0x0000018f0f435570} 'executePrivileged' '(Ljava/security/PrivilegedAction;Ljava/security/AccessControlContext;Ljava/lang/Class;)Ljava/lang/Object;' in 'java/security/AccessController')}
  0x0000018f002e5da0: 0100 0048 | bae0 0f10 | 508f 0100 | 00ff 8240 | 0100 0048 | 8b54 2440 

  0x0000018f002e5db8: ; implicit exception: dispatches to 0x0000018f002e5f62
  0x0000018f002e5db8: 483b 0248 

  0x0000018f002e5dbc: ;   {metadata(method data for {method} {0x0000018f0f435570} 'executePrivileged' '(Ljava/security/PrivilegedAction;Ljava/security/AccessControlContext;Ljava/lang/Class;)Ljava/lang/Object;' in 'java/security/AccessController')}
  0x0000018f002e5dbc: 8bf2 48bf | e00f 1050 | 8f01 0000 | 8b76 0849 | ba00 0000 | 0f8f 0100 | 0049 03f2 | 483b b7b0 
  0x0000018f002e5ddc: 0100 0075 | 0d48 8387 | b801 0000 | 01e9 6600 | 0000 483b | b7c0 0100 | 0075 0d48 | 8387 c801 
  0x0000018f002e5dfc: 0000 01e9 | 5000 0000 | 4881 bfb0 | 0100 0000 | 0000 0075 | 1748 89b7 | b001 0000 | 48c7 87b8 
  0x0000018f002e5e1c: 0100 0001 | 0000 00e9 | 2c00 0000 | 4881 bfc0 | 0100 0000 | 0000 0075 | 1748 89b7 | c001 0000 
  0x0000018f002e5e3c: 48c7 87c8 | 0100 0001 | 0000 00e9 | 0800 0000 | 4883 87a0 | 0100 0001 | 9048 b870 | 622e 7f8f 
  0x0000018f002e5e5c: ;   {virtual_call}
  0x0000018f002e5e5c: 0100 00e8 

  0x0000018f002e5e60: ; ImmutableOopMap {[72]=Oop }
                      ;*invokeinterface run {reexecute=0 rethrow=0 return_oop=0}
                      ; - java.security.AccessController::executePrivileged@29 (line 776)
                      ; - java.security.AccessController::doPrivileged@5 (line 318)
  0x0000018f002e5e60: 2ca1 3407 

  0x0000018f002e5e64: ;   {metadata(method data for {method} {0x0000018f0f435570} 'executePrivileged' '(Ljava/security/PrivilegedAction;Ljava/security/AccessControlContext;Ljava/lang/Class;)Ljava/lang/Object;' in 'java/security/AccessController')}
  0x0000018f002e5e64: 48ba e00f | 1050 8f01 | 0000 ff82 | d801 0000 

  0x0000018f002e5e74: ;   {metadata(method data for {method} {0x0000018f0f435570} 'executePrivileged' '(Ljava/security/PrivilegedAction;Ljava/security/AccessControlContext;Ljava/lang/Class;)Ljava/lang/Object;' in 'java/security/AccessController')}
  0x0000018f002e5e74: 48ba e00f | 1050 8f01 | 0000 4883 | 8238 0200 | 0001 488b | d048 8944 

  0x0000018f002e5e8c: ;   {static_call}
  0x0000018f002e5e8c: 2450 90e8 

  0x0000018f002e5e90: ; ImmutableOopMap {[80]=Oop [72]=Oop }
                      ;*invokestatic ensureMaterializedForStackWalk {reexecute=0 rethrow=0 return_oop=0}
                      ; - java.security.AccessController::executePrivileged@56 (line 784)
                      ; - java.security.AccessController::doPrivileged@5 (line 318)
  0x0000018f002e5e90: 2c5e 8007 

  0x0000018f002e5e94: ;   {metadata(method data for {method} {0x0000018f0f435570} 'executePrivileged' '(Ljava/security/PrivilegedAction;Ljava/security/AccessControlContext;Ljava/lang/Class;)Ljava/lang/Object;' in 'java/security/AccessController')}
  0x0000018f002e5e94: 48b8 e00f | 1050 8f01 | 0000 4883 | 8048 0200 

  0x0000018f002e5ea4: ;   {metadata(method data for {method} {0x0000018f0f3dd818} 'reachabilityFence' '(Ljava/lang/Object;)V' in 'java/lang/ref/Reference')}
  0x0000018f002e5ea4: 0001 48b8 | a0fc 0550 | 8f01 0000 | 8bb0 cc00 | 0000 83c6 | 0289 b0cc | 0000 0081 | e6fe ff1f 
  0x0000018f002e5ec4: 0083 fe00 | 0f84 9900 

  0x0000018f002e5ecc: ;   {metadata(method data for {method} {0x0000018f0f435570} 'executePrivileged' '(Ljava/security/PrivilegedAction;Ljava/security/AccessControlContext;Ljava/lang/Class;)Ljava/lang/Object;' in 'java/security/AccessController')}
  0x0000018f002e5ecc: 0000 48b8 | e00f 1050 | 8f01 0000 | 4883 8058 | 0200 0001 

  0x0000018f002e5ee0: ;   {metadata(method data for {method} {0x0000018f0f3dd818} 'reachabilityFence' '(Ljava/lang/Object;)V' in 'java/lang/ref/Reference')}
  0x0000018f002e5ee0: 48b8 a0fc | 0550 8f01 | 0000 8bb0 | cc00 0000 | 83c6 0289 | b0cc 0000 | 0081 e6fe | ff1f 0083 
  0x0000018f002e5f00: fe00 0f84 | 8000 0000 | 488b 4424 | 5048 83c4 

  0x0000018f002e5f10: ;   {poll_return}
  0x0000018f002e5f10: 605d 493b | a750 0300 | 000f 878a | 0000 00c3 

  0x0000018f002e5f20: ;   {metadata({method} {0x0000018f0f435fa0} 'doPrivileged' '(Ljava/security/PrivilegedAction;)Ljava/lang/Object;' in 'java/security/AccessController')}
  0x0000018f002e5f20: 49ba 985f | 430f 8f01 | 0000 4c89 | 5424 0848 | c704 24ff 

  0x0000018f002e5f34: ;   {runtime_call counter_overflow Runtime1 stub}
  0x0000018f002e5f34: ffff ffe8 

  0x0000018f002e5f38: ; ImmutableOopMap {rdx=Oop }
                      ;*synchronization entry
                      ; - java.security.AccessController::doPrivileged@-1 (line 318)
  0x0000018f002e5f38: 4459 3407 | e9f3 fdff 

  0x0000018f002e5f40: ;   {metadata({method} {0x0000018f0f435570} 'executePrivileged' '(Ljava/security/PrivilegedAction;Ljava/security/AccessControlContext;Ljava/lang/Class;)Ljava/lang/Object;' in 'java/security/AccessController')}
  0x0000018f002e5f40: ff49 ba68 | 5543 0f8f | 0100 004c | 8954 2408 | 48c7 0424 | ffff ffff 

  0x0000018f002e5f58: ;   {runtime_call counter_overflow Runtime1 stub}
  0x0000018f002e5f58: e823 5934 

  0x0000018f002e5f5c: ; ImmutableOopMap {[64]=Oop rax=Oop [72]=Oop }
                      ;*synchronization entry
                      ; - java.security.AccessController::executePrivileged@-1 (line 771)
                      ; - java.security.AccessController::doPrivileged@5 (line 318)
  0x0000018f002e5f5c: 07e9 31fe 

  0x0000018f002e5f60: ;   {runtime_call throw_null_pointer_exception Runtime1 stub}
  0x0000018f002e5f60: ffff e839 

  0x0000018f002e5f64: ; ImmutableOopMap {rdx=Oop [72]=Oop }
                      ;*invokeinterface run {reexecute=0 rethrow=0 return_oop=0}
                      ; - java.security.AccessController::executePrivileged@29 (line 776)
                      ; - java.security.AccessController::doPrivileged@5 (line 318)
                      ;   {metadata({method} {0x0000018f0f3dd818} 'reachabilityFence' '(Ljava/lang/Object;)V' in 'java/lang/ref/Reference')}
  0x0000018f002e5f64: 0734 0749 | ba10 d83d | 0f8f 0100 | 004c 8954 | 2408 48c7 | 0424 ffff 

  0x0000018f002e5f7c: ;   {runtime_call counter_overflow Runtime1 stub}
  0x0000018f002e5f7c: ffff e8fd 

  0x0000018f002e5f80: ; ImmutableOopMap {[80]=Oop [72]=Oop }
                      ;*synchronization entry
                      ; - java.lang.ref.Reference::reachabilityFence@-1 (line 621)
                      ; - java.security.AccessController::executePrivileged@60 (line 788)
                      ; - java.security.AccessController::doPrivileged@5 (line 318)
  0x0000018f002e5f80: 5834 07e9 | 46ff ffff 

  0x0000018f002e5f88: ;   {metadata({method} {0x0000018f0f3dd818} 'reachabilityFence' '(Ljava/lang/Object;)V' in 'java/lang/ref/Reference')}
  0x0000018f002e5f88: 49ba 10d8 | 3d0f 8f01 | 0000 4c89 | 5424 0848 | c704 24ff 

  0x0000018f002e5f9c: ;   {runtime_call counter_overflow Runtime1 stub}
  0x0000018f002e5f9c: ffff ffe8 

  0x0000018f002e5fa0: ; ImmutableOopMap {[80]=Oop }
                      ;*synchronization entry
                      ; - java.lang.ref.Reference::reachabilityFence@-1 (line 621)
                      ; - java.security.AccessController::executePrivileged@64 (line 789)
                      ; - java.security.AccessController::doPrivileged@5 (line 318)
  0x0000018f002e5fa0: dc58 3407 | e95f ffff 

  0x0000018f002e5fa8: ;   {internal_word}
  0x0000018f002e5fa8: ff49 ba12 | 5f2e 008f | 0100 004d | 8997 6803 

  0x0000018f002e5fb8: ;   {runtime_call SafepointBlob}
  0x0000018f002e5fb8: 0000 e9c1 | 2f2a 0790 | 9049 8b87 | e003 0000 | 49c7 87e0 | 0300 0000 | 0000 0049 | c787 e803 
  0x0000018f002e5fd8: 0000 0000 | 0000 4883 

  0x0000018f002e5fe0: ;   {runtime_call unwind_exception Runtime1 stub}
  0x0000018f002e5fe0: c460 5de9 | 98f7 3307 | f4f4 f4f4 | f4f4 f4f4 | f4f4 f4f4 | f4f4 f4f4 | f4f4 f4f4 | f4f4 f4f4 
[Stub Code]
  0x0000018f002e6000: ;   {no_reloc}
  0x0000018f002e6000: 0f1f 4400 

  0x0000018f002e6004: ;   {static_stub}
  0x0000018f002e6004: 0048 bb00 | 0000 0000 

  0x0000018f002e600c: ;   {runtime_call}
  0x0000018f002e600c: 0000 00e9 | fbff ffff 

  0x0000018f002e6014: ;   {static_stub}
  0x0000018f002e6014: 9048 bb00 | 0000 0000 

  0x0000018f002e601c: ;   {runtime_call}
  0x0000018f002e601c: 0000 00e9 | fbff ffff 

  0x0000018f002e6024: ;   {static_stub}
  0x0000018f002e6024: 9048 bb00 | 0000 0000 

  0x0000018f002e602c: ;   {runtime_call}
  0x0000018f002e602c: 0000 00e9 | fbff ffff 
[Exception Handler]
  0x0000018f002e6034: ;   {runtime_call handle_exception_from_callee Runtime1 stub}
  0x0000018f002e6034: e8c7 4934 

  0x0000018f002e6038: ;   {external_word}
  0x0000018f002e6038: 0748 b950 | baf7 b7fd | 7f00 0048 

  0x0000018f002e6044: ;   {runtime_call}
  0x0000018f002e6044: 83e4 f049 | ba40 2ec0 | b7fd 7f00 | 0041 ffd2 

  0x0000018f002e6054: ;   {section_word}
  0x0000018f002e6054: f449 ba55 | 602e 008f | 0100 0041 

  0x0000018f002e6060: ;   {runtime_call DeoptimizationBlob}
  0x0000018f002e6060: 52e9 ba43 | 2a07 f4f4 
[/MachCode]


---------------  P R O C E S S  ---------------

Threads class SMR info:
_java_thread_list=0x0000018f55cb1f10, length=15, elements={
0x0000018f69c0b540, 0x0000018f7db68ba0, 0x0000018f7db69760, 0x0000018f7db7d1e0,
0x0000018f7db7fbb0, 0x0000018f7db80570, 0x0000018f7db80f30, 0x0000018f7db81cd0,
0x0000018f7db96280, 0x0000018f7db9a350, 0x0000018f7dc60510, 0x0000018f7df595f0,
0x0000018f7df59ad0, 0x0000018f7e8d6300, 0x0000018f7e8d4dc0
}

Java Threads: ( => current thread )
=>0x0000018f69c0b540 JavaThread "main" [_thread_in_vm, id=12532, stack(0x0000002cdd400000,0x0000002cdd500000)]
  0x0000018f7db68ba0 JavaThread "Reference Handler" daemon [_thread_blocked, id=18988, stack(0x0000002cddb00000,0x0000002cddc00000)]
  0x0000018f7db69760 JavaThread "Finalizer" daemon [_thread_blocked, id=8336, stack(0x0000002cddc00000,0x0000002cddd00000)]
  0x0000018f7db7d1e0 JavaThread "Signal Dispatcher" daemon [_thread_blocked, id=13208, stack(0x0000002cddd00000,0x0000002cdde00000)]
  0x0000018f7db7fbb0 JavaThread "Attach Listener" daemon [_thread_blocked, id=18424, stack(0x0000002cdde00000,0x0000002cddf00000)]
  0x0000018f7db80570 JavaThread "Service Thread" daemon [_thread_blocked, id=21204, stack(0x0000002cddf00000,0x0000002cde000000)]
  0x0000018f7db80f30 JavaThread "Monitor Deflation Thread" daemon [_thread_blocked, id=17148, stack(0x0000002cde000000,0x0000002cde100000)]
  0x0000018f7db81cd0 JavaThread "C2 CompilerThread0" daemon [_thread_blocked, id=18844, stack(0x0000002cde100000,0x0000002cde200000)]
  0x0000018f7db96280 JavaThread "C1 CompilerThread0" daemon [_thread_blocked, id=6504, stack(0x0000002cde200000,0x0000002cde300000)]
  0x0000018f7db9a350 JavaThread "Sweeper thread" daemon [_thread_blocked, id=21352, stack(0x0000002cde300000,0x0000002cde400000)]
  0x0000018f7dc60510 JavaThread "Common-Cleaner" daemon [_thread_blocked, id=9164, stack(0x0000002cde400000,0x0000002cde500000)]
  0x0000018f7df595f0 JavaThread "Monitor Ctrl-Break" daemon [_thread_in_native, id=8928, stack(0x0000002cde500000,0x0000002cde600000)]
  0x0000018f7df59ad0 JavaThread "Notification Thread" daemon [_thread_blocked, id=7140, stack(0x0000002cde600000,0x0000002cde700000)]
  0x0000018f7e8d6300 JavaThread "C2 CompilerThread1" daemon [_thread_in_native, id=12936, stack(0x0000002cde800000,0x0000002cde900000)]
  0x0000018f7e8d4dc0 JavaThread "C2 CompilerThread2" daemon [_thread_blocked, id=20808, stack(0x0000002cdee00000,0x0000002cdef00000)]

Other Threads:
  0x0000018f7db630a0 VMThread "VM Thread" [stack: 0x0000002cdda00000,0x0000002cddb00000] [id=21472] _threads_hazard_ptr=0x0000018f55cb1f10
  0x0000018f7e1c3ca0 WatcherThread [stack: 0x0000002cde700000,0x0000002cde800000] [id=8896]
  0x0000018f69c77e80 GCTaskThread "GC Thread#0" [stack: 0x0000002cdd500000,0x0000002cdd600000] [id=16904]
  0x0000018f7ea90a20 GCTaskThread "GC Thread#1" [stack: 0x0000002cde900000,0x0000002cdea00000] [id=10764]
  0x0000018f7e7a30e0 GCTaskThread "GC Thread#2" [stack: 0x0000002cdea00000,0x0000002cdeb00000] [id=14540]
  0x0000018f7e7a33b0 GCTaskThread "GC Thread#3" [stack: 0x0000002cdeb00000,0x0000002cdec00000] [id=6628]
  0x0000018f7e7a3b00 GCTaskThread "GC Thread#4" [stack: 0x0000002cdec00000,0x0000002cded00000] [id=18032]
  0x0000018f7e549070 GCTaskThread "GC Thread#5" [stack: 0x0000002cded00000,0x0000002cdee00000] [id=8848]
  0x0000018f7ec91ea0 GCTaskThread "GC Thread#6" [stack: 0x0000002cdef00000,0x0000002cdf000000] [id=14008]
  0x0000018f541a1c20 GCTaskThread "GC Thread#7" [stack: 0x0000002cdf000000,0x0000002cdf100000] [id=9412]
  0x0000018f69c88a70 ConcurrentGCThread "G1 Main Marker" [stack: 0x0000002cdd600000,0x0000002cdd700000] [id=21808]
  0x0000018f69c8a4a0 ConcurrentGCThread "G1 Conc#0" [stack: 0x0000002cdd700000,0x0000002cdd800000] [id=5496]
  0x0000018f7ed0c690 ConcurrentGCThread "G1 Conc#1" [stack: 0x0000002cdf200000,0x0000002cdf300000] [id=7356]
  0x0000018f7da16f00 ConcurrentGCThread "G1 Refine#0" [stack: 0x0000002cdd800000,0x0000002cdd900000] [id=4284]
  0x0000018f7da17940 ConcurrentGCThread "G1 Service" [stack: 0x0000002cdd900000,0x0000002cdda00000] [id=2604]

Threads with active compile tasks:
C2 CompilerThread0  16890 3736       4       org.springframework.core.annotation.AnnotationsScanner::getDeclaredAnnotations (167 bytes)
C2 CompilerThread1  16890 3750       4       jdk.internal.org.objectweb.asm.Frame::execute (2305 bytes)
C2 CompilerThread2  16890 3816       4       org.springframework.core.annotation.TypeMappedAnnotations$MergedAnnotationFinder::doWithAnnotations (75 bytes)

VM state: synchronizing (normal execution)

VM Mutex/Monitor currently owned by a thread:  ([mutex/lock_event])
[0x0000018f69c06600] Threads_lock - owner thread: 0x0000018f7db630a0

Heap address: 0x0000000703600000, size: 4042 MB, Compressed Oops mode: Zero based, Oop shift amount: 3

CDS archive(s) mapped at: [0x0000018f0f000000-0x0000018f0fbb0000-0x0000018f0fbb0000), size 12255232, SharedBaseAddress: 0x0000018f0f000000, ArchiveRelocationMode: 1.
Compressed class space mapped at: 0x0000018f10000000-0x0000018f50000000, reserved size: 1073741824
Narrow klass base: 0x0000018f0f000000, Narrow klass shift: 0, Narrow klass range: 0x100000000

GC Precious Log:
 CPUs: 8 total, 8 available
 Memory: 16161M
 Large Page Support: Disabled
 NUMA Support: Disabled
 Compressed Oops: Enabled (Zero based)
 Heap Region Size: 2M
 Heap Min Capacity: 8M
 Heap Initial Capacity: 254M
 Heap Max Capacity: 4042M
 Pre-touch: Disabled
 Parallel Workers: 8
 Concurrent Workers: 2
 Concurrent Refinement Workers: 8
 Periodic GC: Disabled

Heap:
 garbage-first heap   total 55296K, used 23744K [0x0000000703600000, 0x0000000800000000)
  region size 2048K, 5 young (10240K), 1 survivors (2048K)
 Metaspace       used 30006K, committed 30464K, reserved 1114112K
  class space    used 3989K, committed 4224K, reserved 1048576K

Heap Regions: E=young(eden), S=young(survivor), O=old, HS=humongous(starts), HC=humongous(continues), CS=collection set, F=free, OA=open archive, CA=closed archive, TAMS=top-at-mark-start (previous, next)
|   0|0x0000000703600000, 0x0000000703800000, 0x0000000703800000|100%| O|  |TAMS 0x0000000703800000, 0x0000000703600000| Untracked 
|   1|0x0000000703800000, 0x0000000703a00000, 0x0000000703a00000|100%| O|  |TAMS 0x0000000703a00000, 0x0000000703800000| Untracked 
|   2|0x0000000703a00000, 0x0000000703c00000, 0x0000000703c00000|100%| O|  |TAMS 0x0000000703c00000, 0x0000000703a00000| Untracked 
|   3|0x0000000703c00000, 0x0000000703c00000, 0x0000000703e00000|  0%| F|  |TAMS 0x0000000703c00000, 0x0000000703c00000| Untracked 
|   4|0x0000000703e00000, 0x0000000704000000, 0x0000000704000000|100%| O|  |TAMS 0x0000000703e00000, 0x0000000703e00000| Untracked 
|   5|0x0000000704000000, 0x0000000704200000, 0x0000000704200000|100%| O|  |TAMS 0x0000000704000000, 0x0000000704000000| Untracked 
|   6|0x0000000704200000, 0x0000000704400000, 0x0000000704400000|100%| O|  |TAMS 0x0000000704200000, 0x0000000704200000| Untracked 
|   7|0x0000000704400000, 0x0000000704600000, 0x0000000704600000|100%| O|  |TAMS 0x0000000704400000, 0x0000000704400000| Untracked 
|   8|0x0000000704600000, 0x000000070473d600, 0x0000000704800000| 61%| O|  |TAMS 0x0000000704600000, 0x0000000704600000| Untracked 
|   9|0x0000000704800000, 0x0000000704800000, 0x0000000704a00000|  0%| F|  |TAMS 0x0000000704800000, 0x0000000704800000| Untracked 
|  10|0x0000000704a00000, 0x0000000704a00000, 0x0000000704c00000|  0%| F|  |TAMS 0x0000000704a00000, 0x0000000704a00000| Untracked 
|  11|0x0000000704c00000, 0x0000000704c00000, 0x0000000704e00000|  0%| F|  |TAMS 0x0000000704c00000, 0x0000000704c00000| Untracked 
|  12|0x0000000704e00000, 0x0000000704e00000, 0x0000000705000000|  0%| F|  |TAMS 0x0000000704e00000, 0x0000000704e00000| Untracked 
|  13|0x0000000705000000, 0x0000000705000000, 0x0000000705200000|  0%| F|  |TAMS 0x0000000705000000, 0x0000000705000000| Untracked 
|  14|0x0000000705200000, 0x0000000705200000, 0x0000000705400000|  0%| F|  |TAMS 0x0000000705200000, 0x0000000705200000| Untracked 
|  15|0x0000000705400000, 0x0000000705400000, 0x0000000705600000|  0%| F|  |TAMS 0x0000000705400000, 0x0000000705400000| Untracked 
|  16|0x0000000705600000, 0x00000007057f2cc0, 0x0000000705800000| 97%| S|CS|TAMS 0x0000000705600000, 0x0000000705600000| Complete 
|  17|0x0000000705800000, 0x0000000705800000, 0x0000000705a00000|  0%| F|  |TAMS 0x0000000705800000, 0x0000000705800000| Untracked 
|  18|0x0000000705a00000, 0x0000000705a00000, 0x0000000705c00000|  0%| F|  |TAMS 0x0000000705a00000, 0x0000000705a00000| Untracked 
|  19|0x0000000705c00000, 0x0000000705c00000, 0x0000000705e00000|  0%| F|  |TAMS 0x0000000705c00000, 0x0000000705c00000| Untracked 
|  20|0x0000000705e00000, 0x0000000705e00000, 0x0000000706000000|  0%| F|  |TAMS 0x0000000705e00000, 0x0000000705e00000| Untracked 
|  21|0x0000000706000000, 0x0000000706000000, 0x0000000706200000|  0%| F|  |TAMS 0x0000000706000000, 0x0000000706000000| Untracked 
|  22|0x0000000706200000, 0x0000000706200000, 0x0000000706400000|  0%| F|  |TAMS 0x0000000706200000, 0x0000000706200000| Untracked 
|  99|0x000000070fc00000, 0x000000070fcb0868, 0x000000070fe00000| 34%| E|  |TAMS 0x000000070fc00000, 0x000000070fc00000| Complete 
| 100|0x000000070fe00000, 0x0000000710000000, 0x0000000710000000|100%| E|CS|TAMS 0x000000070fe00000, 0x000000070fe00000| Complete 
| 101|0x0000000710000000, 0x0000000710200000, 0x0000000710200000|100%| E|CS|TAMS 0x0000000710000000, 0x0000000710000000| Complete 
| 126|0x0000000713200000, 0x0000000713400000, 0x0000000713400000|100%| E|CS|TAMS 0x0000000713200000, 0x0000000713200000| Complete 

Card table byte_map: [0x0000018f722a0000,0x0000018f72a90000] _byte_map_base: 0x0000018f6ea85000

Marking Bits (Prev, Next): (CMBitMap*) 0x0000018f69c784f0, (CMBitMap*) 0x0000018f69c784b0
 Prev Bits: [0x0000018f771b0000, 0x0000018f7b0d8000)
 Next Bits: [0x0000018f73280000, 0x0000018f771a8000)

Polling page: 0x0000018f67b90000

Metaspace:

Usage:
  Non-class:     25.41 MB used.
      Class:      3.90 MB used.
       Both:     29.30 MB used.

Virtual space:
  Non-class space:       64.00 MB reserved,      25.62 MB ( 40%) committed,  1 nodes.
      Class space:        1.00 GB reserved,       4.12 MB ( <1%) committed,  1 nodes.
             Both:        1.06 GB reserved,      29.75 MB (  3%) committed. 

Chunk freelists:
   Non-Class:  6.09 MB
       Class:  11.73 MB
        Both:  17.83 MB

MaxMetaspaceSize: unlimited
CompressedClassSpaceSize: 1.00 GB
Initial GC threshold: 21.00 MB
Current GC threshold: 35.12 MB
CDS: on
MetaspaceReclaimPolicy: balanced
 - commit_granule_bytes: 65536.
 - commit_granule_words: 8192.
 - virtual_space_node_default_size: 8388608.
 - enlarge_chunks_in_place: 1.
 - new_chunks_are_fully_committed: 0.
 - uncommit_free_chunks: 1.
 - use_allocation_guard: 0.
 - handle_deallocations: 1.


Internal statistics:

num_allocs_failed_limit: 3.
num_arena_births: 558.
num_arena_deaths: 0.
num_vsnodes_births: 2.
num_vsnodes_deaths: 0.
num_space_committed: 476.
num_space_uncommitted: 0.
num_chunks_returned_to_freelist: 3.
num_chunks_taken_from_freelist: 1687.
num_chunk_merges: 3.
num_chunk_splits: 1138.
num_chunks_enlarged: 844.
num_inconsistent_stats: 0.

CodeHeap 'non-profiled nmethods': size=120000Kb used=2030Kb max_used=2030Kb free=117969Kb
 bounds [0x0000018f07ad0000, 0x0000018f07d40000, 0x0000018f0f000000]
CodeHeap 'profiled nmethods': size=120000Kb used=8112Kb max_used=8112Kb free=111887Kb
 bounds [0x0000018f00000000, 0x0000018f007f0000, 0x0000018f07530000]
CodeHeap 'non-nmethods': size=5760Kb used=1235Kb max_used=1293Kb free=4524Kb
 bounds [0x0000018f07530000, 0x0000018f077a0000, 0x0000018f07ad0000]
 total_blobs=4348 nmethods=3817 adapters=442
 compilation: enabled
              stopped_count=0, restarted_count=0
 full_count=0

Compilation events (20 events):
Event: 10.674 Thread 0x0000018f7db96280 3820   !   3       org.springframework.core.annotation.RepeatableContainers$ExplicitRepeatableContainer::<init> (154 bytes)
Event: 11.699 Thread 0x0000018f7db96280 nmethod 3820 0x0000018f007e3790 code [0x0000018f007e3d60, 0x0000018f007e71d8]
Event: 11.700 Thread 0x0000018f7db96280 3821       3       org.springframework.core.annotation.TypeMappedAnnotations::stream (24 bytes)
Event: 11.700 Thread 0x0000018f7db96280 nmethod 3821 0x0000018f007e8810 code [0x0000018f007e8a00, 0x0000018f007e8cc8]
Event: 11.700 Thread 0x0000018f7db96280 3822       3       org.springframework.core.annotation.MergedAnnotationCollectors$$Lambda$722/0x0000018f103b8000::get (8 bytes)
Event: 11.701 Thread 0x0000018f7db96280 nmethod 3822 0x0000018f007e8e10 code [0x0000018f007e8fe0, 0x0000018f007e9208]
Event: 11.701 Thread 0x0000018f7db96280 3827       3       java.util.stream.Collector::of (56 bytes)
Event: 11.702 Thread 0x0000018f7db96280 nmethod 3827 0x0000018f007e9310 code [0x0000018f007e95a0, 0x0000018f007ea128]
Event: 11.702 Thread 0x0000018f7db96280 3826       3       org.springframework.core.annotation.AnnotatedElementUtils::getRepeatableAnnotations (32 bytes)
Event: 11.703 Thread 0x0000018f7db96280 nmethod 3826 0x0000018f007ea510 code [0x0000018f007ea6e0, 0x0000018f007ea9a8]
Event: 11.703 Thread 0x0000018f7db96280 3824       3       org.springframework.core.annotation.TypeMappedAnnotations::spliterator (14 bytes)
Event: 11.704 Thread 0x0000018f7db96280 nmethod 3824 0x0000018f007eab10 code [0x0000018f007eace0, 0x0000018f007eb088]
Event: 11.704 Thread 0x0000018f7db96280 3825       3       org.springframework.core.annotation.TypeMappedAnnotations$AggregatesCollector::doWithAnnotations (10 bytes)
Event: 11.705 Thread 0x0000018f7db96280 nmethod 3825 0x0000018f007eb210 code [0x0000018f007eb3c0, 0x0000018f007eb508]
Event: 11.733 Thread 0x0000018f7db96280 3828       3       java.nio.charset.CoderResult::isUnderflow (13 bytes)
Event: 11.733 Thread 0x0000018f7db96280 nmethod 3828 0x0000018f007eb610 code [0x0000018f007eb7a0, 0x0000018f007eb8f8]
Event: 11.749 Thread 0x0000018f7db96280 3829       1       java.util.logging.Logger::getName (5 bytes)
Event: 11.749 Thread 0x0000018f7db96280 nmethod 3829 0x0000018f07ccb890 code [0x0000018f07ccba20, 0x0000018f07ccbaf8]
Event: 11.752 Thread 0x0000018f7db96280 3830       3       java.lang.invoke.DirectMethodHandle$Holder::invokeStatic (24 bytes)
Event: 11.753 Thread 0x0000018f7db96280 nmethod 3830 0x0000018f007eb990 code [0x0000018f007ebb60, 0x0000018f007ec118]

GC Heap History (12 events):
Event: 2.064 GC heap before
{Heap before GC invocations=0 (full 0):
 garbage-first heap   total 260096K, used 20480K [0x0000000703600000, 0x0000000800000000)
  region size 2048K, 11 young (22528K), 0 survivors (0K)
 Metaspace       used 5214K, committed 5376K, reserved 1114112K
  class space    used 590K, committed 704K, reserved 1048576K
}
Event: 2.072 GC heap after
{Heap after GC invocations=1 (full 0):
 garbage-first heap   total 260096K, used 7605K [0x0000000703600000, 0x0000000800000000)
  region size 2048K, 2 young (4096K), 2 survivors (4096K)
 Metaspace       used 5214K, committed 5376K, reserved 1114112K
  class space    used 590K, committed 704K, reserved 1048576K
}
Event: 3.757 GC heap before
{Heap before GC invocations=1 (full 0):
 garbage-first heap   total 260096K, used 32181K [0x0000000703600000, 0x0000000800000000)
  region size 2048K, 14 young (28672K), 2 survivors (4096K)
 Metaspace       used 11652K, committed 11968K, reserved 1114112K
  class space    used 1499K, committed 1664K, reserved 1048576K
}
Event: 3.767 GC heap after
{Heap after GC invocations=2 (full 0):
 garbage-first heap   total 260096K, used 9973K [0x0000000703600000, 0x0000000800000000)
  region size 2048K, 2 young (4096K), 2 survivors (4096K)
 Metaspace       used 11652K, committed 11968K, reserved 1114112K
  class space    used 1499K, committed 1664K, reserved 1048576K
}
Event: 8.288 GC heap before
{Heap before GC invocations=2 (full 0):
 garbage-first heap   total 260096K, used 52981K [0x0000000703600000, 0x0000000800000000)
  region size 2048K, 25 young (51200K), 2 survivors (4096K)
 Metaspace       used 21157K, committed 21504K, reserved 1114112K
  class space    used 2730K, committed 2880K, reserved 1048576K
}
Event: 8.294 GC heap after
{Heap after GC invocations=3 (full 0):
 garbage-first heap   total 260096K, used 13589K [0x0000000703600000, 0x0000000800000000)
  region size 2048K, 3 young (6144K), 3 survivors (6144K)
 Metaspace       used 21157K, committed 21504K, reserved 1114112K
  class space    used 2730K, committed 2880K, reserved 1048576K
}
Event: 9.349 GC heap before
{Heap before GC invocations=4 (full 0):
 garbage-first heap   total 55296K, used 40213K [0x0000000703600000, 0x0000000800000000)
  region size 2048K, 16 young (32768K), 3 survivors (6144K)
 Metaspace       used 24908K, committed 25344K, reserved 1114112K
  class space    used 3243K, committed 3456K, reserved 1048576K
}
Event: 9.361 GC heap after
{Heap after GC invocations=5 (full 0):
 garbage-first heap   total 55296K, used 16059K [0x0000000703600000, 0x0000000800000000)
  region size 2048K, 2 young (4096K), 2 survivors (4096K)
 Metaspace       used 24908K, committed 25344K, reserved 1114112K
  class space    used 3243K, committed 3456K, reserved 1048576K
}
Event: 9.493 GC heap before
{Heap before GC invocations=5 (full 0):
 garbage-first heap   total 55296K, used 18107K [0x0000000703600000, 0x0000000800000000)
  region size 2048K, 3 young (6144K), 2 survivors (4096K)
 Metaspace       used 25134K, committed 25536K, reserved 1114112K
  class space    used 3275K, committed 3456K, reserved 1048576K
}
Event: 9.500 GC heap after
{Heap after GC invocations=6 (full 0):
 garbage-first heap   total 55296K, used 16174K [0x0000000703600000, 0x0000000800000000)
  region size 2048K, 1 young (2048K), 1 survivors (2048K)
 Metaspace       used 25134K, committed 25536K, reserved 1114112K
  class space    used 3275K, committed 3456K, reserved 1048576K
}
Event: 10.419 GC heap before
{Heap before GC invocations=6 (full 0):
 garbage-first heap   total 55296K, used 34606K [0x0000000703600000, 0x0000000800000000)
  region size 2048K, 10 young (20480K), 1 survivors (2048K)
 Metaspace       used 28824K, committed 29248K, reserved 1114112K
  class space    used 3784K, committed 3968K, reserved 1048576K
}
Event: 10.427 GC heap after
{Heap after GC invocations=7 (full 0):
 garbage-first heap   total 55296K, used 17600K [0x0000000703600000, 0x0000000800000000)
  region size 2048K, 1 young (2048K), 1 survivors (2048K)
 Metaspace       used 28824K, committed 29248K, reserved 1114112K
  class space    used 3784K, committed 3968K, reserved 1048576K
}

Dll operation events (11 events):
Event: 0.037 Loaded shared library C:\Users\acer\.jdks\ms-17.0.17\bin\java.dll
Event: 0.065 Loaded shared library C:\Users\acer\.jdks\ms-17.0.17\bin\jsvml.dll
Event: 0.271 Loaded shared library C:\Users\acer\.jdks\ms-17.0.17\bin\zip.dll
Event: 0.277 Loaded shared library C:\Users\acer\.jdks\ms-17.0.17\bin\instrument.dll
Event: 0.287 Loaded shared library C:\Users\acer\.jdks\ms-17.0.17\bin\net.dll
Event: 0.290 Loaded shared library C:\Users\acer\.jdks\ms-17.0.17\bin\nio.dll
Event: 0.294 Loaded shared library C:\Users\acer\.jdks\ms-17.0.17\bin\zip.dll
Event: 1.335 Loaded shared library C:\Program Files\JetBrains\IntelliJ IDEA Community Edition 2024.3\bin\breakgen64.dll
Event: 1.351 Loaded shared library C:\Users\acer\.jdks\ms-17.0.17\bin\extnet.dll
Event: 1.384 Loaded shared library C:\Users\acer\.jdks\ms-17.0.17\bin\jimage.dll
Event: 8.443 Loaded shared library C:\Users\acer\.jdks\ms-17.0.17\bin\sunmscapi.dll

Deoptimization events (20 events):
Event: 10.215 Thread 0x0000018f69c0b540 Uncommon trap: trap_request=0xffffffde fr.pc=0x0000018f07c9d418 relative=0x00000000000044b8
Event: 10.215 Thread 0x0000018f69c0b540 Uncommon trap: reason=class_check action=maybe_recompile pc=0x0000018f07c9d418 method=org.springframework.beans.factory.support.AbstractBeanFactory.isTypeMatch(Ljava/lang/String;Lorg/springframework/core/ResolvableType;Z)Z @ 48 c2
Event: 10.215 Thread 0x0000018f69c0b540 DEOPT PACKING pc=0x0000018f07c9d418 sp=0x0000002cdd4fe4a0
Event: 10.215 Thread 0x0000018f69c0b540 DEOPT UNPACKING pc=0x0000018f0758a1a3 sp=0x0000002cdd4fe488 mode 2
Event: 10.327 Thread 0x0000018f69c0b540 Uncommon trap: trap_request=0xffffffde fr.pc=0x0000018f07caacd0 relative=0x0000000000000d90
Event: 10.327 Thread 0x0000018f69c0b540 Uncommon trap: reason=class_check action=maybe_recompile pc=0x0000018f07caacd0 method=org.springframework.beans.factory.support.AbstractBeanFactory.getBeanPostProcessorCache()Lorg/springframework/beans/factory/support/AbstractBeanFactory$BeanPostProcessor
Event: 10.327 Thread 0x0000018f69c0b540 DEOPT PACKING pc=0x0000018f07caacd0 sp=0x0000002cdd4fec30
Event: 10.327 Thread 0x0000018f69c0b540 DEOPT UNPACKING pc=0x0000018f0758a1a3 sp=0x0000002cdd4febf0 mode 2
Event: 10.549 Thread 0x0000018f69c0b540 DEOPT PACKING pc=0x0000018f001fe613 sp=0x0000002cdd4fcbe0
Event: 10.549 Thread 0x0000018f69c0b540 DEOPT UNPACKING pc=0x0000018f0758ace3 sp=0x0000002cdd4fc050 mode 0
Event: 10.664 Thread 0x0000018f69c0b540 Uncommon trap: trap_request=0xffffff45 fr.pc=0x0000018f07c430e4 relative=0x00000000000001a4
Event: 10.664 Thread 0x0000018f69c0b540 Uncommon trap: reason=unstable_if action=reinterpret pc=0x0000018f07c430e4 method=org.springframework.util.ClassUtils.resolvePrimitiveIfNecessary(Ljava/lang/Class;)Ljava/lang/Class; @ 17 c2
Event: 10.664 Thread 0x0000018f69c0b540 DEOPT PACKING pc=0x0000018f07c430e4 sp=0x0000002cdd4fca00
Event: 10.664 Thread 0x0000018f69c0b540 DEOPT UNPACKING pc=0x0000018f0758a1a3 sp=0x0000002cdd4fc9a8 mode 2
Event: 11.713 Thread 0x0000018f69c0b540 DEOPT PACKING pc=0x0000018f00500de6 sp=0x0000002cdd4fdca0
Event: 11.713 Thread 0x0000018f69c0b540 DEOPT UNPACKING pc=0x0000018f0758ace3 sp=0x0000002cdd4fd168 mode 0
Event: 11.736 Thread 0x0000018f69c0b540 DEOPT PACKING pc=0x0000018f00500de6 sp=0x0000002cdd4fdfb0
Event: 11.736 Thread 0x0000018f69c0b540 DEOPT UNPACKING pc=0x0000018f0758ace3 sp=0x0000002cdd4fd478 mode 0
Event: 11.746 Thread 0x0000018f69c0b540 DEOPT PACKING pc=0x0000018f00500de6 sp=0x0000002cdd4fd580
Event: 11.746 Thread 0x0000018f69c0b540 DEOPT UNPACKING pc=0x0000018f0758ace3 sp=0x0000002cdd4fca48 mode 0

Classes loaded (20 events):
Event: 11.778 Loading class java/lang/invoke/VarHandle$VarHandleDesc$Kind done
Event: 11.778 Loading class java/lang/constant/ConstantDescs
Event: 11.778 Loading class java/lang/constant/ConstantDescs done
Event: 11.778 Loading class java/lang/constant/ClassDesc
Event: 11.778 Loading class java/lang/constant/ClassDesc done
Event: 11.778 Loading class java/lang/constant/ConstantUtils
Event: 11.778 Loading class java/lang/constant/ConstantUtils done
Event: 11.779 Loading class java/lang/constant/ReferenceClassDescImpl
Event: 11.779 Loading class java/lang/constant/ReferenceClassDescImpl done
Event: 11.780 Loading class java/lang/constant/DirectMethodHandleDesc$Kind
Event: 11.780 Loading class java/lang/constant/DirectMethodHandleDesc$Kind done
Event: 11.780 Loading class java/lang/constant/MethodTypeDesc
Event: 11.780 Loading class java/lang/constant/MethodTypeDesc done
Event: 11.780 Loading class java/lang/constant/MethodTypeDescImpl
Event: 11.781 Loading class java/lang/constant/MethodTypeDescImpl done
Event: 11.781 Loading class java/lang/constant/MethodHandleDesc
Event: 11.781 Loading class java/lang/constant/MethodHandleDesc done
Event: 11.781 Loading class java/lang/constant/MethodHandleDesc$1
Event: 11.781 Loading class java/lang/constant/MethodHandleDesc$1 done
Event: 11.781 Loading class java/lang/constant/DirectMethodHandleDescImpl

Classes unloaded (0 events):
No events

Classes redefined (0 events):
No events

Internal exceptions (20 events):
Event: 10.098 Thread 0x0000018f69c0b540 Exception <a 'java/lang/IncompatibleClassChangeError'{0x0000000705ffc618}: Found class java.lang.Object, but interface was expected> (0x0000000705ffc618) 
thrown [s\src\hotspot\share\interpreter\linkResolver.cpp, line 826]
Event: 10.314 Thread 0x0000018f69c0b540 Exception <a 'java/lang/NoSuchMethodError'{0x0000000705ba6c48}: 'java.lang.Object java.lang.invoke.DirectMethodHandle$Holder.invokeSpecialIFC(java.lang.Object, java.lang.Object, java.lang.Object)'> (0x0000000705ba6c48) 
thrown [s\src\hotspot\share\interpreter\linkResolver.cpp, line 759]
Event: 10.529 Thread 0x0000018f69c0b540 Exception <a 'java/lang/NoSuchMethodError'{0x00000007133e6650}: 'void java.lang.invoke.DirectMethodHandle$Holder.invokeInterface(java.lang.Object, java.lang.Object, int)'> (0x00000007133e6650) 
thrown [s\src\hotspot\share\interpreter\linkResolver.cpp, line 759]
Event: 10.530 Thread 0x0000018f69c0b540 Exception <a 'java/lang/IncompatibleClassChangeError'{0x00000007133f7368}: Found class java.lang.Object, but interface was expected> (0x00000007133f7368) 
thrown [s\src\hotspot\share\interpreter\linkResolver.cpp, line 826]
Event: 10.531 Thread 0x0000018f69c0b540 Exception <a 'java/lang/IncompatibleClassChangeError'{0x00000007133fdd88}: Found class java.lang.Object, but interface was expected> (0x00000007133fdd88) 
thrown [s\src\hotspot\share\interpreter\linkResolver.cpp, line 826]
Event: 10.531 Thread 0x0000018f69c0b540 Exception <a 'java/lang/IncompatibleClassChangeError'{0x0000000710005098}: Found class java.lang.Object, but interface was expected> (0x0000000710005098) 
thrown [s\src\hotspot\share\interpreter\linkResolver.cpp, line 826]
Event: 10.532 Thread 0x0000018f69c0b540 Exception <a 'java/lang/IncompatibleClassChangeError'{0x000000071000c338}: Found class java.lang.Object, but interface was expected> (0x000000071000c338) 
thrown [s\src\hotspot\share\interpreter\linkResolver.cpp, line 826]
Event: 10.533 Thread 0x0000018f69c0b540 Exception <a 'java/lang/IncompatibleClassChangeError'{0x000000071001a300}: Found class java.lang.Object, but interface was expected> (0x000000071001a300) 
thrown [s\src\hotspot\share\interpreter\linkResolver.cpp, line 826]
Event: 10.535 Thread 0x0000018f69c0b540 Exception <a 'java/lang/IncompatibleClassChangeError'{0x0000000710034c80}: Found class java.lang.Object, but interface was expected> (0x0000000710034c80) 
thrown [s\src\hotspot\share\interpreter\linkResolver.cpp, line 826]
Event: 10.535 Thread 0x0000018f69c0b540 Exception <a 'java/lang/IncompatibleClassChangeError'{0x000000071003ac58}: Found class java.lang.Object, but interface was expected> (0x000000071003ac58) 
thrown [s\src\hotspot\share\interpreter\linkResolver.cpp, line 826]
Event: 10.536 Thread 0x0000018f69c0b540 Exception <a 'java/lang/NoSuchMethodError'{0x000000071004c508}: 'int java.lang.invoke.DirectMethodHandle$Holder.invokeSpecialIFC(java.lang.Object, java.lang.Object, java.lang.Object)'> (0x000000071004c508) 
thrown [s\src\hotspot\share\interpreter\linkResolver.cpp, line 759]
Event: 10.537 Thread 0x0000018f69c0b540 Exception <a 'java/lang/IncompatibleClassChangeError'{0x00000007100521e0}: Found class java.lang.Object, but interface was expected> (0x00000007100521e0) 
thrown [s\src\hotspot\share\interpreter\linkResolver.cpp, line 826]
Event: 10.537 Thread 0x0000018f69c0b540 Exception <a 'java/lang/IncompatibleClassChangeError'{0x0000000710059658}: Found class java.lang.Object, but interface was expected> (0x0000000710059658) 
thrown [s\src\hotspot\share\interpreter\linkResolver.cpp, line 826]
Event: 10.538 Thread 0x0000018f69c0b540 Exception <a 'java/lang/IncompatibleClassChangeError'{0x00000007100645f0}: Found class java.lang.Object, but interface was expected> (0x00000007100645f0) 
thrown [s\src\hotspot\share\interpreter\linkResolver.cpp, line 826]
Event: 10.545 Thread 0x0000018f69c0b540 Exception <a 'java/lang/NoSuchMethodError'{0x000000071009f530}: 'void java.lang.invoke.DirectMethodHandle$Holder.invokeVirtual(java.lang.Object, java.lang.Object, int)'> (0x000000071009f530) 
thrown [s\src\hotspot\share\interpreter\linkResolver.cpp, line 759]
Event: 10.546 Thread 0x0000018f69c0b540 Exception <a 'java/lang/NoSuchMethodError'{0x00000007100a5708}: 'void java.lang.invoke.DirectMethodHandle$Holder.invokeStatic(java.lang.Object, java.lang.Object, java.lang.Object, int, java.lang.Object)'> (0x00000007100a5708) 
thrown [s\src\hotspot\share\interpreter\linkResolver.cpp, line 759]
Event: 10.546 Thread 0x0000018f69c0b540 Exception <a 'java/lang/NoSuchMethodError'{0x00000007100acb68}: 'java.lang.Object java.lang.invoke.DirectMethodHandle$Holder.newInvokeSpecial(java.lang.Object, java.lang.Object, java.lang.Object, int)'> (0x00000007100acb68) 
thrown [s\src\hotspot\share\interpreter\linkResolver.cpp, line 759]
Event: 10.546 Thread 0x0000018f69c0b540 Exception <a 'java/lang/NoSuchMethodError'{0x00000007100b1098}: 'java.lang.Object java.lang.invoke.DirectMethodHandle$Holder.invokeSpecial(java.lang.Object, java.lang.Object, java.lang.Object, java.lang.Object, int)'> (0x00000007100b1098) 
thrown [s\src\hotspot\share\interpreter\linkResolver.cpp, line 759]
Event: 10.547 Thread 0x0000018f69c0b540 Exception <a 'java/lang/NoSuchMethodError'{0x00000007100b4a70}: 'java.lang.Object java.lang.invoke.Invokers$Holder.linkToTargetMethod(java.lang.Object, java.lang.Object, int, java.lang.Object)'> (0x00000007100b4a70) 
thrown [s\src\hotspot\share\interpreter\linkResolver.cpp, line 759]
Event: 10.565 Thread 0x0000018f69c0b540 Exception <a 'java/lang/NoSuchMethodError'{0x000000071011b278}: 'void java.lang.invoke.DirectMethodHandle$Holder.invokeStatic(java.lang.Object, int, java.lang.Object)'> (0x000000071011b278) 
thrown [s\src\hotspot\share\interpreter\linkResolver.cpp, line 759]

VM Operations (20 events):
Event: 9.342 Executing VM operation: HandshakeAllThreads done
Event: 9.349 Executing VM operation: G1CollectForAllocation
Event: 9.361 Executing VM operation: G1CollectForAllocation done
Event: 9.493 Executing VM operation: G1CollectForAllocation
Event: 9.500 Executing VM operation: G1CollectForAllocation done
Event: 9.774 Executing VM operation: HandshakeAllThreads
Event: 9.774 Executing VM operation: HandshakeAllThreads done
Event: 9.788 Executing VM operation: HandshakeAllThreads
Event: 9.788 Executing VM operation: HandshakeAllThreads done
Event: 10.091 Executing VM operation: HandshakeAllThreads
Event: 10.091 Executing VM operation: HandshakeAllThreads done
Event: 10.198 Executing VM operation: HandshakeAllThreads
Event: 10.198 Executing VM operation: HandshakeAllThreads done
Event: 10.213 Executing VM operation: ICBufferFull
Event: 10.213 Executing VM operation: ICBufferFull done
Event: 10.419 Executing VM operation: G1CollectForAllocation
Event: 10.427 Executing VM operation: G1CollectForAllocation done
Event: 11.427 Executing VM operation: Cleanup
Event: 11.699 Executing VM operation: Cleanup done
Event: 12.708 Executing VM operation: Cleanup

Memory protections (0 events):
No events

Nmethod flushes (0 events):
No events

Events (20 events):
Event: 0.087 Thread 0x0000018f69c0b540 Thread added: 0x0000018f7db81cd0
Event: 0.087 Thread 0x0000018f69c0b540 Thread added: 0x0000018f7db96280
Event: 0.087 Thread 0x0000018f69c0b540 Thread added: 0x0000018f7db9a350
Event: 0.240 Thread 0x0000018f69c0b540 Thread added: 0x0000018f7dc60510
Event: 1.336 Thread 0x0000018f69c0b540 Thread added: 0x0000018f7df595f0
Event: 1.336 Thread 0x0000018f69c0b540 Thread added: 0x0000018f7df59ad0
Event: 1.537 Thread 0x0000018f7db96280 Thread added: 0x0000018f7e5cb3e0
Event: 2.162 Thread 0x0000018f7e5cb3e0 Thread exited: 0x0000018f7e5cb3e0
Event: 2.806 Thread 0x0000018f7db96280 Thread added: 0x0000018f7ecaa3d0
Event: 3.430 Thread 0x0000018f69c0b540 Thread added: 0x0000018f7f59ea10
Event: 4.949 Thread 0x0000018f7db96280 Thread added: 0x0000018f7e8d5310
Event: 5.284 Thread 0x0000018f7e8d5310 Thread exited: 0x0000018f7e8d5310
Event: 6.476 Thread 0x0000018f7ecaa3d0 Thread exited: 0x0000018f7ecaa3d0
Event: 7.568 Thread 0x0000018f7db96280 Thread added: 0x0000018f7e8d6300
Event: 7.646 Thread 0x0000018f69c0b540 Thread added: 0x0000018f7f2e1740
Event: 7.725 Thread 0x0000018f7f2e1740 Thread exited: 0x0000018f7f2e1740
Event: 7.787 Thread 0x0000018f7db81cd0 Thread added: 0x0000018f7e8d4dc0
Event: 8.566 Thread 0x0000018f7f59ea10 Thread exited: 0x0000018f7f59ea10
Event: 10.197 Thread 0x0000018f7e8d4dc0 Thread exited: 0x0000018f7e8d4dc0
Event: 10.641 Thread 0x0000018f7db96280 Thread added: 0x0000018f7e8d4dc0


Dynamic libraries:
0x00007ff616460000 - 0x00007ff61646e000 	C:\Users\acer\.jdks\ms-17.0.17\bin\java.exe
0x00007ffe236e0000 - 0x00007ffe23946000 	C:\WINDOWS\SYSTEM32\ntdll.dll
0x00007ffe224d0000 - 0x00007ffe22599000 	C:\WINDOWS\System32\KERNEL32.DLL
0x00007ffe20ed0000 - 0x00007ffe212ca000 	C:\WINDOWS\System32\KERNELBASE.dll
0x00007ffe20d80000 - 0x00007ffe20ecc000 	C:\WINDOWS\System32\ucrtbase.dll
0x00007ffe0ea70000 - 0x00007ffe0ea8e000 	C:\Users\acer\.jdks\ms-17.0.17\bin\VCRUNTIME140.dll
0x00007ffe0ebd0000 - 0x00007ffe0ebe8000 	C:\Users\acer\.jdks\ms-17.0.17\bin\jli.dll
0x00007ffe22f00000 - 0x00007ffe230c7000 	C:\WINDOWS\System32\USER32.dll
0x00007ffe20970000 - 0x00007ffe20997000 	C:\WINDOWS\System32\win32u.dll
0x00007ffe21890000 - 0x00007ffe218bb000 	C:\WINDOWS\System32\GDI32.dll
0x00007ffe20b10000 - 0x00007ffe20c3b000 	C:\WINDOWS\System32\gdi32full.dll
0x00007ffe1fb70000 - 0x00007ffe1fe02000 	C:\WINDOWS\WinSxS\amd64_microsoft.windows.common-controls_6595b64144ccf1df_6.0.26100.8521_none_3e08b75ce33403b3\COMCTL32.dll
0x00007ffe221f0000 - 0x00007ffe22299000 	C:\WINDOWS\System32\msvcrt.dll
0x00007ffe20c40000 - 0x00007ffe20ce3000 	C:\WINDOWS\System32\msvcp_win.dll
0x00007ffe23610000 - 0x00007ffe23642000 	C:\WINDOWS\System32\IMM32.DLL
0x00007ffe1bfb0000 - 0x00007ffe1bfbc000 	C:\Users\acer\.jdks\ms-17.0.17\bin\vcruntime140_1.dll
0x00007ffe0b3d0000 - 0x00007ffe0b459000 	C:\Users\acer\.jdks\ms-17.0.17\bin\msvcp140.dll
0x00007ffdb7640000 - 0x00007ffdb82ba000 	C:\Users\acer\.jdks\ms-17.0.17\bin\server\jvm.dll
0x00007ffe225a0000 - 0x00007ffe22656000 	C:\WINDOWS\System32\ADVAPI32.dll
0x00007ffe22af0000 - 0x00007ffe22b9a000 	C:\WINDOWS\System32\sechost.dll
0x00007ffe220d0000 - 0x00007ffe221e8000 	C:\WINDOWS\System32\RPCRT4.dll
0x00007ffe223a0000 - 0x00007ffe22420000 	C:\WINDOWS\System32\WS2_32.dll
0x00007ffe207d0000 - 0x00007ffe2082e000 	C:\WINDOWS\SYSTEM32\POWRPROF.dll
0x00007ffe0e920000 - 0x00007ffe0e956000 	C:\WINDOWS\SYSTEM32\WINMM.dll
0x00007ffe17f70000 - 0x00007ffe17f7b000 	C:\WINDOWS\SYSTEM32\VERSION.dll
0x00007ffe207b0000 - 0x00007ffe207c4000 	C:\WINDOWS\SYSTEM32\UMPDC.dll
0x00007ffe1ed90000 - 0x00007ffe1edab000 	C:\WINDOWS\SYSTEM32\kernel.appcore.dll
0x00007ffe1be90000 - 0x00007ffe1be9a000 	C:\Users\acer\.jdks\ms-17.0.17\bin\jimage.dll
0x00007ffe20140000 - 0x00007ffe20382000 	C:\WINDOWS\SYSTEM32\DBGHELP.DLL
0x00007ffe214f0000 - 0x00007ffe21873000 	C:\WINDOWS\System32\combase.dll
0x00007ffe23450000 - 0x00007ffe23529000 	C:\WINDOWS\System32\OLEAUT32.dll
0x00007ffe20010000 - 0x00007ffe2004b000 	C:\WINDOWS\SYSTEM32\dbgcore.DLL
0x00007ffe20a60000 - 0x00007ffe20b08000 	C:\WINDOWS\System32\bcryptPrimitives.dll
0x00007ffe05440000 - 0x00007ffe0544f000 	C:\Users\acer\.jdks\ms-17.0.17\bin\instrument.dll
0x00007ffe0de40000 - 0x00007ffe0de66000 	C:\Users\acer\.jdks\ms-17.0.17\bin\java.dll
0x00007ffe04350000 - 0x00007ffe04426000 	C:\Users\acer\.jdks\ms-17.0.17\bin\jsvml.dll
0x00007ffe218c0000 - 0x00007ffe22044000 	C:\WINDOWS\System32\SHELL32.dll
0x00007ffe1da80000 - 0x00007ffe1e300000 	C:\WINDOWS\SYSTEM32\windows.storage.dll
0x00007ffe222a0000 - 0x00007ffe22396000 	C:\WINDOWS\System32\SHCORE.dll
0x00007ffe233b0000 - 0x00007ffe23417000 	C:\WINDOWS\System32\shlwapi.dll
0x00007ffe20890000 - 0x00007ffe208b9000 	C:\WINDOWS\SYSTEM32\profapi.dll
0x00007ffe0c280000 - 0x00007ffe0c298000 	C:\Users\acer\.jdks\ms-17.0.17\bin\zip.dll
0x00007ffe0ea50000 - 0x00007ffe0ea6b000 	C:\Users\acer\.jdks\ms-17.0.17\bin\net.dll
0x00007ffe17fd0000 - 0x00007ffe180f9000 	C:\WINDOWS\SYSTEM32\WINHTTP.dll
0x00007ffe1f2a0000 - 0x00007ffe1f30c000 	C:\WINDOWS\system32\mswsock.dll
0x00007ffe0c300000 - 0x00007ffe0c316000 	C:\Users\acer\.jdks\ms-17.0.17\bin\nio.dll
0x00007ffe01770000 - 0x00007ffe0178a000 	C:\Program Files\JetBrains\IntelliJ IDEA Community Edition 2024.3\bin\breakgen64.dll
0x00007ffe19bb0000 - 0x00007ffe19bb9000 	C:\Users\acer\.jdks\ms-17.0.17\bin\extnet.dll
0x00007ffe0ebc0000 - 0x00007ffe0ebce000 	C:\Users\acer\.jdks\ms-17.0.17\bin\sunmscapi.dll
0x00007ffe212d0000 - 0x00007ffe21448000 	C:\WINDOWS\System32\CRYPT32.dll
0x00007ffe1f970000 - 0x00007ffe1f9a0000 	C:\WINDOWS\SYSTEM32\ncrypt.dll
0x00007ffe1fa20000 - 0x00007ffe1fa5f000 	C:\WINDOWS\SYSTEM32\NTASN1.dll
0x00007ffe20490000 - 0x00007ffe204ab000 	C:\WINDOWS\SYSTEM32\CRYPTSP.dll
0x00007ffe1f570000 - 0x00007ffe1f5a9000 	C:\WINDOWS\system32\rsaenh.dll
0x00007ffe1f310000 - 0x00007ffe1f343000 	C:\WINDOWS\SYSTEM32\USERENV.dll
0x00007ffe20860000 - 0x00007ffe2088a000 	C:\WINDOWS\SYSTEM32\bcrypt.dll
0x00007ffe1f890000 - 0x00007ffe1f89c000 	C:\WINDOWS\SYSTEM32\CRYPTBASE.dll

dbghelp: loaded successfully - version: 4.0.5 - missing functions: none
symbol engine: initialized successfully - sym options: 0x614 - pdb path: .;C:\Users\acer\.jdks\ms-17.0.17\bin;C:\WINDOWS\SYSTEM32;C:\WINDOWS\WinSxS\amd64_microsoft.windows.common-controls_6595b64144ccf1df_6.0.26100.8521_none_3e08b75ce33403b3;C:\Users\acer\.jdks\ms-17.0.17\bin\server;C:\Program Files\JetBrains\IntelliJ IDEA Community Edition 2024.3\bin

VM Arguments:
jvm_args: -javaagent:C:\Program Files\JetBrains\IntelliJ IDEA Community Edition 2024.3\lib\idea_rt.jar=55975:C:\Program Files\JetBrains\IntelliJ IDEA Community Edition 2024.3\bin -Dfile.encoding=UTF-8 
java_command: nomad.example.nomad_backend.NomadBackendApplication
java_class_path (initial): C:\Users\acer\Desktop\nomad-backend\nomad-backend\target\classes;C:\Users\acer\.m2\repository\org\springframework\boot\spring-boot-starter-data-jpa\4.1.0\spring-boot-starter-data-jpa-4.1.0.jar;C:\Users\acer\.m2\repository\org\springframework\boot\spring-boot-starter\4.1.0\spring-boot-starter-4.1.0.jar;C:\Users\acer\.m2\repository\org\springframework\boot\spring-boot-starter-logging\4.1.0\spring-boot-starter-logging-4.1.0.jar;C:\Users\acer\.m2\repository\ch\qos\logback\logback-classic\1.5.34\logback-classic-1.5.34.jar;C:\Users\acer\.m2\repository\ch\qos\logback\logback-core\1.5.34\logback-core-1.5.34.jar;C:\Users\acer\.m2\repository\org\apache\logging\log4j\log4j-to-slf4j\2.25.4\log4j-to-slf4j-2.25.4.jar;C:\Users\acer\.m2\repository\org\apache\logging\log4j\log4j-api\2.25.4\log4j-api-2.25.4.jar;C:\Users\acer\.m2\repository\org\slf4j\jul-to-slf4j\2.0.18\jul-to-slf4j-2.0.18.jar;C:\Users\acer\.m2\repository\org\springframework\boot\spring-boot-autoconfigure\4.1.0\spring-boot-autoconfigure-4.1.0.jar;C:\Users\acer\.m2\repository\jakarta\annotation\jakarta.annotation-api\3.0.0\jakarta.annotation-api-3.0.0.jar;C:\Users\acer\.m2\repository\org\yaml\snakeyaml\2.6\snakeyaml-2.6.jar;C:\Users\acer\.m2\repository\org\springframework\boot\spring-boot-starter-jdbc\4.1.0\spring-boot-starter-jdbc-4.1.0.jar;C:\Users\acer\.m2\repository\com\zaxxer\HikariCP\7.0.2\HikariCP-7.0.2.jar;C:\Users\acer\.m2\repository\org\slf4j\slf4j-api\2.0.18\slf4j-api-2.0.18.jar;C:\Users\acer\.m2\repository\org\springframework\boot\spring-boot-data-jpa\4.1.0\spring-boot-data-jpa-4.1.0.jar;C:\Users\acer\.m2\repository\org\springframework\boot\spring-boot-data-commons\4.1.0\spring-boot-data-commons-4.1.0.jar;C:\Users\acer\.m2\repository\org\springframework\boot\spring-boot-persistence\4.1.0\spring-boot-persistence-4.1.0.jar;C:\Users\acer\.m2\repository\org\springframework\data\spring-data-commons\4.1.0\spring-data-commons-4.1.0.jar;C:\Users\acer\.m2\repository\org\springframework\b
Launcher Type: SUN_STANDARD

[Global flags]
     intx CICompilerCount                          = 4                                         {product} {ergonomic}
     uint ConcGCThreads                            = 2                                         {product} {ergonomic}
     uint G1ConcRefinementThreads                  = 8                                         {product} {ergonomic}
   size_t G1HeapRegionSize                         = 2097152                                   {product} {ergonomic}
    uintx GCDrainStackTargetSize                   = 64                                        {product} {ergonomic}
   size_t InitialHeapSize                          = 266338304                                 {product} {ergonomic}
   size_t MarkStackSize                            = 4194304                                   {product} {ergonomic}
   size_t MaxHeapSize                              = 4238344192                                {product} {ergonomic}
   size_t MaxNewSize                               = 2541748224                                {product} {ergonomic}
   size_t MinHeapDeltaBytes                        = 2097152                                   {product} {ergonomic}
   size_t MinHeapSize                              = 8388608                                   {product} {ergonomic}
    uintx NonNMethodCodeHeapSize                   = 5839372                                {pd product} {ergonomic}
    uintx NonProfiledCodeHeapSize                  = 122909434                              {pd product} {ergonomic}
    uintx ProfiledCodeHeapSize                     = 122909434                              {pd product} {ergonomic}
    uintx ReservedCodeCacheSize                    = 251658240                              {pd product} {ergonomic}
     bool SegmentedCodeCache                       = true                                      {product} {ergonomic}
   size_t SoftMaxHeapSize                          = 4238344192                             {manageable} {ergonomic}
     bool UseCompressedClassPointers               = true                           {product lp64_product} {ergonomic}
     bool UseCompressedOops                        = true                           {product lp64_product} {ergonomic}
     bool UseG1GC                                  = true                                      {product} {ergonomic}
     bool UseLargePagesIndividualAllocation        = false                                  {pd product} {ergonomic}

Logging:
Log output configuration:
 #0: stdout all=warning uptime,level,tags
 #1: stderr all=off uptime,level,tags

Environment Variables:
PATH=C:\Program Files (x86)\Common Files\Oracle\Java\javapath;C:\Windows\system32;C:\Windows;C:\Windows\System32\Wbem;C:\Windows\System32\WindowsPowerShell\v1.0\;C:\Windows\System32\OpenSSH\;C:\Program Files (x86)\NVIDIA Corporation\PhysX\Common;C:\Program Files\NVIDIA Corporation\NVIDIA NvDLISR;C:\Program Files\Microsoft SQL Server\Client SDK\ODBC\170\Tools\Binn\;C:\WINDOWS\system32;C:\WINDOWS;C:\WINDOWS\System32\Wbem;C:\WINDOWS\System32\WindowsPowerShell\v1.0\;C:\WINDOWS\System32\OpenSSH\;C:\Program Files (x86)\Microsoft SQL Server\160\Tools\Binn\;C:\Program Files\Microsoft SQL Server\160\Tools\Binn\;C:\Program Files\Microsoft SQL Server\160\DTS\Binn\;C:\Program Files\Azure Data Studio\bin;C:\Program Files\Git\cmd;C:\Program Files\nodejs\;C:\Program Files\Docker\Docker\resources\bin;C:\Program Files\dotnet\;C:\Program Files (x86)\Common Files\Oracle\Java\javapath;C:\Windows\system32;C:\Windows;C:\Windows\System32\Wbem;C:\Windows\System32\WindowsPowerShell\v1.0\;C:\Windows\System32\OpenSSH\;C:\Program Files (x86)\NVIDIA Corporation\PhysX\Common;C:\Program Files\NVIDIA Corporation\NVIDIA NvDLISR;C:\Program Files\Microsoft SQL Server\Client SDK\ODBC\170\Tools\Binn\;C:\WINDOWS\system32;C:\WINDOWS;C:\WINDOWS\System32\Wbem;C:\WINDOWS\System32\WindowsPowerShell\v1.0\;C:\WINDOWS\System32\OpenSSH\;C:\Program Files (x86)\Microsoft SQL Server\160\Tools\Binn\;C:\Program Files\Microsoft SQL Server\160\Tools\Binn\;C:\Program Files\Microsoft SQL Server\160\DTS\Binn\;C:\Program Files\Azure Data Studio\bin;C:\Program Files\Git\cmd;C:\Program Files\nodejs\;C:\Program Files\Docker\Docker\resources\bin;C:\Users\acer\AppData\Local\Microsoft\WindowsApps;;C:\Program Files\Azure Data Studio\bin;C:\Users\acer\AppData\Local\Programs\Microsoft VS Code\bin;C:\Users\acer\AppData\Roaming\npm;C:\Program Files\Apache\Maven\apache-maven-3.9.4\bin
USERNAME=acer
OS=Windows_NT
PROCESSOR_IDENTIFIER=Intel64 Family 6 Model 126 Stepping 5, GenuineIntel
TMP=C:\Users\acer\AppData\Local\Temp
TEMP=C:\Users\acer\AppData\Local\Temp



Periodic native trim disabled


---------------  S Y S T E M  ---------------

OS:
 Windows 11 , 64 bit Build 26100 (10.0.26100.8521)
OS uptime: 3 days 18:38 hours
Hyper-V role detected

CPU: total 8 (initial active 8) (4 cores per cpu, 2 threads per core) family 6 model 126 stepping 5 microcode 0x86, cx8, cmov, fxsr, ht, mmx, 3dnowpref, sse, sse2, sse3, ssse3, sse4.1, sse4.2, popcnt, lzcnt, tsc, tscinvbit, avx, avx2, aes, erms, clmul, bmi1, bmi2, adx, avx512f, avx512dq, avx512cd, avx512bw, avx512vl, sha, fma, vzeroupper, avx512_vpopcntdq, avx512_vpclmulqdq, avx512_vaes, avx512_vnni, clflush, clflushopt, avx512_vbmi2, avx512_vbmi, hv
Processor Information for the first 8 processors :
  Max Mhz: 1498, Current Mhz: 1298, Mhz Limit: 1288

Memory: 4k page, system-wide physical 16161M (2115M free)
TotalPageFile size 20257M (AvailPageFile size 5M)
current process WorkingSet (physical memory assigned to process): 189M, peak: 192M
current process commit charge ("private bytes"): 228M, peak: 398M

vm_info: OpenJDK 64-Bit Server VM (17.0.17+10-LTS) for windows-amd64 JRE (17.0.17+10-LTS), built on Oct 13 2025 22:19:56 by "MicrosoftCorporation" with unknown MS VC++:1944

END.
