#
# There is insufficient memory for the Java Runtime Environment to continue.
# Native memory allocation (malloc) failed to allocate 1212256 bytes. Error detail: Chunk::new
# Possible reasons:
#   The system is out of physical RAM or swap space
#   This process is running with CompressedOops enabled, and the Java Heap may be blocking the growth of the native heap
# Possible solutions:
#   Reduce memory load on the system
#   Increase physical memory or swap space
#   Check if swap backing store is full
#   Decrease Java heap size (-Xmx/-Xms)
#   Decrease number of Java threads
#   Decrease Java thread stack sizes (-Xss)
#   Set larger code cache with -XX:ReservedCodeCacheSize=
#   JVM is running with Zero Based Compressed Oops mode in which the Java heap is
#     placed in the first 32GB address space. The Java Heap base address is the
#     maximum limit for the native heap growth. Please use -XX:HeapBaseMinAddress
#     to set the Java Heap base and to place the Java Heap above 32GB virtual address.
# This output file may be truncated or incomplete.
#
#  Out of Memory Error (arena.cpp:168), pid=21804, tid=6300
#
# JRE version: OpenJDK Runtime Environment Microsoft-13877171 (21.0.11+10) (build 21.0.11+10-LTS)
# Java VM: OpenJDK 64-Bit Server VM Microsoft-13877171 (21.0.11+10-LTS, mixed mode, sharing, tiered, compressed oops, compressed class ptrs, g1 gc, windows-amd64)
# No core dump will be written. Minidumps are not enabled by default on client versions of Windows
#

---------------  S U M M A R Y ------------

Command Line: -javaagent:C:\Program Files\JetBrains\IntelliJ IDEA Community Edition 2024.3\lib\idea_rt.jar=49859:C:\Program Files\JetBrains\IntelliJ IDEA Community Edition 2024.3\bin -Dfile.encoding=UTF-8 -Dsun.stdout.encoding=UTF-8 -Dsun.stderr.encoding=UTF-8 nomad.example.nomad_backend.NomadBackendApplication

Host: Intel(R) Core(TM) i7-1065G7 CPU @ 1.30GHz, 8 cores, 15G,  Windows 11 , 64 bit Build 26100 (10.0.26100.8875)
Time: Wed Jul 22 19:09:42 2026 Azerbaijan Standard Time elapsed time: 2.786125 seconds (0d 0h 0m 2s)

---------------  T H R E A D  ---------------

Current thread (0x0000024f9b02c6b0):  JavaThread "C2 CompilerThread0" daemon [_thread_in_native, id=6300, stack(0x000000ce8f000000,0x000000ce8f100000) (1024K)]


Current CompileTask:
C2:2786 1926       4       java.lang.invoke.MethodType::makeImpl (109 bytes)

Stack: [0x000000ce8f000000,0x000000ce8f100000]
Native frames: (J=compiled Java code, j=interpreted, Vv=VM code, C=native code)
V  [jvm.dll+0x6e0429]  (no source info available)
V  [jvm.dll+0x8c057b]  (no source info available)
V  [jvm.dll+0x8c2b0a]  (no source info available)
V  [jvm.dll+0x8c31e3]  (no source info available)
V  [jvm.dll+0x28ac66]  (no source info available)
V  [jvm.dll+0xc91cd]  (no source info available)
V  [jvm.dll+0xc971c]  (no source info available)
V  [jvm.dll+0x301cde]  (no source info available)
V  [jvm.dll+0x609967]  (no source info available)
V  [jvm.dll+0x25bc27]  (no source info available)
V  [jvm.dll+0x25bffd]  (no source info available)
V  [jvm.dll+0x254849]  (no source info available)
V  [jvm.dll+0x251d57]  (no source info available)
V  [jvm.dll+0x1d1c5f]  (no source info available)
V  [jvm.dll+0x261bda]  (no source info available)
V  [jvm.dll+0x25ff45]  (no source info available)
V  [jvm.dll+0x4022c5]  (no source info available)
V  [jvm.dll+0x86b2bd]  (no source info available)
V  [jvm.dll+0x6e19dd]  (no source info available)
C  [ucrtbase.dll+0x2cd30]  (no source info available)
C  [KERNEL32.DLL+0x2e957]  (no source info available)
C  [ntdll.dll+0xaad6c]  (no source info available)


---------------  P R O C E S S  ---------------

Threads class SMR info:
_java_thread_list=0x0000024f9c877390, length=14, elements={
0x0000024f36ae0640, 0x0000024f9b00da80, 0x0000024f9b013160, 0x0000024f9b0159c0,
0x0000024f9b0178b0, 0x0000024f9b01bc20, 0x0000024f9b01d3a0, 0x0000024f9b02c6b0,
0x0000024f9b032ce0, 0x0000024f9b1b86d0, 0x0000024f9b3a7080, 0x0000024f9b836f70,
0x0000024f9b8375e0, 0x0000024f9c1c37c0
}

Java Threads: ( => current thread )
  0x0000024f36ae0640 JavaThread "main"                              [_thread_in_native, id=13448, stack(0x000000ce8e200000,0x000000ce8e300000) (1024K)]
  0x0000024f9b00da80 JavaThread "Reference Handler"          daemon [_thread_blocked, id=14452, stack(0x000000ce8ea00000,0x000000ce8eb00000) (1024K)]
  0x0000024f9b013160 JavaThread "Finalizer"                  daemon [_thread_blocked, id=18452, stack(0x000000ce8eb00000,0x000000ce8ec00000) (1024K)]
  0x0000024f9b0159c0 JavaThread "Signal Dispatcher"          daemon [_thread_blocked, id=20208, stack(0x000000ce8ec00000,0x000000ce8ed00000) (1024K)]
  0x0000024f9b0178b0 JavaThread "Attach Listener"            daemon [_thread_blocked, id=4388, stack(0x000000ce8ed00000,0x000000ce8ee00000) (1024K)]
  0x0000024f9b01bc20 JavaThread "Service Thread"             daemon [_thread_blocked, id=8112, stack(0x000000ce8ee00000,0x000000ce8ef00000) (1024K)]
  0x0000024f9b01d3a0 JavaThread "Monitor Deflation Thread"   daemon [_thread_blocked, id=19012, stack(0x000000ce8ef00000,0x000000ce8f000000) (1024K)]
=>0x0000024f9b02c6b0 JavaThread "C2 CompilerThread0"         daemon [_thread_in_native, id=6300, stack(0x000000ce8f000000,0x000000ce8f100000) (1024K)]
  0x0000024f9b032ce0 JavaThread "C1 CompilerThread0"         daemon [_thread_blocked, id=19376, stack(0x000000ce8f100000,0x000000ce8f200000) (1024K)]
  0x0000024f9b1b86d0 JavaThread "Common-Cleaner"             daemon [_thread_blocked, id=15372, stack(0x000000ce8f200000,0x000000ce8f300000) (1024K)]
  0x0000024f9b3a7080 JavaThread "C2 CompilerThread1"         daemon [_thread_in_native, id=21876, stack(0x000000ce8f300000,0x000000ce8f400000) (1024K)]
  0x0000024f9b836f70 JavaThread "Monitor Ctrl-Break"         daemon [_thread_in_native, id=20844, stack(0x000000ce8f400000,0x000000ce8f500000) (1024K)]
  0x0000024f9b8375e0 JavaThread "Notification Thread"        daemon [_thread_blocked, id=13944, stack(0x000000ce8f500000,0x000000ce8f600000) (1024K)]
  0x0000024f9c1c37c0 JavaThread "background-preinit"                [_thread_in_vm, id=12792, stack(0x000000ce8fb00000,0x000000ce8fc00000) (1024K)]
Total: 14

Other Threads:
  0x0000024f53629350 VMThread "VM Thread"                           [id=10060, stack(0x000000ce8e900000,0x000000ce8ea00000) (1024K)]
  0x0000024f536161f0 WatcherThread "VM Periodic Task Thread"        [id=16416, stack(0x000000ce8e800000,0x000000ce8e900000) (1024K)]
  0x0000024f36b47ca0 WorkerThread "GC Thread#0"                     [id=11856, stack(0x000000ce8e300000,0x000000ce8e400000) (1024K)]
  0x0000024f53629ab0 WorkerThread "GC Thread#1"                     [id=18824, stack(0x000000ce8f600000,0x000000ce8f700000) (1024K)]
  0x0000024f53629e60 WorkerThread "GC Thread#2"                     [id=11820, stack(0x000000ce8f700000,0x000000ce8f800000) (1024K)]
  0x0000024f5362a210 WorkerThread "GC Thread#3"                     [id=15600, stack(0x000000ce8f800000,0x000000ce8f900000) (1024K)]
  0x0000024f53628bf0 WorkerThread "GC Thread#4"                     [id=588, stack(0x000000ce8f900000,0x000000ce8fa00000) (1024K)]
  0x0000024f5362a5c0 WorkerThread "GC Thread#5"                     [id=12748, stack(0x000000ce8fa00000,0x000000ce8fb00000) (1024K)]
  0x0000024f9c880890 WorkerThread "GC Thread#6"                     [id=1752, stack(0x000000ce8fc00000,0x000000ce8fd00000) (1024K)]
  0x0000024f9c87fd80 WorkerThread "GC Thread#7"                     [id=11392, stack(0x000000ce8fd00000,0x000000ce8fe00000) (1024K)]
  0x0000024f53482010 ConcurrentGCThread "G1 Main Marker"            [id=19384, stack(0x000000ce8e400000,0x000000ce8e500000) (1024K)]
  0x0000024f36b57280 WorkerThread "G1 Conc#0"                       [id=5532, stack(0x000000ce8e500000,0x000000ce8e600000) (1024K)]
  0x0000024f534e64b0 ConcurrentGCThread "G1 Refine#0"               [id=22900, stack(0x000000ce8e600000,0x000000ce8e700000) (1024K)]
  0x0000024f534e6ce0 ConcurrentGCThread "G1 Service"                [id=6152, stack(0x000000ce8e700000,0x000000ce8e800000) (1024K)]
Total: 14

Threads with active compile tasks:
C2 CompilerThread0  2816 1926       4       java.lang.invoke.MethodType::makeImpl (109 bytes)
C2 CompilerThread1  2816 2059       4       java.lang.invoke.MethodType::methodType (69 bytes)
Total: 2

VM state: not at safepoint (normal execution)

VM Mutex/Monitor currently owned by a thread: None

Heap address: 0x0000000703600000, size: 4042 MB, Compressed Oops mode: Zero based, Oop shift amount: 3

CDS archive(s) mapped at: [0x0000024f56000000-0x0000024f56c80000-0x0000024f56c80000), size 13107200, SharedBaseAddress: 0x0000024f56000000, ArchiveRelocationMode: 1.
Compressed class space mapped at: 0x0000024f57000000-0x0000024f97000000, reserved size: 1073741824
Narrow klass base: 0x0000024f56000000, Narrow klass shift: 0, Narrow klass range: 0x100000000

GC Precious Log:
 CardTable entry size: 512
 Card Set container configuration: InlinePtr #cards 4 size 8 Array Of Cards #cards 16 size 48 Howl #buckets 8 coarsen threshold 3686 Howl Bitmap #cards 512 size 80 coarsen threshold 460 Card regions per heap region 1 cards per card region 4096
 CPUs: 8 total, 8 available
 Memory: 16161M
 Large Page Support: Disabled
 NUMA Support: Disabled
 Compressed Oops: Enabled (Zero based)
 Heap Region Size: 2M
 Heap Min Capacity: 8M
 Heap Initial Capacity: 254M
 Heap Max Capacity: 4042M
 Pre-touch: Disabled
 Parallel Workers: 8
 Concurrent Workers: 2
 Concurrent Refinement Workers: 8
 Periodic GC: Disabled

Heap:
 garbage-first heap   total 260096K, used 24265K [0x0000000703600000, 0x0000000800000000)
  region size 2048K, 9 young (18432K), 2 survivors (4096K)
 Metaspace       used 14656K, committed 15040K, reserved 1114112K
  class space    used 1979K, committed 2112K, reserved 1048576K

Heap Regions: E=young(eden), S=young(survivor), O=old, HS=humongous(starts), HC=humongous(continues), CS=collection set, F=free, TAMS=top-at-mark-start, PB=parsable bottom
|   0|0x0000000703600000, 0x0000000703800000, 0x0000000703800000|100%| O|  |TAMS 0x0000000703600000| PB 0x0000000703600000| Untracked 
|   1|0x0000000703800000, 0x0000000703a00000, 0x0000000703a00000|100%| O|  |TAMS 0x0000000703800000| PB 0x0000000703800000| Untracked 
|   2|0x0000000703a00000, 0x0000000703c00000, 0x0000000703c00000|100%| O|  |TAMS 0x0000000703a00000| PB 0x0000000703a00000| Untracked 
|   3|0x0000000703c00000, 0x0000000703e00000, 0x0000000703e00000|100%| O|  |TAMS 0x0000000703c00000| PB 0x0000000703c00000| Untracked 
|   4|0x0000000703e00000, 0x0000000703f69bd8, 0x0000000704000000| 70%| O|  |TAMS 0x0000000703e00000| PB 0x0000000703e00000| Untracked 
|   5|0x0000000704000000, 0x0000000704000000, 0x0000000704200000|  0%| F|  |TAMS 0x0000000704000000| PB 0x0000000704000000| Untracked 
|   6|0x0000000704200000, 0x0000000704200000, 0x0000000704400000|  0%| F|  |TAMS 0x0000000704200000| PB 0x0000000704200000| Untracked 
|   7|0x0000000704400000, 0x0000000704400000, 0x0000000704600000|  0%| F|  |TAMS 0x0000000704400000| PB 0x0000000704400000| Untracked 
|   8|0x0000000704600000, 0x0000000704600000, 0x0000000704800000|  0%| F|  |TAMS 0x0000000704600000| PB 0x0000000704600000| Untracked 
|   9|0x0000000704800000, 0x0000000704800000, 0x0000000704a00000|  0%| F|  |TAMS 0x0000000704800000| PB 0x0000000704800000| Untracked 
|  10|0x0000000704a00000, 0x0000000704a00000, 0x0000000704c00000|  0%| F|  |TAMS 0x0000000704a00000| PB 0x0000000704a00000| Untracked 
|  11|0x0000000704c00000, 0x0000000704c00000, 0x0000000704e00000|  0%| F|  |TAMS 0x0000000704c00000| PB 0x0000000704c00000| Untracked 
|  12|0x0000000704e00000, 0x0000000704e00000, 0x0000000705000000|  0%| F|  |TAMS 0x0000000704e00000| PB 0x0000000704e00000| Untracked 
|  13|0x0000000705000000, 0x0000000705000000, 0x0000000705200000|  0%| F|  |TAMS 0x0000000705000000| PB 0x0000000705000000| Untracked 
|  14|0x0000000705200000, 0x0000000705200000, 0x0000000705400000|  0%| F|  |TAMS 0x0000000705200000| PB 0x0000000705200000| Untracked 
|  15|0x0000000705400000, 0x0000000705400000, 0x0000000705600000|  0%| F|  |TAMS 0x0000000705400000| PB 0x0000000705400000| Untracked 
|  16|0x0000000705600000, 0x0000000705600000, 0x0000000705800000|  0%| F|  |TAMS 0x0000000705600000| PB 0x0000000705600000| Untracked 
|  17|0x0000000705800000, 0x0000000705800000, 0x0000000705a00000|  0%| F|  |TAMS 0x0000000705800000| PB 0x0000000705800000| Untracked 
|  18|0x0000000705a00000, 0x0000000705a00000, 0x0000000705c00000|  0%| F|  |TAMS 0x0000000705a00000| PB 0x0000000705a00000| Untracked 
|  19|0x0000000705c00000, 0x0000000705c00000, 0x0000000705e00000|  0%| F|  |TAMS 0x0000000705c00000| PB 0x0000000705c00000| Untracked 
|  20|0x0000000705e00000, 0x0000000705e00000, 0x0000000706000000|  0%| F|  |TAMS 0x0000000705e00000| PB 0x0000000705e00000| Untracked 
|  21|0x0000000706000000, 0x0000000706000000, 0x0000000706200000|  0%| F|  |TAMS 0x0000000706000000| PB 0x0000000706000000| Untracked 
|  22|0x0000000706200000, 0x0000000706200000, 0x0000000706400000|  0%| F|  |TAMS 0x0000000706200000| PB 0x0000000706200000| Untracked 
|  23|0x0000000706400000, 0x0000000706400000, 0x0000000706600000|  0%| F|  |TAMS 0x0000000706400000| PB 0x0000000706400000| Untracked 
|  24|0x0000000706600000, 0x0000000706600000, 0x0000000706800000|  0%| F|  |TAMS 0x0000000706600000| PB 0x0000000706600000| Untracked 
|  25|0x0000000706800000, 0x0000000706800000, 0x0000000706a00000|  0%| F|  |TAMS 0x0000000706800000| PB 0x0000000706800000| Untracked 
|  26|0x0000000706a00000, 0x0000000706a00000, 0x0000000706c00000|  0%| F|  |TAMS 0x0000000706a00000| PB 0x0000000706a00000| Untracked 
|  27|0x0000000706c00000, 0x0000000706c00000, 0x0000000706e00000|  0%| F|  |TAMS 0x0000000706c00000| PB 0x0000000706c00000| Untracked 
|  28|0x0000000706e00000, 0x0000000706e00000, 0x0000000707000000|  0%| F|  |TAMS 0x0000000706e00000| PB 0x0000000706e00000| Untracked 
|  29|0x0000000707000000, 0x0000000707000000, 0x0000000707200000|  0%| F|  |TAMS 0x0000000707000000| PB 0x0000000707000000| Untracked 
|  30|0x0000000707200000, 0x0000000707200000, 0x0000000707400000|  0%| F|  |TAMS 0x0000000707200000| PB 0x0000000707200000| Untracked 
|  31|0x0000000707400000, 0x0000000707400000, 0x0000000707600000|  0%| F|  |TAMS 0x0000000707400000| PB 0x0000000707400000| Untracked 
|  32|0x0000000707600000, 0x0000000707600000, 0x0000000707800000|  0%| F|  |TAMS 0x0000000707600000| PB 0x0000000707600000| Untracked 
|  33|0x0000000707800000, 0x0000000707800000, 0x0000000707a00000|  0%| F|  |TAMS 0x0000000707800000| PB 0x0000000707800000| Untracked 
|  34|0x0000000707a00000, 0x0000000707a00000, 0x0000000707c00000|  0%| F|  |TAMS 0x0000000707a00000| PB 0x0000000707a00000| Untracked 
|  35|0x0000000707c00000, 0x0000000707c00000, 0x0000000707e00000|  0%| F|  |TAMS 0x0000000707c00000| PB 0x0000000707c00000| Untracked 
|  36|0x0000000707e00000, 0x0000000707e00000, 0x0000000708000000|  0%| F|  |TAMS 0x0000000707e00000| PB 0x0000000707e00000| Untracked 
|  37|0x0000000708000000, 0x0000000708000000, 0x0000000708200000|  0%| F|  |TAMS 0x0000000708000000| PB 0x0000000708000000| Untracked 
|  38|0x0000000708200000, 0x0000000708200000, 0x0000000708400000|  0%| F|  |TAMS 0x0000000708200000| PB 0x0000000708200000| Untracked 
|  39|0x0000000708400000, 0x0000000708400000, 0x0000000708600000|  0%| F|  |TAMS 0x0000000708400000| PB 0x0000000708400000| Untracked 
|  40|0x0000000708600000, 0x0000000708600000, 0x0000000708800000|  0%| F|  |TAMS 0x0000000708600000| PB 0x0000000708600000| Untracked 
|  41|0x0000000708800000, 0x0000000708800000, 0x0000000708a00000|  0%| F|  |TAMS 0x0000000708800000| PB 0x0000000708800000| Untracked 
|  42|0x0000000708a00000, 0x0000000708a00000, 0x0000000708c00000|  0%| F|  |TAMS 0x0000000708a00000| PB 0x0000000708a00000| Untracked 
|  43|0x0000000708c00000, 0x0000000708c00000, 0x0000000708e00000|  0%| F|  |TAMS 0x0000000708c00000| PB 0x0000000708c00000| Untracked 
|  44|0x0000000708e00000, 0x0000000708e00000, 0x0000000709000000|  0%| F|  |TAMS 0x0000000708e00000| PB 0x0000000708e00000| Untracked 
|  45|0x0000000709000000, 0x0000000709000000, 0x0000000709200000|  0%| F|  |TAMS 0x0000000709000000| PB 0x0000000709000000| Untracked 
|  46|0x0000000709200000, 0x0000000709200000, 0x0000000709400000|  0%| F|  |TAMS 0x0000000709200000| PB 0x0000000709200000| Untracked 
|  47|0x0000000709400000, 0x0000000709400000, 0x0000000709600000|  0%| F|  |TAMS 0x0000000709400000| PB 0x0000000709400000| Untracked 
|  48|0x0000000709600000, 0x0000000709600000, 0x0000000709800000|  0%| F|  |TAMS 0x0000000709600000| PB 0x0000000709600000| Untracked 
|  49|0x0000000709800000, 0x0000000709800000, 0x0000000709a00000|  0%| F|  |TAMS 0x0000000709800000| PB 0x0000000709800000| Untracked 
|  50|0x0000000709a00000, 0x0000000709a00000, 0x0000000709c00000|  0%| F|  |TAMS 0x0000000709a00000| PB 0x0000000709a00000| Untracked 
|  51|0x0000000709c00000, 0x0000000709c00000, 0x0000000709e00000|  0%| F|  |TAMS 0x0000000709c00000| PB 0x0000000709c00000| Untracked 
|  52|0x0000000709e00000, 0x0000000709e00000, 0x000000070a000000|  0%| F|  |TAMS 0x0000000709e00000| PB 0x0000000709e00000| Untracked 
|  53|0x000000070a000000, 0x000000070a000000, 0x000000070a200000|  0%| F|  |TAMS 0x000000070a000000| PB 0x000000070a000000| Untracked 
|  54|0x000000070a200000, 0x000000070a200000, 0x000000070a400000|  0%| F|  |TAMS 0x000000070a200000| PB 0x000000070a200000| Untracked 
|  55|0x000000070a400000, 0x000000070a400000, 0x000000070a600000|  0%| F|  |TAMS 0x000000070a400000| PB 0x000000070a400000| Untracked 
|  56|0x000000070a600000, 0x000000070a600000, 0x000000070a800000|  0%| F|  |TAMS 0x000000070a600000| PB 0x000000070a600000| Untracked 
|  57|0x000000070a800000, 0x000000070a800000, 0x000000070aa00000|  0%| F|  |TAMS 0x000000070a800000| PB 0x000000070a800000| Untracked 
|  58|0x000000070aa00000, 0x000000070aa00000, 0x000000070ac00000|  0%| F|  |TAMS 0x000000070aa00000| PB 0x000000070aa00000| Untracked 
|  59|0x000000070ac00000, 0x000000070ac00000, 0x000000070ae00000|  0%| F|  |TAMS 0x000000070ac00000| PB 0x000000070ac00000| Untracked 
|  60|0x000000070ae00000, 0x000000070ae00000, 0x000000070b000000|  0%| F|  |TAMS 0x000000070ae00000| PB 0x000000070ae00000| Untracked 
|  61|0x000000070b000000, 0x000000070b000000, 0x000000070b200000|  0%| F|  |TAMS 0x000000070b000000| PB 0x000000070b000000| Untracked 
|  62|0x000000070b200000, 0x000000070b200000, 0x000000070b400000|  0%| F|  |TAMS 0x000000070b200000| PB 0x000000070b200000| Untracked 
|  63|0x000000070b400000, 0x000000070b400000, 0x000000070b600000|  0%| F|  |TAMS 0x000000070b400000| PB 0x000000070b400000| Untracked 
|  64|0x000000070b600000, 0x000000070b600000, 0x000000070b800000|  0%| F|  |TAMS 0x000000070b600000| PB 0x000000070b600000| Untracked 
|  65|0x000000070b800000, 0x000000070b800000, 0x000000070ba00000|  0%| F|  |TAMS 0x000000070b800000| PB 0x000000070b800000| Untracked 
|  66|0x000000070ba00000, 0x000000070ba00000, 0x000000070bc00000|  0%| F|  |TAMS 0x000000070ba00000| PB 0x000000070ba00000| Untracked 
|  67|0x000000070bc00000, 0x000000070bc00000, 0x000000070be00000|  0%| F|  |TAMS 0x000000070bc00000| PB 0x000000070bc00000| Untracked 
|  68|0x000000070be00000, 0x000000070be00000, 0x000000070c000000|  0%| F|  |TAMS 0x000000070be00000| PB 0x000000070be00000| Untracked 
|  69|0x000000070c000000, 0x000000070c000000, 0x000000070c200000|  0%| F|  |TAMS 0x000000070c000000| PB 0x000000070c000000| Untracked 
|  70|0x000000070c200000, 0x000000070c200000, 0x000000070c400000|  0%| F|  |TAMS 0x000000070c200000| PB 0x000000070c200000| Untracked 
|  71|0x000000070c400000, 0x000000070c400000, 0x000000070c600000|  0%| F|  |TAMS 0x000000070c400000| PB 0x000000070c400000| Untracked 
|  72|0x000000070c600000, 0x000000070c600000, 0x000000070c800000|  0%| F|  |TAMS 0x000000070c600000| PB 0x000000070c600000| Untracked 
|  73|0x000000070c800000, 0x000000070c800000, 0x000000070ca00000|  0%| F|  |TAMS 0x000000070c800000| PB 0x000000070c800000| Untracked 
|  74|0x000000070ca00000, 0x000000070ca00000, 0x000000070cc00000|  0%| F|  |TAMS 0x000000070ca00000| PB 0x000000070ca00000| Untracked 
|  75|0x000000070cc00000, 0x000000070cc00000, 0x000000070ce00000|  0%| F|  |TAMS 0x000000070cc00000| PB 0x000000070cc00000| Untracked 
|  76|0x000000070ce00000, 0x000000070ce00000, 0x000000070d000000|  0%| F|  |TAMS 0x000000070ce00000| PB 0x000000070ce00000| Untracked 
|  77|0x000000070d000000, 0x000000070d000000, 0x000000070d200000|  0%| F|  |TAMS 0x000000070d000000| PB 0x000000070d000000| Untracked 
|  78|0x000000070d200000, 0x000000070d200000, 0x000000070d400000|  0%| F|  |TAMS 0x000000070d200000| PB 0x000000070d200000| Untracked 
|  79|0x000000070d400000, 0x000000070d400000, 0x000000070d600000|  0%| F|  |TAMS 0x000000070d400000| PB 0x000000070d400000| Untracked 
|  80|0x000000070d600000, 0x000000070d600000, 0x000000070d800000|  0%| F|  |TAMS 0x000000070d600000| PB 0x000000070d600000| Untracked 
|  81|0x000000070d800000, 0x000000070d800000, 0x000000070da00000|  0%| F|  |TAMS 0x000000070d800000| PB 0x000000070d800000| Untracked 
|  82|0x000000070da00000, 0x000000070da00000, 0x000000070dc00000|  0%| F|  |TAMS 0x000000070da00000| PB 0x000000070da00000| Untracked 
|  83|0x000000070dc00000, 0x000000070dc00000, 0x000000070de00000|  0%| F|  |TAMS 0x000000070dc00000| PB 0x000000070dc00000| Untracked 
|  84|0x000000070de00000, 0x000000070de00000, 0x000000070e000000|  0%| F|  |TAMS 0x000000070de00000| PB 0x000000070de00000| Untracked 
|  85|0x000000070e000000, 0x000000070e000000, 0x000000070e200000|  0%| F|  |TAMS 0x000000070e000000| PB 0x000000070e000000| Untracked 
|  86|0x000000070e200000, 0x000000070e200000, 0x000000070e400000|  0%| F|  |TAMS 0x000000070e200000| PB 0x000000070e200000| Untracked 
|  87|0x000000070e400000, 0x000000070e400000, 0x000000070e600000|  0%| F|  |TAMS 0x000000070e400000| PB 0x000000070e400000| Untracked 
|  88|0x000000070e600000, 0x000000070e600000, 0x000000070e800000|  0%| F|  |TAMS 0x000000070e600000| PB 0x000000070e600000| Untracked 
|  89|0x000000070e800000, 0x000000070e800000, 0x000000070ea00000|  0%| F|  |TAMS 0x000000070e800000| PB 0x000000070e800000| Untracked 
|  90|0x000000070ea00000, 0x000000070ea00000, 0x000000070ec00000|  0%| F|  |TAMS 0x000000070ea00000| PB 0x000000070ea00000| Untracked 
|  91|0x000000070ec00000, 0x000000070ec00000, 0x000000070ee00000|  0%| F|  |TAMS 0x000000070ec00000| PB 0x000000070ec00000| Untracked 
|  92|0x000000070ee00000, 0x000000070ee00000, 0x000000070f000000|  0%| F|  |TAMS 0x000000070ee00000| PB 0x000000070ee00000| Untracked 
|  93|0x000000070f000000, 0x000000070f000000, 0x000000070f200000|  0%| F|  |TAMS 0x000000070f000000| PB 0x000000070f000000| Untracked 
|  94|0x000000070f200000, 0x000000070f200000, 0x000000070f400000|  0%| F|  |TAMS 0x000000070f200000| PB 0x000000070f200000| Untracked 
|  95|0x000000070f400000, 0x000000070f400000, 0x000000070f600000|  0%| F|  |TAMS 0x000000070f400000| PB 0x000000070f400000| Untracked 
|  96|0x000000070f600000, 0x000000070f600000, 0x000000070f800000|  0%| F|  |TAMS 0x000000070f600000| PB 0x000000070f600000| Untracked 
|  97|0x000000070f800000, 0x000000070f800000, 0x000000070fa00000|  0%| F|  |TAMS 0x000000070f800000| PB 0x000000070f800000| Untracked 
|  98|0x000000070fa00000, 0x000000070fa00000, 0x000000070fc00000|  0%| F|  |TAMS 0x000000070fa00000| PB 0x000000070fa00000| Untracked 
|  99|0x000000070fc00000, 0x000000070fc00000, 0x000000070fe00000|  0%| F|  |TAMS 0x000000070fc00000| PB 0x000000070fc00000| Untracked 
| 100|0x000000070fe00000, 0x000000070fe00000, 0x0000000710000000|  0%| F|  |TAMS 0x000000070fe00000| PB 0x000000070fe00000| Untracked 
| 101|0x0000000710000000, 0x0000000710000000, 0x0000000710200000|  0%| F|  |TAMS 0x0000000710000000| PB 0x0000000710000000| Untracked 
| 102|0x0000000710200000, 0x0000000710200000, 0x0000000710400000|  0%| F|  |TAMS 0x0000000710200000| PB 0x0000000710200000| Untracked 
| 103|0x0000000710400000, 0x0000000710400000, 0x0000000710600000|  0%| F|  |TAMS 0x0000000710400000| PB 0x0000000710400000| Untracked 
| 104|0x0000000710600000, 0x0000000710600000, 0x0000000710800000|  0%| F|  |TAMS 0x0000000710600000| PB 0x0000000710600000| Untracked 
| 105|0x0000000710800000, 0x0000000710800000, 0x0000000710a00000|  0%| F|  |TAMS 0x0000000710800000| PB 0x0000000710800000| Untracked 
| 106|0x0000000710a00000, 0x0000000710a00000, 0x0000000710c00000|  0%| F|  |TAMS 0x0000000710a00000| PB 0x0000000710a00000| Untracked 
| 107|0x0000000710c00000, 0x0000000710c00000, 0x0000000710e00000|  0%| F|  |TAMS 0x0000000710c00000| PB 0x0000000710c00000| Untracked 
| 108|0x0000000710e00000, 0x0000000710e00000, 0x0000000711000000|  0%| F|  |TAMS 0x0000000710e00000| PB 0x0000000710e00000| Untracked 
| 109|0x0000000711000000, 0x0000000711000000, 0x0000000711200000|  0%| F|  |TAMS 0x0000000711000000| PB 0x0000000711000000| Untracked 
| 110|0x0000000711200000, 0x0000000711200000, 0x0000000711400000|  0%| F|  |TAMS 0x0000000711200000| PB 0x0000000711200000| Untracked 
| 111|0x0000000711400000, 0x0000000711400000, 0x0000000711600000|  0%| F|  |TAMS 0x0000000711400000| PB 0x0000000711400000| Untracked 
| 112|0x0000000711600000, 0x00000007116489f8, 0x0000000711800000| 14%| S|CS|TAMS 0x0000000711600000| PB 0x0000000711600000| Complete 
| 113|0x0000000711800000, 0x0000000711a00000, 0x0000000711a00000|100%| S|CS|TAMS 0x0000000711800000| PB 0x0000000711800000| Complete 
| 114|0x0000000711a00000, 0x0000000711a00000, 0x0000000711c00000|  0%| F|  |TAMS 0x0000000711a00000| PB 0x0000000711a00000| Untracked 
| 115|0x0000000711c00000, 0x0000000711c00000, 0x0000000711e00000|  0%| F|  |TAMS 0x0000000711c00000| PB 0x0000000711c00000| Untracked 
| 116|0x0000000711e00000, 0x0000000711e00000, 0x0000000712000000|  0%| F|  |TAMS 0x0000000711e00000| PB 0x0000000711e00000| Untracked 
| 117|0x0000000712000000, 0x0000000712000000, 0x0000000712200000|  0%| F|  |TAMS 0x0000000712000000| PB 0x0000000712000000| Untracked 
| 118|0x0000000712200000, 0x0000000712200000, 0x0000000712400000|  0%| F|  |TAMS 0x0000000712200000| PB 0x0000000712200000| Untracked 
| 119|0x0000000712400000, 0x0000000712400000, 0x0000000712600000|  0%| F|  |TAMS 0x0000000712400000| PB 0x0000000712400000| Untracked 
| 120|0x0000000712600000, 0x00000007126fbf40, 0x0000000712800000| 49%| E|  |TAMS 0x0000000712600000| PB 0x0000000712600000| Complete 
| 121|0x0000000712800000, 0x0000000712a00000, 0x0000000712a00000|100%| E|CS|TAMS 0x0000000712800000| PB 0x0000000712800000| Complete 
| 122|0x0000000712a00000, 0x0000000712c00000, 0x0000000712c00000|100%| E|CS|TAMS 0x0000000712a00000| PB 0x0000000712a00000| Complete 
| 123|0x0000000712c00000, 0x0000000712e00000, 0x0000000712e00000|100%| E|CS|TAMS 0x0000000712c00000| PB 0x0000000712c00000| Complete 
| 124|0x0000000712e00000, 0x0000000713000000, 0x0000000713000000|100%| E|CS|TAMS 0x0000000712e00000| PB 0x0000000712e00000| Complete 
| 125|0x0000000713000000, 0x0000000713200000, 0x0000000713200000|100%| E|CS|TAMS 0x0000000713000000| PB 0x0000000713000000| Complete 
| 126|0x0000000713200000, 0x0000000713400000, 0x0000000713400000|100%| E|CS|TAMS 0x0000000713200000| PB 0x0000000713200000| Complete 

Card table byte_map: [0x0000024f4ed20000,0x0000024f4f510000] _byte_map_base: 0x0000024f4b505000

Marking Bits: (CMBitMap*) 0x0000024f36b483b0
 Bits: [0x0000024f4f510000, 0x0000024f53438000)

Polling page: 0x0000024f34890000

Metaspace:

Usage:
  Non-class:     12.44 MB used.
      Class:      1.94 MB used.
       Both:     14.38 MB used.

Virtual space:
  Non-class space:       64.00 MB reserved,      12.69 MB ( 20%) committed,  1 nodes.
      Class space:        1.00 GB reserved,       2.12 MB ( <1%) committed,  1 nodes.
             Both:        1.06 GB reserved,      14.81 MB (  1%) committed. 

Chunk freelists:
   Non-Class:  3.16 MB
       Class:  13.86 MB
        Both:  17.02 MB

MaxMetaspaceSize: unlimited
CompressedClassSpaceSize: 1.00 GB
Initial GC threshold: 21.00 MB
Current GC threshold: 21.00 MB
CDS: on
 - commit_granule_bytes: 65536.
 - commit_granule_words: 8192.
 - virtual_space_node_default_size: 8388608.
 - enlarge_chunks_in_place: 1.
 - use_allocation_guard: 0.


Internal statistics:

num_allocs_failed_limit: 0.
num_arena_births: 422.
num_arena_deaths: 0.
num_vsnodes_births: 2.
num_vsnodes_deaths: 0.
num_space_committed: 237.
num_space_uncommitted: 0.
num_chunks_returned_to_freelist: 0.
num_chunks_taken_from_freelist: 927.
num_chunk_merges: 0.
num_chunk_splits: 594.
num_chunks_enlarged: 407.
num_inconsistent_stats: 0.

CodeHeap 'non-profiled nmethods': size=120000Kb used=793Kb max_used=793Kb free=119206Kb
 bounds [0x0000024f46cd0000, 0x0000024f46f40000, 0x0000024f4e200000]
CodeHeap 'profiled nmethods': size=120000Kb used=3931Kb max_used=3931Kb free=116068Kb
 bounds [0x0000024f3f200000, 0x0000024f3f5e0000, 0x0000024f46730000]
CodeHeap 'non-nmethods': size=5760Kb used=1467Kb max_used=1491Kb free=4292Kb
 bounds [0x0000024f46730000, 0x0000024f469a0000, 0x0000024f46cd0000]
CodeCache: size=245760Kb, used=6191Kb, max_used=6215Kb, free=239566Kb
 total_blobs=2618, nmethods=2110, adapters=412, full_count=0
Compilation: enabled, stopped_count=0, restarted_count=0

Compilation events (20 events):
Event: 1.761 Thread 0x0000024f9b032ce0 2098       3       org.springframework.core.annotation.AnnotationFilter::matches (11 bytes)
Event: 1.761 Thread 0x0000024f9b032ce0 nmethod 2098 0x0000024f3f5c9890 code [0x0000024f3f5c9a60, 0x0000024f3f5c9d28]
Event: 1.762 Thread 0x0000024f9b032ce0 2099       3       jdk.internal.reflect.ConstantPool::getUTF8At (10 bytes)
Event: 1.762 Thread 0x0000024f9b032ce0 nmethod 2099 0x0000024f3f5c9e90 code [0x0000024f3f5ca040, 0x0000024f3f5ca188]
Event: 1.762 Thread 0x0000024f9cd307f0 2100       4       org.springframework.core.annotation.AttributeMethods::size (6 bytes)
Event: 1.763 Thread 0x0000024f9b032ce0 2101       3       java.nio.ByteBuffer::position (8 bytes)
Event: 1.763 Thread 0x0000024f9cd307f0 nmethod 2100 0x0000024f46d96390 code [0x0000024f46d96520, 0x0000024f46d965c0]
Event: 1.763 Thread 0x0000024f9b032ce0 nmethod 2101 0x0000024f3f5ca210 code [0x0000024f3f5ca3c0, 0x0000024f3f5ca510]
Event: 1.763 Thread 0x0000024f9b032ce0 2102       3       jdk.internal.org.objectweb.asm.MethodVisitor::visitMaxs (17 bytes)
Event: 1.763 Thread 0x0000024f9b032ce0 nmethod 2102 0x0000024f3f5ca590 code [0x0000024f3f5ca740, 0x0000024f3f5ca950]
Event: 1.764 Thread 0x0000024f9b032ce0 2103       3       jdk.internal.org.objectweb.asm.MethodVisitor::visitEnd (15 bytes)
Event: 1.764 Thread 0x0000024f9b032ce0 nmethod 2103 0x0000024f3f5caa10 code [0x0000024f3f5cabc0, 0x0000024f3f5cadd0]
Event: 1.764 Thread 0x0000024f9b032ce0 2105       3       jdk.internal.loader.AbstractClassLoaderValue::sub (10 bytes)
Event: 1.764 Thread 0x0000024f9b032ce0 nmethod 2105 0x0000024f3f5cae90 code [0x0000024f3f5cb040, 0x0000024f3f5cb388]
Event: 1.764 Thread 0x0000024f9b032ce0 2104       3       java.lang.invoke.MethodHandles::makeIdentity (23 bytes)
Event: 1.765 Thread 0x0000024f9b032ce0 nmethod 2104 0x0000024f3f5cb490 code [0x0000024f3f5cb720, 0x0000024f3f5cc100]
Event: 1.769 Thread 0x0000024f9b032ce0 2106       3       java.lang.invoke.InnerClassLambdaMetafactory::generateConstructor (154 bytes)
Event: 1.770 Thread 0x0000024f9b032ce0 nmethod 2106 0x0000024f3f5cc510 code [0x0000024f3f5cc800, 0x0000024f3f5cd7b8]
Event: 1.770 Thread 0x0000024f9b032ce0 2107       3       java.lang.invoke.InnerClassLambdaMetafactory$ForwardingMethodGenerator::generate (272 bytes)
Event: 2.780 Thread 0x0000024f9b032ce0 nmethod 2107 0x0000024f3f5cdd10 code [0x0000024f3f5ce0c0, 0x0000024f3f5cfd38]

GC Heap History (4 events):
Event: 0.747 GC heap before
{Heap before GC invocations=0 (full 0):
 garbage-first heap   total 260096K, used 20480K [0x0000000703600000, 0x0000000800000000)
  region size 2048K, 11 young (22528K), 0 survivors (0K)
 Metaspace       used 4962K, committed 5120K, reserved 1114112K
  class space    used 549K, committed 640K, reserved 1048576K
}
Event: 0.752 GC heap after
{Heap after GC invocations=1 (full 0):
 garbage-first heap   total 260096K, used 8871K [0x0000000703600000, 0x0000000800000000)
  region size 2048K, 2 young (4096K), 2 survivors (4096K)
 Metaspace       used 4962K, committed 5120K, reserved 1114112K
  class space    used 549K, committed 640K, reserved 1048576K
}
Event: 1.463 GC heap before
{Heap before GC invocations=1 (full 0):
 garbage-first heap   total 260096K, used 29351K [0x0000000703600000, 0x0000000800000000)
  region size 2048K, 13 young (26624K), 2 survivors (4096K)
 Metaspace       used 11621K, committed 11968K, reserved 1114112K
  class space    used 1479K, committed 1664K, reserved 1048576K
}
Event: 1.467 GC heap after
{Heap after GC invocations=2 (full 0):
 garbage-first heap   total 260096K, used 11977K [0x0000000703600000, 0x0000000800000000)
  region size 2048K, 2 young (4096K), 2 survivors (4096K)
 Metaspace       used 11621K, committed 11968K, reserved 1114112K
  class space    used 1479K, committed 1664K, reserved 1048576K
}

Dll operation events (10 events):
Event: 0.012 Loaded shared library C:\Users\acer\.jdks\ms-21.0.11\bin\java.dll
Event: 0.047 Loaded shared library C:\Users\acer\.jdks\ms-21.0.11\bin\jsvml.dll
Event: 0.216 Loaded shared library C:\Users\acer\.jdks\ms-21.0.11\bin\zip.dll
Event: 0.220 Loaded shared library C:\Users\acer\.jdks\ms-21.0.11\bin\instrument.dll
Event: 0.227 Loaded shared library C:\Users\acer\.jdks\ms-21.0.11\bin\net.dll
Event: 0.230 Loaded shared library C:\Users\acer\.jdks\ms-21.0.11\bin\nio.dll
Event: 0.234 Loaded shared library C:\Users\acer\.jdks\ms-21.0.11\bin\zip.dll
Event: 0.353 Loaded shared library C:\Program Files\JetBrains\IntelliJ IDEA Community Edition 2024.3\bin\breakgen64.dll
Event: 0.365 Loaded shared library C:\Users\acer\.jdks\ms-21.0.11\bin\extnet.dll
Event: 0.422 Loaded shared library C:\Users\acer\.jdks\ms-21.0.11\bin\jimage.dll

Deoptimization events (20 events):
Event: 1.394 Thread 0x0000024f36ae0640 Uncommon trap: trap_request=0xffffff45 fr.pc=0x0000024f46d7c2f0 relative=0x0000000000001fb0
Event: 1.394 Thread 0x0000024f36ae0640 Uncommon trap: reason=unstable_if action=reinterpret pc=0x0000024f46d7c2f0 method=jdk.internal.org.objectweb.asm.Frame.execute(IILjdk/internal/org/objectweb/asm/Symbol;Ljdk/internal/org/objectweb/asm/SymbolTable;)V @ 1 c2
Event: 1.394 Thread 0x0000024f36ae0640 DEOPT PACKING pc=0x0000024f46d7c2f0 sp=0x000000ce8e2fc960
Event: 1.394 Thread 0x0000024f36ae0640 DEOPT UNPACKING pc=0x0000024f46787ba2 sp=0x000000ce8e2fc8e8 mode 2
Event: 1.600 Thread 0x0000024f36ae0640 Uncommon trap: trap_request=0xffffff45 fr.pc=0x0000024f46d39964 relative=0x0000000000000324
Event: 1.600 Thread 0x0000024f36ae0640 Uncommon trap: reason=unstable_if action=reinterpret pc=0x0000024f46d39964 method=jdk.internal.org.objectweb.asm.SymbolTable.put(Ljdk/internal/org/objectweb/asm/SymbolTable$Entry;)Ljdk/internal/org/objectweb/asm/SymbolTable$Entry; @ 13 c2
Event: 1.600 Thread 0x0000024f36ae0640 DEOPT PACKING pc=0x0000024f46d39964 sp=0x000000ce8e2fd360
Event: 1.600 Thread 0x0000024f36ae0640 DEOPT UNPACKING pc=0x0000024f46787ba2 sp=0x000000ce8e2fd2e0 mode 2
Event: 1.683 Thread 0x0000024f36ae0640 Uncommon trap: trap_request=0xffffff45 fr.pc=0x0000024f46d40174 relative=0x0000000000000054
Event: 1.683 Thread 0x0000024f36ae0640 Uncommon trap: reason=unstable_if action=reinterpret pc=0x0000024f46d40174 method=java.lang.CharacterData.of(I)Ljava/lang/CharacterData; @ 4 c2
Event: 1.683 Thread 0x0000024f36ae0640 DEOPT PACKING pc=0x0000024f46d40174 sp=0x000000ce8e2fdca0
Event: 1.683 Thread 0x0000024f36ae0640 DEOPT UNPACKING pc=0x0000024f46787ba2 sp=0x000000ce8e2fdc38 mode 2
Event: 1.760 Thread 0x0000024f36ae0640 Uncommon trap: trap_request=0xffffff45 fr.pc=0x0000024f46d946c8 relative=0x0000000000000768
Event: 1.760 Thread 0x0000024f36ae0640 Uncommon trap: reason=unstable_if action=reinterpret pc=0x0000024f46d946c8 method=java.util.ArrayList.grow(I)[Ljava/lang/Object; @ 17 c2
Event: 1.761 Thread 0x0000024f36ae0640 DEOPT PACKING pc=0x0000024f46d946c8 sp=0x000000ce8e2fe9a0
Event: 1.761 Thread 0x0000024f36ae0640 DEOPT UNPACKING pc=0x0000024f46787ba2 sp=0x000000ce8e2fe838 mode 2
Event: 1.769 Thread 0x0000024f36ae0640 Uncommon trap: trap_request=0xffffff45 fr.pc=0x0000024f46d41414 relative=0x0000000000000f14
Event: 1.769 Thread 0x0000024f36ae0640 Uncommon trap: reason=unstable_if action=reinterpret pc=0x0000024f46d41414 method=java.util.concurrent.ConcurrentHashMap.putVal(Ljava/lang/Object;Ljava/lang/Object;Z)Ljava/lang/Object; @ 231 c2
Event: 1.769 Thread 0x0000024f36ae0640 DEOPT PACKING pc=0x0000024f46d41414 sp=0x000000ce8e2fe840
Event: 1.769 Thread 0x0000024f36ae0640 DEOPT UNPACKING pc=0x0000024f46787ba2 sp=0x000000ce8e2fe7b0 mode 2

Classes loaded (20 events):
Event: 1.595 Loading class java/lang/annotation/Repeatable
Event: 1.595 Loading class java/lang/annotation/Repeatable done
Event: 1.603 Loading class sun/reflect/generics/tree/BooleanSignature
Event: 1.603 Loading class sun/reflect/generics/tree/BooleanSignature done
Event: 1.603 Loading class sun/reflect/generics/tree/DoubleSignature
Event: 1.604 Loading class sun/reflect/generics/tree/DoubleSignature done
Event: 1.604 Loading class sun/reflect/generics/tree/FloatSignature
Event: 1.604 Loading class sun/reflect/generics/tree/FloatSignature done
Event: 1.604 Loading class sun/reflect/generics/tree/IntSignature
Event: 1.604 Loading class sun/reflect/generics/tree/IntSignature done
Event: 1.604 Loading class sun/reflect/generics/tree/LongSignature
Event: 1.604 Loading class sun/reflect/generics/tree/LongSignature done
Event: 1.604 Loading class sun/reflect/generics/tree/ShortSignature
Event: 1.604 Loading class sun/reflect/generics/tree/ShortSignature done
Event: 1.606 Loading class java/lang/Deprecated
Event: 1.606 Loading class java/lang/Deprecated done
Event: 1.679 Loading class sun/text/resources/cldr/FormatData_en
Event: 1.680 Loading class sun/text/resources/cldr/FormatData_en done
Event: 1.680 Loading class sun/text/resources/cldr/FormatData_en_US
Event: 1.680 Loading class sun/text/resources/cldr/FormatData_en_US done

Classes unloaded (0 events):
No events

Classes redefined (0 events):
No events

Internal exceptions (20 events):
Event: 1.191 Thread 0x0000024f36ae0640 Exception <a 'java/lang/NoSuchMethodError'{0x00000007129f3d00}: 'int java.lang.invoke.DirectMethodHandle$Holder.invokeStaticInit(java.lang.Object, long, long)'> (0x00000007129f3d00) 
thrown [s\src\hotspot\share\interpreter\linkResolver.cpp, line 773]
Event: 1.191 Thread 0x0000024f36ae0640 Exception <a 'java/lang/NoSuchMethodError'{0x00000007129fa798}: 'int java.lang.invoke.DirectMethodHandle$Holder.invokeStaticInit(java.lang.Object, float, float)'> (0x00000007129fa798) 
thrown [s\src\hotspot\share\interpreter\linkResolver.cpp, line 773]
Event: 1.192 Thread 0x0000024f36ae0640 Exception <a 'java/lang/NoSuchMethodError'{0x00000007126014f0}: 'int java.lang.invoke.DirectMethodHandle$Holder.invokeStaticInit(java.lang.Object, double, double)'> (0x00000007126014f0) 
thrown [s\src\hotspot\share\interpreter\linkResolver.cpp, line 773]
Event: 1.193 Thread 0x0000024f36ae0640 Exception <a 'java/lang/NoSuchMethodError'{0x0000000712605a58}: 'int java.lang.invoke.DirectMethodHandle$Holder.invokeStatic(java.lang.Object, long)'> (0x0000000712605a58) 
thrown [s\src\hotspot\share\interpreter\linkResolver.cpp, line 773]
Event: 1.197 Thread 0x0000024f36ae0640 Exception <a 'java/lang/NoSuchMethodError'{0x0000000712627b60}: 'int java.lang.invoke.Invokers$Holder.linkToTargetMethod(java.lang.Object, java.lang.Object)'> (0x0000000712627b60) 
thrown [s\src\hotspot\share\interpreter\linkResolver.cpp, line 773]
Event: 1.215 Thread 0x0000024f36ae0640 Exception <a 'java/lang/NoSuchMethodError'{0x000000071269fb00}: 'java.lang.Object java.lang.invoke.DirectMethodHandle$Holder.invokeSpecial(java.lang.Object, java.lang.Object, java.lang.Object, int, java.lang.Object)'> (0x000000071269fb00) 
thrown [s\src\hotspot\share\interpreter\linkResolver.cpp, line 773]
Event: 1.216 Thread 0x0000024f36ae0640 Exception <a 'java/lang/NoSuchMethodError'{0x00000007126a74c8}: 'java.lang.Object java.lang.invoke.DirectMethodHandle$Holder.newInvokeSpecial(java.lang.Object, java.lang.Object, java.lang.Object, int, java.lang.Object)'> (0x00000007126a74c8) 
thrown [s\src\hotspot\share\interpreter\linkResolver.cpp, line 773]
Event: 1.217 Thread 0x0000024f36ae0640 Exception <a 'java/lang/NoSuchMethodError'{0x00000007126ab508}: 'java.lang.Object java.lang.invoke.DirectMethodHandle$Holder.invokeSpecial(java.lang.Object, java.lang.Object, java.lang.Object, java.lang.Object, int, java.lang.Object)'> (0x00000007126ab508) 
thrown [s\src\hotspot\share\interpreter\linkResolver.cpp, line 773]
Event: 1.217 Thread 0x0000024f36ae0640 Exception <a 'java/lang/NoSuchMethodError'{0x00000007126aed98}: 'java.lang.Object java.lang.invoke.Invokers$Holder.linkToTargetMethod(java.lang.Object, java.lang.Object, int, java.lang.Object, java.lang.Object)'> (0x00000007126aed98) 
thrown [s\src\hotspot\share\interpreter\linkResolver.cpp, line 773]
Event: 1.218 Thread 0x0000024f36ae0640 Exception <a 'java/lang/NoSuchMethodError'{0x00000007126bdaf8}: 'java.lang.Object java.lang.invoke.DirectMethodHandle$Holder.newInvokeSpecial(java.lang.Object, int, java.lang.Object)'> (0x00000007126bdaf8) 
thrown [s\src\hotspot\share\interpreter\linkResolver.cpp, line 773]
Event: 1.219 Thread 0x0000024f36ae0640 Exception <a 'java/lang/NoSuchMethodError'{0x00000007126c22f8}: 'int java.lang.invoke.DirectMethodHandle$Holder.invokeSpecialIFC(java.lang.Object, java.lang.Object, java.lang.Object, java.lang.Object)'> (0x00000007126c22f8) 
thrown [s\src\hotspot\share\interpreter\linkResolver.cpp, line 773]
Event: 1.244 Thread 0x0000024f36ae0640 Exception <a 'java/lang/NoSuchMethodError'{0x0000000712764c78}: 'void java.lang.invoke.DirectMethodHandle$Holder.invokeInterface(java.lang.Object, java.lang.Object, java.lang.Object)'> (0x0000000712764c78) 
thrown [s\src\hotspot\share\interpreter\linkResolver.cpp, line 773]
Event: 1.272 Thread 0x0000024f36ae0640 Exception <a 'java/lang/NoSuchMethodError'{0x00000007127e0e10}: 'void java.lang.invoke.DirectMethodHandle$Holder.invokeStaticInit(java.lang.Object, java.lang.Object, java.lang.Object)'> (0x00000007127e0e10) 
thrown [s\src\hotspot\share\interpreter\linkResolver.cpp, line 773]
Event: 1.279 Thread 0x0000024f36ae0640 Exception <a 'java/lang/NoSuchMethodError'{0x0000000712429478}: 'java.lang.Object java.lang.invoke.DirectMethodHandle$Holder.invokeVirtual(java.lang.Object, java.lang.Object, java.lang.Object)'> (0x0000000712429478) 
thrown [s\src\hotspot\share\interpreter\linkResolver.cpp, line 773]
Event: 1.283 Thread 0x0000024f36ae0640 Exception <a 'java/lang/NoSuchMethodError'{0x000000071244ba68}: 'java.lang.Object java.lang.invoke.DirectMethodHandle$Holder.invokeStaticInit(java.lang.Object, int)'> (0x000000071244ba68) 
thrown [s\src\hotspot\share\interpreter\linkResolver.cpp, line 773]
Event: 1.284 Thread 0x0000024f36ae0640 Exception <a 'java/lang/NoSuchMethodError'{0x0000000712455df0}: 'java.lang.Object java.lang.invoke.DirectMethodHandle$Holder.invokeStaticInit(java.lang.Object, int, java.lang.Object)'> (0x0000000712455df0) 
thrown [s\src\hotspot\share\interpreter\linkResolver.cpp, line 773]
Event: 1.305 Thread 0x0000024f36ae0640 Exception <a 'java/lang/NoSuchMethodError'{0x00000007124dc3b8}: 'void java.lang.invoke.DirectMethodHandle$Holder.invokeVirtual(java.lang.Object, java.lang.Object, java.lang.Object, java.lang.Object)'> (0x00000007124dc3b8) 
thrown [s\src\hotspot\share\interpreter\linkResolver.cpp, line 773]
Event: 1.389 Thread 0x0000024f36ae0640 Exception <a 'java/lang/NoSuchMethodError'{0x000000071233abe0}: 'java.lang.Object java.lang.invoke.Invokers$Holder.invoke_MT(java.lang.Object, java.lang.Object, java.lang.Object, java.lang.Object, java.lang.Object, java.lang.Object, java.lang.Object, java.lang.Object, java.lang.Object)'> (0x000000071233abe0) 
thrown [s\src\hotspot\share\interpreter\linkResolver.cpp, line 773]
Event: 1.394 Thread 0x0000024f36ae0640 Exception <a 'java/lang/NoSuchMethodError'{0x00000007123c0de0}: 'java.lang.reflect.Field[] java.lang.Class.getDeclaredFields(java.lang.Class)'> (0x00000007123c0de0) 
thrown [s\src\hotspot\share\interpreter\linkResolver.cpp, line 773]
Event: 1.411 Thread 0x0000024f36ae0640 Exception <a 'java/lang/IncompatibleClassChangeError'{0x00000007120b4e10}: Found class java.lang.Object, but interface was expected> (0x00000007120b4e10) 
thrown [s\src\hotspot\share\interpreter\linkResolver.cpp, line 840]

ZGC Phase Switch (0 events):
No events

VM Operations (20 events):
Event: 0.537 Executing non-safepoint VM operation: HandshakeAllThreads (Deoptimize) done
Event: 0.747 Executing safepoint VM operation: G1CollectForAllocation (G1 Evacuation Pause)
Event: 0.752 Executing safepoint VM operation: G1CollectForAllocation (G1 Evacuation Pause) done
Event: 0.873 Executing non-safepoint VM operation: HandshakeAllThreads (Deoptimize)
Event: 0.873 Executing non-safepoint VM operation: HandshakeAllThreads (Deoptimize) done
Event: 1.182 Executing non-safepoint VM operation: HandshakeAllThreads (Deoptimize)
Event: 1.182 Executing non-safepoint VM operation: HandshakeAllThreads (Deoptimize) done
Event: 1.373 Executing non-safepoint VM operation: HandshakeAllThreads (Deoptimize)
Event: 1.373 Executing non-safepoint VM operation: HandshakeAllThreads (Deoptimize) done
Event: 1.376 Executing non-safepoint VM operation: HandshakeAllThreads (Deoptimize)
Event: 1.376 Executing non-safepoint VM operation: HandshakeAllThreads (Deoptimize) done
Event: 1.376 Executing non-safepoint VM operation: HandshakeAllThreads (Deoptimize)
Event: 1.376 Executing non-safepoint VM operation: HandshakeAllThreads (Deoptimize) done
Event: 1.382 Executing safepoint VM operation: ICBufferFull
Event: 1.382 Executing safepoint VM operation: ICBufferFull done
Event: 1.463 Executing safepoint VM operation: G1CollectForAllocation (G1 Evacuation Pause)
Event: 1.467 Executing safepoint VM operation: G1CollectForAllocation (G1 Evacuation Pause) done
Event: 1.684 Executing non-safepoint VM operation: HandshakeAllThreads (Deoptimize)
Event: 1.684 Executing non-safepoint VM operation: HandshakeAllThreads (Deoptimize) done
Event: 2.686 Executing safepoint VM operation: Cleanup

Memory protections (0 events):
No events

Nmethod flushes (0 events):
No events

Events (15 events):
Event: 0.026 Thread 0x0000024f36ae0640 Thread added: 0x0000024f36ae0640
Event: 0.042 Thread 0x0000024f36ae0640 Thread added: 0x0000024f9b00da80
Event: 0.042 Thread 0x0000024f36ae0640 Thread added: 0x0000024f9b013160
Event: 0.043 Thread 0x0000024f36ae0640 Thread added: 0x0000024f9b0159c0
Event: 0.043 Thread 0x0000024f36ae0640 Thread added: 0x0000024f9b0178b0
Event: 0.043 Thread 0x0000024f36ae0640 Thread added: 0x0000024f9b01bc20
Event: 0.043 Thread 0x0000024f36ae0640 Thread added: 0x0000024f9b01d3a0
Event: 0.043 Thread 0x0000024f36ae0640 Thread added: 0x0000024f9b02c6b0
Event: 0.044 Thread 0x0000024f36ae0640 Thread added: 0x0000024f9b032ce0
Event: 0.224 Thread 0x0000024f36ae0640 Thread added: 0x0000024f9b1b86d0
Event: 0.250 Thread 0x0000024f9b032ce0 Thread added: 0x0000024f9b3a7080
Event: 0.354 Thread 0x0000024f36ae0640 Thread added: 0x0000024f9b836f70
Event: 0.354 Thread 0x0000024f36ae0640 Thread added: 0x0000024f9b8375e0
Event: 1.386 Thread 0x0000024f36ae0640 Thread added: 0x0000024f9c1c37c0
Event: 1.696 Thread 0x0000024f9b032ce0 Thread added: 0x0000024f9cd307f0


Dynamic libraries:
0x00007ff787710000 - 0x00007ff78771e000 	C:\Users\acer\.jdks\ms-21.0.11\bin\java.exe
0x00007fffbf420000 - 0x00007fffbf686000 	C:\WINDOWS\SYSTEM32\ntdll.dll
0x00007fffbebb0000 - 0x00007fffbec79000 	C:\WINDOWS\System32\KERNEL32.DLL
0x00007fffbc670000 - 0x00007fffbca6e000 	C:\WINDOWS\System32\KERNELBASE.dll
0x00007fffbca80000 - 0x00007fffbcbcc000 	C:\WINDOWS\System32\ucrtbase.dll
0x00007fffa9060000 - 0x00007fffa9078000 	C:\Users\acer\.jdks\ms-21.0.11\bin\jli.dll
0x00007fffa8d70000 - 0x00007fffa8d8e000 	C:\Users\acer\.jdks\ms-21.0.11\bin\VCRUNTIME140.dll
0x00007fffbed20000 - 0x00007fffbeee7000 	C:\WINDOWS\System32\USER32.dll
0x00007fffa2430000 - 0x00007fffa26c2000 	C:\WINDOWS\WinSxS\amd64_microsoft.windows.common-controls_6595b64144ccf1df_6.0.26100.8875_none_3e0d5d42e32fe9dd\COMCTL32.dll
0x00007fffbc640000 - 0x00007fffbc667000 	C:\WINDOWS\System32\win32u.dll
0x00007fffbeb00000 - 0x00007fffbeba9000 	C:\WINDOWS\System32\msvcrt.dll
0x00007fffbead0000 - 0x00007fffbeafb000 	C:\WINDOWS\System32\GDI32.dll
0x00007fffbcd30000 - 0x00007fffbce5a000 	C:\WINDOWS\System32\gdi32full.dll
0x00007fffbcfe0000 - 0x00007fffbd083000 	C:\WINDOWS\System32\msvcp_win.dll
0x00007fffbf280000 - 0x00007fffbf2b2000 	C:\WINDOWS\System32\IMM32.DLL
0x00007fffb4990000 - 0x00007fffb499c000 	C:\Users\acer\.jdks\ms-21.0.11\bin\vcruntime140_1.dll
0x00007fff92690000 - 0x00007fff92719000 	C:\Users\acer\.jdks\ms-21.0.11\bin\msvcp140.dll
0x00007fff245e0000 - 0x00007fff2538e000 	C:\Users\acer\.jdks\ms-21.0.11\bin\server\jvm.dll
0x00007fffbe900000 - 0x00007fffbe9b7000 	C:\WINDOWS\System32\ADVAPI32.dll
0x00007fffbd440000 - 0x00007fffbd4ea000 	C:\WINDOWS\System32\sechost.dll
0x00007fffbdd90000 - 0x00007fffbdea8000 	C:\WINDOWS\System32\RPCRT4.dll
0x00007fffbd5e0000 - 0x00007fffbd660000 	C:\WINDOWS\System32\WS2_32.dll
0x00007fffbc4a0000 - 0x00007fffbc4fe000 	C:\WINDOWS\SYSTEM32\POWRPROF.dll
0x00007fffa95a0000 - 0x00007fffa95d6000 	C:\WINDOWS\SYSTEM32\WINMM.dll
0x00007fffb1e30000 - 0x00007fffb1e3b000 	C:\WINDOWS\SYSTEM32\VERSION.dll
0x00007fffbc480000 - 0x00007fffbc494000 	C:\WINDOWS\SYSTEM32\UMPDC.dll
0x00007fffbb2e0000 - 0x00007fffbb2fb000 	C:\WINDOWS\SYSTEM32\kernel.appcore.dll
0x00007fffab820000 - 0x00007fffab82a000 	C:\Users\acer\.jdks\ms-21.0.11\bin\jimage.dll
0x00007fffb15d0000 - 0x00007fffb1812000 	C:\WINDOWS\SYSTEM32\DBGHELP.DLL
0x00007fffbeef0000 - 0x00007fffbf273000 	C:\WINDOWS\System32\combase.dll
0x00007fffbe810000 - 0x00007fffbe8e9000 	C:\WINDOWS\System32\OLEAUT32.dll
0x00007fff8fd50000 - 0x00007fff8fd8b000 	C:\WINDOWS\SYSTEM32\dbgcore.DLL
0x00007fffbcbe0000 - 0x00007fffbcc8c000 	C:\WINDOWS\System32\bcryptPrimitives.dll
0x00007fffb74d0000 - 0x00007fffb74e0000 	C:\Users\acer\.jdks\ms-21.0.11\bin\instrument.dll
0x00007fff9cde0000 - 0x00007fff9ce01000 	C:\Users\acer\.jdks\ms-21.0.11\bin\java.dll
0x00007fffbe070000 - 0x00007fffbe802000 	C:\WINDOWS\System32\SHELL32.dll
0x00007fffba0c0000 - 0x00007fffba952000 	C:\WINDOWS\SYSTEM32\windows.storage.dll
0x00007fffbd340000 - 0x00007fffbd437000 	C:\WINDOWS\System32\SHCORE.dll
0x00007fffbdca0000 - 0x00007fffbdd07000 	C:\WINDOWS\System32\shlwapi.dll
0x00007fffbc560000 - 0x00007fffbc589000 	C:\WINDOWS\SYSTEM32\profapi.dll
0x00007fff72d50000 - 0x00007fff72e26000 	C:\Users\acer\.jdks\ms-21.0.11\bin\jsvml.dll
0x00007fff99600000 - 0x00007fff99618000 	C:\Users\acer\.jdks\ms-21.0.11\bin\zip.dll
0x00007fffa8d50000 - 0x00007fffa8d61000 	C:\Users\acer\.jdks\ms-21.0.11\bin\net.dll
0x00007fffb3e50000 - 0x00007fffb3f77000 	C:\WINDOWS\SYSTEM32\WINHTTP.dll
0x00007fffbb870000 - 0x00007fffbb8dc000 	C:\WINDOWS\system32\mswsock.dll
0x00007fffa5f70000 - 0x00007fffa5f86000 	C:\Users\acer\.jdks\ms-21.0.11\bin\nio.dll
0x00007fffb5c60000 - 0x00007fffb5c7a000 	C:\Program Files\JetBrains\IntelliJ IDEA Community Edition 2024.3\bin\breakgen64.dll
0x00007fffa9050000 - 0x00007fffa9059000 	C:\Users\acer\.jdks\ms-21.0.11\bin\extnet.dll

JVMTI agents:
C:\Program Files\JetBrains\IntelliJ IDEA Community Edition 2024.3\lib\idea_rt.jar path:C:\Users\acer\.jdks\ms-21.0.11\bin\instrument.dll, loaded, initialized, instrumentlib options:49859:C:\Program Files\JetBrains\IntelliJ IDEA Community Edition 2024.3\bin

dbghelp: loaded successfully - version: 4.0.5 - missing functions: none
symbol engine: initialized successfully - sym options: 0x614 - pdb path: .;C:\Users\acer\.jdks\ms-21.0.11\bin;C:\WINDOWS\SYSTEM32;C:\WINDOWS\WinSxS\amd64_microsoft.windows.common-controls_6595b64144ccf1df_6.0.26100.8875_none_3e0d5d42e32fe9dd;C:\Users\acer\.jdks\ms-21.0.11\bin\server;C:\Program Files\JetBrains\IntelliJ IDEA Community Edition 2024.3\bin

VM Arguments:
jvm_args: -javaagent:C:\Program Files\JetBrains\IntelliJ IDEA Community Edition 2024.3\lib\idea_rt.jar=49859:C:\Program Files\JetBrains\IntelliJ IDEA Community Edition 2024.3\bin -Dfile.encoding=UTF-8 -Dsun.stdout.encoding=UTF-8 -Dsun.stderr.encoding=UTF-8 
java_command: nomad.example.nomad_backend.NomadBackendApplication
java_class_path (initial): C:\Users\acer\Desktop\nomad-backend\target\classes;C:\Users\acer\.m2\repository\org\springframework\boot\spring-boot-starter-data-jpa\4.1.0\spring-boot-starter-data-jpa-4.1.0.jar;C:\Users\acer\.m2\repository\org\springframework\boot\spring-boot-starter\4.1.0\spring-boot-starter-4.1.0.jar;C:\Users\acer\.m2\repository\org\springframework\boot\spring-boot-starter-logging\4.1.0\spring-boot-starter-logging-4.1.0.jar;C:\Users\acer\.m2\repository\ch\qos\logback\logback-classic\1.5.34\logback-classic-1.5.34.jar;C:\Users\acer\.m2\repository\ch\qos\logback\logback-core\1.5.34\logback-core-1.5.34.jar;C:\Users\acer\.m2\repository\org\apache\logging\log4j\log4j-to-slf4j\2.25.4\log4j-to-slf4j-2.25.4.jar;C:\Users\acer\.m2\repository\org\apache\logging\log4j\log4j-api\2.25.4\log4j-api-2.25.4.jar;C:\Users\acer\.m2\repository\org\slf4j\jul-to-slf4j\2.0.18\jul-to-slf4j-2.0.18.jar;C:\Users\acer\.m2\repository\org\springframework\boot\spring-boot-autoconfigure\4.1.0\spring-boot-autoconfigure-4.1.0.jar;C:\Users\acer\.m2\repository\jakarta\annotation\jakarta.annotation-api\3.0.0\jakarta.annotation-api-3.0.0.jar;C:\Users\acer\.m2\repository\org\yaml\snakeyaml\2.6\snakeyaml-2.6.jar;C:\Users\acer\.m2\repository\org\springframework\boot\spring-boot-starter-jdbc\4.1.0\spring-boot-starter-jdbc-4.1.0.jar;C:\Users\acer\.m2\repository\com\zaxxer\HikariCP\7.0.2\HikariCP-7.0.2.jar;C:\Users\acer\.m2\repository\org\slf4j\slf4j-api\2.0.18\slf4j-api-2.0.18.jar;C:\Users\acer\.m2\repository\org\springframework\boot\spring-boot-data-jpa\4.1.0\spring-boot-data-jpa-4.1.0.jar;C:\Users\acer\.m2\repository\org\springframework\boot\spring-boot-data-commons\4.1.0\spring-boot-data-commons-4.1.0.jar;C:\Users\acer\.m2\repository\org\springframework\boot\spring-boot-persistence\4.1.0\spring-boot-persistence-4.1.0.jar;C:\Users\acer\.m2\repository\org\springframework\data\spring-data-commons\4.1.0\spring-data-commons-4.1.0.jar;C:\Users\acer\.m2\repository\org\springframework\boot\spring-boot-hibernate\4.1.0\spring-boot-hibernate-4.1.0.jar;C:\Users\acer\.m2\repository\org\springframework\boot\spring-boot-jpa\4.1.0\spring-boot-jpa-4.1.0.jar;C:\Users\acer\.m2\repository\jakarta\persistence\jakarta.persistence-api\3.2.0\jakarta.persistence-api-3.2.0.jar;C:\Users\acer\.m2\repository\org\hibernate\orm\hibernate-core\7.4.1.Final\hibernate-core-7.4.1.Final.jar;C:\Users\acer\.m2\repository\jakarta\transaction\jakarta.transaction-api\2.0.1\jakarta.transaction-api-2.0.1.jar;C:\Users\acer\.m2\repository\org\hibernate\models\hibernate-models\1.1.1\hibernate-models-1.1.1.jar;C:\Users\acer\.m2\repository\org\glassfish\jaxb\jaxb-runtime\4.0.9\jaxb-runtime-4.0.9.jar;C:\Users\acer\.m2\repository\org\glassfish\jaxb\jaxb-core\4.0.9\jaxb-core-4.0.9.jar;C:\Users\acer\.m2\repository\org\glassfish\jaxb\txw2\4.0.9\txw2-4.0.9.jar;C:\Users\acer\.m2\repository\com\sun\istack\istack-commons-runtime\4.1.2\istack-commons-runtime-4.1.2.jar;C:\Users\acer\.m2\repository\jakarta\inject\jakarta.inject-api\2.0.1\jakarta.inject-api-2.0.1.jar;C:\Users\acer\.m2\repository\org\springframework\spring-orm\7.0.8\spring-orm-7.0.8.jar;C:\Users\acer\.m2\repository\org\springframework\data\spring-data-jpa\4.1.0\spring-data-jpa-4.1.0.jar;C:\Users\acer\.m2\repository\org\springframework\spring-context\7.0.8\spring-context-7.0.8.jar;C:\Users\acer\.m2\repository\org\springframework\spring-tx\7.0.8\spring-tx-7.0.8.jar;C:\Users\acer\.m2\repository\org\antlr\antlr4-runtime\4.13.2\antlr4-runtime-4.13.2.jar;C:\Users\acer\.m2\repository\org\springframework\spring-aspects\7.0.8\spring-aspects-7.0.8.jar;C:\Users\acer\.m2\repository\org\aspectj\aspectjweaver\1.9.25.1\aspectjweaver-1.9.25.1.jar;C:\Users\acer\.m2\repository\org\springframework\boot\spring-boot-jdbc\4.1.0\spring-boot-jdbc-4.1.0.jar;C:\Users\acer\.m2\repository\org\springframework\boot\spring-boot\4.1.0\spring-boot-4.1.0.jar;C:\Users\acer\.m2\repository\org\springframework\boot\spring-boot-sql\4.1.0\spring-boot-sql-4.1.0.jar;C:\Users\acer\.m2\repository\org\springframework\boot\spring-boot-transaction\4.1.0\spring-boot-transaction-4.1.0.jar;C:\Users\acer\.m2\repository\org\springframework\spring-jdbc\7.0.8\spring-jdbc-7.0.8.jar;C:\Users\acer\.m2\repository\org\springframework\boot\spring-boot-starter-validation\4.1.0\spring-boot-starter-validation-4.1.0.jar;C:\Users\acer\.m2\repository\org\springframework\boot\spring-boot-validation\4.1.0\spring-boot-validation-4.1.0.jar;C:\Users\acer\.m2\repository\org\apache\tomcat\embed\tomcat-embed-el\11.0.22\tomcat-embed-el-11.0.22.jar;C:\Users\acer\.m2\repository\org\hibernate\validator\hibernate-validator\9.1.0.Final\hibernate-validator-9.1.0.Final.jar;C:\Users\acer\.m2\repository\jakarta\validation\jakarta.validation-api\3.1.1\jakarta.validation-api-3.1.1.jar;C:\Users\acer\.m2\repository\org\jboss\logging\jboss-logging\3.6.3.Final\jboss-logging-3.6.3.Final.jar;C:\Users\acer\.m2\repository\com\fasterxml\classmate\1.7.3\classmate-1.7.3.jar;C:\Users\acer\.m2\repository\org\springframework\boot\spring-boot-starter-webmvc\4.1.0\spring-boot-starter-webmvc-4.1.0.jar;C:\Users\acer\.m2\repository\org\springframework\boot\spring-boot-starter-jackson\4.1.0\spring-boot-starter-jackson-4.1.0.jar;C:\Users\acer\.m2\repository\org\springframework\boot\spring-boot-jackson\4.1.0\spring-boot-jackson-4.1.0.jar;C:\Users\acer\.m2\repository\tools\jackson\core\jackson-databind\3.1.4\jackson-databind-3.1.4.jar;C:\Users\acer\.m2\repository\tools\jackson\core\jackson-core\3.1.4\jackson-core-3.1.4.jar;C:\Users\acer\.m2\repository\org\springframework\boot\spring-boot-starter-tomcat\4.1.0\spring-boot-starter-tomcat-4.1.0.jar;C:\Users\acer\.m2\repository\org\springframework\boot\spring-boot-starter-tomcat-runtime\4.1.0\spring-boot-starter-tomcat-runtime-4.1.0.jar;C:\Users\acer\.m2\repository\org\apache\tomcat\embed\tomcat-embed-core\11.0.22\tomcat-embed-core-11.0.22.jar;C:\Users\acer\.m2\repository\org\apache\tomcat\embed\tomcat-embed-websocket\11.0.22\tomcat-embed-websocket-11.0.22.jar;C:\Users\acer\.m2\repository\org\springframework\boot\spring-boot-tomcat\4.1.0\spring-boot-tomcat-4.1.0.jar;C:\Users\acer\.m2\repository\org\springframework\boot\spring-boot-http-converter\4.1.0\spring-boot-http-converter-4.1.0.jar;C:\Users\acer\.m2\repository\org\springframework\spring-web\7.0.8\spring-web-7.0.8.jar;C:\Users\acer\.m2\repository\io\micrometer\micrometer-observation\1.17.0\micrometer-observation-1.17.0.jar;C:\Users\acer\.m2\repository\io\micrometer\micrometer-commons\1.17.0\micrometer-commons-1.17.0.jar;C:\Users\acer\.m2\repository\org\springframework\boot\spring-boot-webmvc\4.1.0\spring-boot-webmvc-4.1.0.jar;C:\Users\acer\.m2\repository\org\springframework\boot\spring-boot-servlet\4.1.0\spring-boot-servlet-4.1.0.jar;C:\Users\acer\.m2\repository\org\springframework\spring-webmvc\7.0.8\spring-webmvc-7.0.8.jar;C:\Users\acer\.m2\repository\org\springframework\spring-expression\7.0.8\spring-expression-7.0.8.jar;C:\Users\acer\.m2\repository\org\postgresql\postgresql\42.7.11\postgresql-42.7.11.jar;C:\Users\acer\.m2\repository\org\projectlombok\lombok\1.18.46\lombok-1.18.46.jar;C:\Users\acer\.m2\repository\jakarta\xml\bind\jakarta.xml.bind-api\4.0.5\jakarta.xml.bind-api-4.0.5.jar;C:\Users\acer\.m2\repository\jakarta\activation\jakarta.activation-api\2.1.4\jakarta.activation-api-2.1.4.jar;C:\Users\acer\.m2\repository\net\minidev\json-smart\2.6.0\json-smart-2.6.0.jar;C:\Users\acer\.m2\repository\net\minidev\accessors-smart\2.6.0\accessors-smart-2.6.0.jar;C:\Users\acer\.m2\repository\org\ow2\asm\asm\9.7.1\asm-9.7.1.jar;C:\Users\acer\.m2\repository\net\bytebuddy\byte-buddy\1.18.10\byte-buddy-1.18.10.jar;C:\Users\acer\.m2\repository\org\springframework\spring-core\7.0.8\spring-core-7.0.8.jar;C:\Users\acer\.m2\repository\org\jspecify\jspecify\1.0.0\jspecify-1.0.0.jar;C:\Users\acer\.m2\repository\org\springframework\boot\spring-boot-web-server\4.1.0\spring-boot-web-server-4.1.0.jar;C:\Users\acer\.m2\repository\com\google\api-client\google-api-client\2.7.2\google-api-client-2.7.2.jar;C:\Users\acer\.m2\repository\commons-codec\commons-codec\1.21.0\commons-codec-1.21.0.jar;C:\Users\acer\.m2\repository\com\google\oauth-client\google-oauth-client\1.36.0\google-oauth-client-1.36.0.jar;C:\Users\acer\.m2\repository\com\google\auth\google-auth-library-credentials\1.30.0\google-auth-library-credentials-1.30.0.jar;C:\Users\acer\.m2\repository\com\google\auth\google-auth-library-oauth2-http\1.30.0\google-auth-library-oauth2-http-1.30.0.jar;C:\Users\acer\.m2\repository\com\google\auto\value\auto-value-annotations\1.11.0\auto-value-annotations-1.11.0.jar;C:\Users\acer\.m2\repository\com\google\code\findbugs\jsr305\3.0.2\jsr305-3.0.2.jar;C:\Users\acer\.m2\repository\com\google\errorprone\error_prone_annotations\2.35.1\error_prone_annotations-2.35.1.jar;C:\Users\acer\.m2\repository\com\google\http-client\google-http-client-gson\1.45.2\google-http-client-gson-1.45.2.jar;C:\Users\acer\.m2\repository\com\google\code\gson\gson\2.13.2\gson-2.13.2.jar;C:\Users\acer\.m2\repository\com\google\guava\guava\33.1.0-jre\guava-33.1.0-jre.jar;C:\Users\acer\.m2\repository\com\google\guava\failureaccess\1.0.2\failureaccess-1.0.2.jar;C:\Users\acer\.m2\repository\com\google\guava\listenablefuture\9999.0-empty-to-avoid-conflict-with-guava\listenablefuture-9999.0-empty-to-avoid-conflict-with-guava.jar;C:\Users\acer\.m2\repository\org\checkerframework\checker-qual\3.42.0\checker-qual-3.42.0.jar;C:\Users\acer\.m2\repository\com\google\j2objc\j2objc-annotations\3.0.0\j2objc-annotations-3.0.0.jar;C:\Users\acer\.m2\repository\com\google\http-client\google-http-client-apache-v2\1.45.2\google-http-client-apache-v2-1.45.2.jar;C:\Users\acer\.m2\repository\org\apache\httpcomponents\httpcore\4.4.16\httpcore-4.4.16.jar;C:\Users\acer\.m2\repository\org\apache\httpcomponents\httpclient\4.5.14\httpclient-4.5.14.jar;C:\Users\acer\.m2\repository\commons-logging\commons-logging\1.3.6\commons-logging-1.3.6.jar;C:\Users\acer\.m2\repository\com\google\http-client\google-http-client\1.45.2\google-http-client-1.45.2.jar;C:\Users\acer\.m2\repository\io\grpc\grpc-context\1.80.0\grpc-context-1.80.0.jar;C:\Users\acer\.m2\repository\io\grpc\grpc-api\1.80.0\grpc-api-1.80.0.jar;C:\Users\acer\.m2\repository\io\opencensus\opencensus-api\0.31.1\opencensus-api-0.31.1.jar;C:\Users\acer\.m2\repository\io\opencensus\opencensus-contrib-http-util\0.31.1\opencensus-contrib-http-util-0.31.1.jar;C:\Users\acer\.m2\repository\com\google\oauth-client\google-oauth-client-jetty\1.39.0\google-oauth-client-jetty-1.39.0.jar;C:\Users\acer\.m2\repository\com\google\oauth-client\google-oauth-client-java6\1.39.0\google-oauth-client-java6-1.39.0.jar;C:\Users\acer\.m2\repository\com\google\apis\google-api-services-sheets\v4-rev20250616-2.0.0\google-api-services-sheets-v4-rev20250616-2.0.0.jar;C:\Users\acer\.m2\repository\io\jsonwebtoken\jjwt-api\0.12.5\jjwt-api-0.12.5.jar;C:\Users\acer\.m2\repository\io\jsonwebtoken\jjwt-impl\0.12.5\jjwt-impl-0.12.5.jar;C:\Users\acer\.m2\repository\io\jsonwebtoken\jjwt-jackson\0.12.5\jjwt-jackson-0.12.5.jar;C:\Users\acer\.m2\repository\com\fasterxml\jackson\core\jackson-databind\2.21.4\jackson-databind-2.21.4.jar;C:\Users\acer\.m2\repository\com\fasterxml\jackson\core\jackson-annotations\2.21\jackson-annotations-2.21.jar;C:\Users\acer\.m2\repository\com\fasterxml\jackson\core\jackson-core\2.21.4\jackson-core-2.21.4.jar;C:\Users\acer\.m2\repository\org\springframework\boot\spring-boot-starter-security\4.1.0\spring-boot-starter-security-4.1.0.jar;C:\Users\acer\.m2\repository\org\springframework\boot\spring-boot-security\4.1.0\spring-boot-security-4.1.0.jar;C:\Users\acer\.m2\repository\org\springframework\security\spring-security-config\7.1.0\spring-security-config-7.1.0.jar;C:\Users\acer\.m2\repository\org\springframework\security\spring-security-web\7.1.0\spring-security-web-7.1.0.jar;C:\Users\acer\.m2\repository\org\springframework\spring-aop\7.0.8\spring-aop-7.0.8.jar;C:\Users\acer\.m2\repository\org\springframework\spring-beans\7.0.8\spring-beans-7.0.8.jar;C:\Users\acer\.m2\repository\org\springframework\boot\spring-boot-starter-oauth2-client\4.1.0\spring-boot-starter-oauth2-client-4.1.0.jar;C:\Users\acer\.m2\repository\org\springframework\boot\spring-boot-security-oauth2-client\4.1.0\spring-boot-security-oauth2-client-4.1.0.jar;C:\Users\acer\.m2\repository\org\springframework\security\spring-security-oauth2-client\7.1.0\spring-security-oauth2-client-7.1.0.jar;C:\Users\acer\.m2\repository\com\nimbusds\oauth2-oidc-sdk\11.37.2\oauth2-oidc-sdk-11.37.2.jar;C:\Users\acer\.m2\repository\com\github\stephenc\jcip\jcip-annotations\1.0-1\jcip-annotations-1.0-1.jar;C:\Users\acer\.m2\repository\com\nimbusds\content-type\2.3\content-type-2.3.jar;C:\Users\acer\.m2\repository\com\nimbusds\lang-tag\1.7\lang-tag-1.7.jar;C:\Users\acer\.m2\repository\org\springframework\security\spring-security-oauth2-jose\7.1.0\spring-security-oauth2-jose-7.1.0.jar;C:\Users\acer\.m2\repository\org\springframework\security\spring-security-core\7.1.0\spring-security-core-7.1.0.jar;C:\Users\acer\.m2\repository\org\springframework\security\spring-security-crypto\7.1.0\spring-security-crypto-7.1.0.jar;C:\Users\acer\.m2\repository\org\springframework\security\spring-security-oauth2-core\7.1.0\spring-security-oauth2-core-7.1.0.jar;C:\Users\acer\.m2\repository\com\nimbusds\nimbus-jose-jwt\10.9\nimbus-jose-jwt-10.9.jar;C:\Users\acer\.m2\repository\org\modelmapper\modelmapper\3.2.4\modelmapper-3.2.4.jar;C:\Users\acer\.m2\repository\org\springframework\boot\spring-boot-starter-mail\4.1.0\spring-boot-starter-mail-4.1.0.jar;C:\Users\acer\.m2\repository\org\springframework\boot\spring-boot-mail\4.1.0\spring-boot-mail-4.1.0.jar;C:\Users\acer\.m2\repository\org\springframework\spring-context-support\7.0.8\spring-context-support-7.0.8.jar;C:\Users\acer\.m2\repository\jakarta\mail\jakarta.mail-api\2.1.5\jakarta.mail-api-2.1.5.jar;C:\Users\acer\.m2\repository\org\eclipse\angus\angus-mail\2.0.5\angus-mail-2.0.5.jar;C:\Users\acer\.m2\repository\org\eclipse\angus\angus-activation\2.0.3\angus-activation-2.0.3.jar;C:\Users\acer\.m2\repository\io\github\cdimascio\dotenv-java\3.0.0\dotenv-java-3.0.0.jar
Launcher Type: SUN_STANDARD

[Global flags]
     intx CICompilerCount                          = 4                                         {product} {ergonomic}
     uint ConcGCThreads                            = 2                                         {product} {ergonomic}
     uint G1ConcRefinementThreads                  = 8                                         {product} {ergonomic}
   size_t G1HeapRegionSize                         = 2097152                                   {product} {ergonomic}
    uintx GCDrainStackTargetSize                   = 64                                        {product} {ergonomic}
   size_t InitialHeapSize                          = 266338304                                 {product} {ergonomic}
   size_t MarkStackSize                            = 4194304                                   {product} {ergonomic}
   size_t MaxHeapSize                              = 4238344192                                {product} {ergonomic}
   size_t MaxNewSize                               = 2541748224                                {product} {ergonomic}
   size_t MinHeapDeltaBytes                        = 2097152                                   {product} {ergonomic}
   size_t MinHeapSize                              = 8388608                                   {product} {ergonomic}
    uintx NonNMethodCodeHeapSize                   = 5839372                                {pd product} {ergonomic}
    uintx NonProfiledCodeHeapSize                  = 122909434                              {pd product} {ergonomic}
    uintx ProfiledCodeHeapSize                     = 122909434                              {pd product} {ergonomic}
    uintx ReservedCodeCacheSize                    = 251658240                              {pd product} {ergonomic}
     bool SegmentedCodeCache                       = true                                      {product} {ergonomic}
   size_t SoftMaxHeapSize                          = 4238344192                             {manageable} {ergonomic}
     bool UseCompressedOops                        = true                           {product lp64_product} {ergonomic}
     bool UseG1GC                                  = true                                      {product} {ergonomic}
     bool UseLargePagesIndividualAllocation        = false                                  {pd product} {ergonomic}

Logging:
Log output configuration:
 #0: stdout all=warning uptime,level,tags foldmultilines=false
 #1: stderr all=off uptime,level,tags foldmultilines=false

Release file:
IMPLEMENTOR="Microsoft" 
IMPLEMENTOR_VERSION="Microsoft-13877171" 
JAVA_RUNTIME_VERSION="21.0.11+10-LTS" 
JAVA_VERSION="21.0.11" 
JAVA_VERSION_DATE="2026-04-21" 
LIBC="default" 
MODULES="java.base java.compiler java.datatransfer java.xml java.prefs java.desktop java.instrument java.logging java.management java.security.sasl java.naming java.rmi java.management.rmi java.net.http java.scripting java.security.jgss java.transaction.xa java.sql java.sql.rowset java.xml.crypto java.se java.smartcardio jdk.accessibility jdk.internal.jvmstat jdk.attach jdk.charsets jdk.internal.opt jdk.zipfs jdk.compiler jdk.crypto.ec jdk.crypto.cryptoki jdk.crypto.mscapi jdk.dynalink jdk.internal.ed jdk.editpad jdk.hotspot.agent jdk.httpserver jdk.incubator.vector jdk.internal.le jdk.internal.vm.ci jdk.internal.vm.compiler jdk.internal.vm.compiler.management jdk.jartool jdk.javadoc jdk.jcmd jdk.management jdk.management.agent jdk.jconsole jdk.jdeps jdk.jdwp.agent jdk.jdi jdk.jfr jdk.jlink jdk.jpackage jdk.jshell jdk.jsobject jdk.jstatd jdk.localedata jdk.management.jfr jdk.naming.dns jdk.naming.rmi jdk.net jdk.nio.mapmode jdk.random jdk.sctp jdk.security.auth jdk.security.jgss jdk.unsupported jdk.unsupported.desktop jdk.xml.dom" 
OS_ARCH="x86_64" 
OS_NAME="Windows" 
SOURCE=".:git:87e312d67249" 

Environment Variables:
PATH=C:\Program Files (x86)\Common Files\Oracle\Java\javapath;C:\Windows\system32;C:\Windows;C:\Windows\System32\Wbem;C:\Windows\System32\WindowsPowerShell\v1.0\;C:\Windows\System32\OpenSSH\;C:\Program Files (x86)\NVIDIA Corporation\PhysX\Common;C:\Program Files\NVIDIA Corporation\NVIDIA NvDLISR;C:\Program Files\Microsoft SQL Server\Client SDK\ODBC\170\Tools\Binn\;C:\WINDOWS\system32;C:\WINDOWS;C:\WINDOWS\System32\Wbem;C:\WINDOWS\System32\WindowsPowerShell\v1.0\;C:\WINDOWS\System32\OpenSSH\;C:\Program Files (x86)\Microsoft SQL Server\160\Tools\Binn\;C:\Program Files\Microsoft SQL Server\160\Tools\Binn\;C:\Program Files\Microsoft SQL Server\160\DTS\Binn\;C:\Program Files\Azure Data Studio\bin;C:\Program Files\Git\cmd;C:\Program Files\nodejs\;C:\Program Files\Docker\Docker\resources\bin;C:\Program Files\dotnet\;C:\Program Files (x86)\Common Files\Oracle\Java\javapath;C:\Windows\system32;C:\Windows;C:\Windows\System32\Wbem;C:\Windows\System32\WindowsPowerShell\v1.0\;C:\Windows\System32\OpenSSH\;C:\Program Files (x86)\NVIDIA Corporation\PhysX\Common;C:\Program Files\NVIDIA Corporation\NVIDIA NvDLISR;C:\Program Files\Microsoft SQL Server\Client SDK\ODBC\170\Tools\Binn\;C:\WINDOWS\system32;C:\WINDOWS;C:\WINDOWS\System32\Wbem;C:\WINDOWS\System32\WindowsPowerShell\v1.0\;C:\WINDOWS\System32\OpenSSH\;C:\Program Files (x86)\Microsoft SQL Server\160\Tools\Binn\;C:\Program Files\Microsoft SQL Server\160\Tools\Binn\;C:\Program Files\Microsoft SQL Server\160\DTS\Binn\;C:\Program Files\Azure Data Studio\bin;C:\Program Files\Git\cmd;C:\Program Files\nodejs\;C:\Program Files\Docker\Docker\resources\bin;C:\Users\acer\AppData\Local\Microsoft\WindowsApps;;C:\Program Files\Azure Data Studio\bin;C:\Users\acer\AppData\Local\Programs\Microsoft VS Code\bin;C:\Users\acer\AppData\Roaming\npm;C:\Program Files\Apache\Maven\apache-maven-3.9.4\bin
USERNAME=acer
OS=Windows_NT
PROCESSOR_IDENTIFIER=Intel64 Family 6 Model 126 Stepping 5, GenuineIntel
TMP=C:\Users\acer\AppData\Local\Temp
TEMP=C:\Users\acer\AppData\Local\Temp




Periodic native trim disabled

---------------  S Y S T E M  ---------------

OS:
 Windows 11 , 64 bit Build 26100 (10.0.26100.8875)
OS uptime: 6 days 8:55 hours
Hyper-V role detected

CPU: total 8 (initial active 8) (4 cores per cpu, 2 threads per core) family 6 model 126 stepping 5 microcode 0x86, cx8, cmov, fxsr, ht, mmx, 3dnowpref, sse, sse2, sse3, ssse3, sse4.1, sse4.2, popcnt, lzcnt, tsc, tscinvbit, avx, avx2, aes, erms, clmul, bmi1, bmi2, adx, avx512f, avx512dq, avx512cd, avx512bw, avx512vl, sha, fma, vzeroupper, avx512_vpopcntdq, avx512_vpclmulqdq, avx512_vaes, avx512_vnni, clflush, clflushopt, avx512_vbmi2, avx512_vbmi, hv, rdtscp, rdpid, fsrm, gfni, avx512_bitalg, f16c, avx512_ifma
Processor Information for the first 8 processors :
  Max Mhz: 1498, Current Mhz: 1298, Mhz Limit: 1288

Memory: 4k page, system-wide physical 16161M (2456M free)
TotalPageFile size 20257M (AvailPageFile size 38M)
current process WorkingSet (physical memory assigned to process): 132M, peak: 132M
current process commit charge ("private bytes"): 391M, peak: 391M

vm_info: OpenJDK 64-Bit Server VM (21.0.11+10-LTS) for windows-amd64 JRE (21.0.11+10-LTS), built on 2026-04-18T18:13:49Z by "MicrosoftCorporation" with MS VC++ 17.14 (VS2022)

END.
