#
# There is insufficient memory for the Java Runtime Environment to continue.
# Native memory allocation (malloc) failed to allocate 976336 bytes. Error detail: Chunk::new
# Possible reasons:
#   The system is out of physical RAM or swap space
#   This process is running with CompressedOops enabled, and the Java Heap may be blocking the growth of the native heap
# Possible solutions:
#   Reduce memory load on the system
#   Increase physical memory or swap space
#   Check if swap backing store is full
#   Decrease Java heap size (-Xmx/-Xms)
#   Decrease number of Java threads
#   Decrease Java thread stack sizes (-Xss)
#   Set larger code cache with -XX:ReservedCodeCacheSize=
#   JVM is running with Zero Based Compressed Oops mode in which the Java heap is
#     placed in the first 32GB address space. The Java Heap base address is the
#     maximum limit for the native heap growth. Please use -XX:HeapBaseMinAddress
#     to set the Java Heap base and to place the Java Heap above 32GB virtual address.
# This output file may be truncated or incomplete.
#
#  Out of Memory Error (arena.cpp:168), pid=6252, tid=16492
#
# JRE version: OpenJDK Runtime Environment Microsoft-13877171 (21.0.11+10) (build 21.0.11+10-LTS)
# Java VM: OpenJDK 64-Bit Server VM Microsoft-13877171 (21.0.11+10-LTS, mixed mode, sharing, tiered, compressed oops, compressed class ptrs, g1 gc, windows-amd64)
# No core dump will be written. Minidumps are not enabled by default on client versions of Windows
#

---------------  S U M M A R Y ------------

Command Line: -javaagent:C:\Program Files\JetBrains\IntelliJ IDEA Community Edition 2024.3\lib\idea_rt.jar=64666:C:\Program Files\JetBrains\IntelliJ IDEA Community Edition 2024.3\bin -Dfile.encoding=UTF-8 -Dsun.stdout.encoding=UTF-8 -Dsun.stderr.encoding=UTF-8 nomad.example.nomad_backend.NomadBackendApplication

Host: Intel(R) Core(TM) i7-1065G7 CPU @ 1.30GHz, 8 cores, 15G,  Windows 11 , 64 bit Build 26100 (10.0.26100.8875)
Time: Wed Jul 22 19:10:27 2026 Azerbaijan Standard Time elapsed time: 14.555342 seconds (0d 0h 0m 14s)

---------------  T H R E A D  ---------------

Current thread (0x000002a161013460):  JavaThread "C2 CompilerThread1" daemon [_thread_in_native, id=16492, stack(0x000000f949300000,0x000000f949400000) (1024K)]


Current CompileTask:
C2:14555 7476       4       org.springframework.aop.support.AopUtils::canApply (210 bytes)

Stack: [0x000000f949300000,0x000000f949400000]
Native frames: (J=compiled Java code, j=interpreted, Vv=VM code, C=native code)
V  [jvm.dll+0x6e0429]  (no source info available)
V  [jvm.dll+0x8c057b]  (no source info available)
V  [jvm.dll+0x8c2b0a]  (no source info available)
V  [jvm.dll+0x8c31e3]  (no source info available)
V  [jvm.dll+0x28ac66]  (no source info available)
V  [jvm.dll+0xc91cd]  (no source info available)
V  [jvm.dll+0xc971c]  (no source info available)
V  [jvm.dll+0x3c8562]  (no source info available)
V  [jvm.dll+0x394bb2]  (no source info available)
V  [jvm.dll+0x39400a]  (no source info available)
V  [jvm.dll+0x252840]  (no source info available)
V  [jvm.dll+0x251e6c]  (no source info available)
V  [jvm.dll+0x1d1c5f]  (no source info available)
V  [jvm.dll+0x261bda]  (no source info available)
V  [jvm.dll+0x25ff45]  (no source info available)
V  [jvm.dll+0x4022c5]  (no source info available)
V  [jvm.dll+0x86b2bd]  (no source info available)
V  [jvm.dll+0x6e19dd]  (no source info available)
C  [ucrtbase.dll+0x2cd30]  (no source info available)
C  [KERNEL32.DLL+0x2e957]  (no source info available)
C  [ntdll.dll+0xaad6c]  (no source info available)


---------------  P R O C E S S  ---------------

Threads class SMR info:
_java_thread_list=0x000002a160e08230, length=18, elements={
0x000002a1796b6040, 0x000002a1196845d0, 0x000002a17edcd1c0, 0x000002a17edce0e0,
0x000002a119686440, 0x000002a119687120, 0x000002a119691ba0, 0x000002a1196b9cd0,
0x000002a1196ba4b0, 0x000002a1198fc880, 0x000002a15f2ec3b0, 0x000002a15f2eca20,
0x000002a16150d290, 0x000002a16150bee0, 0x000002a161013460, 0x000002a16150cc00,
0x000002a16150dfb0, 0x000002a16150e640
}

Java Threads: ( => current thread )
  0x000002a1796b6040 JavaThread "main"                              [_thread_in_native, id=16112, stack(0x000000f948200000,0x000000f948300000) (1024K)]
  0x000002a1196845d0 JavaThread "Reference Handler"          daemon [_thread_blocked, id=10560, stack(0x000000f948a00000,0x000000f948b00000) (1024K)]
  0x000002a17edcd1c0 JavaThread "Finalizer"                  daemon [_thread_blocked, id=21064, stack(0x000000f948b00000,0x000000f948c00000) (1024K)]
  0x000002a17edce0e0 JavaThread "Signal Dispatcher"          daemon [_thread_blocked, id=13424, stack(0x000000f948c00000,0x000000f948d00000) (1024K)]
  0x000002a119686440 JavaThread "Attach Listener"            daemon [_thread_blocked, id=4192, stack(0x000000f948d00000,0x000000f948e00000) (1024K)]
  0x000002a119687120 JavaThread "Service Thread"             daemon [_thread_blocked, id=21372, stack(0x000000f948e00000,0x000000f948f00000) (1024K)]
  0x000002a119691ba0 JavaThread "Monitor Deflation Thread"   daemon [_thread_blocked, id=9680, stack(0x000000f948f00000,0x000000f949000000) (1024K)]
  0x000002a1196b9cd0 JavaThread "C2 CompilerThread0"         daemon [_thread_in_native, id=13204, stack(0x000000f949000000,0x000000f949100000) (1024K)]
  0x000002a1196ba4b0 JavaThread "C1 CompilerThread0"         daemon [_thread_blocked, id=10460, stack(0x000000f949100000,0x000000f949200000) (1024K)]
  0x000002a1198fc880 JavaThread "Common-Cleaner"             daemon [_thread_blocked, id=14672, stack(0x000000f949200000,0x000000f949300000) (1024K)]
  0x000002a15f2ec3b0 JavaThread "Monitor Ctrl-Break"         daemon [_thread_in_native, id=15496, stack(0x000000f949400000,0x000000f949500000) (1024K)]
  0x000002a15f2eca20 JavaThread "Notification Thread"        daemon [_thread_blocked, id=15232, stack(0x000000f949500000,0x000000f949600000) (1024K)]
  0x000002a16150d290 JavaThread "Cleaner-0"                  daemon [_thread_blocked, id=17780, stack(0x000000f949f00000,0x000000f94a000000) (1024K)]
  0x000002a16150bee0 JavaThread "HikariPool-1:housekeeper"   daemon [_thread_blocked, id=22596, stack(0x000000f94a100000,0x000000f94a200000) (1024K)]
=>0x000002a161013460 JavaThread "C2 CompilerThread1"         daemon [_thread_in_native, id=16492, stack(0x000000f949300000,0x000000f949400000) (1024K)]
  0x000002a16150cc00 JavaThread "Catalina-utility-1"                [_thread_blocked, id=6164, stack(0x000000f94a300000,0x000000f94a400000) (1024K)]
  0x000002a16150dfb0 JavaThread "Catalina-utility-2"                [_thread_blocked, id=22440, stack(0x000000f94a400000,0x000000f94a500000) (1024K)]
  0x000002a16150e640 JavaThread "container-0"                       [_thread_blocked, id=20072, stack(0x000000f94a500000,0x000000f94a600000) (1024K)]
Total: 18

Other Threads:
  0x000002a17edaed20 VMThread "VM Thread"                           [id=21960, stack(0x000000f948900000,0x000000f948a00000) (1024K)]
  0x000002a17ed9f770 WatcherThread "VM Periodic Task Thread"        [id=17696, stack(0x000000f948800000,0x000000f948900000) (1024K)]
  0x000002a17971bd20 WorkerThread "GC Thread#0"                     [id=13108, stack(0x000000f948300000,0x000000f948400000) (1024K)]
  0x000002a15f5c9b80 WorkerThread "GC Thread#1"                     [id=15752, stack(0x000000f949600000,0x000000f949700000) (1024K)]
  0x000002a15f5ce420 WorkerThread "GC Thread#2"                     [id=13760, stack(0x000000f949700000,0x000000f949800000) (1024K)]
  0x000002a15f5ce7d0 WorkerThread "GC Thread#3"                     [id=23296, stack(0x000000f949800000,0x000000f949900000) (1024K)]
  0x000002a15f832670 WorkerThread "GC Thread#4"                     [id=21076, stack(0x000000f949900000,0x000000f949a00000) (1024K)]
  0x000002a15f832a20 WorkerThread "GC Thread#5"                     [id=9892, stack(0x000000f949a00000,0x000000f949b00000) (1024K)]
  0x000002a15fda6640 WorkerThread "GC Thread#6"                     [id=22096, stack(0x000000f949c00000,0x000000f949d00000) (1024K)]
  0x000002a15fda69f0 WorkerThread "GC Thread#7"                     [id=868, stack(0x000000f949d00000,0x000000f949e00000) (1024K)]
  0x000002a17972ca10 ConcurrentGCThread "G1 Main Marker"            [id=8472, stack(0x000000f948400000,0x000000f948500000) (1024K)]
  0x000002a17972f000 WorkerThread "G1 Conc#0"                       [id=21800, stack(0x000000f948500000,0x000000f948600000) (1024K)]
  0x000002a1604a9f00 WorkerThread "G1 Conc#1"                       [id=1848, stack(0x000000f94a000000,0x000000f94a100000) (1024K)]
  0x000002a17ec674e0 ConcurrentGCThread "G1 Refine#0"               [id=9156, stack(0x000000f948600000,0x000000f948700000) (1024K)]
  0x000002a17ec67d10 ConcurrentGCThread "G1 Service"                [id=18120, stack(0x000000f948700000,0x000000f948800000) (1024K)]
Total: 15

Threads with active compile tasks:
C2 CompilerThread0  14576 7436       4       org.springframework.aop.support.MethodMatchers$IntersectionMethodMatcher::matches (34 bytes)
C2 CompilerThread1  14576 7476       4       org.springframework.aop.support.AopUtils::canApply (210 bytes)
Total: 2

VM state: not at safepoint (normal execution)

VM Mutex/Monitor currently owned by a thread: None

Heap address: 0x0000000703600000, size: 4042 MB, Compressed Oops mode: Zero based, Oop shift amount: 3

CDS archive(s) mapped at: [0x000002a11a000000-0x000002a11ac80000-0x000002a11ac80000), size 13107200, SharedBaseAddress: 0x000002a11a000000, ArchiveRelocationMode: 1.
Compressed class space mapped at: 0x000002a11b000000-0x000002a15b000000, reserved size: 1073741824
Narrow klass base: 0x000002a11a000000, Narrow klass shift: 0, Narrow klass range: 0x100000000

GC Precious Log:
 CardTable entry size: 512
 Card Set container configuration: InlinePtr #cards 4 size 8 Array Of Cards #cards 16 size 48 Howl #buckets 8 coarsen threshold 3686 Howl Bitmap #cards 512 size 80 coarsen threshold 460 Card regions per heap region 1 cards per card region 4096
 CPUs: 8 total, 8 available
 Memory: 16161M
 Large Page Support: Disabled
 NUMA Support: Disabled
 Compressed Oops: Enabled (Zero based)
 Heap Region Size: 2M
 Heap Min Capacity: 8M
 Heap Initial Capacity: 254M
 Heap Max Capacity: 4042M
 Pre-touch: Disabled
 Parallel Workers: 8
 Concurrent Workers: 2
 Concurrent Refinement Workers: 8
 Periodic GC: Disabled

Heap:
 garbage-first heap   total 186368K, used 108919K [0x0000000703600000, 0x0000000800000000)
  region size 2048K, 28 young (57344K), 2 survivors (4096K)
 Metaspace       used 83606K, committed 84352K, reserved 1179648K
  class space    used 11769K, committed 12096K, reserved 1048576K

Heap Regions: E=young(eden), S=young(survivor), O=old, HS=humongous(starts), HC=humongous(continues), CS=collection set, F=free, TAMS=top-at-mark-start, PB=parsable bottom
|   0|0x0000000703600000, 0x0000000703800000, 0x0000000703800000|100%| O|  |TAMS 0x0000000703600000| PB 0x0000000703600000| Untracked 
|   1|0x0000000703800000, 0x0000000703a00000, 0x0000000703a00000|100%| O|  |TAMS 0x0000000703800000| PB 0x0000000703800000| Untracked 
|   2|0x0000000703a00000, 0x0000000703c00000, 0x0000000703c00000|100%| O|  |TAMS 0x0000000703a00000| PB 0x0000000703a00000| Untracked 
|   3|0x0000000703c00000, 0x0000000703e00000, 0x0000000703e00000|100%| O|  |TAMS 0x0000000703c00000| PB 0x0000000703c00000| Untracked 
|   4|0x0000000703e00000, 0x0000000704000000, 0x0000000704000000|100%| O|  |TAMS 0x0000000703e00000| PB 0x0000000703e00000| Untracked 
|   5|0x0000000704000000, 0x0000000704200000, 0x0000000704200000|100%| O|  |TAMS 0x0000000704000000| PB 0x0000000704000000| Untracked 
|   6|0x0000000704200000, 0x0000000704400000, 0x0000000704400000|100%| O|  |TAMS 0x0000000704200000| PB 0x0000000704200000| Untracked 
|   7|0x0000000704400000, 0x0000000704600000, 0x0000000704600000|100%| O|  |TAMS 0x0000000704400000| PB 0x0000000704400000| Untracked 
|   8|0x0000000704600000, 0x0000000704800000, 0x0000000704800000|100%| O|  |TAMS 0x0000000704600000| PB 0x0000000704600000| Untracked 
|   9|0x0000000704800000, 0x0000000704a00000, 0x0000000704a00000|100%| O|  |TAMS 0x0000000704800000| PB 0x0000000704800000| Untracked 
|  10|0x0000000704a00000, 0x0000000704c00000, 0x0000000704c00000|100%| O|  |TAMS 0x0000000704a00000| PB 0x0000000704a00000| Untracked 
|  11|0x0000000704c00000, 0x0000000704e00000, 0x0000000704e00000|100%| O|  |TAMS 0x0000000704c00000| PB 0x0000000704c00000| Untracked 
|  12|0x0000000704e00000, 0x0000000705000000, 0x0000000705000000|100%| O|  |TAMS 0x0000000704e00000| PB 0x0000000704e00000| Untracked 
|  13|0x0000000705000000, 0x0000000705200000, 0x0000000705200000|100%| O|  |TAMS 0x0000000705000000| PB 0x0000000705000000| Untracked 
|  14|0x0000000705200000, 0x0000000705400000, 0x0000000705400000|100%| O|  |TAMS 0x0000000705200000| PB 0x0000000705200000| Untracked 
|  15|0x0000000705400000, 0x0000000705600000, 0x0000000705600000|100%| O|  |TAMS 0x0000000705400000| PB 0x0000000705400000| Untracked 
|  16|0x0000000705600000, 0x0000000705800000, 0x0000000705800000|100%| O|  |TAMS 0x0000000705600000| PB 0x0000000705600000| Untracked 
|  17|0x0000000705800000, 0x0000000705a00000, 0x0000000705a00000|100%| O|Cm|TAMS 0x0000000705800000| PB 0x0000000705800000| Complete 
|  18|0x0000000705a00000, 0x0000000705c00000, 0x0000000705c00000|100%| O|Cm|TAMS 0x0000000705a00000| PB 0x0000000705a00000| Complete 
|  19|0x0000000705c00000, 0x0000000705e00000, 0x0000000705e00000|100%| O|Cm|TAMS 0x0000000705c00000| PB 0x0000000705c00000| Complete 
|  20|0x0000000705e00000, 0x0000000706000000, 0x0000000706000000|100%| O|  |TAMS 0x0000000705e00000| PB 0x0000000705e00000| Untracked 
|  21|0x0000000706000000, 0x0000000706200000, 0x0000000706200000|100%| O|Cm|TAMS 0x0000000706000000| PB 0x0000000706000000| Complete 
|  22|0x0000000706200000, 0x0000000706400000, 0x0000000706400000|100%| O|  |TAMS 0x0000000706200000| PB 0x0000000706200000| Untracked 
|  23|0x0000000706400000, 0x0000000706600000, 0x0000000706600000|100%| O|  |TAMS 0x0000000706400000| PB 0x0000000706400000| Untracked 
|  24|0x0000000706600000, 0x0000000706698ec8, 0x0000000706800000| 29%| O|  |TAMS 0x0000000706600000| PB 0x0000000706600000| Untracked 
|  25|0x0000000706800000, 0x0000000706800000, 0x0000000706a00000|  0%| F|  |TAMS 0x0000000706800000| PB 0x0000000706800000| Untracked 
|  26|0x0000000706a00000, 0x0000000706a00000, 0x0000000706c00000|  0%| F|  |TAMS 0x0000000706a00000| PB 0x0000000706a00000| Untracked 
|  27|0x0000000706c00000, 0x0000000706c00000, 0x0000000706e00000|  0%| F|  |TAMS 0x0000000706c00000| PB 0x0000000706c00000| Untracked 
|  28|0x0000000706e00000, 0x0000000706e00000, 0x0000000707000000|  0%| F|  |TAMS 0x0000000706e00000| PB 0x0000000706e00000| Untracked 
|  29|0x0000000707000000, 0x0000000707000000, 0x0000000707200000|  0%| F|  |TAMS 0x0000000707000000| PB 0x0000000707000000| Untracked 
|  30|0x0000000707200000, 0x0000000707200000, 0x0000000707400000|  0%| F|  |TAMS 0x0000000707200000| PB 0x0000000707200000| Untracked 
|  31|0x0000000707400000, 0x0000000707400000, 0x0000000707600000|  0%| F|  |TAMS 0x0000000707400000| PB 0x0000000707400000| Untracked 
|  32|0x0000000707600000, 0x0000000707600000, 0x0000000707800000|  0%| F|  |TAMS 0x0000000707600000| PB 0x0000000707600000| Untracked 
|  33|0x0000000707800000, 0x00000007079c4e70, 0x0000000707a00000| 88%| S|CS|TAMS 0x0000000707800000| PB 0x0000000707800000| Complete 
|  34|0x0000000707a00000, 0x0000000707c00000, 0x0000000707c00000|100%| S|CS|TAMS 0x0000000707a00000| PB 0x0000000707a00000| Complete 
|  35|0x0000000707c00000, 0x0000000707c00000, 0x0000000707e00000|  0%| F|  |TAMS 0x0000000707c00000| PB 0x0000000707c00000| Untracked 
|  36|0x0000000707e00000, 0x0000000707e00000, 0x0000000708000000|  0%| F|  |TAMS 0x0000000707e00000| PB 0x0000000707e00000| Untracked 
|  37|0x0000000708000000, 0x0000000708000000, 0x0000000708200000|  0%| F|  |TAMS 0x0000000708000000| PB 0x0000000708000000| Untracked 
|  38|0x0000000708200000, 0x0000000708200000, 0x0000000708400000|  0%| F|  |TAMS 0x0000000708200000| PB 0x0000000708200000| Untracked 
|  39|0x0000000708400000, 0x0000000708400000, 0x0000000708600000|  0%| F|  |TAMS 0x0000000708400000| PB 0x0000000708400000| Untracked 
|  40|0x0000000708600000, 0x0000000708600000, 0x0000000708800000|  0%| F|  |TAMS 0x0000000708600000| PB 0x0000000708600000| Untracked 
|  41|0x0000000708800000, 0x0000000708800000, 0x0000000708a00000|  0%| F|  |TAMS 0x0000000708800000| PB 0x0000000708800000| Untracked 
|  42|0x0000000708a00000, 0x0000000708a00000, 0x0000000708c00000|  0%| F|  |TAMS 0x0000000708a00000| PB 0x0000000708a00000| Untracked 
|  43|0x0000000708c00000, 0x0000000708c00000, 0x0000000708e00000|  0%| F|  |TAMS 0x0000000708c00000| PB 0x0000000708c00000| Untracked 
|  44|0x0000000708e00000, 0x0000000708e00000, 0x0000000709000000|  0%| F|  |TAMS 0x0000000708e00000| PB 0x0000000708e00000| Untracked 
|  45|0x0000000709000000, 0x0000000709000000, 0x0000000709200000|  0%| F|  |TAMS 0x0000000709000000| PB 0x0000000709000000| Untracked 
|  46|0x0000000709200000, 0x0000000709200000, 0x0000000709400000|  0%| F|  |TAMS 0x0000000709200000| PB 0x0000000709200000| Untracked 
|  47|0x0000000709400000, 0x0000000709400000, 0x0000000709600000|  0%| F|  |TAMS 0x0000000709400000| PB 0x0000000709400000| Untracked 
|  48|0x0000000709600000, 0x0000000709600000, 0x0000000709800000|  0%| F|  |TAMS 0x0000000709600000| PB 0x0000000709600000| Untracked 
|  49|0x0000000709800000, 0x0000000709800000, 0x0000000709a00000|  0%| F|  |TAMS 0x0000000709800000| PB 0x0000000709800000| Untracked 
|  50|0x0000000709a00000, 0x0000000709a00000, 0x0000000709c00000|  0%| F|  |TAMS 0x0000000709a00000| PB 0x0000000709a00000| Untracked 
|  51|0x0000000709c00000, 0x0000000709c00000, 0x0000000709e00000|  0%| F|  |TAMS 0x0000000709c00000| PB 0x0000000709c00000| Untracked 
|  52|0x0000000709e00000, 0x0000000709e00000, 0x000000070a000000|  0%| F|  |TAMS 0x0000000709e00000| PB 0x0000000709e00000| Untracked 
|  53|0x000000070a000000, 0x000000070a000000, 0x000000070a200000|  0%| F|  |TAMS 0x000000070a000000| PB 0x000000070a000000| Untracked 
|  54|0x000000070a200000, 0x000000070a200000, 0x000000070a400000|  0%| F|  |TAMS 0x000000070a200000| PB 0x000000070a200000| Untracked 
|  55|0x000000070a400000, 0x000000070a400000, 0x000000070a600000|  0%| F|  |TAMS 0x000000070a400000| PB 0x000000070a400000| Untracked 
|  56|0x000000070a600000, 0x000000070a600000, 0x000000070a800000|  0%| F|  |TAMS 0x000000070a600000| PB 0x000000070a600000| Untracked 
|  57|0x000000070a800000, 0x000000070a800000, 0x000000070aa00000|  0%| F|  |TAMS 0x000000070a800000| PB 0x000000070a800000| Untracked 
|  58|0x000000070aa00000, 0x000000070aa00000, 0x000000070ac00000|  0%| F|  |TAMS 0x000000070aa00000| PB 0x000000070aa00000| Untracked 
|  59|0x000000070ac00000, 0x000000070ac00000, 0x000000070ae00000|  0%| F|  |TAMS 0x000000070ac00000| PB 0x000000070ac00000| Untracked 
|  60|0x000000070ae00000, 0x000000070ae00000, 0x000000070b000000|  0%| F|  |TAMS 0x000000070ae00000| PB 0x000000070ae00000| Untracked 
|  61|0x000000070b000000, 0x000000070b000000, 0x000000070b200000|  0%| F|  |TAMS 0x000000070b000000| PB 0x000000070b000000| Untracked 
|  62|0x000000070b200000, 0x000000070b200000, 0x000000070b400000|  0%| F|  |TAMS 0x000000070b200000| PB 0x000000070b200000| Untracked 
|  63|0x000000070b400000, 0x000000070b600000, 0x000000070b600000|100%| E|  |TAMS 0x000000070b400000| PB 0x000000070b400000| Complete 
|  64|0x000000070b600000, 0x000000070b800000, 0x000000070b800000|100%| E|CS|TAMS 0x000000070b600000| PB 0x000000070b600000| Complete 
|  65|0x000000070b800000, 0x000000070ba00000, 0x000000070ba00000|100%| E|CS|TAMS 0x000000070b800000| PB 0x000000070b800000| Complete 
|  66|0x000000070ba00000, 0x000000070bc00000, 0x000000070bc00000|100%| E|CS|TAMS 0x000000070ba00000| PB 0x000000070ba00000| Complete 
|  67|0x000000070bc00000, 0x000000070be00000, 0x000000070be00000|100%| E|CS|TAMS 0x000000070bc00000| PB 0x000000070bc00000| Complete 
|  68|0x000000070be00000, 0x000000070c000000, 0x000000070c000000|100%| E|CS|TAMS 0x000000070be00000| PB 0x000000070be00000| Complete 
|  69|0x000000070c000000, 0x000000070c200000, 0x000000070c200000|100%| E|CS|TAMS 0x000000070c000000| PB 0x000000070c000000| Complete 
|  70|0x000000070c200000, 0x000000070c400000, 0x000000070c400000|100%| E|CS|TAMS 0x000000070c200000| PB 0x000000070c200000| Complete 
|  71|0x000000070c400000, 0x000000070c600000, 0x000000070c600000|100%| E|CS|TAMS 0x000000070c400000| PB 0x000000070c400000| Complete 
|  72|0x000000070c600000, 0x000000070c800000, 0x000000070c800000|100%| E|CS|TAMS 0x000000070c600000| PB 0x000000070c600000| Complete 
|  73|0x000000070c800000, 0x000000070ca00000, 0x000000070ca00000|100%| E|CS|TAMS 0x000000070c800000| PB 0x000000070c800000| Complete 
|  74|0x000000070ca00000, 0x000000070cc00000, 0x000000070cc00000|100%| E|CS|TAMS 0x000000070ca00000| PB 0x000000070ca00000| Complete 
|  75|0x000000070cc00000, 0x000000070ce00000, 0x000000070ce00000|100%| E|CS|TAMS 0x000000070cc00000| PB 0x000000070cc00000| Complete 
|  76|0x000000070ce00000, 0x000000070d000000, 0x000000070d000000|100%| E|CS|TAMS 0x000000070ce00000| PB 0x000000070ce00000| Complete 
|  77|0x000000070d000000, 0x000000070d200000, 0x000000070d200000|100%| E|CS|TAMS 0x000000070d000000| PB 0x000000070d000000| Complete 
|  78|0x000000070d200000, 0x000000070d400000, 0x000000070d400000|100%| E|CS|TAMS 0x000000070d200000| PB 0x000000070d200000| Complete 
|  79|0x000000070d400000, 0x000000070d600000, 0x000000070d600000|100%| E|CS|TAMS 0x000000070d400000| PB 0x000000070d400000| Complete 
|  80|0x000000070d600000, 0x000000070d800000, 0x000000070d800000|100%| E|CS|TAMS 0x000000070d600000| PB 0x000000070d600000| Complete 
|  81|0x000000070d800000, 0x000000070da00000, 0x000000070da00000|100%| E|CS|TAMS 0x000000070d800000| PB 0x000000070d800000| Complete 
|  82|0x000000070da00000, 0x000000070dc00000, 0x000000070dc00000|100%| E|CS|TAMS 0x000000070da00000| PB 0x000000070da00000| Complete 
|  83|0x000000070dc00000, 0x000000070de00000, 0x000000070de00000|100%| E|CS|TAMS 0x000000070dc00000| PB 0x000000070dc00000| Complete 
|  84|0x000000070de00000, 0x000000070e000000, 0x000000070e000000|100%| E|CS|TAMS 0x000000070de00000| PB 0x000000070de00000| Complete 
|  85|0x000000070e000000, 0x000000070e200000, 0x000000070e200000|100%| E|CS|TAMS 0x000000070e000000| PB 0x000000070e000000| Complete 
|  86|0x000000070e200000, 0x000000070e400000, 0x000000070e400000|100%| E|CS|TAMS 0x000000070e200000| PB 0x000000070e200000| Complete 
| 126|0x0000000713200000, 0x0000000713400000, 0x0000000713400000|100%| E|CS|TAMS 0x0000000713200000| PB 0x0000000713200000| Complete 
|2018|0x00000007ffa00000, 0x00000007ffc00000, 0x00000007ffc00000|100%| O|Cm|TAMS 0x00000007ffa00000| PB 0x00000007ffa00000| Complete 
|2019|0x00000007ffc00000, 0x00000007ffe00000, 0x00000007ffe00000|100%| O|  |TAMS 0x00000007ffc00000| PB 0x00000007ffc00000| Untracked 
|2020|0x00000007ffe00000, 0x0000000800000000, 0x0000000800000000|100%| E|CS|TAMS 0x00000007ffe00000| PB 0x00000007ffe00000| Complete 

Card table byte_map: [0x000002a17a280000,0x000002a17aa70000] _byte_map_base: 0x000002a176a65000

Marking Bits: (CMBitMap*) 0x000002a17971c340
 Bits: [0x000002a17aa70000, 0x000002a17e998000)

Polling page: 0x000002a177480000

Metaspace:

Usage:
  Non-class:     70.15 MB used.
      Class:     11.49 MB used.
       Both:     81.65 MB used.

Virtual space:
  Non-class space:      128.00 MB reserved,      70.56 MB ( 55%) committed,  2 nodes.
      Class space:        1.00 GB reserved,      11.81 MB (  1%) committed,  1 nodes.
             Both:        1.12 GB reserved,      82.38 MB (  7%) committed. 

Chunk freelists:
   Non-Class:  8.53 MB
       Class:  4.03 MB
        Both:  12.56 MB

MaxMetaspaceSize: unlimited
CompressedClassSpaceSize: 1.00 GB
Initial GC threshold: 21.00 MB
Current GC threshold: 132.94 MB
CDS: on
 - commit_granule_bytes: 65536.
 - commit_granule_words: 8192.
 - virtual_space_node_default_size: 8388608.
 - enlarge_chunks_in_place: 1.
 - use_allocation_guard: 0.


Internal statistics:

num_allocs_failed_limit: 16.
num_arena_births: 1080.
num_arena_deaths: 0.
num_vsnodes_births: 3.
num_vsnodes_deaths: 0.
num_space_committed: 1318.
num_space_uncommitted: 0.
num_chunks_returned_to_freelist: 16.
num_chunks_taken_from_freelist: 4055.
num_chunk_merges: 13.
num_chunk_splits: 2997.
num_chunks_enlarged: 2413.
num_inconsistent_stats: 0.

CodeHeap 'non-profiled nmethods': size=120000Kb used=4753Kb max_used=4950Kb free=115246Kb
 bounds [0x000002a110140000, 0x000002a110620000, 0x000002a117670000]
CodeHeap 'profiled nmethods': size=120000Kb used=12731Kb max_used=12930Kb free=107268Kb
 bounds [0x000002a108670000, 0x000002a109320000, 0x000002a10fba0000]
CodeHeap 'non-nmethods': size=5760Kb used=1783Kb max_used=1834Kb free=3976Kb
 bounds [0x000002a10fba0000, 0x000002a10fe10000, 0x000002a110140000]
CodeCache: size=245760Kb, used=19267Kb, max_used=19714Kb, free=226490Kb
 total_blobs=7343, nmethods=6597, adapters=650, full_count=0
Compilation: enabled, stopped_count=0, restarted_count=0

Compilation events (20 events):
Event: 12.496 Thread 0x000002a1196ba4b0 7533       3       org.springframework.beans.MutablePropertyValues::isEmpty (10 bytes)
Event: 12.496 Thread 0x000002a1196ba4b0 nmethod 7533 0x000002a108709590 code [0x000002a108709740, 0x000002a108709920]
Event: 12.497 Thread 0x000002a1196ba4b0 7534   !   3       jdk.proxy2.$Proxy2::annotationType (29 bytes)
Event: 12.498 Thread 0x000002a1196ba4b0 nmethod 7534 0x000002a108825b10 code [0x000002a108825ce0, 0x000002a1088260e8]
Event: 12.498 Thread 0x000002a1196ba4b0 7535       3       java.util.concurrent.ConcurrentHashMap::keySet (5 bytes)
Event: 12.498 Thread 0x000002a1196ba4b0 nmethod 7535 0x000002a1088a7a10 code [0x000002a1088a7bc0, 0x000002a1088a7d18]
Event: 12.498 Thread 0x000002a1196ba4b0 7536       3       org.springframework.beans.factory.support.AbstractBeanFactory::containsBean (72 bytes)
Event: 12.500 Thread 0x000002a1196ba4b0 nmethod 7536 0x000002a1087ea610 code [0x000002a1087ea9c0, 0x000002a1087ec6b0]
Event: 12.501 Thread 0x000002a1196ba4b0 7538       3       org.springframework.beans.factory.InjectionPoint::getAnnotations (39 bytes)
Event: 12.501 Thread 0x000002a1196ba4b0 nmethod 7538 0x000002a10867c390 code [0x000002a10867c5e0, 0x000002a10867cf50]
Event: 12.502 Thread 0x000002a1196ba4b0 7539       3       org.springframework.beans.factory.support.DefaultListableBeanFactory$$Lambda/0x000002a11b1c14f8::test (12 bytes)
Event: 12.503 Thread 0x000002a1196ba4b0 nmethod 7539 0x000002a108825510 code [0x000002a1088256c0, 0x000002a1088259e0]
Event: 12.503 Thread 0x000002a1196ba4b0 7540       3       org.springframework.beans.factory.support.DefaultListableBeanFactory::lambda$addSingleton$0 (21 bytes)
Event: 12.503 Thread 0x000002a1196ba4b0 nmethod 7540 0x000002a108941290 code [0x000002a108941440, 0x000002a1089415e8]
Event: 12.504 Thread 0x000002a1196ba4b0 7541       3       org.springframework.core.annotation.AnnotationAwareOrderComparator::findOrderFromAnnotation (69 bytes)
Event: 12.505 Thread 0x000002a1196ba4b0 nmethod 7541 0x000002a10867b610 code [0x000002a10867b840, 0x000002a10867c150]
Event: 12.508 Thread 0x000002a1196ba4b0 7542       3       java.lang.reflect.Executable::verifyParameters (181 bytes)
Event: 12.510 Thread 0x000002a1196ba4b0 nmethod 7542 0x000002a108782510 code [0x000002a108782820, 0x000002a108783730]
Event: 12.515 Thread 0x000002a1196ba4b0 7543       3       org.springframework.aop.support.AopUtils::canApply (7 bytes)
Event: 12.515 Thread 0x000002a1196ba4b0 nmethod 7543 0x000002a108782110 code [0x000002a1087822c0, 0x000002a1087823e0]

GC Heap History (20 events):
Event: 7.255 GC heap before
{Heap before GC invocations=10 (full 0):
 garbage-first heap   total 55296K, used 46523K [0x0000000703600000, 0x0000000800000000)
  region size 2048K, 13 young (26624K), 2 survivors (4096K)
 Metaspace       used 47466K, committed 48128K, reserved 1114112K
  class space    used 6502K, committed 6784K, reserved 1048576K
}
Event: 7.263 GC heap after
{Heap after GC invocations=11 (full 0):
 garbage-first heap   total 55296K, used 25646K [0x0000000703600000, 0x0000000800000000)
  region size 2048K, 2 young (4096K), 2 survivors (4096K)
 Metaspace       used 47466K, committed 48128K, reserved 1114112K
  class space    used 6502K, committed 6784K, reserved 1048576K
}
Event: 7.947 GC heap before
{Heap before GC invocations=11 (full 0):
 garbage-first heap   total 55296K, used 44078K [0x0000000703600000, 0x0000000800000000)
  region size 2048K, 12 young (24576K), 2 survivors (4096K)
 Metaspace       used 52547K, committed 53184K, reserved 1114112K
  class space    used 7104K, committed 7360K, reserved 1048576K
}
Event: 7.955 GC heap after
{Heap after GC invocations=12 (full 0):
 garbage-first heap   total 55296K, used 27006K [0x0000000703600000, 0x0000000800000000)
  region size 2048K, 2 young (4096K), 2 survivors (4096K)
 Metaspace       used 52547K, committed 53184K, reserved 1114112K
  class space    used 7104K, committed 7360K, reserved 1048576K
}
Event: 8.337 GC heap before
{Heap before GC invocations=12 (full 0):
 garbage-first heap   total 55296K, used 47486K [0x0000000703600000, 0x0000000800000000)
  region size 2048K, 12 young (24576K), 2 survivors (4096K)
 Metaspace       used 57061K, committed 57664K, reserved 1114112K
  class space    used 7652K, committed 7936K, reserved 1048576K
}
Event: 8.343 GC heap after
{Heap after GC invocations=13 (full 0):
 garbage-first heap   total 157696K, used 28123K [0x0000000703600000, 0x0000000800000000)
  region size 2048K, 2 young (4096K), 2 survivors (4096K)
 Metaspace       used 57061K, committed 57664K, reserved 1114112K
  class space    used 7652K, committed 7936K, reserved 1048576K
}
Event: 8.540 GC heap before
{Heap before GC invocations=13 (full 0):
 garbage-first heap   total 157696K, used 34267K [0x0000000703600000, 0x0000000800000000)
  region size 2048K, 7 young (14336K), 2 survivors (4096K)
 Metaspace       used 60192K, committed 60736K, reserved 1114112K
  class space    used 8018K, committed 8256K, reserved 1048576K
}
Event: 8.545 GC heap after
{Heap after GC invocations=14 (full 0):
 garbage-first heap   total 157696K, used 28170K [0x0000000703600000, 0x0000000800000000)
  region size 2048K, 2 young (4096K), 2 survivors (4096K)
 Metaspace       used 60192K, committed 60736K, reserved 1114112K
  class space    used 8018K, committed 8256K, reserved 1048576K
}
Event: 10.098 GC heap before
{Heap before GC invocations=15 (full 0):
 garbage-first heap   total 102400K, used 83466K [0x0000000703600000, 0x0000000800000000)
  region size 2048K, 30 young (61440K), 2 survivors (4096K)
 Metaspace       used 72485K, committed 73280K, reserved 1114112K
  class space    used 9961K, committed 10304K, reserved 1048576K
}
Event: 10.108 GC heap after
{Heap after GC invocations=16 (full 0):
 garbage-first heap   total 102400K, used 31103K [0x0000000703600000, 0x0000000800000000)
  region size 2048K, 3 young (6144K), 3 survivors (6144K)
 Metaspace       used 72485K, committed 73280K, reserved 1114112K
  class space    used 9961K, committed 10304K, reserved 1048576K
}
Event: 11.154 GC heap before
{Heap before GC invocations=16 (full 0):
 garbage-first heap   total 102400K, used 86399K [0x0000000703600000, 0x0000000800000000)
  region size 2048K, 30 young (61440K), 3 survivors (6144K)
 Metaspace       used 78825K, committed 79552K, reserved 1179648K
  class space    used 10887K, committed 11200K, reserved 1048576K
}
Event: 11.164 GC heap after
{Heap after GC invocations=17 (full 0):
 garbage-first heap   total 102400K, used 34873K [0x0000000703600000, 0x0000000800000000)
  region size 2048K, 4 young (8192K), 4 survivors (8192K)
 Metaspace       used 78825K, committed 79552K, reserved 1179648K
  class space    used 10887K, committed 11200K, reserved 1048576K
}
Event: 11.415 GC heap before
{Heap before GC invocations=17 (full 0):
 garbage-first heap   total 102400K, used 88121K [0x0000000703600000, 0x0000000800000000)
  region size 2048K, 30 young (61440K), 4 survivors (8192K)
 Metaspace       used 78856K, committed 79616K, reserved 1179648K
  class space    used 10889K, committed 11200K, reserved 1048576K
}
Event: 11.428 GC heap after
{Heap after GC invocations=18 (full 0):
 garbage-first heap   total 106496K, used 43879K [0x0000000703600000, 0x0000000800000000)
  region size 2048K, 4 young (8192K), 4 survivors (8192K)
 Metaspace       used 78856K, committed 79616K, reserved 1179648K
  class space    used 10889K, committed 11200K, reserved 1048576K
}
Event: 11.581 GC heap before
{Heap before GC invocations=18 (full 0):
 garbage-first heap   total 106496K, used 88935K [0x0000000703600000, 0x0000000800000000)
  region size 2048K, 26 young (53248K), 4 survivors (8192K)
 Metaspace       used 78864K, committed 79616K, reserved 1179648K
  class space    used 10889K, committed 11200K, reserved 1048576K
}
Event: 11.595 GC heap after
{Heap after GC invocations=19 (full 0):
 garbage-first heap   total 108544K, used 53866K [0x0000000703600000, 0x0000000800000000)
  region size 2048K, 4 young (8192K), 4 survivors (8192K)
 Metaspace       used 78864K, committed 79616K, reserved 1179648K
  class space    used 10889K, committed 11200K, reserved 1048576K
}
Event: 11.689 GC heap before
{Heap before GC invocations=19 (full 0):
 garbage-first heap   total 108544K, used 88682K [0x0000000703600000, 0x0000000800000000)
  region size 2048K, 21 young (43008K), 4 survivors (8192K)
 Metaspace       used 78877K, committed 79616K, reserved 1179648K
  class space    used 10889K, committed 11200K, reserved 1048576K
}
Event: 11.701 GC heap after
{Heap after GC invocations=20 (full 0):
 garbage-first heap   total 108544K, used 60589K [0x0000000703600000, 0x0000000800000000)
  region size 2048K, 3 young (6144K), 3 survivors (6144K)
 Metaspace       used 78877K, committed 79616K, reserved 1179648K
  class space    used 10889K, committed 11200K, reserved 1048576K
}
Event: 11.962 GC heap before
{Heap before GC invocations=20 (full 0):
 garbage-first heap   total 108544K, used 91309K [0x0000000703600000, 0x0000000800000000)
  region size 2048K, 18 young (36864K), 3 survivors (6144K)
 Metaspace       used 80925K, committed 81664K, reserved 1179648K
  class space    used 11322K, committed 11648K, reserved 1048576K
}
Event: 11.968 GC heap after
{Heap after GC invocations=21 (full 0):
 garbage-first heap   total 186368K, used 59767K [0x0000000703600000, 0x0000000800000000)
  region size 2048K, 2 young (4096K), 2 survivors (4096K)
 Metaspace       used 80925K, committed 81664K, reserved 1179648K
  class space    used 11322K, committed 11648K, reserved 1048576K
}

Dll operation events (13 events):
Event: 0.013 Loaded shared library C:\Users\acer\.jdks\ms-21.0.11\bin\java.dll
Event: 0.047 Loaded shared library C:\Users\acer\.jdks\ms-21.0.11\bin\jsvml.dll
Event: 0.192 Loaded shared library C:\Users\acer\.jdks\ms-21.0.11\bin\zip.dll
Event: 0.195 Loaded shared library C:\Users\acer\.jdks\ms-21.0.11\bin\instrument.dll
Event: 0.201 Loaded shared library C:\Users\acer\.jdks\ms-21.0.11\bin\net.dll
Event: 0.203 Loaded shared library C:\Users\acer\.jdks\ms-21.0.11\bin\nio.dll
Event: 0.207 Loaded shared library C:\Users\acer\.jdks\ms-21.0.11\bin\zip.dll
Event: 0.447 Loaded shared library C:\Program Files\JetBrains\IntelliJ IDEA Community Edition 2024.3\bin\breakgen64.dll
Event: 0.457 Loaded shared library C:\Users\acer\.jdks\ms-21.0.11\bin\extnet.dll
Event: 0.516 Loaded shared library C:\Users\acer\.jdks\ms-21.0.11\bin\jimage.dll
Event: 2.382 Loaded shared library C:\Users\acer\.jdks\ms-21.0.11\bin\sunmscapi.dll
Event: 4.918 Loaded shared library C:\Users\acer\.jdks\ms-21.0.11\bin\management.dll
Event: 4.922 Loaded shared library C:\Users\acer\.jdks\ms-21.0.11\bin\management_ext.dll

Deoptimization events (20 events):
Event: 12.228 Thread 0x000002a1796b6040 Uncommon trap: trap_request=0xffffffc6 fr.pc=0x000002a110613b78 relative=0x0000000000001758
Event: 12.228 Thread 0x000002a1796b6040 Uncommon trap: reason=bimorphic_or_optimized_type_check action=maybe_recompile pc=0x000002a110613b78 method=org.antlr.v4.runtime.atn.PredictionContext.mergeSingletons(Lorg/antlr/v4/runtime/atn/SingletonPredictionContext;Lorg/antlr/v4/runtime/atn/Singleton
Event: 12.228 Thread 0x000002a1796b6040 DEOPT PACKING pc=0x000002a110613b78 sp=0x000000f9482fa090
Event: 12.228 Thread 0x000002a1796b6040 DEOPT UNPACKING pc=0x000002a10fbf7ba2 sp=0x000000f9482fa040 mode 2
Event: 12.232 Thread 0x000002a1796b6040 Uncommon trap: trap_request=0xffffffc6 fr.pc=0x000002a110613b78 relative=0x0000000000001758
Event: 12.232 Thread 0x000002a1796b6040 Uncommon trap: reason=bimorphic_or_optimized_type_check action=maybe_recompile pc=0x000002a110613b78 method=org.antlr.v4.runtime.atn.PredictionContext.mergeSingletons(Lorg/antlr/v4/runtime/atn/SingletonPredictionContext;Lorg/antlr/v4/runtime/atn/Singleton
Event: 12.232 Thread 0x000002a1796b6040 DEOPT PACKING pc=0x000002a110613b78 sp=0x000000f9482f9fa0
Event: 12.232 Thread 0x000002a1796b6040 DEOPT UNPACKING pc=0x000002a10fbf7ba2 sp=0x000000f9482f9f50 mode 2
Event: 12.236 Thread 0x000002a1796b6040 DEOPT PACKING pc=0x000002a1092acfc4 sp=0x000000f9482f7910
Event: 12.236 Thread 0x000002a1796b6040 DEOPT UNPACKING pc=0x000002a10fbf86e2 sp=0x000000f9482f6db0 mode 0
Event: 12.238 Thread 0x000002a1796b6040 DEOPT PACKING pc=0x000002a1092b553b sp=0x000000f9482faad0
Event: 12.238 Thread 0x000002a1796b6040 DEOPT UNPACKING pc=0x000002a10fbf86e2 sp=0x000000f9482f9fb8 mode 0
Event: 12.283 Thread 0x000002a1796b6040 Uncommon trap: trap_request=0xffffff45 fr.pc=0x000002a11056ffe4 relative=0x0000000000001164
Event: 12.283 Thread 0x000002a1796b6040 Uncommon trap: reason=unstable_if action=reinterpret pc=0x000002a11056ffe4 method=org.springframework.aop.support.annotation.AnnotationMethodMatcher.matches(Ljava/lang/reflect/Method;Ljava/lang/Class;)Z @ 5 c2
Event: 12.283 Thread 0x000002a1796b6040 DEOPT PACKING pc=0x000002a11056ffe4 sp=0x000000f9482fdf20
Event: 12.283 Thread 0x000002a1796b6040 DEOPT UNPACKING pc=0x000002a10fbf7ba2 sp=0x000000f9482fde90 mode 2
Event: 12.503 Thread 0x000002a1796b6040 Uncommon trap: trap_request=0xffffff45 fr.pc=0x000002a1103efc10 relative=0x0000000000000750
Event: 12.503 Thread 0x000002a1796b6040 Uncommon trap: reason=unstable_if action=reinterpret pc=0x000002a1103efc10 method=org.springframework.core.annotation.AnnotationsScanner.processClassHierarchy(Ljava/lang/Object;[ILjava/lang/Class;Lorg/springframework/core/annotation/AnnotationsProcessor;Z
Event: 12.503 Thread 0x000002a1796b6040 DEOPT PACKING pc=0x000002a1103efc10 sp=0x000000f9482fd520
Event: 12.503 Thread 0x000002a1796b6040 DEOPT UNPACKING pc=0x000002a10fbf7ba2 sp=0x000000f9482fd538 mode 2

Classes loaded (20 events):
Event: 10.642 Loading class jdk/internal/reflect/Label$PatchInfo
Event: 10.642 Loading class jdk/internal/reflect/Label$PatchInfo done
Event: 10.642 Loading class jdk/internal/reflect/MethodAccessorGenerator$1
Event: 10.642 Loading class jdk/internal/reflect/MethodAccessorGenerator$1 done
Event: 10.642 Loading class jdk/internal/reflect/ClassDefiner
Event: 10.642 Loading class jdk/internal/reflect/ClassDefiner done
Event: 10.642 Loading class jdk/internal/reflect/ClassDefiner$1
Event: 10.642 Loading class jdk/internal/reflect/ClassDefiner$1 done
Event: 10.642 Loading class jdk/internal/reflect/SerializationConstructorAccessorImpl
Event: 10.642 Loading class jdk/internal/reflect/SerializationConstructorAccessorImpl done
Event: 10.791 Loading class java/util/regex/Pattern$Neg
Event: 10.791 Loading class java/util/regex/Pattern$Neg done
Event: 10.794 Loading class java/util/regex/Pattern$Bound
Event: 10.795 Loading class java/util/regex/Pattern$Bound done
Event: 10.822 Loading class java/util/EmptyStackException
Event: 10.822 Loading class java/util/EmptyStackException done
Event: 11.006 Loading class java/io/InvalidClassException
Event: 11.006 Loading class java/io/InvalidClassException done
Event: 12.454 Loading class java/time/Duration$1
Event: 12.454 Loading class java/time/Duration$1 done

Classes unloaded (0 events):
No events

Classes redefined (0 events):
No events

Internal exceptions (20 events):
Event: 9.180 Thread 0x000002a1796b6040 Exception <a 'java/lang/NoSuchMethodError'{0x0000000707bbe8d8}: 'java.lang.Object java.lang.invoke.DirectMethodHandle$Holder.newInvokeSpecial(java.lang.Object, java.lang.Object, java.lang.Object, java.lang.Object, java.lang.Object, java.lang.Object, java.lang.Object, java.lang.Object, java.lang.Object, java.lang.Object, java.lang.Object, java.lang.Object)'> (0x0000000707bbe8d8) 
thrown [s\src\hotspot\share\interpreter\linkResolver.cpp, line 773]
Event: 9.180 Thread 0x000002a1796b6040 Exception <a 'java/lang/NoSuchMethodError'{0x0000000707bc36b0}: 'java.lang.Object java.lang.invoke.DirectMethodHandle$Holder.invokeSpecial(java.lang.Object, java.lang.Object, java.lang.Object, java.lang.Object, java.lang.Object, java.lang.Object, java.lang.Object, java.lang.Object, java.lang.Object, java.lang.Object, java.lang.Object, java.lang.Object, java.lang.Object)'> (0x0000000707bc36b0) 
thrown [s\src\hotspot\share\interpreter\linkResolver.cpp, line 773]
Event: 9.180 Thread 0x000002a1796b6040 Exception <a 'java/lang/NoSuchMethodError'{0x0000000707bc80b0}: 'java.lang.Object java.lang.invoke.Invokers$Holder.linkToTargetMethod(java.lang.Object, java.lang.Object, java.lang.Object, java.lang.Object, java.lang.Object, java.lang.Object, java.lang.Object, java.lang.Object, java.lang.Object, java.lang.Object, java.lang.Object, java.lang.Object)'> (0x0000000707bc80b0) 
thrown [s\src\hotspot\share\interpreter\linkResolver.cpp, line 773]
Event: 9.212 Thread 0x000002a1796b6040 Exception <a 'java/lang/IncompatibleClassChangeError'{0x000000070796c398}: Found class java.lang.Object, but interface was expected> (0x000000070796c398) 
thrown [s\src\hotspot\share\interpreter\linkResolver.cpp, line 840]
Event: 9.223 Thread 0x000002a1796b6040 Exception <a 'java/lang/NoSuchMethodError'{0x00000007079f8050}: 'java.lang.Object java.lang.invoke.DirectMethodHandle$Holder.newInvokeSpecial(java.lang.Object, java.lang.Object, int, java.lang.Object, int, java.lang.Object, java.lang.Object)'> (0x00000007079f8050) 
thrown [s\src\hotspot\share\interpreter\linkResolver.cpp, line 773]
Event: 9.528 Thread 0x000002a1796b6040 Implicit null exception at 0x000002a1101a4d7c to 0x000002a1101a6930
Event: 9.545 Thread 0x000002a1796b6040 Exception <a 'java/lang/IncompatibleClassChangeError'{0x0000000706a0b898}: Found class java.lang.Object, but interface was expected> (0x0000000706a0b898) 
thrown [s\src\hotspot\share\interpreter\linkResolver.cpp, line 840]
Event: 9.608 Thread 0x000002a1796b6040 Implicit null exception at 0x000002a1104855f7 to 0x000002a110485860
Event: 9.642 Thread 0x000002a1796b6040 Exception <a 'java/lang/IncompatibleClassChangeError'{0x0000000706813bc8}: Found class java.lang.Object, but interface was expected> (0x0000000706813bc8) 
thrown [s\src\hotspot\share\interpreter\linkResolver.cpp, line 840]
Event: 10.084 Thread 0x000002a1796b6040 Exception <a 'java/lang/IncompatibleClassChangeError'{0x0000000705ef5c58}: Found class java.lang.Object, but interface was expected> (0x0000000705ef5c58) 
thrown [s\src\hotspot\share\interpreter\linkResolver.cpp, line 840]
Event: 10.186 Thread 0x000002a1796b6040 Exception <a 'java/lang/NoSuchMethodError'{0x000000070c58b088}: 'long java.lang.invoke.DirectMethodHandle$Holder.invokeVirtual(java.lang.Object, java.lang.Object)'> (0x000000070c58b088) 
thrown [s\src\hotspot\share\interpreter\linkResolver.cpp, line 773]
Event: 10.400 Thread 0x000002a1796b6040 Exception <a 'java/lang/NoSuchMethodError'{0x0000000708a536d0}: 'java.lang.Object java.lang.invoke.DirectMethodHandle$Holder.invokeSpecial(java.lang.Object, java.lang.Object, java.lang.Object, java.lang.Object, java.lang.Object, int, java.lang.Object, java.lang.Object)'> (0x0000000708a536d0) 
thrown [s\src\hotspot\share\interpreter\linkResolver.cpp, line 773]
Event: 10.411 Thread 0x000002a1796b6040 Implicit null exception at 0x000002a11054e5be to 0x000002a11054f178
Event: 10.411 Thread 0x000002a1796b6040 Implicit null exception at 0x000002a11054cf3e to 0x000002a11054da94
Event: 10.609 Thread 0x000002a1796b6040 Exception <a 'java/lang/NoSuchMethodError'{0x000000070838f590}: 'int java.lang.invoke.DirectMethodHandle$Holder.invokeStaticInit(java.lang.Object, int, java.lang.Object, java.lang.Object, java.lang.Object, java.lang.Object)'> (0x000000070838f590) 
thrown [s\src\hotspot\share\interpreter\linkResolver.cpp, line 773]
Event: 10.674 Thread 0x000002a1796b6040 Exception <a 'java/io/FileNotFoundException'{0x0000000708102800}> (0x0000000708102800) 
thrown [s\src\hotspot\share\prims\jni.cpp, line 520]
Event: 10.675 Thread 0x000002a1796b6040 Exception <a 'java/io/FileNotFoundException'{0x000000070810c6e0}> (0x000000070810c6e0) 
thrown [s\src\hotspot\share\prims\jni.cpp, line 520]
Event: 10.675 Thread 0x000002a1796b6040 Exception <a 'java/io/FileNotFoundException'{0x0000000708116780}> (0x0000000708116780) 
thrown [s\src\hotspot\share\prims\jni.cpp, line 520]
Event: 10.676 Thread 0x000002a1796b6040 Exception <a 'java/io/FileNotFoundException'{0x00000007081207d0}> (0x00000007081207d0) 
thrown [s\src\hotspot\share\prims\jni.cpp, line 520]
Event: 10.797 Thread 0x000002a1796b6040 Exception <a 'java/lang/IncompatibleClassChangeError'{0x00000007079ac5b0}: Found class java.lang.Object, but interface was expected> (0x00000007079ac5b0) 
thrown [s\src\hotspot\share\interpreter\linkResolver.cpp, line 840]

ZGC Phase Switch (0 events):
No events

VM Operations (20 events):
Event: 11.080 Executing safepoint VM operation: ICBufferFull done
Event: 11.152 Executing non-safepoint VM operation: HandshakeAllThreads (Deoptimize)
Event: 11.152 Executing non-safepoint VM operation: HandshakeAllThreads (Deoptimize) done
Event: 11.154 Executing safepoint VM operation: G1CollectForAllocation (G1 Evacuation Pause)
Event: 11.164 Executing safepoint VM operation: G1CollectForAllocation (G1 Evacuation Pause) done
Event: 11.415 Executing safepoint VM operation: G1CollectForAllocation (G1 Evacuation Pause)
Event: 11.428 Executing safepoint VM operation: G1CollectForAllocation (G1 Evacuation Pause) done
Event: 11.581 Executing safepoint VM operation: G1CollectForAllocation (G1 Evacuation Pause)
Event: 11.595 Executing safepoint VM operation: G1CollectForAllocation (G1 Evacuation Pause) done
Event: 11.689 Executing safepoint VM operation: G1CollectForAllocation (G1 Evacuation Pause)
Event: 11.701 Executing safepoint VM operation: G1CollectForAllocation (G1 Evacuation Pause) done
Event: 11.962 Executing safepoint VM operation: G1CollectForAllocation (G1 Evacuation Pause)
Event: 11.968 Executing safepoint VM operation: G1CollectForAllocation (G1 Evacuation Pause) done
Event: 12.025 Executing safepoint VM operation: G1PauseRemark
Event: 12.033 Executing safepoint VM operation: G1PauseRemark done
Event: 12.054 Executing safepoint VM operation: G1PauseCleanup
Event: 12.054 Executing safepoint VM operation: G1PauseCleanup done
Event: 12.131 Executing non-safepoint VM operation: HandshakeAllThreads (Deoptimize)
Event: 12.131 Executing non-safepoint VM operation: HandshakeAllThreads (Deoptimize) done
Event: 13.137 Executing safepoint VM operation: Cleanup

Memory protections (0 events):
No events

Nmethod flushes (20 events):
Event: 12.031 Thread 0x000002a17edaed20 flushing  nmethod 0x000002a1086a8910
Event: 12.031 Thread 0x000002a17edaed20 flushing  nmethod 0x000002a1086c4590
Event: 12.031 Thread 0x000002a17edaed20 flushing  nmethod 0x000002a1086de390
Event: 12.031 Thread 0x000002a17edaed20 flushing  nmethod 0x000002a108709590
Event: 12.031 Thread 0x000002a17edaed20 flushing  nmethod 0x000002a108810090
Event: 12.031 Thread 0x000002a17edaed20 flushing  nmethod 0x000002a10884b490
Event: 12.031 Thread 0x000002a17edaed20 flushing  nmethod 0x000002a10884e510
Event: 12.031 Thread 0x000002a17edaed20 flushing  nmethod 0x000002a10884e890
Event: 12.031 Thread 0x000002a17edaed20 flushing  nmethod 0x000002a108899210
Event: 12.031 Thread 0x000002a17edaed20 flushing  nmethod 0x000002a10893a410
Event: 12.031 Thread 0x000002a17edaed20 flushing  nmethod 0x000002a108940710
Event: 12.031 Thread 0x000002a17edaed20 flushing  nmethod 0x000002a108a30990
Event: 12.031 Thread 0x000002a17edaed20 flushing  nmethod 0x000002a108a3f510
Event: 12.031 Thread 0x000002a17edaed20 flushing  nmethod 0x000002a108a56b10
Event: 12.031 Thread 0x000002a17edaed20 flushing osr nmethod 0x000002a108b96290
Event: 12.031 Thread 0x000002a17edaed20 flushing  nmethod 0x000002a108c69f90
Event: 12.031 Thread 0x000002a17edaed20 flushing  nmethod 0x000002a108d25590
Event: 12.031 Thread 0x000002a17edaed20 flushing  nmethod 0x000002a10900f790
Event: 12.031 Thread 0x000002a17edaed20 flushing  nmethod 0x000002a109034b10
Event: 12.031 Thread 0x000002a17edaed20 flushing  nmethod 0x000002a10903cd90

Events (20 events):
Event: 2.223 Thread 0x000002a1796b6040 Thread added: 0x000002a160869bf0
Event: 2.316 Thread 0x000002a160869bf0 Thread exited: 0x000002a160869bf0
Event: 2.466 Thread 0x000002a15ffdef40 Thread exited: 0x000002a15ffdef40
Event: 7.233 Thread 0x000002a1796b6040 Thread added: 0x000002a16150d290
Event: 7.252 Thread 0x000002a1796b6040 Thread added: 0x000002a16150bee0
Event: 7.343 Thread 0x000002a16088e180 Thread exited: 0x000002a16088e180
Event: 7.368 Thread 0x000002a16150bee0 Thread added: 0x000002a16150c570
Event: 7.437 Thread 0x000002a1196b9cd0 Thread added: 0x000002a16088e180
Event: 8.008 Thread 0x000002a16088e180 Thread exited: 0x000002a16088e180
Event: 8.143 Thread 0x000002a119939320 Thread exited: 0x000002a119939320
Event: 8.351 Thread 0x000002a1196ba4b0 Thread added: 0x000002a15fa15f70
Event: 8.484 Thread 0x000002a15fa15f70 Thread exited: 0x000002a15fa15f70
Event: 8.892 Thread 0x000002a1196ba4b0 Thread added: 0x000002a161013460
Event: 9.509 Thread 0x000002a1196ba4b0 Thread added: 0x000002a162fac9b0
Event: 10.197 Thread 0x000002a1796b6040 Thread added: 0x000002a16150cc00
Event: 10.198 Thread 0x000002a16150cc00 Thread added: 0x000002a16150dfb0
Event: 10.203 Thread 0x000002a1796b6040 Thread added: 0x000002a16150e640
Event: 11.014 Thread 0x000002a162fac9b0 Thread exited: 0x000002a162fac9b0
Event: 11.103 Thread 0x000002a1196ba4b0 Thread added: 0x000002a164186af0
Event: 12.190 Thread 0x000002a164186af0 Thread exited: 0x000002a164186af0


Dynamic libraries:
0x00007ff787710000 - 0x00007ff78771e000 	C:\Users\acer\.jdks\ms-21.0.11\bin\java.exe
0x00007fffbf420000 - 0x00007fffbf686000 	C:\WINDOWS\SYSTEM32\ntdll.dll
0x00007fffbebb0000 - 0x00007fffbec79000 	C:\WINDOWS\System32\KERNEL32.DLL
0x00007fffbc670000 - 0x00007fffbca6e000 	C:\WINDOWS\System32\KERNELBASE.dll
0x00007fffbca80000 - 0x00007fffbcbcc000 	C:\WINDOWS\System32\ucrtbase.dll
0x00007fffa8d70000 - 0x00007fffa8d8e000 	C:\Users\acer\.jdks\ms-21.0.11\bin\VCRUNTIME140.dll
0x00007fffa9060000 - 0x00007fffa9078000 	C:\Users\acer\.jdks\ms-21.0.11\bin\jli.dll
0x00007fffbed20000 - 0x00007fffbeee7000 	C:\WINDOWS\System32\USER32.dll
0x00007fffa2430000 - 0x00007fffa26c2000 	C:\WINDOWS\WinSxS\amd64_microsoft.windows.common-controls_6595b64144ccf1df_6.0.26100.8875_none_3e0d5d42e32fe9dd\COMCTL32.dll
0x00007fffbc640000 - 0x00007fffbc667000 	C:\WINDOWS\System32\win32u.dll
0x00007fffbeb00000 - 0x00007fffbeba9000 	C:\WINDOWS\System32\msvcrt.dll
0x00007fffbead0000 - 0x00007fffbeafb000 	C:\WINDOWS\System32\GDI32.dll
0x00007fffbcd30000 - 0x00007fffbce5a000 	C:\WINDOWS\System32\gdi32full.dll
0x00007fffbcfe0000 - 0x00007fffbd083000 	C:\WINDOWS\System32\msvcp_win.dll
0x00007fffbf280000 - 0x00007fffbf2b2000 	C:\WINDOWS\System32\IMM32.DLL
0x00007fffb4990000 - 0x00007fffb499c000 	C:\Users\acer\.jdks\ms-21.0.11\bin\vcruntime140_1.dll
0x00007fff92690000 - 0x00007fff92719000 	C:\Users\acer\.jdks\ms-21.0.11\bin\msvcp140.dll
0x00007fff245e0000 - 0x00007fff2538e000 	C:\Users\acer\.jdks\ms-21.0.11\bin\server\jvm.dll
0x00007fffbe900000 - 0x00007fffbe9b7000 	C:\WINDOWS\System32\ADVAPI32.dll
0x00007fffbd440000 - 0x00007fffbd4ea000 	C:\WINDOWS\System32\sechost.dll
0x00007fffbdd90000 - 0x00007fffbdea8000 	C:\WINDOWS\System32\RPCRT4.dll
0x00007fffbd5e0000 - 0x00007fffbd660000 	C:\WINDOWS\System32\WS2_32.dll
0x00007fffbc4a0000 - 0x00007fffbc4fe000 	C:\WINDOWS\SYSTEM32\POWRPROF.dll
0x00007fffa95a0000 - 0x00007fffa95d6000 	C:\WINDOWS\SYSTEM32\WINMM.dll
0x00007fffb1e30000 - 0x00007fffb1e3b000 	C:\WINDOWS\SYSTEM32\VERSION.dll
0x00007fffbc480000 - 0x00007fffbc494000 	C:\WINDOWS\SYSTEM32\UMPDC.dll
0x00007fffbb2e0000 - 0x00007fffbb2fb000 	C:\WINDOWS\SYSTEM32\kernel.appcore.dll
0x00007fffab820000 - 0x00007fffab82a000 	C:\Users\acer\.jdks\ms-21.0.11\bin\jimage.dll
0x00007fffb15d0000 - 0x00007fffb1812000 	C:\WINDOWS\SYSTEM32\DBGHELP.DLL
0x00007fffbeef0000 - 0x00007fffbf273000 	C:\WINDOWS\System32\combase.dll
0x00007fffbe810000 - 0x00007fffbe8e9000 	C:\WINDOWS\System32\OLEAUT32.dll
0x00007fff8fd50000 - 0x00007fff8fd8b000 	C:\WINDOWS\SYSTEM32\dbgcore.DLL
0x00007fffbcbe0000 - 0x00007fffbcc8c000 	C:\WINDOWS\System32\bcryptPrimitives.dll
0x00007fffb74d0000 - 0x00007fffb74e0000 	C:\Users\acer\.jdks\ms-21.0.11\bin\instrument.dll
0x00007fff9cde0000 - 0x00007fff9ce01000 	C:\Users\acer\.jdks\ms-21.0.11\bin\java.dll
0x00007fffbe070000 - 0x00007fffbe802000 	C:\WINDOWS\System32\SHELL32.dll
0x00007fffba0c0000 - 0x00007fffba952000 	C:\WINDOWS\SYSTEM32\windows.storage.dll
0x00007fffbd340000 - 0x00007fffbd437000 	C:\WINDOWS\System32\SHCORE.dll
0x00007fffbdca0000 - 0x00007fffbdd07000 	C:\WINDOWS\System32\shlwapi.dll
0x00007fffbc560000 - 0x00007fffbc589000 	C:\WINDOWS\SYSTEM32\profapi.dll
0x00007fff72d50000 - 0x00007fff72e26000 	C:\Users\acer\.jdks\ms-21.0.11\bin\jsvml.dll
0x00007fff99600000 - 0x00007fff99618000 	C:\Users\acer\.jdks\ms-21.0.11\bin\zip.dll
0x00007fffa8d50000 - 0x00007fffa8d61000 	C:\Users\acer\.jdks\ms-21.0.11\bin\net.dll
0x00007fffb3e50000 - 0x00007fffb3f77000 	C:\WINDOWS\SYSTEM32\WINHTTP.dll
0x00007fffbb870000 - 0x00007fffbb8dc000 	C:\WINDOWS\system32\mswsock.dll
0x00007fffa5f70000 - 0x00007fffa5f86000 	C:\Users\acer\.jdks\ms-21.0.11\bin\nio.dll
0x00007fffb49a0000 - 0x00007fffb49ba000 	C:\Program Files\JetBrains\IntelliJ IDEA Community Edition 2024.3\bin\breakgen64.dll
0x00007fffa9050000 - 0x00007fffa9059000 	C:\Users\acer\.jdks\ms-21.0.11\bin\extnet.dll
0x00007fffab7f0000 - 0x00007fffab7fe000 	C:\Users\acer\.jdks\ms-21.0.11\bin\sunmscapi.dll
0x00007fffbce60000 - 0x00007fffbcfd8000 	C:\WINDOWS\System32\CRYPT32.dll
0x00007fffbbe10000 - 0x00007fffbbe40000 	C:\WINDOWS\SYSTEM32\ncrypt.dll
0x00007fffbbdc0000 - 0x00007fffbbdff000 	C:\WINDOWS\SYSTEM32\NTASN1.dll
0x00007fffbbca0000 - 0x00007fffbbcbb000 	C:\WINDOWS\SYSTEM32\CRYPTSP.dll
0x00007fffbb240000 - 0x00007fffbb279000 	C:\WINDOWS\system32\rsaenh.dll
0x00007fffbb930000 - 0x00007fffbb962000 	C:\WINDOWS\SYSTEM32\USERENV.dll
0x00007fffbc530000 - 0x00007fffbc55a000 	C:\WINDOWS\SYSTEM32\bcrypt.dll
0x00007fffbbc70000 - 0x00007fffbbc7c000 	C:\WINDOWS\SYSTEM32\CRYPTBASE.dll
0x00007fffbac90000 - 0x00007fffbacc3000 	C:\WINDOWS\SYSTEM32\IPHLPAPI.DLL
0x00007fffbd330000 - 0x00007fffbd33a000 	C:\WINDOWS\System32\NSI.dll
0x00007fffb74c0000 - 0x00007fffb74ca000 	C:\Users\acer\.jdks\ms-21.0.11\bin\management.dll
0x00007fffb5c70000 - 0x00007fffb5c7c000 	C:\Users\acer\.jdks\ms-21.0.11\bin\management_ext.dll
0x00007fffbec80000 - 0x00007fffbec88000 	C:\WINDOWS\System32\PSAPI.DLL
0x00007fffbad20000 - 0x00007fffbae76000 	C:\WINDOWS\SYSTEM32\DNSAPI.dll
0x00007fffbb670000 - 0x00007fffbb67d000 	C:\WINDOWS\SYSTEM32\DSPARSE.dll
0x00007fffb4270000 - 0x00007fffb427b000 	C:\Windows\System32\rasadhlp.dll
0x00007fffae400000 - 0x00007fffae486000 	C:\WINDOWS\System32\fwpuclnt.dll

JVMTI agents:
C:\Program Files\JetBrains\IntelliJ IDEA Community Edition 2024.3\lib\idea_rt.jar path:C:\Users\acer\.jdks\ms-21.0.11\bin\instrument.dll, loaded, initialized, instrumentlib options:64666:C:\Program Files\JetBrains\IntelliJ IDEA Community Edition 2024.3\bin

dbghelp: loaded successfully - version: 4.0.5 - missing functions: none
symbol engine: initialized successfully - sym options: 0x614 - pdb path: .;C:\Users\acer\.jdks\ms-21.0.11\bin;C:\WINDOWS\SYSTEM32;C:\WINDOWS\WinSxS\amd64_microsoft.windows.common-controls_6595b64144ccf1df_6.0.26100.8875_none_3e0d5d42e32fe9dd;C:\Users\acer\.jdks\ms-21.0.11\bin\server;C:\Program Files\JetBrains\IntelliJ IDEA Community Edition 2024.3\bin

VM Arguments:
jvm_args: -javaagent:C:\Program Files\JetBrains\IntelliJ IDEA Community Edition 2024.3\lib\idea_rt.jar=64666:C:\Program Files\JetBrains\IntelliJ IDEA Community Edition 2024.3\bin -Dfile.encoding=UTF-8 -Dsun.stdout.encoding=UTF-8 -Dsun.stderr.encoding=UTF-8 
java_command: nomad.example.nomad_backend.NomadBackendApplication
java_class_path (initial): C:\Users\acer\Desktop\nomad-backend\target\classes;C:\Users\acer\.m2\repository\org\springframework\boot\spring-boot-starter-data-jpa\4.1.0\spring-boot-starter-data-jpa-4.1.0.jar;C:\Users\acer\.m2\repository\org\springframework\boot\spring-boot-starter\4.1.0\spring-boot-starter-4.1.0.jar;C:\Users\acer\.m2\repository\org\springframework\boot\spring-boot-starter-logging\4.1.0\spring-boot-starter-logging-4.1.0.jar;C:\Users\acer\.m2\repository\ch\qos\logback\logback-classic\1.5.34\logback-classic-1.5.34.jar;C:\Users\acer\.m2\repository\ch\qos\logback\logback-core\1.5.34\logback-core-1.5.34.jar;C:\Users\acer\.m2\repository\org\apache\logging\log4j\log4j-to-slf4j\2.25.4\log4j-to-slf4j-2.25.4.jar;C:\Users\acer\.m2\repository\org\apache\logging\log4j\log4j-api\2.25.4\log4j-api-2.25.4.jar;C:\Users\acer\.m2\repository\org\slf4j\jul-to-slf4j\2.0.18\jul-to-slf4j-2.0.18.jar;C:\Users\acer\.m2\repository\org\springframework\boot\spring-boot-autoconfigure\4.1.0\spring-boot-autoconfigure-4.1.0.jar;C:\Users\acer\.m2\repository\jakarta\annotation\jakarta.annotation-api\3.0.0\jakarta.annotation-api-3.0.0.jar;C:\Users\acer\.m2\repository\org\yaml\snakeyaml\2.6\snakeyaml-2.6.jar;C:\Users\acer\.m2\repository\org\springframework\boot\spring-boot-starter-jdbc\4.1.0\spring-boot-starter-jdbc-4.1.0.jar;C:\Users\acer\.m2\repository\com\zaxxer\HikariCP\7.0.2\HikariCP-7.0.2.jar;C:\Users\acer\.m2\repository\org\slf4j\slf4j-api\2.0.18\slf4j-api-2.0.18.jar;C:\Users\acer\.m2\repository\org\springframework\boot\spring-boot-data-jpa\4.1.0\spring-boot-data-jpa-4.1.0.jar;C:\Users\acer\.m2\repository\org\springframework\boot\spring-boot-data-commons\4.1.0\spring-boot-data-commons-4.1.0.jar;C:\Users\acer\.m2\repository\org\springframework\boot\spring-boot-persistence\4.1.0\spring-boot-persistence-4.1.0.jar;C:\Users\acer\.m2\repository\org\springframework\data\spring-data-commons\4.1.0\spring-data-commons-4.1.0.jar;C:\Users\acer\.m2\repository\org\springframework\boot\spring-boot-hibernate\4.1.0\spring-boot-hibernate-4.1.0.jar;C:\Users\acer\.m2\repository\org\springframework\boot\spring-boot-jpa\4.1.0\spring-boot-jpa-4.1.0.jar;C:\Users\acer\.m2\repository\jakarta\persistence\jakarta.persistence-api\3.2.0\jakarta.persistence-api-3.2.0.jar;C:\Users\acer\.m2\repository\org\hibernate\orm\hibernate-core\7.4.1.Final\hibernate-core-7.4.1.Final.jar;C:\Users\acer\.m2\repository\jakarta\transaction\jakarta.transaction-api\2.0.1\jakarta.transaction-api-2.0.1.jar;C:\Users\acer\.m2\repository\org\hibernate\models\hibernate-models\1.1.1\hibernate-models-1.1.1.jar;C:\Users\acer\.m2\repository\org\glassfish\jaxb\jaxb-runtime\4.0.9\jaxb-runtime-4.0.9.jar;C:\Users\acer\.m2\repository\org\glassfish\jaxb\jaxb-core\4.0.9\jaxb-core-4.0.9.jar;C:\Users\acer\.m2\repository\org\glassfish\jaxb\txw2\4.0.9\txw2-4.0.9.jar;C:\Users\acer\.m2\repository\com\sun\istack\istack-commons-runtime\4.1.2\istack-commons-runtime-4.1.2.jar;C:\Users\acer\.m2\repository\jakarta\inject\jakarta.inject-api\2.0.1\jakarta.inject-api-2.0.1.jar;C:\Users\acer\.m2\repository\org\springframework\spring-orm\7.0.8\spring-orm-7.0.8.jar;C:\Users\acer\.m2\repository\org\springframework\data\spring-data-jpa\4.1.0\spring-data-jpa-4.1.0.jar;C:\Users\acer\.m2\repository\org\springframework\spring-context\7.0.8\spring-context-7.0.8.jar;C:\Users\acer\.m2\repository\org\springframework\spring-tx\7.0.8\spring-tx-7.0.8.jar;C:\Users\acer\.m2\repository\org\antlr\antlr4-runtime\4.13.2\antlr4-runtime-4.13.2.jar;C:\Users\acer\.m2\repository\org\springframework\spring-aspects\7.0.8\spring-aspects-7.0.8.jar;C:\Users\acer\.m2\repository\org\aspectj\aspectjweaver\1.9.25.1\aspectjweaver-1.9.25.1.jar;C:\Users\acer\.m2\repository\org\springframework\boot\spring-boot-jdbc\4.1.0\spring-boot-jdbc-4.1.0.jar;C:\Users\acer\.m2\repository\org\springframework\boot\spring-boot\4.1.0\spring-boot-4.1.0.jar;C:\Users\acer\.m2\repository\org\springframework\boot\spring-boot-sql\4.1.0\spring-boot-sql-4.1.0.jar;C:\Users\acer\.m2\repository\org\springframework\boot\spring-boot-transaction\4.1.0\spring-boot-transaction-4.1.0.jar;C:\Users\acer\.m2\repository\org\springframework\spring-jdbc\7.0.8\spring-jdbc-7.0.8.jar;C:\Users\acer\.m2\repository\org\springframework\boot\spring-boot-starter-validation\4.1.0\spring-boot-starter-validation-4.1.0.jar;C:\Users\acer\.m2\repository\org\springframework\boot\spring-boot-validation\4.1.0\spring-boot-validation-4.1.0.jar;C:\Users\acer\.m2\repository\org\apache\tomcat\embed\tomcat-embed-el\11.0.22\tomcat-embed-el-11.0.22.jar;C:\Users\acer\.m2\repository\org\hibernate\validator\hibernate-validator\9.1.0.Final\hibernate-validator-9.1.0.Final.jar;C:\Users\acer\.m2\repository\jakarta\validation\jakarta.validation-api\3.1.1\jakarta.validation-api-3.1.1.jar;C:\Users\acer\.m2\repository\org\jboss\logging\jboss-logging\3.6.3.Final\jboss-logging-3.6.3.Final.jar;C:\Users\acer\.m2\repository\com\fasterxml\classmate\1.7.3\classmate-1.7.3.jar;C:\Users\acer\.m2\repository\org\springframework\boot\spring-boot-starter-webmvc\4.1.0\spring-boot-starter-webmvc-4.1.0.jar;C:\Users\acer\.m2\repository\org\springframework\boot\spring-boot-starter-jackson\4.1.0\spring-boot-starter-jackson-4.1.0.jar;C:\Users\acer\.m2\repository\org\springframework\boot\spring-boot-jackson\4.1.0\spring-boot-jackson-4.1.0.jar;C:\Users\acer\.m2\repository\tools\jackson\core\jackson-databind\3.1.4\jackson-databind-3.1.4.jar;C:\Users\acer\.m2\repository\tools\jackson\core\jackson-core\3.1.4\jackson-core-3.1.4.jar;C:\Users\acer\.m2\repository\org\springframework\boot\spring-boot-starter-tomcat\4.1.0\spring-boot-starter-tomcat-4.1.0.jar;C:\Users\acer\.m2\repository\org\springframework\boot\spring-boot-starter-tomcat-runtime\4.1.0\spring-boot-starter-tomcat-runtime-4.1.0.jar;C:\Users\acer\.m2\repository\org\apache\tomcat\embed\tomcat-embed-core\11.0.22\tomcat-embed-core-11.0.22.jar;C:\Users\acer\.m2\repository\org\apache\tomcat\embed\tomcat-embed-websocket\11.0.22\tomcat-embed-websocket-11.0.22.jar;C:\Users\acer\.m2\repository\org\springframework\boot\spring-boot-tomcat\4.1.0\spring-boot-tomcat-4.1.0.jar;C:\Users\acer\.m2\repository\org\springframework\boot\spring-boot-http-converter\4.1.0\spring-boot-http-converter-4.1.0.jar;C:\Users\acer\.m2\repository\org\springframework\spring-web\7.0.8\spring-web-7.0.8.jar;C:\Users\acer\.m2\repository\io\micrometer\micrometer-observation\1.17.0\micrometer-observation-1.17.0.jar;C:\Users\acer\.m2\repository\io\micrometer\micrometer-commons\1.17.0\micrometer-commons-1.17.0.jar;C:\Users\acer\.m2\repository\org\springframework\boot\spring-boot-webmvc\4.1.0\spring-boot-webmvc-4.1.0.jar;C:\Users\acer\.m2\repository\org\springframework\boot\spring-boot-servlet\4.1.0\spring-boot-servlet-4.1.0.jar;C:\Users\acer\.m2\repository\org\springframework\spring-webmvc\7.0.8\spring-webmvc-7.0.8.jar;C:\Users\acer\.m2\repository\org\springframework\spring-expression\7.0.8\spring-expression-7.0.8.jar;C:\Users\acer\.m2\repository\org\postgresql\postgresql\42.7.11\postgresql-42.7.11.jar;C:\Users\acer\.m2\repository\org\projectlombok\lombok\1.18.46\lombok-1.18.46.jar;C:\Users\acer\.m2\repository\jakarta\xml\bind\jakarta.xml.bind-api\4.0.5\jakarta.xml.bind-api-4.0.5.jar;C:\Users\acer\.m2\repository\jakarta\activation\jakarta.activation-api\2.1.4\jakarta.activation-api-2.1.4.jar;C:\Users\acer\.m2\repository\net\minidev\json-smart\2.6.0\json-smart-2.6.0.jar;C:\Users\acer\.m2\repository\net\minidev\accessors-smart\2.6.0\accessors-smart-2.6.0.jar;C:\Users\acer\.m2\repository\org\ow2\asm\asm\9.7.1\asm-9.7.1.jar;C:\Users\acer\.m2\repository\net\bytebuddy\byte-buddy\1.18.10\byte-buddy-1.18.10.jar;C:\Users\acer\.m2\repository\org\springframework\spring-core\7.0.8\spring-core-7.0.8.jar;C:\Users\acer\.m2\repository\org\jspecify\jspecify\1.0.0\jspecify-1.0.0.jar;C:\Users\acer\.m2\repository\org\springframework\boot\spring-boot-web-server\4.1.0\spring-boot-web-server-4.1.0.jar;C:\Users\acer\.m2\repository\com\google\api-client\google-api-client\2.7.2\google-api-client-2.7.2.jar;C:\Users\acer\.m2\repository\commons-codec\commons-codec\1.21.0\commons-codec-1.21.0.jar;C:\Users\acer\.m2\repository\com\google\oauth-client\google-oauth-client\1.36.0\google-oauth-client-1.36.0.jar;C:\Users\acer\.m2\repository\com\google\auth\google-auth-library-credentials\1.30.0\google-auth-library-credentials-1.30.0.jar;C:\Users\acer\.m2\repository\com\google\auth\google-auth-library-oauth2-http\1.30.0\google-auth-library-oauth2-http-1.30.0.jar;C:\Users\acer\.m2\repository\com\google\auto\value\auto-value-annotations\1.11.0\auto-value-annotations-1.11.0.jar;C:\Users\acer\.m2\repository\com\google\code\findbugs\jsr305\3.0.2\jsr305-3.0.2.jar;C:\Users\acer\.m2\repository\com\google\errorprone\error_prone_annotations\2.35.1\error_prone_annotations-2.35.1.jar;C:\Users\acer\.m2\repository\com\google\http-client\google-http-client-gson\1.45.2\google-http-client-gson-1.45.2.jar;C:\Users\acer\.m2\repository\com\google\code\gson\gson\2.13.2\gson-2.13.2.jar;C:\Users\acer\.m2\repository\com\google\guava\guava\33.1.0-jre\guava-33.1.0-jre.jar;C:\Users\acer\.m2\repository\com\google\guava\failureaccess\1.0.2\failureaccess-1.0.2.jar;C:\Users\acer\.m2\repository\com\google\guava\listenablefuture\9999.0-empty-to-avoid-conflict-with-guava\listenablefuture-9999.0-empty-to-avoid-conflict-with-guava.jar;C:\Users\acer\.m2\repository\org\checkerframework\checker-qual\3.42.0\checker-qual-3.42.0.jar;C:\Users\acer\.m2\repository\com\google\j2objc\j2objc-annotations\3.0.0\j2objc-annotations-3.0.0.jar;C:\Users\acer\.m2\repository\com\google\http-client\google-http-client-apache-v2\1.45.2\google-http-client-apache-v2-1.45.2.jar;C:\Users\acer\.m2\repository\org\apache\httpcomponents\httpcore\4.4.16\httpcore-4.4.16.jar;C:\Users\acer\.m2\repository\org\apache\httpcomponents\httpclient\4.5.14\httpclient-4.5.14.jar;C:\Users\acer\.m2\repository\commons-logging\commons-logging\1.3.6\commons-logging-1.3.6.jar;C:\Users\acer\.m2\repository\com\google\http-client\google-http-client\1.45.2\google-http-client-1.45.2.jar;C:\Users\acer\.m2\repository\io\grpc\grpc-context\1.80.0\grpc-context-1.80.0.jar;C:\Users\acer\.m2\repository\io\grpc\grpc-api\1.80.0\grpc-api-1.80.0.jar;C:\Users\acer\.m2\repository\io\opencensus\opencensus-api\0.31.1\opencensus-api-0.31.1.jar;C:\Users\acer\.m2\repository\io\opencensus\opencensus-contrib-http-util\0.31.1\opencensus-contrib-http-util-0.31.1.jar;C:\Users\acer\.m2\repository\com\google\oauth-client\google-oauth-client-jetty\1.39.0\google-oauth-client-jetty-1.39.0.jar;C:\Users\acer\.m2\repository\com\google\oauth-client\google-oauth-client-java6\1.39.0\google-oauth-client-java6-1.39.0.jar;C:\Users\acer\.m2\repository\com\google\apis\google-api-services-sheets\v4-rev20250616-2.0.0\google-api-services-sheets-v4-rev20250616-2.0.0.jar;C:\Users\acer\.m2\repository\io\jsonwebtoken\jjwt-api\0.12.5\jjwt-api-0.12.5.jar;C:\Users\acer\.m2\repository\io\jsonwebtoken\jjwt-impl\0.12.5\jjwt-impl-0.12.5.jar;C:\Users\acer\.m2\repository\io\jsonwebtoken\jjwt-jackson\0.12.5\jjwt-jackson-0.12.5.jar;C:\Users\acer\.m2\repository\com\fasterxml\jackson\core\jackson-databind\2.21.4\jackson-databind-2.21.4.jar;C:\Users\acer\.m2\repository\com\fasterxml\jackson\core\jackson-annotations\2.21\jackson-annotations-2.21.jar;C:\Users\acer\.m2\repository\com\fasterxml\jackson\core\jackson-core\2.21.4\jackson-core-2.21.4.jar;C:\Users\acer\.m2\repository\org\springframework\boot\spring-boot-starter-security\4.1.0\spring-boot-starter-security-4.1.0.jar;C:\Users\acer\.m2\repository\org\springframework\boot\spring-boot-security\4.1.0\spring-boot-security-4.1.0.jar;C:\Users\acer\.m2\repository\org\springframework\security\spring-security-config\7.1.0\spring-security-config-7.1.0.jar;C:\Users\acer\.m2\repository\org\springframework\security\spring-security-web\7.1.0\spring-security-web-7.1.0.jar;C:\Users\acer\.m2\repository\org\springframework\spring-aop\7.0.8\spring-aop-7.0.8.jar;C:\Users\acer\.m2\repository\org\springframework\spring-beans\7.0.8\spring-beans-7.0.8.jar;C:\Users\acer\.m2\repository\org\springframework\boot\spring-boot-starter-oauth2-client\4.1.0\spring-boot-starter-oauth2-client-4.1.0.jar;C:\Users\acer\.m2\repository\org\springframework\boot\spring-boot-security-oauth2-client\4.1.0\spring-boot-security-oauth2-client-4.1.0.jar;C:\Users\acer\.m2\repository\org\springframework\security\spring-security-oauth2-client\7.1.0\spring-security-oauth2-client-7.1.0.jar;C:\Users\acer\.m2\repository\com\nimbusds\oauth2-oidc-sdk\11.37.2\oauth2-oidc-sdk-11.37.2.jar;C:\Users\acer\.m2\repository\com\github\stephenc\jcip\jcip-annotations\1.0-1\jcip-annotations-1.0-1.jar;C:\Users\acer\.m2\repository\com\nimbusds\content-type\2.3\content-type-2.3.jar;C:\Users\acer\.m2\repository\com\nimbusds\lang-tag\1.7\lang-tag-1.7.jar;C:\Users\acer\.m2\repository\org\springframework\security\spring-security-oauth2-jose\7.1.0\spring-security-oauth2-jose-7.1.0.jar;C:\Users\acer\.m2\repository\org\springframework\security\spring-security-core\7.1.0\spring-security-core-7.1.0.jar;C:\Users\acer\.m2\repository\org\springframework\security\spring-security-crypto\7.1.0\spring-security-crypto-7.1.0.jar;C:\Users\acer\.m2\repository\org\springframework\security\spring-security-oauth2-core\7.1.0\spring-security-oauth2-core-7.1.0.jar;C:\Users\acer\.m2\repository\com\nimbusds\nimbus-jose-jwt\10.9\nimbus-jose-jwt-10.9.jar;C:\Users\acer\.m2\repository\org\modelmapper\modelmapper\3.2.4\modelmapper-3.2.4.jar;C:\Users\acer\.m2\repository\org\springframework\boot\spring-boot-starter-mail\4.1.0\spring-boot-starter-mail-4.1.0.jar;C:\Users\acer\.m2\repository\org\springframework\boot\spring-boot-mail\4.1.0\spring-boot-mail-4.1.0.jar;C:\Users\acer\.m2\repository\org\springframework\spring-context-support\7.0.8\spring-context-support-7.0.8.jar;C:\Users\acer\.m2\repository\jakarta\mail\jakarta.mail-api\2.1.5\jakarta.mail-api-2.1.5.jar;C:\Users\acer\.m2\repository\org\eclipse\angus\angus-mail\2.0.5\angus-mail-2.0.5.jar;C:\Users\acer\.m2\repository\org\eclipse\angus\angus-activation\2.0.3\angus-activation-2.0.3.jar;C:\Users\acer\.m2\repository\io\github\cdimascio\dotenv-java\3.0.0\dotenv-java-3.0.0.jar
Launcher Type: SUN_STANDARD

[Global flags]
     intx CICompilerCount                          = 4                                         {product} {ergonomic}
     uint ConcGCThreads                            = 2                                         {product} {ergonomic}
     uint G1ConcRefinementThreads                  = 8                                         {product} {ergonomic}
   size_t G1HeapRegionSize                         = 2097152                                   {product} {ergonomic}
    uintx GCDrainStackTargetSize                   = 64                                        {product} {ergonomic}
   size_t InitialHeapSize                          = 266338304                                 {product} {ergonomic}
   size_t MarkStackSize                            = 4194304                                   {product} {ergonomic}
   size_t MaxHeapSize                              = 4238344192                                {product} {ergonomic}
   size_t MaxNewSize                               = 2541748224                                {product} {ergonomic}
   size_t MinHeapDeltaBytes                        = 2097152                                   {product} {ergonomic}
   size_t MinHeapSize                              = 8388608                                   {product} {ergonomic}
    uintx NonNMethodCodeHeapSize                   = 5839372                                {pd product} {ergonomic}
    uintx NonProfiledCodeHeapSize                  = 122909434                              {pd product} {ergonomic}
    uintx ProfiledCodeHeapSize                     = 122909434                              {pd product} {ergonomic}
    uintx ReservedCodeCacheSize                    = 251658240                              {pd product} {ergonomic}
     bool SegmentedCodeCache                       = true                                      {product} {ergonomic}
   size_t SoftMaxHeapSize                          = 4238344192                             {manageable} {ergonomic}
     bool UseCompressedOops                        = true                           {product lp64_product} {ergonomic}
     bool UseG1GC                                  = true                                      {product} {ergonomic}
     bool UseLargePagesIndividualAllocation        = false                                  {pd product} {ergonomic}

Logging:
Log output configuration:
 #0: stdout all=warning uptime,level,tags foldmultilines=false
 #1: stderr all=off uptime,level,tags foldmultilines=false

Release file:
IMPLEMENTOR="Microsoft" 
IMPLEMENTOR_VERSION="Microsoft-13877171" 
JAVA_RUNTIME_VERSION="21.0.11+10-LTS" 
JAVA_VERSION="21.0.11" 
JAVA_VERSION_DATE="2026-04-21" 
LIBC="default" 
MODULES="java.base java.compiler java.datatransfer java.xml java.prefs java.desktop java.instrument java.logging java.management java.security.sasl java.naming java.rmi java.management.rmi java.net.http java.scripting java.security.jgss java.transaction.xa java.sql java.sql.rowset java.xml.crypto java.se java.smartcardio jdk.accessibility jdk.internal.jvmstat jdk.attach jdk.charsets jdk.internal.opt jdk.zipfs jdk.compiler jdk.crypto.ec jdk.crypto.cryptoki jdk.crypto.mscapi jdk.dynalink jdk.internal.ed jdk.editpad jdk.hotspot.agent jdk.httpserver jdk.incubator.vector jdk.internal.le jdk.internal.vm.ci jdk.internal.vm.compiler jdk.internal.vm.compiler.management jdk.jartool jdk.javadoc jdk.jcmd jdk.management jdk.management.agent jdk.jconsole jdk.jdeps jdk.jdwp.agent jdk.jdi jdk.jfr jdk.jlink jdk.jpackage jdk.jshell jdk.jsobject jdk.jstatd jdk.localedata jdk.management.jfr jdk.naming.dns jdk.naming.rmi jdk.net jdk.nio.mapmode jdk.random jdk.sctp jdk.security.auth jdk.security.jgss jdk.unsupported jdk.unsupported.desktop jdk.xml.dom" 
OS_ARCH="x86_64" 
OS_NAME="Windows" 
SOURCE=".:git:87e312d67249" 

Environment Variables:
PATH=C:\Program Files (x86)\Common Files\Oracle\Java\javapath;C:\Windows\system32;C:\Windows;C:\Windows\System32\Wbem;C:\Windows\System32\WindowsPowerShell\v1.0\;C:\Windows\System32\OpenSSH\;C:\Program Files (x86)\NVIDIA Corporation\PhysX\Common;C:\Program Files\NVIDIA Corporation\NVIDIA NvDLISR;C:\Program Files\Microsoft SQL Server\Client SDK\ODBC\170\Tools\Binn\;C:\WINDOWS\system32;C:\WINDOWS;C:\WINDOWS\System32\Wbem;C:\WINDOWS\System32\WindowsPowerShell\v1.0\;C:\WINDOWS\System32\OpenSSH\;C:\Program Files (x86)\Microsoft SQL Server\160\Tools\Binn\;C:\Program Files\Microsoft SQL Server\160\Tools\Binn\;C:\Program Files\Microsoft SQL Server\160\DTS\Binn\;C:\Program Files\Azure Data Studio\bin;C:\Program Files\Git\cmd;C:\Program Files\nodejs\;C:\Program Files\Docker\Docker\resources\bin;C:\Program Files\dotnet\;C:\Program Files (x86)\Common Files\Oracle\Java\javapath;C:\Windows\system32;C:\Windows;C:\Windows\System32\Wbem;C:\Windows\System32\WindowsPowerShell\v1.0\;C:\Windows\System32\OpenSSH\;C:\Program Files (x86)\NVIDIA Corporation\PhysX\Common;C:\Program Files\NVIDIA Corporation\NVIDIA NvDLISR;C:\Program Files\Microsoft SQL Server\Client SDK\ODBC\170\Tools\Binn\;C:\WINDOWS\system32;C:\WINDOWS;C:\WINDOWS\System32\Wbem;C:\WINDOWS\System32\WindowsPowerShell\v1.0\;C:\WINDOWS\System32\OpenSSH\;C:\Program Files (x86)\Microsoft SQL Server\160\Tools\Binn\;C:\Program Files\Microsoft SQL Server\160\Tools\Binn\;C:\Program Files\Microsoft SQL Server\160\DTS\Binn\;C:\Program Files\Azure Data Studio\bin;C:\Program Files\Git\cmd;C:\Program Files\nodejs\;C:\Program Files\Docker\Docker\resources\bin;C:\Users\acer\AppData\Local\Microsoft\WindowsApps;;C:\Program Files\Azure Data Studio\bin;C:\Users\acer\AppData\Local\Programs\Microsoft VS Code\bin;C:\Users\acer\AppData\Roaming\npm;C:\Program Files\Apache\Maven\apache-maven-3.9.4\bin
USERNAME=acer
OS=Windows_NT
PROCESSOR_IDENTIFIER=Intel64 Family 6 Model 126 Stepping 5, GenuineIntel
TMP=C:\Users\acer\AppData\Local\Temp
TEMP=C:\Users\acer\AppData\Local\Temp




Periodic native trim disabled

---------------  S Y S T E M  ---------------

OS:
 Windows 11 , 64 bit Build 26100 (10.0.26100.8875)
OS uptime: 6 days 8:56 hours
Hyper-V role detected

CPU: total 8 (initial active 8) (4 cores per cpu, 2 threads per core) family 6 model 126 stepping 5 microcode 0x86, cx8, cmov, fxsr, ht, mmx, 3dnowpref, sse, sse2, sse3, ssse3, sse4.1, sse4.2, popcnt, lzcnt, tsc, tscinvbit, avx, avx2, aes, erms, clmul, bmi1, bmi2, adx, avx512f, avx512dq, avx512cd, avx512bw, avx512vl, sha, fma, vzeroupper, avx512_vpopcntdq, avx512_vpclmulqdq, avx512_vaes, avx512_vnni, clflush, clflushopt, avx512_vbmi2, avx512_vbmi, hv, rdtscp, rdpid, fsrm, gfni, avx512_bitalg, f16c, avx512_ifma
Processor Information for the first 8 processors :
  Max Mhz: 1498, Current Mhz: 1298, Mhz Limit: 1288

Memory: 4k page, system-wide physical 16161M (2352M free)
TotalPageFile size 20257M (AvailPageFile size 20M)
current process WorkingSet (physical memory assigned to process): 375M, peak: 375M
current process commit charge ("private bytes"): 442M, peak: 443M

vm_info: OpenJDK 64-Bit Server VM (21.0.11+10-LTS) for windows-amd64 JRE (21.0.11+10-LTS), built on 2026-04-18T18:13:49Z by "MicrosoftCorporation" with MS VC++ 17.14 (VS2022)

END.
